2025-04-13 16:36:20,830 [INFO] Activator:176 - 


2025-04-13 16:36:20,833 [INFO] Activator:177 - !SESSION log4j initialized
2025-04-13 16:36:24,161 [INFO] LogOutputStream:77 - [STDOUT_REDIRECT] 
2025-04-13 16:36:28,653 [INFO] ApplicationProperties:184 - Using Application install path: C:\ST\STM32CubeIDE_1.15.1\STM32CubeIDE\plugins\com.st.stm32cube.common.mx_6.11.1.202404110753
2025-04-13 16:36:28,670 [INFO] DbMcusXml:78 - Set database path to: C:\ST\STM32CubeIDE_1.15.1\STM32CubeIDE\plugins\com.st.stm32cube.common.mx_6.11.1.202404110753\\db\/mcu/
2025-04-13 16:36:28,671 [INFO] ApiDb:274 - Set plugin database path to: C:\ST\STM32CubeIDE_1.15.1\STM32CubeIDE\plugins\com.st.stm32cube.common.mx_6.11.1.202404110753\\db\/plugins/boardmanager/
2025-04-13 16:36:28,698 [WARN] ApiDb:259 - Overriding images path with different value:  => C:\ST\STM32CubeIDE_1.15.1\STM32CubeIDE\plugins\com.st.stm32cube.common.mx_6.11.1.202404110753\\db\/plugins/mcufinder/images/
2025-04-13 16:36:28,710 [INFO] ApiDb:250 - Set database path to: C:\Users\Luke\.stmcufinder\plugins\mcufinder//mcu/
2025-04-13 16:36:28,711 [INFO] DbMcusAds:125 - Set database path to: C:\Users\Luke\.stmcufinder\plugins\mcufinder//mcu/
2025-04-13 16:36:28,713 [INFO] CrossReferenceDbSqlite:203 - Set database path to: C:\Users\Luke\.stmcufinder\plugins\mcufinder//mcu/cs/
2025-04-13 16:36:28,849 [INFO] RulesReader:64 - Compatibility file has been processed (297 Rules)
2025-04-13 16:36:28,942 [INFO] DbMcusXml:78 - Set database path to: C:\ST\STM32CubeIDE_1.15.1\STM32CubeIDE\plugins\com.st.stm32cube.common.mx_6.11.1.202404110753\\db\/mcu/
2025-04-13 16:36:28,942 [INFO] ApiDb:274 - Set plugin database path to: C:\ST\STM32CubeIDE_1.15.1\STM32CubeIDE\plugins\com.st.stm32cube.common.mx_6.11.1.202404110753\\db\/plugins/boardmanager/
2025-04-13 16:36:28,942 [INFO] ApiDb:261 - Set plugin images path to: C:\ST\STM32CubeIDE_1.15.1\STM32CubeIDE\plugins\com.st.stm32cube.common.mx_6.11.1.202404110753\\db\/plugins/mcufinder/images/
2025-04-13 16:36:28,943 [WARN] DbFile:41 - Overriding database path with different value: C:\Users\Luke\.stmcufinder\plugins\mcufinder/ => C:\Users\Luke\.stmcufinder\plugins\mcufinder
2025-04-13 16:36:28,943 [INFO] ApiDb:250 - Set database path to: C:\Users\Luke\.stmcufinder\plugins\mcufinder//mcu/
2025-04-13 16:36:28,943 [WARN] DbFile:41 - Overriding database path with different value: C:\Users\Luke\.stmcufinder\plugins\mcufinder/ => C:\Users\Luke\.stmcufinder\plugins\mcufinder
2025-04-13 16:36:28,943 [INFO] DbMcusAds:125 - Set database path to: C:\Users\Luke\.stmcufinder\plugins\mcufinder//mcu/
2025-04-13 16:36:28,943 [WARN] DbFile:41 - Overriding database path with different value: C:\Users\Luke\.stmcufinder\plugins\mcufinder/ => C:\Users\Luke\.stmcufinder\plugins\mcufinder
2025-04-13 16:36:28,943 [WARN] DbFile:41 - Overriding database path with different value: C:\Users\Luke\.stmcufinder\plugins\mcufinder/ => C:\Users\Luke\.stmcufinder\plugins\mcufinder
2025-04-13 16:36:28,943 [INFO] CrossReferenceDbSqlite:203 - Set database path to: C:\Users\Luke\.stmcufinder\plugins\mcufinder//mcu/cs/
2025-04-13 16:36:29,024 [INFO] MainPanel:264 - HeapMemory: 268435456
2025-04-13 16:36:29,090 [INFO] DbMcusXml:78 - Set database path to: C:\ST\STM32CubeIDE_1.15.1\STM32CubeIDE\plugins\com.st.stm32cube.common.mx_6.11.1.202404110753\\db\/mcu/
2025-04-13 16:36:29,090 [INFO] ApiDb:274 - Set plugin database path to: C:\ST\STM32CubeIDE_1.15.1\STM32CubeIDE\plugins\com.st.stm32cube.common.mx_6.11.1.202404110753\\db\/plugins/boardmanager/
2025-04-13 16:36:29,090 [INFO] ApiDb:261 - Set plugin images path to: C:\ST\STM32CubeIDE_1.15.1\STM32CubeIDE\plugins\com.st.stm32cube.common.mx_6.11.1.202404110753\\db\/plugins/mcufinder/images/
2025-04-13 16:36:29,092 [WARN] DbFile:41 - Overriding database path with different value: C:\Users\Luke\.stmcufinder\plugins\mcufinder/ => C:\Users\Luke\.stmcufinder\plugins\mcufinder
2025-04-13 16:36:29,092 [INFO] ApiDb:250 - Set database path to: C:\Users\Luke\.stmcufinder\plugins\mcufinder//mcu/
2025-04-13 16:36:29,092 [WARN] DbFile:41 - Overriding database path with different value: C:\Users\Luke\.stmcufinder\plugins\mcufinder/ => C:\Users\Luke\.stmcufinder\plugins\mcufinder
2025-04-13 16:36:29,092 [INFO] DbMcusAds:125 - Set database path to: C:\Users\Luke\.stmcufinder\plugins\mcufinder//mcu/
2025-04-13 16:36:29,092 [WARN] DbFile:41 - Overriding database path with different value: C:\Users\Luke\.stmcufinder\plugins\mcufinder/ => C:\Users\Luke\.stmcufinder\plugins\mcufinder
2025-04-13 16:36:29,092 [WARN] DbFile:41 - Overriding database path with different value: C:\Users\Luke\.stmcufinder\plugins\mcufinder/ => C:\Users\Luke\.stmcufinder\plugins\mcufinder
2025-04-13 16:36:29,093 [INFO] CrossReferenceDbSqlite:203 - Set database path to: C:\Users\Luke\.stmcufinder\plugins\mcufinder//mcu/cs/
2025-04-13 16:36:29,112 [INFO] ApplicationProperties:184 - Using Application install path: C:\ST\STM32CubeIDE_1.15.1\STM32CubeIDE\plugins\com.st.stm32cube.common.mx_6.11.1.202404110753
2025-04-13 16:36:29,113 [INFO] PluginManage:196 - Search for loadable plugins [exclusion list=, ]
2025-04-13 16:36:29,116 [INFO] PluginManage:310 - Check plugin analytics
2025-04-13 16:36:29,330 [INFO] AnalyticsPlugin:253 - Accepted Software Licenses: 
2025-04-13 16:36:29,330 [INFO] AnalyticsPlugin:255 - Accepted CMSIS Pack Licenses: 
2025-04-13 16:36:29,332 [INFO] AnalyticsPlugin:257 - Accepted Firmware Licenses: 
2025-04-13 16:36:29,336 [INFO] PluginManage:359 - Loaded plugin analytics (category:tool,tabindex:-1)
2025-04-13 16:36:29,336 [INFO] PluginManage:310 - Check plugin cadmodel
2025-04-13 16:36:29,365 [INFO] CADModel:105 - Init CAD model plugin
2025-04-13 16:36:29,365 [INFO] PluginManage:359 - Loaded plugin cadmodel (category:power,tabindex:5)
2025-04-13 16:36:29,365 [INFO] PluginManage:310 - Check plugin clock
2025-04-13 16:36:29,396 [INFO] PluginManage:359 - Loaded plugin clock (category:base,tabindex:2)
2025-04-13 16:36:29,396 [INFO] PluginManage:310 - Check plugin ddr
2025-04-13 16:36:29,399 [INFO] PluginManage:359 - Loaded plugin ddr (category:tool,tabindex:6)
2025-04-13 16:36:29,399 [INFO] PluginManage:310 - Check plugin filemanager
2025-04-13 16:36:29,585 [INFO] PluginManage:359 - Loaded plugin filemanager (category:base,tabindex:10)
2025-04-13 16:36:29,585 [INFO] PluginManage:310 - Check plugin ipmanager
2025-04-13 16:36:29,604 [INFO] PluginManage:359 - Loaded plugin ipmanager (category:base,tabindex:5)
2025-04-13 16:36:29,604 [INFO] PluginManage:310 - Check plugin lpbam
2025-04-13 16:36:29,643 [INFO] PluginManage:359 - Loaded plugin lpbam (category:base,tabindex:0)
2025-04-13 16:36:29,644 [INFO] PluginManage:310 - Check plugin memorymap
2025-04-13 16:36:29,670 [INFO] PluginManage:359 - Loaded plugin memorymap (category:base,tabindex:4)
2025-04-13 16:36:29,670 [INFO] PluginManage:310 - Check plugin pinoutandconfiguration
2025-04-13 16:36:29,689 [INFO] PluginManage:359 - Loaded plugin pinoutandconfiguration (category:base,tabindex:1)
2025-04-13 16:36:29,689 [INFO] PluginManage:310 - Check plugin pinoutconfig
2025-04-13 16:36:29,792 [WARN] SupportedApi:132 - Cannot load RTOS API schema: s4s-elt-must-match.1: The content of 'definitions' must match (annotation?, (simpleType | complexType)?, (unique | key | keyref)*)). A problem was found starting at: attribute.
2025-04-13 16:36:29,926 [INFO] PluginManage:359 - Loaded plugin pinoutconfig (category:base,tabindex:0)
2025-04-13 16:36:29,926 [INFO] PluginManage:310 - Check plugin power
2025-04-13 16:36:29,947 [INFO] PluginManage:359 - Loaded plugin power (category:power,tabindex:4)
2025-04-13 16:36:29,948 [INFO] PluginManage:310 - Check plugin projectmanager
2025-04-13 16:36:29,965 [INFO] PluginManage:359 - Loaded plugin projectmanager (category:projectmanager,tabindex:3)
2025-04-13 16:36:29,965 [INFO] PluginManage:310 - Check plugin thirdparty
2025-04-13 16:36:30,245 [INFO] PluginManage:359 - Loaded plugin thirdparty (category:base,tabindex:-1)
2025-04-13 16:36:30,245 [WARN] IntegrityCheckThread:84 - waiting for thirdparty lock release [integrity check]
2025-04-13 16:36:30,245 [INFO] PluginManage:310 - Check plugin tools
2025-04-13 16:36:30,245 [INFO] IntegrityCheckThread:86 - entering critical section [integrity check]
2025-04-13 16:36:30,246 [INFO] ThirdPartyUpdaterWithRetryManager:70 - Updater plugin not ready yet. [1/15]
2025-04-13 16:36:30,295 [INFO] PluginManage:359 - Loaded plugin tools (category:base,tabindex:7)
2025-04-13 16:36:30,296 [INFO] PluginManage:310 - Check plugin tutovideos
2025-04-13 16:36:30,491 [INFO] PluginManage:359 - Loaded plugin tutovideos (category:base,tabindex:-1)
2025-04-13 16:36:30,491 [INFO] PluginManage:310 - Check plugin updater
2025-04-13 16:36:30,503 [INFO] PluginManage:359 - Loaded plugin updater (category:base,tabindex:12)
2025-04-13 16:36:30,503 [INFO] PluginManage:310 - Check plugin userauth
2025-04-13 16:36:30,508 [INFO] UserAuth:114 - Init User Auth plugin
2025-04-13 16:36:30,509 [INFO] PluginManage:359 - Loaded plugin userauth (category:base,tabindex:14)
2025-04-13 16:36:30,509 [INFO] PluginManage:283 - PluginManage : Loaded plugins [17]
2025-04-13 16:36:30,734 [INFO] PinOutPanel:1561 - setPackage(No Configuration,No Configuration)
2025-04-13 16:36:30,815 [INFO] CADModel:165 - CPN selected for project level
2025-04-13 16:36:30,816 [INFO] CADModel:114 - Register for checkConnection events
2025-04-13 16:36:30,842 [INFO] IPUIPlugin:80 - create IPUIPlugin
2025-04-13 16:36:30,842 [INFO] PluginManager:220 - loadIPPluginJar : add adc
2025-04-13 16:36:30,888 [INFO] IPUIPlugin:80 - create IPUIPlugin
2025-04-13 16:36:30,889 [INFO] PluginManager:220 - loadIPPluginJar : add aes
2025-04-13 16:36:30,942 [INFO] IPUIPlugin:80 - create IPUIPlugin
2025-04-13 16:36:30,942 [INFO] PluginManager:220 - loadIPPluginJar : add can
2025-04-13 16:36:30,976 [INFO] IPUIPlugin:80 - create IPUIPlugin
2025-04-13 16:36:30,976 [INFO] PluginManager:220 - loadIPPluginJar : add comp
2025-04-13 16:36:31,024 [INFO] IPUIPlugin:80 - create IPUIPlugin
2025-04-13 16:36:31,024 [INFO] PluginManager:220 - loadIPPluginJar : add cryp
2025-04-13 16:36:31,076 [INFO] IPUIPlugin:80 - create IPUIPlugin
2025-04-13 16:36:31,076 [INFO] PluginManager:220 - loadIPPluginJar : add dfsdm
2025-04-13 16:36:31,098 [INFO] IPUIPlugin:80 - create IPUIPlugin
2025-04-13 16:36:31,098 [INFO] PluginManager:220 - loadIPPluginJar : add dma
2025-04-13 16:36:31,171 [INFO] IPUIPlugin:80 - create IPUIPlugin
2025-04-13 16:36:31,172 [INFO] PluginManager:220 - loadIPPluginJar : add dma3
2025-04-13 16:36:31,250 [INFO] IPUIPlugin:80 - create IPUIPlugin
2025-04-13 16:36:31,250 [INFO] PluginManager:220 - loadIPPluginJar : add extmemmanager
2025-04-13 16:36:31,288 [INFO] IPUIPlugin:80 - create IPUIPlugin
2025-04-13 16:36:31,290 [INFO] PluginManager:220 - loadIPPluginJar : add fatfs
2025-04-13 16:36:31,372 [INFO] IPUIPlugin:80 - create IPUIPlugin
2025-04-13 16:36:31,372 [INFO] PluginManager:220 - loadIPPluginJar : add fmc
2025-04-13 16:36:31,392 [INFO] IPUIPlugin:80 - create IPUIPlugin
2025-04-13 16:36:31,392 [INFO] PluginManager:220 - loadIPPluginJar : add freertos
2025-04-13 16:36:31,433 [INFO] IPUIPlugin:80 - create IPUIPlugin
2025-04-13 16:36:31,434 [INFO] PluginManager:220 - loadIPPluginJar : add genericplugin
2025-04-13 16:36:31,613 [INFO] IPUIPlugin:80 - create IPUIPlugin
2025-04-13 16:36:31,613 [INFO] PluginManager:220 - loadIPPluginJar : add gfxmmu
2025-04-13 16:36:31,834 [INFO] IPUIPlugin:80 - create IPUIPlugin
2025-04-13 16:36:31,834 [INFO] PluginManager:220 - loadIPPluginJar : add gic
2025-04-13 16:36:31,850 [INFO] IPUIPlugin:80 - create IPUIPlugin
2025-04-13 16:36:31,850 [INFO] PluginManager:220 - loadIPPluginJar : add gpio
2025-04-13 16:36:31,982 [INFO] IPUIPlugin:80 - create IPUIPlugin
2025-04-13 16:36:31,983 [INFO] PluginManager:220 - loadIPPluginJar : add gtzc
2025-04-13 16:36:32,025 [INFO] IPUIPlugin:80 - create IPUIPlugin
2025-04-13 16:36:32,025 [INFO] PluginManager:220 - loadIPPluginJar : add hash
2025-04-13 16:36:32,094 [INFO] IPUIPlugin:80 - create IPUIPlugin
2025-04-13 16:36:32,094 [INFO] PluginManager:220 - loadIPPluginJar : add i2c
2025-04-13 16:36:32,149 [INFO] IPUIPlugin:80 - create IPUIPlugin
2025-04-13 16:36:32,149 [INFO] PluginManager:220 - loadIPPluginJar : add i2s
2025-04-13 16:36:32,204 [INFO] IPUIPlugin:80 - create IPUIPlugin
2025-04-13 16:36:32,204 [INFO] PluginManager:220 - loadIPPluginJar : add i3c
2025-04-13 16:36:32,354 [INFO] IPUIPlugin:80 - create IPUIPlugin
2025-04-13 16:36:32,354 [INFO] PluginManager:220 - loadIPPluginJar : add ipddr
2025-04-13 16:36:32,520 [INFO] IPUIPlugin:80 - create IPUIPlugin
2025-04-13 16:36:32,520 [INFO] PluginManager:220 - loadIPPluginJar : add linkedlist
2025-04-13 16:36:32,577 [INFO] IPUIPlugin:80 - create IPUIPlugin
2025-04-13 16:36:32,577 [INFO] PluginManager:220 - loadIPPluginJar : add lorawan
2025-04-13 16:36:32,639 [INFO] IPUIPlugin:80 - create IPUIPlugin
2025-04-13 16:36:32,639 [INFO] PluginManager:220 - loadIPPluginJar : add ltdc
2025-04-13 16:36:32,663 [INFO] IPUIPlugin:80 - create IPUIPlugin
2025-04-13 16:36:32,663 [INFO] PluginManager:220 - loadIPPluginJar : add mdma
2025-04-13 16:36:32,680 [INFO] IPUIPlugin:80 - create IPUIPlugin
2025-04-13 16:36:32,680 [INFO] PluginManager:220 - loadIPPluginJar : add nvic
2025-04-13 16:36:32,738 [INFO] IPUIPlugin:80 - create IPUIPlugin
2025-04-13 16:36:32,738 [INFO] PluginManager:220 - loadIPPluginJar : add opamp
2025-04-13 16:36:32,827 [INFO] IPUIPlugin:80 - create IPUIPlugin
2025-04-13 16:36:32,828 [INFO] PluginManager:220 - loadIPPluginJar : add openamp
2025-04-13 16:36:32,888 [INFO] IPUIPlugin:80 - create IPUIPlugin
2025-04-13 16:36:32,888 [INFO] PluginManager:220 - loadIPPluginJar : add pdm2pcm
2025-04-13 16:36:32,906 [INFO] IPUIPlugin:80 - create IPUIPlugin
2025-04-13 16:36:32,909 [INFO] PluginManager:220 - loadIPPluginJar : add plateformsettings
2025-04-13 16:36:32,944 [INFO] IPUIPlugin:80 - create IPUIPlugin
2025-04-13 16:36:32,944 [INFO] PluginManager:220 - loadIPPluginJar : add quadspi
2025-04-13 16:36:32,959 [INFO] IPUIPlugin:80 - create IPUIPlugin
2025-04-13 16:36:32,959 [INFO] PluginManager:220 - loadIPPluginJar : add resmgrutility
2025-04-13 16:36:33,027 [INFO] IPUIPlugin:80 - create IPUIPlugin
2025-04-13 16:36:33,027 [INFO] PluginManager:220 - loadIPPluginJar : add sai
2025-04-13 16:36:33,084 [INFO] IPUIPlugin:80 - create IPUIPlugin
2025-04-13 16:36:33,084 [INFO] PluginManager:220 - loadIPPluginJar : add spi
2025-04-13 16:36:33,195 [INFO] IPUIPlugin:80 - create IPUIPlugin
2025-04-13 16:36:33,195 [INFO] PluginManager:220 - loadIPPluginJar : add stm32_wpan
2025-04-13 16:36:33,230 [INFO] IPUIPlugin:80 - create IPUIPlugin
2025-04-13 16:36:33,230 [INFO] PluginManager:220 - loadIPPluginJar : add tim
2025-04-13 16:36:33,247 [INFO] ThirdPartyUpdaterWithRetryManager:70 - Updater plugin not ready yet. [2/15]
2025-04-13 16:36:33,321 [INFO] IPUIPlugin:80 - create IPUIPlugin
2025-04-13 16:36:33,322 [INFO] PluginManager:220 - loadIPPluginJar : add touchsensing
2025-04-13 16:36:33,325 [INFO] IPUIPlugin:80 - create IPUIPlugin
2025-04-13 16:36:33,325 [INFO] PluginManager:220 - loadIPPluginJar : add tracer_emb
2025-04-13 16:36:33,329 [INFO] IPUIPlugin:80 - create IPUIPlugin
2025-04-13 16:36:33,329 [INFO] PluginManager:220 - loadIPPluginJar : add ts
2025-04-13 16:36:33,361 [INFO] IPUIPlugin:80 - create IPUIPlugin
2025-04-13 16:36:33,361 [INFO] PluginManager:220 - loadIPPluginJar : add tsc
2025-04-13 16:36:33,365 [INFO] IPUIPlugin:80 - create IPUIPlugin
2025-04-13 16:36:33,365 [INFO] PluginManager:220 - loadIPPluginJar : add ucpd
2025-04-13 16:36:33,425 [INFO] IPUIPlugin:80 - create IPUIPlugin
2025-04-13 16:36:33,425 [INFO] PluginManager:220 - loadIPPluginJar : add usart
2025-04-13 16:36:33,491 [INFO] IPUIPlugin:80 - create IPUIPlugin
2025-04-13 16:36:33,491 [INFO] PluginManager:220 - loadIPPluginJar : add usbx
2025-04-13 16:36:33,639 [INFO] CADModel:165 - CPN selected for project level
2025-04-13 16:36:33,639 [INFO] CADModel:114 - Register for checkConnection events
2025-04-13 16:36:33,639 [FATAL] Updater:308 - Updater called before beeing initialized
2025-04-13 16:36:33,639 [ERROR] CADModel:125 - Updater not yet initialized, retry later 
2025-04-13 16:36:33,795 [INFO] CADModel:165 - CPN selected for project level
2025-04-13 16:36:33,795 [INFO] CADModel:114 - Register for checkConnection events
2025-04-13 16:36:33,795 [FATAL] Updater:308 - Updater called before beeing initialized
2025-04-13 16:36:33,795 [ERROR] CADModel:125 - Updater not yet initialized, retry later 
2025-04-13 16:36:33,799 [FATAL] Updater:308 - Updater called before beeing initialized
2025-04-13 16:36:33,942 [FATAL] Updater:308 - Updater called before beeing initialized
2025-04-13 16:36:33,950 [INFO] DbMcusAds:53 - JSON generation date=Thu Mar 06 23:54:22 KST 2025 (1741272862078)
2025-04-13 16:36:33,951 [FATAL] Updater:308 - Updater called before beeing initialized
2025-04-13 16:36:34,047 [WARN] DetailPanel:346 - Failed to get advertising image, set to default
2025-04-13 16:36:34,161 [FATAL] Updater:308 - Updater called before beeing initialized
2025-04-13 16:36:34,162 [FATAL] Updater:308 - Updater called before beeing initialized
2025-04-13 16:36:34,162 [FATAL] Updater:308 - Updater called before beeing initialized
2025-04-13 16:36:34,162 [WARN] DetailPanel:346 - Failed to get advertising image, set to default
2025-04-13 16:36:34,163 [FATAL] Updater:308 - Updater called before beeing initialized
2025-04-13 16:36:34,250 [ERROR] Updater:1120 - MainUpdater not yet initialized. External WinMGr cannot be set.
2025-04-13 16:36:34,268 [INFO] Updater:1056 - Updater Version found : 6.11.1
2025-04-13 16:36:34,289 [INFO] ApplicationProperties:184 - Using Application install path: C:\ST\STM32CubeIDE_1.15.1\STM32CubeIDE\plugins\com.st.stm32cube.common.mx_6.11.1.202404110753
2025-04-13 16:36:35,870 [ERROR] LogOutputStream:75 - [STDERR_REDIRECT] Apr 13, 2025 4:36:35 PM java.util.prefs.WindowsPreferences <init>
2025-04-13 16:36:35,873 [ERROR] LogOutputStream:75 - [STDERR_REDIRECT] WARNING: Could not open/create prefs root node Software\JavaSoft\Prefs at root 0xffffffff80000002. Windows RegCreateKeyEx(...) returned error code 5.
2025-04-13 16:36:35,873 [ERROR] LogOutputStream:75 - [STDERR_REDIRECT] 
2025-04-13 16:36:36,248 [INFO] ThirdPartyUpdaterWithRetryManager:70 - Updater plugin not ready yet. [3/15]
2025-04-13 16:36:36,330 [INFO] MainUpdater:2873 - connection check result : 10
2025-04-13 16:36:36,330 [INFO] MainUpdater:290 - Updater Check For Update Now.
2025-04-13 16:36:36,331 [INFO] MicroXplorer:498 - Change Database Version : DB.6.0.111
2025-04-13 16:36:36,339 [INFO] McuFinderGlobals:63 - Set McuFinder mode to 2 (CubeIDE integrated)
2025-04-13 16:36:36,357 [INFO] UserAuth:415 - Internet connection configuration mode: 1
2025-04-13 16:36:36,390 [INFO] JxBrowserEngine:152 - Initiate JxBrowser Engine with user profile folder
2025-04-13 16:36:36,597 [INFO] CheckServerUpdateThread:120 - End of CheckServer Thread
2025-04-13 16:36:39,880 [WARN] PackLoader:240 - Cannot read IP mode file for STMicroelectronics.FP-SNS-MOTENVWB1.1.4.0
2025-04-13 16:36:39,906 [WARN] PackLoader:240 - Cannot read IP mode file for STMicroelectronics.FP-ATR-ASTRA1.2.0.2
2025-04-13 16:36:39,926 [WARN] PackLoader:240 - Cannot read IP mode file for STMicroelectronics.FP-ATR-ASTRA1.2.0.1
2025-04-13 16:36:39,950 [WARN] PackLoader:240 - Cannot read IP mode file for STMicroelectronics.X-CUBE-SMBUS.2.1.0
2025-04-13 16:36:39,974 [WARN] PackLoader:240 - Cannot read IP mode file for STMicroelectronics.X-CUBE-WB05N.1.1.0
2025-04-13 16:36:40,056 [WARN] PackLoader:240 - Cannot read IP mode file for STMicroelectronics.X-CUBE-AZRTOS-F7.1.1.0
2025-04-13 16:36:40,084 [WARN] PackLoader:240 - Cannot read IP mode file for STMicroelectronics.FP-SNS-FLIGHT1.5.0.2
2025-04-13 16:36:40,111 [WARN] PackLoader:240 - Cannot read IP mode file for STMicroelectronics.X-CUBE-DISPLAY.3.0.0
2025-04-13 16:36:40,141 [WARN] PackLoader:240 - Cannot read IP mode file for STMicroelectronics.X-CUBE-BLE1.7.0.0
2025-04-13 16:36:40,168 [WARN] PackLoader:240 - Cannot read IP mode file for STMicroelectronics.X-CUBE-NFC10.1.0.0
2025-04-13 16:36:40,200 [WARN] PackLoader:240 - Cannot read IP mode file for STMicroelectronics.X-CUBE-BLEMGR.4.0.0
2025-04-13 16:36:40,231 [WARN] PackLoader:240 - Cannot read IP mode file for emotas.I-CUBE-CANOPEN.1.3.0
2025-04-13 16:36:40,258 [WARN] PackLoader:240 - Cannot read IP mode file for STMicroelectronics.X-CUBE-BLEMGR.3.1.0
2025-04-13 16:36:40,284 [WARN] PackLoader:240 - Cannot read IP mode file for STMicroelectronics.X-CUBE-AI.10.0.0
2025-04-13 16:36:40,306 [WARN] PackLoader:240 - Cannot read IP mode file for STMicroelectronics.FP-SNS-SMARTAG2.1.2.0
2025-04-13 16:36:40,323 [ERROR] Engine:466 - C:\Users\Luke\.stm32cubemx\thirdparties\pdsc\STMicroelectronics.FP-SNS-FLIGHT1.5.1.0.pdsc: PDSC version is not supported
2025-04-13 16:36:40,418 [WARN] PackLoader:240 - Cannot read IP mode file for STMicroelectronics.X-CUBE-MEMS1.11.1.0
2025-04-13 16:36:40,667 [INFO] LogOutputStream:77 - [STDOUT_REDIRECT] 1 : Invalid condition id : UX_CORESTACK_Condition cause : null
2025-04-13 16:36:40,668 [INFO] LogOutputStream:77 - [STDOUT_REDIRECT] 1 : Invalid condition id : UX_CORESTACK_Condition cause : null
2025-04-13 16:36:40,670 [INFO] LogOutputStream:77 - [STDOUT_REDIRECT] 1 : Invalid condition id : UX_CORESTACK_Condition cause : null
2025-04-13 16:36:40,673 [INFO] LogOutputStream:77 - [STDOUT_REDIRECT] 1 : Invalid condition id : UX_CORESTACK_Condition cause : null
2025-04-13 16:36:40,676 [INFO] LogOutputStream:77 - [STDOUT_REDIRECT] 1 : Invalid condition id : UX_CORESTACK_Condition cause : null
2025-04-13 16:36:40,680 [WARN] PackLoader:240 - Cannot read IP mode file for STMicroelectronics.X-CUBE-AZRTOS-WL.2.0.0
2025-04-13 16:36:40,703 [WARN] PackLoader:240 - Cannot read IP mode file for STMicroelectronics.FP-SNS-MOTENV1.5.0.0
2025-04-13 16:36:40,729 [WARN] PackLoader:240 - Cannot read IP mode file for wolfSSL.I-CUBE-wolfMQTT.1.19.0
2025-04-13 16:36:40,755 [WARN] PackLoader:240 - Cannot read IP mode file for WES.I-CUBE-Cesium.1.3.0
2025-04-13 16:36:40,785 [WARN] PackLoader:240 - Cannot read IP mode file for STMicroelectronics.X-CUBE-BLE2.3.3.0
2025-04-13 16:36:40,804 [WARN] PackLoader:240 - Cannot read IP mode file for STMicroelectronics.X-CUBE-NFC9.1.0.0
2025-04-13 16:36:40,826 [WARN] PackLoader:240 - Cannot read IP mode file for STMicroelectronics.X-CUBE-BLE1.7.1.0
2025-04-13 16:36:40,845 [WARN] PackLoader:240 - Cannot read IP mode file for STMicroelectronics.X-CUBE-TCPP.4.1.0
2025-04-13 16:36:40,887 [WARN] PackLoader:240 - Cannot read IP mode file for STMicroelectronics.X-CUBE-AZRTOS-G0.1.1.0
2025-04-13 16:36:40,912 [WARN] PackLoader:240 - Cannot read IP mode file for STMicroelectronics.X-CUBE-SAFEA1.1.2.2
2025-04-13 16:36:40,933 [WARN] PackLoader:240 - Cannot read IP mode file for STMicroelectronics.X-CUBE-NFC4.3.0.0
2025-04-13 16:36:40,960 [WARN] PackLoader:240 - Cannot read IP mode file for EmbeddedOffice.I-CUBE-FS-RTOS.1.0.1
2025-04-13 16:36:40,961 [ERROR] ConditionMgr:805 - Attr not supported : Dmpu
2025-04-13 16:36:40,961 [ERROR] ConditionMgr:805 - Attr not supported : Dmpu
2025-04-13 16:36:40,961 [ERROR] ConditionMgr:805 - Attr not supported : Dmpu
2025-04-13 16:36:40,961 [ERROR] ConditionMgr:805 - Attr not supported : Dmpu
2025-04-13 16:36:40,961 [ERROR] ConditionMgr:805 - Attr not supported : Dmpu
2025-04-13 16:36:40,961 [ERROR] ConditionMgr:805 - Attr not supported : Dmpu
2025-04-13 16:36:40,961 [ERROR] ConditionMgr:805 - Attr not supported : Dmpu
2025-04-13 16:36:40,962 [ERROR] ConditionMgr:805 - Attr not supported : Dmpu
2025-04-13 16:36:40,962 [ERROR] ConditionMgr:805 - Attr not supported : Dmpu
2025-04-13 16:36:40,962 [ERROR] ConditionMgr:805 - Attr not supported : Dmpu
2025-04-13 16:36:40,962 [ERROR] ConditionMgr:805 - Attr not supported : Dmpu
2025-04-13 16:36:40,962 [ERROR] ConditionMgr:805 - Attr not supported : Dmpu
2025-04-13 16:36:40,962 [ERROR] ConditionMgr:805 - Attr not supported : Dmpu
2025-04-13 16:36:40,962 [ERROR] ConditionMgr:805 - Attr not supported : Dmpu
2025-04-13 16:36:40,962 [ERROR] ConditionMgr:805 - Attr not supported : Dmpu
2025-04-13 16:36:40,962 [ERROR] ConditionMgr:805 - Attr not supported : Dmpu
2025-04-13 16:36:40,963 [ERROR] ConditionMgr:805 - Attr not supported : Dmpu
2025-04-13 16:36:40,963 [ERROR] ConditionMgr:805 - Attr not supported : Dmpu
2025-04-13 16:36:40,963 [ERROR] ConditionMgr:805 - Attr not supported : Dmpu
2025-04-13 16:36:40,963 [ERROR] ConditionMgr:805 - Attr not supported : Dmpu
2025-04-13 16:36:40,963 [ERROR] ConditionMgr:805 - Attr not supported : Dmpu
2025-04-13 16:36:40,963 [ERROR] ConditionMgr:805 - Attr not supported : Dmpu
2025-04-13 16:36:40,963 [ERROR] ConditionMgr:805 - Attr not supported : Dmpu
2025-04-13 16:36:40,963 [ERROR] ConditionMgr:805 - Attr not supported : Dmpu
2025-04-13 16:36:40,963 [ERROR] ConditionMgr:805 - Attr not supported : Dmpu
2025-04-13 16:36:40,963 [ERROR] ConditionMgr:805 - Attr not supported : Dmpu
2025-04-13 16:36:40,963 [ERROR] ConditionMgr:805 - Attr not supported : Dmpu
2025-04-13 16:36:40,963 [ERROR] ConditionMgr:805 - Attr not supported : Dmpu
2025-04-13 16:36:40,963 [ERROR] ConditionMgr:805 - Attr not supported : Dmpu
2025-04-13 16:36:40,963 [ERROR] ConditionMgr:805 - Attr not supported : Dmpu
2025-04-13 16:36:40,964 [ERROR] ConditionMgr:805 - Attr not supported : Dmpu
2025-04-13 16:36:40,964 [ERROR] ConditionMgr:805 - Attr not supported : Dmpu
2025-04-13 16:36:40,964 [ERROR] ConditionMgr:805 - Attr not supported : Dmpu
2025-04-13 16:36:40,964 [ERROR] ConditionMgr:805 - Attr not supported : Dmpu
2025-04-13 16:36:40,964 [ERROR] ConditionMgr:805 - Attr not supported : Dmpu
2025-04-13 16:36:40,964 [ERROR] ConditionMgr:805 - Attr not supported : Dmpu
2025-04-13 16:36:40,964 [ERROR] ConditionMgr:805 - Attr not supported : Dmpu
2025-04-13 16:36:40,964 [ERROR] ConditionMgr:805 - Attr not supported : Dmpu
2025-04-13 16:36:40,964 [ERROR] ConditionMgr:805 - Attr not supported : Dmpu
2025-04-13 16:36:40,964 [ERROR] ConditionMgr:805 - Attr not supported : Dmpu
2025-04-13 16:36:40,964 [ERROR] ConditionMgr:805 - Attr not supported : Dmpu
2025-04-13 16:36:40,965 [ERROR] ConditionMgr:805 - Attr not supported : Dmpu
2025-04-13 16:36:40,965 [ERROR] ConditionMgr:805 - Attr not supported : Dmpu
2025-04-13 16:36:40,965 [ERROR] ConditionMgr:805 - Attr not supported : Dmpu
2025-04-13 16:36:40,965 [ERROR] ConditionMgr:805 - Attr not supported : Dmpu
2025-04-13 16:36:40,965 [ERROR] ConditionMgr:805 - Attr not supported : Dmpu
2025-04-13 16:36:40,965 [ERROR] ConditionMgr:805 - Attr not supported : Dmpu
2025-04-13 16:36:40,965 [ERROR] ConditionMgr:805 - Attr not supported : Dmpu
2025-04-13 16:36:40,965 [ERROR] ConditionMgr:805 - Attr not supported : Dmpu
2025-04-13 16:36:40,965 [ERROR] ConditionMgr:805 - Attr not supported : Dmpu
2025-04-13 16:36:40,965 [ERROR] ConditionMgr:805 - Attr not supported : Dmpu
2025-04-13 16:36:40,965 [ERROR] ConditionMgr:805 - Attr not supported : Dmpu
2025-04-13 16:36:40,966 [ERROR] ConditionMgr:805 - Attr not supported : Dmpu
2025-04-13 16:36:40,966 [ERROR] ConditionMgr:805 - Attr not supported : Dmpu
2025-04-13 16:36:40,966 [ERROR] ConditionMgr:805 - Attr not supported : Dmpu
2025-04-13 16:36:40,966 [ERROR] ConditionMgr:805 - Attr not supported : Dmpu
2025-04-13 16:36:40,966 [ERROR] ConditionMgr:805 - Attr not supported : Dmpu
2025-04-13 16:36:40,966 [ERROR] ConditionMgr:805 - Attr not supported : Dmpu
2025-04-13 16:36:40,966 [ERROR] ConditionMgr:805 - Attr not supported : Dmpu
2025-04-13 16:36:40,966 [ERROR] ConditionMgr:805 - Attr not supported : Dmpu
2025-04-13 16:36:40,966 [ERROR] ConditionMgr:805 - Attr not supported : Dmpu
2025-04-13 16:36:40,967 [ERROR] ConditionMgr:805 - Attr not supported : Dmpu
2025-04-13 16:36:40,967 [ERROR] ConditionMgr:805 - Attr not supported : Dmpu
2025-04-13 16:36:40,967 [ERROR] ConditionMgr:805 - Attr not supported : Dmpu
2025-04-13 16:36:40,984 [ERROR] Engine:466 - C:\Users\Luke\.stm32cubemx\thirdparties\pdsc\STMicroelectronics.X-CUBE-TCPP.4.2.0.pdsc: PDSC version is not supported
2025-04-13 16:36:41,008 [WARN] PackLoader:240 - Cannot read IP mode file for RealThread.X-CUBE-RT-Thread_Nano.4.1.1
2025-04-13 16:36:41,026 [WARN] PackLoader:240 - Cannot read IP mode file for wolfSSL.I-CUBE-wolfSSL.5.7.0
2025-04-13 16:36:41,046 [WARN] PackLoader:240 - Cannot read IP mode file for STMicroelectronics.FP-ATR-SIGFOX1.3.2.0
2025-04-13 16:36:41,053 [WARN] ConditionMgr:438 - getConditionDescription Invalid condition id : Cortex-A Device cause : null
2025-04-13 16:36:41,091 [WARN] ConditionMgr:1039 - genDependencies : Invalid condition id : Cortex-A Device cause : null
2025-04-13 16:36:41,091 [WARN] ConditionMgr:1039 - genDependencies : Invalid condition id : Cortex-A Device cause : null
2025-04-13 16:36:41,091 [WARN] ConditionMgr:1039 - genDependencies : Invalid condition id : Cortex-A Device cause : null
2025-04-13 16:36:41,111 [WARN] PackLoader:240 - Cannot read IP mode file for STMicroelectronics.X-CUBE-EEPRMA1.5.1.0
2025-04-13 16:36:41,134 [WARN] PackLoader:240 - Cannot read IP mode file for ITTIA_DB.I-CUBE-ITTIADB.8.9.0
2025-04-13 16:36:41,183 [WARN] PackLoader:240 - Cannot read IP mode file for SEGGER.I-CUBE-embOS.1.3.1
2025-04-13 16:36:41,248 [WARN] PackLoader:240 - Cannot read IP mode file for STMicroelectronics.X-CUBE-ALGOBUILD.1.4.0
2025-04-13 16:36:41,268 [WARN] PackLoader:240 - Cannot read IP mode file for STMicroelectronics.X-CUBE-AI.9.1.0
2025-04-13 16:36:41,289 [WARN] PackLoader:240 - Cannot read IP mode file for STMicroelectronics.X-CUBE-GNSS1.6.0.0
2025-04-13 16:36:41,336 [WARN] PackLoader:240 - Cannot read IP mode file for STMicroelectronics.X-CUBE-AZRTOS-F4.1.1.0
2025-04-13 16:36:41,357 [WARN] PackLoader:240 - Cannot read IP mode file for STMicroelectronics.X-CUBE-ISPU.2.1.0
2025-04-13 16:36:41,378 [WARN] PackLoader:240 - Cannot read IP mode file for STMicroelectronics.X-CUBE-FREERTOS.1.2.0
2025-04-13 16:36:41,415 [WARN] PackLoader:240 - Cannot read IP mode file for STMicroelectronics.X-CUBE-AZRTOS-L5.2.0.0
2025-04-13 16:36:41,440 [WARN] PackLoader:240 - Cannot read IP mode file for STMicroelectronics.X-CUBE-NFC6.3.1.0
2025-04-13 16:36:41,460 [WARN] PackLoader:240 - Cannot read IP mode file for STMicroelectronics.X-CUBE-DPower.1.2.0
2025-04-13 16:36:41,485 [WARN] PackLoader:240 - Cannot read IP mode file for STMicroelectronics.X-CUBE-AI.9.0.0
2025-04-13 16:36:41,506 [WARN] PackLoader:240 - Cannot read IP mode file for STMicroelectronics.X-CUBE-FREERTOS.1.3.0
2025-04-13 16:36:41,525 [WARN] PackLoader:240 - Cannot read IP mode file for STMicroelectronics.X-CUBE-NFC7.1.0.1
2025-04-13 16:36:41,545 [WARN] PackLoader:240 - Cannot read IP mode file for wolfSSL.I-CUBE-wolfTPM.3.2.0
2025-04-13 16:36:41,563 [WARN] PackLoader:240 - Cannot read IP mode file for STMicroelectronics.X-CUBE-DPower.1.3.0
2025-04-13 16:36:41,599 [WARN] ConditionMgr:438 - getConditionDescription Invalid condition id : LAN8742 Phy interface Condition cause : null
2025-04-13 16:36:41,600 [WARN] PackLoader:240 - Cannot read IP mode file for STMicroelectronics.X-CUBE-AZRTOS-L4.2.0.0
2025-04-13 16:36:41,602 [WARN] ConditionMgr:1039 - genDependencies : Invalid condition id : LAN8742 Phy interface Condition cause : null
2025-04-13 16:36:41,602 [WARN] ConditionMgr:1039 - genDependencies : Invalid condition id : LAN8742 Phy interface Condition cause : null
2025-04-13 16:36:41,603 [WARN] ConditionMgr:1039 - genDependencies : Invalid condition id : LAN8742 Phy interface Condition cause : null
2025-04-13 16:36:41,627 [WARN] PackLoader:240 - Cannot read IP mode file for STMicroelectronics.X-CUBE-SFXS2LP1.4.0.0
2025-04-13 16:36:41,671 [WARN] PackLoader:240 - Cannot read IP mode file for STMicroelectronics.X-CUBE-AZRTOS-H7.3.3.0
2025-04-13 16:36:41,708 [WARN] ConditionMgr:438 - getConditionDescription Invalid condition id : UX DEVICE CLASS RTOS Condition cause : null
2025-04-13 16:36:41,708 [WARN] ConditionMgr:438 - getConditionDescription Invalid condition id : UX DEVICE CLASS RTOS Condition cause : null
2025-04-13 16:36:41,710 [WARN] PackLoader:240 - Cannot read IP mode file for STMicroelectronics.X-CUBE-AZRTOS-WB.2.0.0
2025-04-13 16:36:41,711 [WARN] ConditionMgr:1039 - genDependencies : Invalid condition id : UX DEVICE CLASS RTOS Condition cause : null
2025-04-13 16:36:41,711 [WARN] ConditionMgr:1039 - genDependencies : Invalid condition id : UX DEVICE CLASS RTOS Condition cause : null
2025-04-13 16:36:41,712 [WARN] ConditionMgr:1039 - genDependencies : Invalid condition id : UX DEVICE CLASS RTOS Condition cause : null
2025-04-13 16:36:41,712 [WARN] ConditionMgr:1039 - genDependencies : Invalid condition id : UX DEVICE CLASS RTOS Condition cause : null
2025-04-13 16:36:41,712 [WARN] ConditionMgr:1039 - genDependencies : Invalid condition id : UX DEVICE CLASS RTOS Condition cause : null
2025-04-13 16:36:41,738 [WARN] PackLoader:240 - Cannot read IP mode file for STMicroelectronics.X-CUBE-GNSS1.7.0.1
2025-04-13 16:36:41,767 [WARN] PackLoader:240 - Cannot read IP mode file for STMicroelectronics.X-CUBE-TOUCHGFX.4.25.0
2025-04-13 16:36:41,795 [WARN] PackLoader:240 - Cannot read IP mode file for STMicroelectronics.FP-SNS-STBOX1.2.0.0
2025-04-13 16:36:41,832 [WARN] PackLoader:240 - Cannot read IP mode file for STMicroelectronics.X-CUBE-SUBG2.5.0.0
2025-04-13 16:36:41,898 [WARN] PackLoader:240 - Cannot read IP mode file for STMicroelectronics.X-CUBE-AZRTOS-H7RS.1.1.0
2025-04-13 16:36:41,928 [WARN] PackLoader:240 - Cannot read IP mode file for Cesanta.I-CUBE-Mongoose.7.13.0
2025-04-13 16:36:41,965 [WARN] PackLoader:240 - Cannot read IP mode file for STMicroelectronics.X-CUBE-AZRTOS-G4.2.0.0
2025-04-13 16:36:41,988 [WARN] PackLoader:240 - Cannot read IP mode file for STMicroelectronics.X-CUBE-ISPU.2.0.0
2025-04-13 16:36:42,010 [ERROR] Engine:466 - C:\Users\Luke\.stm32cubemx\thirdparties\pdsc\STMicroelectronics.X-CUBE-IPS.3.1.0.pdsc: PDSC version is not supported
2025-04-13 16:36:42,036 [WARN] PackLoader:240 - Cannot read IP mode file for STMicroelectronics.X-CUBE-ALS.1.0.2
2025-04-13 16:36:42,123 [WARN] PackLoader:240 - Cannot read IP mode file for STMicroelectronics.X-CUBE-MEMS1.10.0.0
2025-04-13 16:36:42,479 [WARN] PackLoader:240 - Cannot read IP mode file for STMicroelectronics.X-CUBE-TOUCHGFX.4.24.0
2025-04-13 16:36:42,621 [WARN] PackLoader:240 - Cannot read IP mode file for STMicroelectronics.X-CUBE-TOUCHGFX.4.24.2
2025-04-13 16:36:42,656 [WARN] PackLoader:240 - Cannot read IP mode file for portGmbH.I-Cube-SoM-uGOAL.1.1.0
2025-04-13 16:36:42,777 [WARN] PackLoader:240 - Cannot read IP mode file for STMicroelectronics.X-CUBE-AZRTOS-H7RS.1.0.0
2025-04-13 16:36:42,870 [WARN] PackLoader:240 - Cannot read IP mode file for STMicroelectronics.FP-ATR-ASTRA1.2.0.0
2025-04-13 16:36:42,926 [WARN] PackLoader:240 - Cannot read IP mode file for STMicroelectronics.X-CUBE-TOF1.3.4.2
2025-04-13 16:36:42,941 [INFO] WebApp:161 - Instantiating new browser for Auth
2025-04-13 16:36:43,004 [WARN] PackLoader:240 - Cannot read IP mode file for STMicroelectronics.X-CUBE-TOF1.3.4.1
2025-04-13 16:36:43,219 [WARN] PackLoader:240 - Cannot read IP mode file for STMicroelectronics.X-CUBE-AZRTOS-H7.3.2.0
2025-04-13 16:36:43,284 [WARN] PackLoader:240 - Cannot read IP mode file for Infineon.AIROC-Wi-Fi-Bluetooth-STM32.1.6.0
2025-04-13 16:36:43,318 [WARN] PackLoader:240 - Cannot read IP mode file for wolfSSL.I-CUBE-wolfSSH.1.4.17
2025-04-13 16:36:43,318 [INFO] ThirdParty:978 - Integrity check success = true
2025-04-13 16:36:43,318 [INFO] IntegrityCheckThread:100 - exiting critical section [integrity check]
2025-04-13 16:36:43,320 [INFO] IntegrityCheckThread:103 - End integrity checks thread
2025-04-13 16:36:43,825 [INFO] WebApp:779 - Register for checkConnection events
2025-04-13 16:36:43,826 [INFO] WebApp:414 - Apply proxy settings
2025-04-13 16:36:43,826 [INFO] WebApp:499 - Chromium requires no authentication
2025-04-13 16:36:43,831 [INFO] WebApp:442 - Direct internet connection detected
2025-04-13 16:36:43,967 [INFO] WebApp:192 - Starting web application
2025-04-13 16:36:43,968 [INFO] WebApp:544 - Web application path used C:\ST\STM32CubeIDE_1.15.1\STM32CubeIDE\plugins\com.st.stm32cube.common.mx_6.11.1.202404110753\db\plugins\mcufinder\reactClient1\index.html
2025-04-13 16:41:23,509 [ERROR] LogOutputStream:75 - [STDERR_REDIRECT] 
