2025-04-09 13:39:54,978 [INFO] Activator:176 - 


2025-04-09 13:39:54,988 [INFO] Activator:177 - !SESSION log4j initialized
2025-04-09 13:40:04,383 [INFO] LogOutputStream:77 - [STDOUT_REDIRECT] 
2025-04-09 13:40:08,153 [INFO] ApplicationProperties:184 - Using Application install path: C:\ST\STM32CubeIDE_1.15.1\STM32CubeIDE\plugins\com.st.stm32cube.common.mx_6.11.1.202404110753
2025-04-09 13:40:08,177 [INFO] DbMcusXml:78 - Set database path to: C:\ST\STM32CubeIDE_1.15.1\STM32CubeIDE\plugins\com.st.stm32cube.common.mx_6.11.1.202404110753\\db\/mcu/
2025-04-09 13:40:08,177 [INFO] ApiDb:274 - Set plugin database path to: C:\ST\STM32CubeIDE_1.15.1\STM32CubeIDE\plugins\com.st.stm32cube.common.mx_6.11.1.202404110753\\db\/plugins/boardmanager/
2025-04-09 13:40:08,204 [WARN] ApiDb:259 - Overriding images path with different value:  => C:\ST\STM32CubeIDE_1.15.1\STM32CubeIDE\plugins\com.st.stm32cube.common.mx_6.11.1.202404110753\\db\/plugins/mcufinder/images/
2025-04-09 13:40:08,228 [INFO] ApiDb:250 - Set database path to: C:\Users\Luke\.stmcufinder\plugins\mcufinder//mcu/
2025-04-09 13:40:08,230 [INFO] DbMcusAds:125 - Set database path to: C:\Users\Luke\.stmcufinder\plugins\mcufinder//mcu/
2025-04-09 13:40:08,233 [INFO] CrossReferenceDbSqlite:203 - Set database path to: C:\Users\Luke\.stmcufinder\plugins\mcufinder//mcu/cs/
2025-04-09 13:40:08,415 [INFO] RulesReader:64 - Compatibility file has been processed (297 Rules)
2025-04-09 13:40:08,554 [INFO] DbMcusXml:78 - Set database path to: C:\ST\STM32CubeIDE_1.15.1\STM32CubeIDE\plugins\com.st.stm32cube.common.mx_6.11.1.202404110753\\db\/mcu/
2025-04-09 13:40:08,561 [INFO] ApiDb:274 - Set plugin database path to: C:\ST\STM32CubeIDE_1.15.1\STM32CubeIDE\plugins\com.st.stm32cube.common.mx_6.11.1.202404110753\\db\/plugins/boardmanager/
2025-04-09 13:40:08,561 [INFO] ApiDb:261 - Set plugin images path to: C:\ST\STM32CubeIDE_1.15.1\STM32CubeIDE\plugins\com.st.stm32cube.common.mx_6.11.1.202404110753\\db\/plugins/mcufinder/images/
2025-04-09 13:40:08,561 [WARN] DbFile:41 - Overriding database path with different value: C:\Users\Luke\.stmcufinder\plugins\mcufinder/ => C:\Users\Luke\.stmcufinder\plugins\mcufinder
2025-04-09 13:40:08,562 [INFO] ApiDb:250 - Set database path to: C:\Users\Luke\.stmcufinder\plugins\mcufinder//mcu/
2025-04-09 13:40:08,562 [WARN] DbFile:41 - Overriding database path with different value: C:\Users\Luke\.stmcufinder\plugins\mcufinder/ => C:\Users\Luke\.stmcufinder\plugins\mcufinder
2025-04-09 13:40:08,562 [INFO] DbMcusAds:125 - Set database path to: C:\Users\Luke\.stmcufinder\plugins\mcufinder//mcu/
2025-04-09 13:40:08,562 [WARN] DbFile:41 - Overriding database path with different value: C:\Users\Luke\.stmcufinder\plugins\mcufinder/ => C:\Users\Luke\.stmcufinder\plugins\mcufinder
2025-04-09 13:40:08,562 [WARN] DbFile:41 - Overriding database path with different value: C:\Users\Luke\.stmcufinder\plugins\mcufinder/ => C:\Users\Luke\.stmcufinder\plugins\mcufinder
2025-04-09 13:40:08,562 [INFO] CrossReferenceDbSqlite:203 - Set database path to: C:\Users\Luke\.stmcufinder\plugins\mcufinder//mcu/cs/
2025-04-09 13:40:08,683 [INFO] MainPanel:264 - HeapMemory: 268435456
2025-04-09 13:40:08,860 [INFO] DbMcusXml:78 - Set database path to: C:\ST\STM32CubeIDE_1.15.1\STM32CubeIDE\plugins\com.st.stm32cube.common.mx_6.11.1.202404110753\\db\/mcu/
2025-04-09 13:40:08,861 [INFO] ApiDb:274 - Set plugin database path to: C:\ST\STM32CubeIDE_1.15.1\STM32CubeIDE\plugins\com.st.stm32cube.common.mx_6.11.1.202404110753\\db\/plugins/boardmanager/
2025-04-09 13:40:08,861 [INFO] ApiDb:261 - Set plugin images path to: C:\ST\STM32CubeIDE_1.15.1\STM32CubeIDE\plugins\com.st.stm32cube.common.mx_6.11.1.202404110753\\db\/plugins/mcufinder/images/
2025-04-09 13:40:08,861 [WARN] DbFile:41 - Overriding database path with different value: C:\Users\Luke\.stmcufinder\plugins\mcufinder/ => C:\Users\Luke\.stmcufinder\plugins\mcufinder
2025-04-09 13:40:08,862 [INFO] ApiDb:250 - Set database path to: C:\Users\Luke\.stmcufinder\plugins\mcufinder//mcu/
2025-04-09 13:40:08,862 [WARN] DbFile:41 - Overriding database path with different value: C:\Users\Luke\.stmcufinder\plugins\mcufinder/ => C:\Users\Luke\.stmcufinder\plugins\mcufinder
2025-04-09 13:40:08,862 [INFO] DbMcusAds:125 - Set database path to: C:\Users\Luke\.stmcufinder\plugins\mcufinder//mcu/
2025-04-09 13:40:08,862 [WARN] DbFile:41 - Overriding database path with different value: C:\Users\Luke\.stmcufinder\plugins\mcufinder/ => C:\Users\Luke\.stmcufinder\plugins\mcufinder
2025-04-09 13:40:08,862 [WARN] DbFile:41 - Overriding database path with different value: C:\Users\Luke\.stmcufinder\plugins\mcufinder/ => C:\Users\Luke\.stmcufinder\plugins\mcufinder
2025-04-09 13:40:08,862 [INFO] CrossReferenceDbSqlite:203 - Set database path to: C:\Users\Luke\.stmcufinder\plugins\mcufinder//mcu/cs/
2025-04-09 13:40:08,891 [INFO] ApplicationProperties:184 - Using Application install path: C:\ST\STM32CubeIDE_1.15.1\STM32CubeIDE\plugins\com.st.stm32cube.common.mx_6.11.1.202404110753
2025-04-09 13:40:08,894 [INFO] PluginManage:196 - Search for loadable plugins [exclusion list=, ]
2025-04-09 13:40:08,898 [INFO] PluginManage:310 - Check plugin analytics
2025-04-09 13:40:09,133 [INFO] AnalyticsPlugin:253 - Accepted Software Licenses: 
2025-04-09 13:40:09,133 [INFO] AnalyticsPlugin:255 - Accepted CMSIS Pack Licenses: 
2025-04-09 13:40:09,133 [INFO] AnalyticsPlugin:257 - Accepted Firmware Licenses: 
2025-04-09 13:40:09,136 [INFO] PluginManage:359 - Loaded plugin analytics (category:tool,tabindex:-1)
2025-04-09 13:40:09,136 [INFO] PluginManage:310 - Check plugin cadmodel
2025-04-09 13:40:09,160 [INFO] CADModel:105 - Init CAD model plugin
2025-04-09 13:40:09,160 [INFO] PluginManage:359 - Loaded plugin cadmodel (category:power,tabindex:5)
2025-04-09 13:40:09,160 [INFO] PluginManage:310 - Check plugin clock
2025-04-09 13:40:09,190 [INFO] PluginManage:359 - Loaded plugin clock (category:base,tabindex:2)
2025-04-09 13:40:09,191 [INFO] PluginManage:310 - Check plugin ddr
2025-04-09 13:40:09,194 [INFO] PluginManage:359 - Loaded plugin ddr (category:tool,tabindex:6)
2025-04-09 13:40:09,195 [INFO] PluginManage:310 - Check plugin filemanager
2025-04-09 13:40:09,381 [INFO] PluginManage:359 - Loaded plugin filemanager (category:base,tabindex:10)
2025-04-09 13:40:09,382 [INFO] PluginManage:310 - Check plugin ipmanager
2025-04-09 13:40:09,393 [INFO] PluginManage:359 - Loaded plugin ipmanager (category:base,tabindex:5)
2025-04-09 13:40:09,393 [INFO] PluginManage:310 - Check plugin lpbam
2025-04-09 13:40:09,418 [INFO] PluginManage:359 - Loaded plugin lpbam (category:base,tabindex:0)
2025-04-09 13:40:09,419 [INFO] PluginManage:310 - Check plugin memorymap
2025-04-09 13:40:09,456 [INFO] PluginManage:359 - Loaded plugin memorymap (category:base,tabindex:4)
2025-04-09 13:40:09,456 [INFO] PluginManage:310 - Check plugin pinoutandconfiguration
2025-04-09 13:40:09,480 [INFO] PluginManage:359 - Loaded plugin pinoutandconfiguration (category:base,tabindex:1)
2025-04-09 13:40:09,480 [INFO] PluginManage:310 - Check plugin pinoutconfig
2025-04-09 13:40:09,622 [WARN] SupportedApi:132 - Cannot load RTOS API schema: s4s-elt-must-match.1: The content of 'definitions' must match (annotation?, (simpleType | complexType)?, (unique | key | keyref)*)). A problem was found starting at: attribute.
2025-04-09 13:40:09,805 [INFO] PluginManage:359 - Loaded plugin pinoutconfig (category:base,tabindex:0)
2025-04-09 13:40:09,805 [INFO] PluginManage:310 - Check plugin power
2025-04-09 13:40:09,837 [INFO] PluginManage:359 - Loaded plugin power (category:power,tabindex:4)
2025-04-09 13:40:09,837 [INFO] PluginManage:310 - Check plugin projectmanager
2025-04-09 13:40:09,867 [INFO] PluginManage:359 - Loaded plugin projectmanager (category:projectmanager,tabindex:3)
2025-04-09 13:40:09,867 [INFO] PluginManage:310 - Check plugin thirdparty
2025-04-09 13:40:10,346 [INFO] PluginManage:359 - Loaded plugin thirdparty (category:base,tabindex:-1)
2025-04-09 13:40:10,346 [WARN] IntegrityCheckThread:84 - waiting for thirdparty lock release [integrity check]
2025-04-09 13:40:10,347 [INFO] PluginManage:310 - Check plugin tools
2025-04-09 13:40:10,347 [INFO] IntegrityCheckThread:86 - entering critical section [integrity check]
2025-04-09 13:40:10,348 [INFO] ThirdPartyUpdaterWithRetryManager:70 - Updater plugin not ready yet. [1/15]
2025-04-09 13:40:10,417 [INFO] PluginManage:359 - Loaded plugin tools (category:base,tabindex:7)
2025-04-09 13:40:10,417 [INFO] PluginManage:310 - Check plugin tutovideos
2025-04-09 13:40:10,716 [INFO] PluginManage:359 - Loaded plugin tutovideos (category:base,tabindex:-1)
2025-04-09 13:40:10,716 [INFO] PluginManage:310 - Check plugin updater
2025-04-09 13:40:10,730 [INFO] PluginManage:359 - Loaded plugin updater (category:base,tabindex:12)
2025-04-09 13:40:10,730 [INFO] PluginManage:310 - Check plugin userauth
2025-04-09 13:40:10,738 [INFO] UserAuth:114 - Init User Auth plugin
2025-04-09 13:40:10,738 [INFO] PluginManage:359 - Loaded plugin userauth (category:base,tabindex:14)
2025-04-09 13:40:10,739 [INFO] PluginManage:283 - PluginManage : Loaded plugins [17]
2025-04-09 13:40:11,049 [INFO] PinOutPanel:1561 - setPackage(No Configuration,No Configuration)
2025-04-09 13:40:11,168 [INFO] CADModel:165 - CPN selected for project level
2025-04-09 13:40:11,169 [INFO] CADModel:114 - Register for checkConnection events
2025-04-09 13:40:11,207 [INFO] IPUIPlugin:80 - create IPUIPlugin
2025-04-09 13:40:11,208 [INFO] PluginManager:220 - loadIPPluginJar : add adc
2025-04-09 13:40:11,265 [INFO] IPUIPlugin:80 - create IPUIPlugin
2025-04-09 13:40:11,289 [INFO] PluginManager:220 - loadIPPluginJar : add aes
2025-04-09 13:40:11,353 [INFO] IPUIPlugin:80 - create IPUIPlugin
2025-04-09 13:40:11,353 [INFO] PluginManager:220 - loadIPPluginJar : add can
2025-04-09 13:40:11,358 [INFO] IPUIPlugin:80 - create IPUIPlugin
2025-04-09 13:40:11,359 [INFO] PluginManager:220 - loadIPPluginJar : add comp
2025-04-09 13:40:11,415 [INFO] IPUIPlugin:80 - create IPUIPlugin
2025-04-09 13:40:11,415 [INFO] PluginManager:220 - loadIPPluginJar : add cryp
2025-04-09 13:40:11,463 [INFO] IPUIPlugin:80 - create IPUIPlugin
2025-04-09 13:40:11,464 [INFO] PluginManager:220 - loadIPPluginJar : add dfsdm
2025-04-09 13:40:11,485 [INFO] IPUIPlugin:80 - create IPUIPlugin
2025-04-09 13:40:11,485 [INFO] PluginManager:220 - loadIPPluginJar : add dma
2025-04-09 13:40:11,559 [INFO] IPUIPlugin:80 - create IPUIPlugin
2025-04-09 13:40:11,560 [INFO] PluginManager:220 - loadIPPluginJar : add dma3
2025-04-09 13:40:11,637 [INFO] IPUIPlugin:80 - create IPUIPlugin
2025-04-09 13:40:11,637 [INFO] PluginManager:220 - loadIPPluginJar : add extmemmanager
2025-04-09 13:40:11,673 [INFO] IPUIPlugin:80 - create IPUIPlugin
2025-04-09 13:40:11,673 [INFO] PluginManager:220 - loadIPPluginJar : add fatfs
2025-04-09 13:40:11,750 [INFO] IPUIPlugin:80 - create IPUIPlugin
2025-04-09 13:40:11,751 [INFO] PluginManager:220 - loadIPPluginJar : add fmc
2025-04-09 13:40:11,781 [INFO] IPUIPlugin:80 - create IPUIPlugin
2025-04-09 13:40:11,781 [INFO] PluginManager:220 - loadIPPluginJar : add freertos
2025-04-09 13:40:11,825 [INFO] IPUIPlugin:80 - create IPUIPlugin
2025-04-09 13:40:11,825 [INFO] PluginManager:220 - loadIPPluginJar : add genericplugin
2025-04-09 13:40:11,971 [INFO] IPUIPlugin:80 - create IPUIPlugin
2025-04-09 13:40:11,971 [INFO] PluginManager:220 - loadIPPluginJar : add gfxmmu
2025-04-09 13:40:12,179 [INFO] IPUIPlugin:80 - create IPUIPlugin
2025-04-09 13:40:12,179 [INFO] PluginManager:220 - loadIPPluginJar : add gic
2025-04-09 13:40:12,205 [INFO] IPUIPlugin:80 - create IPUIPlugin
2025-04-09 13:40:12,206 [INFO] PluginManager:220 - loadIPPluginJar : add gpio
2025-04-09 13:40:12,352 [INFO] IPUIPlugin:80 - create IPUIPlugin
2025-04-09 13:40:12,352 [INFO] PluginManager:220 - loadIPPluginJar : add gtzc
2025-04-09 13:40:12,407 [INFO] IPUIPlugin:80 - create IPUIPlugin
2025-04-09 13:40:12,407 [INFO] PluginManager:220 - loadIPPluginJar : add hash
2025-04-09 13:40:12,490 [INFO] IPUIPlugin:80 - create IPUIPlugin
2025-04-09 13:40:12,491 [INFO] PluginManager:220 - loadIPPluginJar : add i2c
2025-04-09 13:40:12,551 [INFO] IPUIPlugin:80 - create IPUIPlugin
2025-04-09 13:40:12,551 [INFO] PluginManager:220 - loadIPPluginJar : add i2s
2025-04-09 13:40:12,612 [INFO] IPUIPlugin:80 - create IPUIPlugin
2025-04-09 13:40:12,612 [INFO] PluginManager:220 - loadIPPluginJar : add i3c
2025-04-09 13:40:12,765 [INFO] IPUIPlugin:80 - create IPUIPlugin
2025-04-09 13:40:12,765 [INFO] PluginManager:220 - loadIPPluginJar : add ipddr
2025-04-09 13:40:12,914 [INFO] IPUIPlugin:80 - create IPUIPlugin
2025-04-09 13:40:12,914 [INFO] PluginManager:220 - loadIPPluginJar : add linkedlist
2025-04-09 13:40:12,978 [INFO] IPUIPlugin:80 - create IPUIPlugin
2025-04-09 13:40:12,978 [INFO] PluginManager:220 - loadIPPluginJar : add lorawan
2025-04-09 13:40:13,036 [INFO] IPUIPlugin:80 - create IPUIPlugin
2025-04-09 13:40:13,036 [INFO] PluginManager:220 - loadIPPluginJar : add ltdc
2025-04-09 13:40:13,057 [INFO] IPUIPlugin:80 - create IPUIPlugin
2025-04-09 13:40:13,057 [INFO] PluginManager:220 - loadIPPluginJar : add mdma
2025-04-09 13:40:13,076 [INFO] IPUIPlugin:80 - create IPUIPlugin
2025-04-09 13:40:13,076 [INFO] PluginManager:220 - loadIPPluginJar : add nvic
2025-04-09 13:40:13,136 [INFO] IPUIPlugin:80 - create IPUIPlugin
2025-04-09 13:40:13,136 [INFO] PluginManager:220 - loadIPPluginJar : add opamp
2025-04-09 13:40:13,228 [INFO] IPUIPlugin:80 - create IPUIPlugin
2025-04-09 13:40:13,228 [INFO] PluginManager:220 - loadIPPluginJar : add openamp
2025-04-09 13:40:13,313 [INFO] IPUIPlugin:80 - create IPUIPlugin
2025-04-09 13:40:13,313 [INFO] PluginManager:220 - loadIPPluginJar : add pdm2pcm
2025-04-09 13:40:13,339 [INFO] IPUIPlugin:80 - create IPUIPlugin
2025-04-09 13:40:13,341 [INFO] PluginManager:220 - loadIPPluginJar : add plateformsettings
2025-04-09 13:40:13,353 [INFO] ThirdPartyUpdaterWithRetryManager:70 - Updater plugin not ready yet. [2/15]
2025-04-09 13:40:13,380 [INFO] IPUIPlugin:80 - create IPUIPlugin
2025-04-09 13:40:13,380 [INFO] PluginManager:220 - loadIPPluginJar : add quadspi
2025-04-09 13:40:13,401 [INFO] IPUIPlugin:80 - create IPUIPlugin
2025-04-09 13:40:13,402 [INFO] PluginManager:220 - loadIPPluginJar : add resmgrutility
2025-04-09 13:40:13,472 [INFO] IPUIPlugin:80 - create IPUIPlugin
2025-04-09 13:40:13,472 [INFO] PluginManager:220 - loadIPPluginJar : add sai
2025-04-09 13:40:13,529 [INFO] IPUIPlugin:80 - create IPUIPlugin
2025-04-09 13:40:13,529 [INFO] PluginManager:220 - loadIPPluginJar : add spi
2025-04-09 13:40:13,625 [INFO] IPUIPlugin:80 - create IPUIPlugin
2025-04-09 13:40:13,625 [INFO] PluginManager:220 - loadIPPluginJar : add stm32_wpan
2025-04-09 13:40:13,662 [INFO] IPUIPlugin:80 - create IPUIPlugin
2025-04-09 13:40:13,662 [INFO] PluginManager:220 - loadIPPluginJar : add tim
2025-04-09 13:40:13,750 [INFO] IPUIPlugin:80 - create IPUIPlugin
2025-04-09 13:40:13,750 [INFO] PluginManager:220 - loadIPPluginJar : add touchsensing
2025-04-09 13:40:13,786 [INFO] IPUIPlugin:80 - create IPUIPlugin
2025-04-09 13:40:13,786 [INFO] PluginManager:220 - loadIPPluginJar : add tracer_emb
2025-04-09 13:40:13,791 [INFO] IPUIPlugin:80 - create IPUIPlugin
2025-04-09 13:40:13,791 [INFO] PluginManager:220 - loadIPPluginJar : add ts
2025-04-09 13:40:13,826 [INFO] IPUIPlugin:80 - create IPUIPlugin
2025-04-09 13:40:13,826 [INFO] PluginManager:220 - loadIPPluginJar : add tsc
2025-04-09 13:40:13,862 [INFO] IPUIPlugin:80 - create IPUIPlugin
2025-04-09 13:40:13,862 [INFO] PluginManager:220 - loadIPPluginJar : add ucpd
2025-04-09 13:40:13,925 [INFO] IPUIPlugin:80 - create IPUIPlugin
2025-04-09 13:40:13,925 [INFO] PluginManager:220 - loadIPPluginJar : add usart
2025-04-09 13:40:13,989 [INFO] IPUIPlugin:80 - create IPUIPlugin
2025-04-09 13:40:13,989 [INFO] PluginManager:220 - loadIPPluginJar : add usbx
2025-04-09 13:40:14,155 [INFO] CADModel:165 - CPN selected for project level
2025-04-09 13:40:14,155 [INFO] CADModel:114 - Register for checkConnection events
2025-04-09 13:40:14,156 [FATAL] Updater:308 - Updater called before beeing initialized
2025-04-09 13:40:14,156 [ERROR] CADModel:125 - Updater not yet initialized, retry later 
2025-04-09 13:40:14,366 [INFO] CADModel:165 - CPN selected for project level
2025-04-09 13:40:14,366 [INFO] CADModel:114 - Register for checkConnection events
2025-04-09 13:40:14,366 [FATAL] Updater:308 - Updater called before beeing initialized
2025-04-09 13:40:14,366 [ERROR] CADModel:125 - Updater not yet initialized, retry later 
2025-04-09 13:40:14,369 [FATAL] Updater:308 - Updater called before beeing initialized
2025-04-09 13:40:14,509 [FATAL] Updater:308 - Updater called before beeing initialized
2025-04-09 13:40:14,523 [INFO] DbMcusAds:53 - JSON generation date=Thu Mar 06 23:54:22 KST 2025 (1741272862078)
2025-04-09 13:40:14,524 [FATAL] Updater:308 - Updater called before beeing initialized
2025-04-09 13:40:14,630 [WARN] DetailPanel:346 - Failed to get advertising image, set to default
2025-04-09 13:40:14,765 [FATAL] Updater:308 - Updater called before beeing initialized
2025-04-09 13:40:14,767 [FATAL] Updater:308 - Updater called before beeing initialized
2025-04-09 13:40:14,767 [FATAL] Updater:308 - Updater called before beeing initialized
2025-04-09 13:40:14,767 [WARN] DetailPanel:346 - Failed to get advertising image, set to default
2025-04-09 13:40:14,768 [FATAL] Updater:308 - Updater called before beeing initialized
2025-04-09 13:40:14,876 [ERROR] Updater:1120 - MainUpdater not yet initialized. External WinMGr cannot be set.
2025-04-09 13:40:14,891 [INFO] Updater:1056 - Updater Version found : 6.11.1
2025-04-09 13:40:14,912 [INFO] ApplicationProperties:184 - Using Application install path: C:\ST\STM32CubeIDE_1.15.1\STM32CubeIDE\plugins\com.st.stm32cube.common.mx_6.11.1.202404110753
2025-04-09 13:40:16,362 [INFO] ThirdPartyUpdaterWithRetryManager:70 - Updater plugin not ready yet. [3/15]
2025-04-09 13:40:16,549 [ERROR] LogOutputStream:75 - [STDERR_REDIRECT] Apr 09, 2025 1:40:16 PM java.util.prefs.WindowsPreferences <init>
2025-04-09 13:40:16,555 [ERROR] LogOutputStream:75 - [STDERR_REDIRECT] WARNING: Could not open/create prefs root node Software\JavaSoft\Prefs at root 0xffffffff80000002. Windows RegCreateKeyEx(...) returned error code 5.
2025-04-09 13:40:16,556 [ERROR] LogOutputStream:75 - [STDERR_REDIRECT] 
2025-04-09 13:40:17,127 [INFO] MainUpdater:2873 - connection check result : 10
2025-04-09 13:40:17,129 [INFO] MainUpdater:290 - Updater Check For Update Now.
2025-04-09 13:40:17,130 [INFO] MicroXplorer:498 - Change Database Version : DB.6.0.111
2025-04-09 13:40:17,167 [INFO] McuFinderGlobals:63 - Set McuFinder mode to 2 (CubeIDE integrated)
2025-04-09 13:40:17,189 [INFO] UserAuth:415 - Internet connection configuration mode: 1
2025-04-09 13:40:17,240 [INFO] JxBrowserEngine:152 - Initiate JxBrowser Engine with user profile folder
2025-04-09 13:40:17,434 [INFO] CheckServerUpdateThread:120 - End of CheckServer Thread
2025-04-09 13:40:20,035 [WARN] PackLoader:240 - Cannot read IP mode file for STMicroelectronics.FP-SNS-MOTENVWB1.1.4.0
2025-04-09 13:40:20,057 [WARN] PackLoader:240 - Cannot read IP mode file for STMicroelectronics.FP-ATR-ASTRA1.2.0.2
2025-04-09 13:40:20,071 [WARN] PackLoader:240 - Cannot read IP mode file for STMicroelectronics.FP-ATR-ASTRA1.2.0.1
2025-04-09 13:40:20,091 [WARN] PackLoader:240 - Cannot read IP mode file for STMicroelectronics.X-CUBE-SMBUS.2.1.0
2025-04-09 13:40:20,114 [WARN] PackLoader:240 - Cannot read IP mode file for STMicroelectronics.X-CUBE-WB05N.1.1.0
2025-04-09 13:40:20,178 [WARN] PackLoader:240 - Cannot read IP mode file for STMicroelectronics.X-CUBE-AZRTOS-F7.1.1.0
2025-04-09 13:40:20,201 [WARN] PackLoader:240 - Cannot read IP mode file for STMicroelectronics.FP-SNS-FLIGHT1.5.0.2
2025-04-09 13:40:20,225 [WARN] PackLoader:240 - Cannot read IP mode file for STMicroelectronics.X-CUBE-DISPLAY.3.0.0
2025-04-09 13:40:20,254 [WARN] PackLoader:240 - Cannot read IP mode file for STMicroelectronics.X-CUBE-BLE1.7.0.0
2025-04-09 13:40:20,283 [WARN] PackLoader:240 - Cannot read IP mode file for STMicroelectronics.X-CUBE-NFC10.1.0.0
2025-04-09 13:40:20,313 [WARN] PackLoader:240 - Cannot read IP mode file for STMicroelectronics.X-CUBE-BLEMGR.4.0.0
2025-04-09 13:40:20,335 [WARN] PackLoader:240 - Cannot read IP mode file for emotas.I-CUBE-CANOPEN.1.3.0
2025-04-09 13:40:20,359 [WARN] PackLoader:240 - Cannot read IP mode file for STMicroelectronics.X-CUBE-BLEMGR.3.1.0
2025-04-09 13:40:20,382 [WARN] PackLoader:240 - Cannot read IP mode file for STMicroelectronics.X-CUBE-AI.10.0.0
2025-04-09 13:40:20,400 [WARN] PackLoader:240 - Cannot read IP mode file for STMicroelectronics.FP-SNS-SMARTAG2.1.2.0
2025-04-09 13:40:20,413 [ERROR] Engine:466 - C:\Users\Luke\.stm32cubemx\thirdparties\pdsc\STMicroelectronics.FP-SNS-FLIGHT1.5.1.0.pdsc: PDSC version is not supported
2025-04-09 13:40:20,504 [WARN] PackLoader:240 - Cannot read IP mode file for STMicroelectronics.X-CUBE-MEMS1.11.1.0
2025-04-09 13:40:20,719 [INFO] LogOutputStream:77 - [STDOUT_REDIRECT] 1 : Invalid condition id : UX_CORESTACK_Condition cause : null
2025-04-09 13:40:20,721 [INFO] LogOutputStream:77 - [STDOUT_REDIRECT] 1 : Invalid condition id : UX_CORESTACK_Condition cause : null
2025-04-09 13:40:20,722 [INFO] LogOutputStream:77 - [STDOUT_REDIRECT] 1 : Invalid condition id : UX_CORESTACK_Condition cause : null
2025-04-09 13:40:20,724 [INFO] LogOutputStream:77 - [STDOUT_REDIRECT] 1 : Invalid condition id : UX_CORESTACK_Condition cause : null
2025-04-09 13:40:20,725 [INFO] LogOutputStream:77 - [STDOUT_REDIRECT] 1 : Invalid condition id : UX_CORESTACK_Condition cause : null
2025-04-09 13:40:20,729 [WARN] PackLoader:240 - Cannot read IP mode file for STMicroelectronics.X-CUBE-AZRTOS-WL.2.0.0
2025-04-09 13:40:20,751 [WARN] PackLoader:240 - Cannot read IP mode file for STMicroelectronics.FP-SNS-MOTENV1.5.0.0
2025-04-09 13:40:20,774 [WARN] PackLoader:240 - Cannot read IP mode file for wolfSSL.I-CUBE-wolfMQTT.1.19.0
2025-04-09 13:40:20,801 [WARN] PackLoader:240 - Cannot read IP mode file for WES.I-CUBE-Cesium.1.3.0
2025-04-09 13:40:20,831 [WARN] PackLoader:240 - Cannot read IP mode file for STMicroelectronics.X-CUBE-BLE2.3.3.0
2025-04-09 13:40:20,853 [WARN] PackLoader:240 - Cannot read IP mode file for STMicroelectronics.X-CUBE-NFC9.1.0.0
2025-04-09 13:40:20,872 [WARN] PackLoader:240 - Cannot read IP mode file for STMicroelectronics.X-CUBE-BLE1.7.1.0
2025-04-09 13:40:20,894 [WARN] PackLoader:240 - Cannot read IP mode file for STMicroelectronics.X-CUBE-TCPP.4.1.0
2025-04-09 13:40:20,942 [WARN] PackLoader:240 - Cannot read IP mode file for STMicroelectronics.X-CUBE-AZRTOS-G0.1.1.0
2025-04-09 13:40:20,981 [WARN] PackLoader:240 - Cannot read IP mode file for STMicroelectronics.X-CUBE-SAFEA1.1.2.2
2025-04-09 13:40:21,007 [WARN] PackLoader:240 - Cannot read IP mode file for STMicroelectronics.X-CUBE-NFC4.3.0.0
2025-04-09 13:40:21,031 [WARN] PackLoader:240 - Cannot read IP mode file for EmbeddedOffice.I-CUBE-FS-RTOS.1.0.1
2025-04-09 13:40:21,032 [ERROR] ConditionMgr:805 - Attr not supported : Dmpu
2025-04-09 13:40:21,032 [ERROR] ConditionMgr:805 - Attr not supported : Dmpu
2025-04-09 13:40:21,032 [ERROR] ConditionMgr:805 - Attr not supported : Dmpu
2025-04-09 13:40:21,032 [ERROR] ConditionMgr:805 - Attr not supported : Dmpu
2025-04-09 13:40:21,032 [ERROR] ConditionMgr:805 - Attr not supported : Dmpu
2025-04-09 13:40:21,032 [ERROR] ConditionMgr:805 - Attr not supported : Dmpu
2025-04-09 13:40:21,032 [ERROR] ConditionMgr:805 - Attr not supported : Dmpu
2025-04-09 13:40:21,032 [ERROR] ConditionMgr:805 - Attr not supported : Dmpu
2025-04-09 13:40:21,032 [ERROR] ConditionMgr:805 - Attr not supported : Dmpu
2025-04-09 13:40:21,032 [ERROR] ConditionMgr:805 - Attr not supported : Dmpu
2025-04-09 13:40:21,032 [ERROR] ConditionMgr:805 - Attr not supported : Dmpu
2025-04-09 13:40:21,032 [ERROR] ConditionMgr:805 - Attr not supported : Dmpu
2025-04-09 13:40:21,033 [ERROR] ConditionMgr:805 - Attr not supported : Dmpu
2025-04-09 13:40:21,033 [ERROR] ConditionMgr:805 - Attr not supported : Dmpu
2025-04-09 13:40:21,033 [ERROR] ConditionMgr:805 - Attr not supported : Dmpu
2025-04-09 13:40:21,033 [ERROR] ConditionMgr:805 - Attr not supported : Dmpu
2025-04-09 13:40:21,033 [ERROR] ConditionMgr:805 - Attr not supported : Dmpu
2025-04-09 13:40:21,033 [ERROR] ConditionMgr:805 - Attr not supported : Dmpu
2025-04-09 13:40:21,033 [ERROR] ConditionMgr:805 - Attr not supported : Dmpu
2025-04-09 13:40:21,033 [ERROR] ConditionMgr:805 - Attr not supported : Dmpu
2025-04-09 13:40:21,033 [ERROR] ConditionMgr:805 - Attr not supported : Dmpu
2025-04-09 13:40:21,033 [ERROR] ConditionMgr:805 - Attr not supported : Dmpu
2025-04-09 13:40:21,033 [ERROR] ConditionMgr:805 - Attr not supported : Dmpu
2025-04-09 13:40:21,033 [ERROR] ConditionMgr:805 - Attr not supported : Dmpu
2025-04-09 13:40:21,033 [ERROR] ConditionMgr:805 - Attr not supported : Dmpu
2025-04-09 13:40:21,033 [ERROR] ConditionMgr:805 - Attr not supported : Dmpu
2025-04-09 13:40:21,034 [ERROR] ConditionMgr:805 - Attr not supported : Dmpu
2025-04-09 13:40:21,034 [ERROR] ConditionMgr:805 - Attr not supported : Dmpu
2025-04-09 13:40:21,034 [ERROR] ConditionMgr:805 - Attr not supported : Dmpu
2025-04-09 13:40:21,034 [ERROR] ConditionMgr:805 - Attr not supported : Dmpu
2025-04-09 13:40:21,034 [ERROR] ConditionMgr:805 - Attr not supported : Dmpu
2025-04-09 13:40:21,034 [ERROR] ConditionMgr:805 - Attr not supported : Dmpu
2025-04-09 13:40:21,034 [ERROR] ConditionMgr:805 - Attr not supported : Dmpu
2025-04-09 13:40:21,034 [ERROR] ConditionMgr:805 - Attr not supported : Dmpu
2025-04-09 13:40:21,034 [ERROR] ConditionMgr:805 - Attr not supported : Dmpu
2025-04-09 13:40:21,034 [ERROR] ConditionMgr:805 - Attr not supported : Dmpu
2025-04-09 13:40:21,034 [ERROR] ConditionMgr:805 - Attr not supported : Dmpu
2025-04-09 13:40:21,034 [ERROR] ConditionMgr:805 - Attr not supported : Dmpu
2025-04-09 13:40:21,034 [ERROR] ConditionMgr:805 - Attr not supported : Dmpu
2025-04-09 13:40:21,035 [ERROR] ConditionMgr:805 - Attr not supported : Dmpu
2025-04-09 13:40:21,035 [ERROR] ConditionMgr:805 - Attr not supported : Dmpu
2025-04-09 13:40:21,035 [ERROR] ConditionMgr:805 - Attr not supported : Dmpu
2025-04-09 13:40:21,035 [ERROR] ConditionMgr:805 - Attr not supported : Dmpu
2025-04-09 13:40:21,035 [ERROR] ConditionMgr:805 - Attr not supported : Dmpu
2025-04-09 13:40:21,035 [ERROR] ConditionMgr:805 - Attr not supported : Dmpu
2025-04-09 13:40:21,035 [ERROR] ConditionMgr:805 - Attr not supported : Dmpu
2025-04-09 13:40:21,035 [ERROR] ConditionMgr:805 - Attr not supported : Dmpu
2025-04-09 13:40:21,035 [ERROR] ConditionMgr:805 - Attr not supported : Dmpu
2025-04-09 13:40:21,035 [ERROR] ConditionMgr:805 - Attr not supported : Dmpu
2025-04-09 13:40:21,035 [ERROR] ConditionMgr:805 - Attr not supported : Dmpu
2025-04-09 13:40:21,035 [ERROR] ConditionMgr:805 - Attr not supported : Dmpu
2025-04-09 13:40:21,035 [ERROR] ConditionMgr:805 - Attr not supported : Dmpu
2025-04-09 13:40:21,036 [ERROR] ConditionMgr:805 - Attr not supported : Dmpu
2025-04-09 13:40:21,036 [ERROR] ConditionMgr:805 - Attr not supported : Dmpu
2025-04-09 13:40:21,036 [ERROR] ConditionMgr:805 - Attr not supported : Dmpu
2025-04-09 13:40:21,036 [ERROR] ConditionMgr:805 - Attr not supported : Dmpu
2025-04-09 13:40:21,036 [ERROR] ConditionMgr:805 - Attr not supported : Dmpu
2025-04-09 13:40:21,036 [ERROR] ConditionMgr:805 - Attr not supported : Dmpu
2025-04-09 13:40:21,036 [ERROR] ConditionMgr:805 - Attr not supported : Dmpu
2025-04-09 13:40:21,036 [ERROR] ConditionMgr:805 - Attr not supported : Dmpu
2025-04-09 13:40:21,036 [ERROR] ConditionMgr:805 - Attr not supported : Dmpu
2025-04-09 13:40:21,036 [ERROR] ConditionMgr:805 - Attr not supported : Dmpu
2025-04-09 13:40:21,036 [ERROR] ConditionMgr:805 - Attr not supported : Dmpu
2025-04-09 13:40:21,036 [ERROR] ConditionMgr:805 - Attr not supported : Dmpu
2025-04-09 13:40:21,052 [ERROR] Engine:466 - C:\Users\Luke\.stm32cubemx\thirdparties\pdsc\STMicroelectronics.X-CUBE-TCPP.4.2.0.pdsc: PDSC version is not supported
2025-04-09 13:40:21,073 [WARN] PackLoader:240 - Cannot read IP mode file for RealThread.X-CUBE-RT-Thread_Nano.4.1.1
2025-04-09 13:40:21,093 [WARN] PackLoader:240 - Cannot read IP mode file for wolfSSL.I-CUBE-wolfSSL.5.7.0
2025-04-09 13:40:21,111 [WARN] PackLoader:240 - Cannot read IP mode file for STMicroelectronics.FP-ATR-SIGFOX1.3.2.0
2025-04-09 13:40:21,130 [WARN] ConditionMgr:438 - getConditionDescription Invalid condition id : Cortex-A Device cause : null
2025-04-09 13:40:21,164 [WARN] ConditionMgr:1039 - genDependencies : Invalid condition id : Cortex-A Device cause : null
2025-04-09 13:40:21,164 [WARN] ConditionMgr:1039 - genDependencies : Invalid condition id : Cortex-A Device cause : null
2025-04-09 13:40:21,164 [WARN] ConditionMgr:1039 - genDependencies : Invalid condition id : Cortex-A Device cause : null
2025-04-09 13:40:21,182 [WARN] PackLoader:240 - Cannot read IP mode file for STMicroelectronics.X-CUBE-EEPRMA1.5.1.0
2025-04-09 13:40:21,204 [WARN] PackLoader:240 - Cannot read IP mode file for ITTIA_DB.I-CUBE-ITTIADB.8.9.0
2025-04-09 13:40:21,246 [WARN] PackLoader:240 - Cannot read IP mode file for SEGGER.I-CUBE-embOS.1.3.1
2025-04-09 13:40:21,297 [WARN] PackLoader:240 - Cannot read IP mode file for STMicroelectronics.X-CUBE-ALGOBUILD.1.4.0
2025-04-09 13:40:21,321 [WARN] PackLoader:240 - Cannot read IP mode file for STMicroelectronics.X-CUBE-AI.9.1.0
2025-04-09 13:40:21,340 [WARN] PackLoader:240 - Cannot read IP mode file for STMicroelectronics.X-CUBE-GNSS1.6.0.0
2025-04-09 13:40:21,378 [WARN] PackLoader:240 - Cannot read IP mode file for STMicroelectronics.X-CUBE-AZRTOS-F4.1.1.0
2025-04-09 13:40:21,401 [WARN] PackLoader:240 - Cannot read IP mode file for STMicroelectronics.X-CUBE-ISPU.2.1.0
2025-04-09 13:40:21,419 [WARN] PackLoader:240 - Cannot read IP mode file for STMicroelectronics.X-CUBE-FREERTOS.1.2.0
2025-04-09 13:40:21,459 [WARN] PackLoader:240 - Cannot read IP mode file for STMicroelectronics.X-CUBE-AZRTOS-L5.2.0.0
2025-04-09 13:40:21,487 [WARN] PackLoader:240 - Cannot read IP mode file for STMicroelectronics.X-CUBE-NFC6.3.1.0
2025-04-09 13:40:21,509 [WARN] PackLoader:240 - Cannot read IP mode file for STMicroelectronics.X-CUBE-DPower.1.2.0
2025-04-09 13:40:21,529 [WARN] PackLoader:240 - Cannot read IP mode file for STMicroelectronics.X-CUBE-AI.9.0.0
2025-04-09 13:40:21,551 [WARN] PackLoader:240 - Cannot read IP mode file for STMicroelectronics.X-CUBE-FREERTOS.1.3.0
2025-04-09 13:40:21,571 [WARN] PackLoader:240 - Cannot read IP mode file for STMicroelectronics.X-CUBE-NFC7.1.0.1
2025-04-09 13:40:21,593 [WARN] PackLoader:240 - Cannot read IP mode file for wolfSSL.I-CUBE-wolfTPM.3.2.0
2025-04-09 13:40:21,609 [WARN] PackLoader:240 - Cannot read IP mode file for STMicroelectronics.X-CUBE-DPower.1.3.0
2025-04-09 13:40:21,656 [WARN] ConditionMgr:438 - getConditionDescription Invalid condition id : LAN8742 Phy interface Condition cause : null
2025-04-09 13:40:21,657 [WARN] PackLoader:240 - Cannot read IP mode file for STMicroelectronics.X-CUBE-AZRTOS-L4.2.0.0
2025-04-09 13:40:21,658 [WARN] ConditionMgr:1039 - genDependencies : Invalid condition id : LAN8742 Phy interface Condition cause : null
2025-04-09 13:40:21,658 [WARN] ConditionMgr:1039 - genDependencies : Invalid condition id : LAN8742 Phy interface Condition cause : null
2025-04-09 13:40:21,659 [WARN] ConditionMgr:1039 - genDependencies : Invalid condition id : LAN8742 Phy interface Condition cause : null
2025-04-09 13:40:21,680 [WARN] PackLoader:240 - Cannot read IP mode file for STMicroelectronics.X-CUBE-SFXS2LP1.4.0.0
2025-04-09 13:40:21,728 [WARN] PackLoader:240 - Cannot read IP mode file for STMicroelectronics.X-CUBE-AZRTOS-H7.3.3.0
2025-04-09 13:40:21,767 [WARN] ConditionMgr:438 - getConditionDescription Invalid condition id : UX DEVICE CLASS RTOS Condition cause : null
2025-04-09 13:40:21,768 [WARN] ConditionMgr:438 - getConditionDescription Invalid condition id : UX DEVICE CLASS RTOS Condition cause : null
2025-04-09 13:40:21,769 [WARN] PackLoader:240 - Cannot read IP mode file for STMicroelectronics.X-CUBE-AZRTOS-WB.2.0.0
2025-04-09 13:40:21,770 [WARN] ConditionMgr:1039 - genDependencies : Invalid condition id : UX DEVICE CLASS RTOS Condition cause : null
2025-04-09 13:40:21,770 [WARN] ConditionMgr:1039 - genDependencies : Invalid condition id : UX DEVICE CLASS RTOS Condition cause : null
2025-04-09 13:40:21,798 [WARN] ConditionMgr:1039 - genDependencies : Invalid condition id : UX DEVICE CLASS RTOS Condition cause : null
2025-04-09 13:40:21,798 [WARN] ConditionMgr:1039 - genDependencies : Invalid condition id : UX DEVICE CLASS RTOS Condition cause : null
2025-04-09 13:40:21,798 [WARN] ConditionMgr:1039 - genDependencies : Invalid condition id : UX DEVICE CLASS RTOS Condition cause : null
2025-04-09 13:40:21,819 [WARN] PackLoader:240 - Cannot read IP mode file for STMicroelectronics.X-CUBE-GNSS1.7.0.1
2025-04-09 13:40:21,839 [WARN] PackLoader:240 - Cannot read IP mode file for STMicroelectronics.X-CUBE-TOUCHGFX.4.25.0
2025-04-09 13:40:21,859 [WARN] PackLoader:240 - Cannot read IP mode file for STMicroelectronics.FP-SNS-STBOX1.2.0.0
2025-04-09 13:40:21,885 [WARN] PackLoader:240 - Cannot read IP mode file for STMicroelectronics.X-CUBE-SUBG2.5.0.0
2025-04-09 13:40:21,931 [WARN] PackLoader:240 - Cannot read IP mode file for STMicroelectronics.X-CUBE-AZRTOS-H7RS.1.1.0
2025-04-09 13:40:21,954 [WARN] PackLoader:240 - Cannot read IP mode file for Cesanta.I-CUBE-Mongoose.7.13.0
2025-04-09 13:40:21,985 [WARN] PackLoader:240 - Cannot read IP mode file for STMicroelectronics.X-CUBE-AZRTOS-G4.2.0.0
2025-04-09 13:40:22,001 [WARN] PackLoader:240 - Cannot read IP mode file for STMicroelectronics.X-CUBE-ISPU.2.0.0
2025-04-09 13:40:22,034 [ERROR] Engine:466 - C:\Users\Luke\.stm32cubemx\thirdparties\pdsc\STMicroelectronics.X-CUBE-IPS.3.1.0.pdsc: PDSC version is not supported
2025-04-09 13:40:22,070 [WARN] PackLoader:240 - Cannot read IP mode file for STMicroelectronics.X-CUBE-ALS.1.0.2
2025-04-09 13:40:22,162 [WARN] PackLoader:240 - Cannot read IP mode file for STMicroelectronics.X-CUBE-MEMS1.10.0.0
2025-04-09 13:40:22,291 [WARN] PackLoader:240 - Cannot read IP mode file for STMicroelectronics.X-CUBE-TOUCHGFX.4.24.0
2025-04-09 13:40:22,313 [WARN] PackLoader:240 - Cannot read IP mode file for STMicroelectronics.X-CUBE-TOUCHGFX.4.24.2
2025-04-09 13:40:22,338 [WARN] PackLoader:240 - Cannot read IP mode file for portGmbH.I-Cube-SoM-uGOAL.1.1.0
2025-04-09 13:40:22,381 [WARN] PackLoader:240 - Cannot read IP mode file for STMicroelectronics.X-CUBE-AZRTOS-H7RS.1.0.0
2025-04-09 13:40:22,403 [WARN] PackLoader:240 - Cannot read IP mode file for STMicroelectronics.FP-ATR-ASTRA1.2.0.0
2025-04-09 13:40:22,434 [WARN] PackLoader:240 - Cannot read IP mode file for STMicroelectronics.X-CUBE-TOF1.3.4.2
2025-04-09 13:40:22,476 [WARN] PackLoader:240 - Cannot read IP mode file for STMicroelectronics.X-CUBE-TOF1.3.4.1
2025-04-09 13:40:22,523 [WARN] PackLoader:240 - Cannot read IP mode file for STMicroelectronics.X-CUBE-AZRTOS-H7.3.2.0
2025-04-09 13:40:22,560 [WARN] PackLoader:240 - Cannot read IP mode file for Infineon.AIROC-Wi-Fi-Bluetooth-STM32.1.6.0
2025-04-09 13:40:22,583 [WARN] PackLoader:240 - Cannot read IP mode file for wolfSSL.I-CUBE-wolfSSH.1.4.17
2025-04-09 13:40:22,585 [INFO] ThirdParty:978 - Integrity check success = true
2025-04-09 13:40:22,585 [INFO] IntegrityCheckThread:100 - exiting critical section [integrity check]
2025-04-09 13:40:22,585 [INFO] IntegrityCheckThread:103 - End integrity checks thread
2025-04-09 13:40:23,813 [INFO] WebApp:161 - Instantiating new browser for Auth
2025-04-09 13:40:24,763 [INFO] WebApp:779 - Register for checkConnection events
2025-04-09 13:40:24,763 [INFO] WebApp:414 - Apply proxy settings
2025-04-09 13:40:24,763 [INFO] WebApp:499 - Chromium requires no authentication
2025-04-09 13:40:24,779 [INFO] WebApp:442 - Direct internet connection detected
2025-04-09 13:40:25,110 [INFO] WebApp:192 - Starting web application
2025-04-09 13:40:25,111 [INFO] WebApp:544 - Web application path used C:\ST\STM32CubeIDE_1.15.1\STM32CubeIDE\plugins\com.st.stm32cube.common.mx_6.11.1.202404110753\db\plugins\mcufinder\reactClient1\index.html
