2025-05-05 01:01:10,497 [ERROR] LogOutputStream:75 - [STDERR_REDIRECT] 
2025-05-05 21:51:12,103 [INFO] Activator:176 - 


2025-05-05 21:51:12,107 [INFO] Activator:177 - !SESSION log4j initialized
2025-05-05 21:51:20,864 [INFO] LogOutputStream:77 - [STDOUT_REDIRECT] 
2025-05-05 21:51:28,449 [INFO] ApplicationProperties:184 - Using Application install path: C:\ST\STM32CubeIDE_1.15.1\STM32CubeIDE\plugins\com.st.stm32cube.common.mx_6.11.1.202404110753
2025-05-05 21:51:28,477 [INFO] DbMcusXml:78 - Set database path to: C:\ST\STM32CubeIDE_1.15.1\STM32CubeIDE\plugins\com.st.stm32cube.common.mx_6.11.1.202404110753\\db\/mcu/
2025-05-05 21:51:28,477 [INFO] ApiDb:274 - Set plugin database path to: C:\ST\STM32CubeIDE_1.15.1\STM32CubeIDE\plugins\com.st.stm32cube.common.mx_6.11.1.202404110753\\db\/plugins/boardmanager/
2025-05-05 21:51:28,479 [WARN] ApiDb:259 - Overriding images path with different value:  => C:\ST\STM32CubeIDE_1.15.1\STM32CubeIDE\plugins\com.st.stm32cube.common.mx_6.11.1.202404110753\\db\/plugins/mcufinder/images/
2025-05-05 21:51:28,500 [INFO] ApiDb:250 - Set database path to: C:\Users\Luke\.stmcufinder\plugins\mcufinder//mcu/
2025-05-05 21:51:28,501 [INFO] DbMcusAds:125 - Set database path to: C:\Users\Luke\.stmcufinder\plugins\mcufinder//mcu/
2025-05-05 21:51:28,503 [INFO] CrossReferenceDbSqlite:203 - Set database path to: C:\Users\Luke\.stmcufinder\plugins\mcufinder//mcu/cs/
2025-05-05 21:51:28,633 [INFO] RulesReader:64 - Compatibility file has been processed (297 Rules)
2025-05-05 21:51:28,750 [INFO] DbMcusXml:78 - Set database path to: C:\ST\STM32CubeIDE_1.15.1\STM32CubeIDE\plugins\com.st.stm32cube.common.mx_6.11.1.202404110753\\db\/mcu/
2025-05-05 21:51:28,750 [INFO] ApiDb:274 - Set plugin database path to: C:\ST\STM32CubeIDE_1.15.1\STM32CubeIDE\plugins\com.st.stm32cube.common.mx_6.11.1.202404110753\\db\/plugins/boardmanager/
2025-05-05 21:51:28,750 [INFO] ApiDb:261 - Set plugin images path to: C:\ST\STM32CubeIDE_1.15.1\STM32CubeIDE\plugins\com.st.stm32cube.common.mx_6.11.1.202404110753\\db\/plugins/mcufinder/images/
2025-05-05 21:51:28,751 [WARN] DbFile:41 - Overriding database path with different value: C:\Users\Luke\.stmcufinder\plugins\mcufinder/ => C:\Users\Luke\.stmcufinder\plugins\mcufinder
2025-05-05 21:51:28,751 [INFO] ApiDb:250 - Set database path to: C:\Users\Luke\.stmcufinder\plugins\mcufinder//mcu/
2025-05-05 21:51:28,751 [WARN] DbFile:41 - Overriding database path with different value: C:\Users\Luke\.stmcufinder\plugins\mcufinder/ => C:\Users\Luke\.stmcufinder\plugins\mcufinder
2025-05-05 21:51:28,751 [INFO] DbMcusAds:125 - Set database path to: C:\Users\Luke\.stmcufinder\plugins\mcufinder//mcu/
2025-05-05 21:51:28,751 [WARN] DbFile:41 - Overriding database path with different value: C:\Users\Luke\.stmcufinder\plugins\mcufinder/ => C:\Users\Luke\.stmcufinder\plugins\mcufinder
2025-05-05 21:51:28,751 [WARN] DbFile:41 - Overriding database path with different value: C:\Users\Luke\.stmcufinder\plugins\mcufinder/ => C:\Users\Luke\.stmcufinder\plugins\mcufinder
2025-05-05 21:51:28,751 [INFO] CrossReferenceDbSqlite:203 - Set database path to: C:\Users\Luke\.stmcufinder\plugins\mcufinder//mcu/cs/
2025-05-05 21:51:28,863 [INFO] MainPanel:264 - HeapMemory: 268435456
2025-05-05 21:51:29,008 [INFO] DbMcusXml:78 - Set database path to: C:\ST\STM32CubeIDE_1.15.1\STM32CubeIDE\plugins\com.st.stm32cube.common.mx_6.11.1.202404110753\\db\/mcu/
2025-05-05 21:51:29,008 [INFO] ApiDb:274 - Set plugin database path to: C:\ST\STM32CubeIDE_1.15.1\STM32CubeIDE\plugins\com.st.stm32cube.common.mx_6.11.1.202404110753\\db\/plugins/boardmanager/
2025-05-05 21:51:29,008 [INFO] ApiDb:261 - Set plugin images path to: C:\ST\STM32CubeIDE_1.15.1\STM32CubeIDE\plugins\com.st.stm32cube.common.mx_6.11.1.202404110753\\db\/plugins/mcufinder/images/
2025-05-05 21:51:29,008 [WARN] DbFile:41 - Overriding database path with different value: C:\Users\Luke\.stmcufinder\plugins\mcufinder/ => C:\Users\Luke\.stmcufinder\plugins\mcufinder
2025-05-05 21:51:29,010 [INFO] ApiDb:250 - Set database path to: C:\Users\Luke\.stmcufinder\plugins\mcufinder//mcu/
2025-05-05 21:51:29,010 [WARN] DbFile:41 - Overriding database path with different value: C:\Users\Luke\.stmcufinder\plugins\mcufinder/ => C:\Users\Luke\.stmcufinder\plugins\mcufinder
2025-05-05 21:51:29,010 [INFO] DbMcusAds:125 - Set database path to: C:\Users\Luke\.stmcufinder\plugins\mcufinder//mcu/
2025-05-05 21:51:29,010 [WARN] DbFile:41 - Overriding database path with different value: C:\Users\Luke\.stmcufinder\plugins\mcufinder/ => C:\Users\Luke\.stmcufinder\plugins\mcufinder
2025-05-05 21:51:29,010 [WARN] DbFile:41 - Overriding database path with different value: C:\Users\Luke\.stmcufinder\plugins\mcufinder/ => C:\Users\Luke\.stmcufinder\plugins\mcufinder
2025-05-05 21:51:29,011 [INFO] CrossReferenceDbSqlite:203 - Set database path to: C:\Users\Luke\.stmcufinder\plugins\mcufinder//mcu/cs/
2025-05-05 21:51:29,036 [INFO] ApplicationProperties:184 - Using Application install path: C:\ST\STM32CubeIDE_1.15.1\STM32CubeIDE\plugins\com.st.stm32cube.common.mx_6.11.1.202404110753
2025-05-05 21:51:29,039 [INFO] PluginManage:196 - Search for loadable plugins [exclusion list=, ]
2025-05-05 21:51:29,042 [INFO] PluginManage:310 - Check plugin analytics
2025-05-05 21:51:29,296 [INFO] AnalyticsPlugin:253 - Accepted Software Licenses: STM32CubeMX.6.11.1
2025-05-05 21:51:29,297 [INFO] AnalyticsPlugin:255 - Accepted CMSIS Pack Licenses: 
2025-05-05 21:51:29,298 [INFO] AnalyticsPlugin:257 - Accepted Firmware Licenses: 
2025-05-05 21:51:29,302 [INFO] PluginManage:359 - Loaded plugin analytics (category:tool,tabindex:-1)
2025-05-05 21:51:29,303 [INFO] PluginManage:310 - Check plugin cadmodel
2025-05-05 21:51:29,338 [INFO] CADModel:105 - Init CAD model plugin
2025-05-05 21:51:29,338 [INFO] PluginManage:359 - Loaded plugin cadmodel (category:power,tabindex:5)
2025-05-05 21:51:29,338 [INFO] PluginManage:310 - Check plugin clock
2025-05-05 21:51:29,376 [INFO] PluginManage:359 - Loaded plugin clock (category:base,tabindex:2)
2025-05-05 21:51:29,376 [INFO] PluginManage:310 - Check plugin ddr
2025-05-05 21:51:29,379 [INFO] PluginManage:359 - Loaded plugin ddr (category:tool,tabindex:6)
2025-05-05 21:51:29,380 [INFO] PluginManage:310 - Check plugin filemanager
2025-05-05 21:51:29,616 [INFO] PluginManage:359 - Loaded plugin filemanager (category:base,tabindex:10)
2025-05-05 21:51:29,617 [INFO] PluginManage:310 - Check plugin ipmanager
2025-05-05 21:51:29,631 [INFO] PluginManage:359 - Loaded plugin ipmanager (category:base,tabindex:5)
2025-05-05 21:51:29,632 [INFO] PluginManage:310 - Check plugin lpbam
2025-05-05 21:51:29,669 [INFO] PluginManage:359 - Loaded plugin lpbam (category:base,tabindex:0)
2025-05-05 21:51:29,669 [INFO] PluginManage:310 - Check plugin memorymap
2025-05-05 21:51:29,717 [INFO] PluginManage:359 - Loaded plugin memorymap (category:base,tabindex:4)
2025-05-05 21:51:29,717 [INFO] PluginManage:310 - Check plugin pinoutandconfiguration
2025-05-05 21:51:29,750 [INFO] PluginManage:359 - Loaded plugin pinoutandconfiguration (category:base,tabindex:1)
2025-05-05 21:51:29,750 [INFO] PluginManage:310 - Check plugin pinoutconfig
2025-05-05 21:51:29,900 [WARN] SupportedApi:132 - Cannot load RTOS API schema: s4s-elt-must-match.1: The content of 'definitions' must match (annotation?, (simpleType | complexType)?, (unique | key | keyref)*)). A problem was found starting at: attribute.
2025-05-05 21:51:30,122 [INFO] PluginManage:359 - Loaded plugin pinoutconfig (category:base,tabindex:0)
2025-05-05 21:51:30,123 [INFO] PluginManage:310 - Check plugin power
2025-05-05 21:51:30,161 [INFO] PluginManage:359 - Loaded plugin power (category:power,tabindex:4)
2025-05-05 21:51:30,161 [INFO] PluginManage:310 - Check plugin projectmanager
2025-05-05 21:51:30,184 [INFO] PluginManage:359 - Loaded plugin projectmanager (category:projectmanager,tabindex:3)
2025-05-05 21:51:30,185 [INFO] PluginManage:310 - Check plugin thirdparty
2025-05-05 21:51:30,620 [INFO] PluginManage:359 - Loaded plugin thirdparty (category:base,tabindex:-1)
2025-05-05 21:51:30,620 [WARN] IntegrityCheckThread:84 - waiting for thirdparty lock release [integrity check]
2025-05-05 21:51:30,620 [INFO] PluginManage:310 - Check plugin tools
2025-05-05 21:51:30,621 [INFO] IntegrityCheckThread:86 - entering critical section [integrity check]
2025-05-05 21:51:30,621 [INFO] ThirdPartyUpdaterWithRetryManager:70 - Updater plugin not ready yet. [1/15]
2025-05-05 21:51:30,684 [INFO] PluginManage:359 - Loaded plugin tools (category:base,tabindex:7)
2025-05-05 21:51:30,684 [INFO] PluginManage:310 - Check plugin tutovideos
2025-05-05 21:51:30,945 [INFO] PluginManage:359 - Loaded plugin tutovideos (category:base,tabindex:-1)
2025-05-05 21:51:30,945 [INFO] PluginManage:310 - Check plugin updater
2025-05-05 21:51:30,959 [INFO] PluginManage:359 - Loaded plugin updater (category:base,tabindex:12)
2025-05-05 21:51:30,959 [INFO] PluginManage:310 - Check plugin userauth
2025-05-05 21:51:30,966 [INFO] UserAuth:114 - Init User Auth plugin
2025-05-05 21:51:30,966 [INFO] PluginManage:359 - Loaded plugin userauth (category:base,tabindex:14)
2025-05-05 21:51:30,967 [INFO] PluginManage:283 - PluginManage : Loaded plugins [17]
2025-05-05 21:51:31,250 [INFO] PinOutPanel:1561 - setPackage(No Configuration,No Configuration)
2025-05-05 21:51:31,356 [INFO] CADModel:165 - CPN selected for project level
2025-05-05 21:51:31,356 [INFO] CADModel:114 - Register for checkConnection events
2025-05-05 21:51:31,397 [INFO] IPUIPlugin:80 - create IPUIPlugin
2025-05-05 21:51:31,397 [INFO] PluginManager:220 - loadIPPluginJar : add adc
2025-05-05 21:51:31,457 [INFO] IPUIPlugin:80 - create IPUIPlugin
2025-05-05 21:51:31,457 [INFO] PluginManager:220 - loadIPPluginJar : add aes
2025-05-05 21:51:31,529 [INFO] IPUIPlugin:80 - create IPUIPlugin
2025-05-05 21:51:31,529 [INFO] PluginManager:220 - loadIPPluginJar : add can
2025-05-05 21:51:31,569 [INFO] IPUIPlugin:80 - create IPUIPlugin
2025-05-05 21:51:31,569 [INFO] PluginManager:220 - loadIPPluginJar : add comp
2025-05-05 21:51:31,624 [INFO] IPUIPlugin:80 - create IPUIPlugin
2025-05-05 21:51:31,624 [INFO] PluginManager:220 - loadIPPluginJar : add cryp
2025-05-05 21:51:31,692 [INFO] IPUIPlugin:80 - create IPUIPlugin
2025-05-05 21:51:31,692 [INFO] PluginManager:220 - loadIPPluginJar : add dfsdm
2025-05-05 21:51:31,718 [INFO] IPUIPlugin:80 - create IPUIPlugin
2025-05-05 21:51:31,718 [INFO] PluginManager:220 - loadIPPluginJar : add dma
2025-05-05 21:51:31,797 [INFO] IPUIPlugin:80 - create IPUIPlugin
2025-05-05 21:51:31,797 [INFO] PluginManager:220 - loadIPPluginJar : add dma3
2025-05-05 21:51:31,874 [INFO] IPUIPlugin:80 - create IPUIPlugin
2025-05-05 21:51:31,874 [INFO] PluginManager:220 - loadIPPluginJar : add extmemmanager
2025-05-05 21:51:31,914 [INFO] IPUIPlugin:80 - create IPUIPlugin
2025-05-05 21:51:31,915 [INFO] PluginManager:220 - loadIPPluginJar : add fatfs
2025-05-05 21:51:31,996 [INFO] IPUIPlugin:80 - create IPUIPlugin
2025-05-05 21:51:31,996 [INFO] PluginManager:220 - loadIPPluginJar : add fmc
2025-05-05 21:51:32,020 [INFO] IPUIPlugin:80 - create IPUIPlugin
2025-05-05 21:51:32,021 [INFO] PluginManager:220 - loadIPPluginJar : add freertos
2025-05-05 21:51:32,055 [INFO] IPUIPlugin:80 - create IPUIPlugin
2025-05-05 21:51:32,056 [INFO] PluginManager:220 - loadIPPluginJar : add genericplugin
2025-05-05 21:51:32,241 [INFO] IPUIPlugin:80 - create IPUIPlugin
2025-05-05 21:51:32,242 [INFO] PluginManager:220 - loadIPPluginJar : add gfxmmu
2025-05-05 21:51:32,508 [INFO] IPUIPlugin:80 - create IPUIPlugin
2025-05-05 21:51:32,508 [INFO] PluginManager:220 - loadIPPluginJar : add gic
2025-05-05 21:51:32,529 [INFO] IPUIPlugin:80 - create IPUIPlugin
2025-05-05 21:51:32,529 [INFO] PluginManager:220 - loadIPPluginJar : add gpio
2025-05-05 21:51:32,681 [INFO] IPUIPlugin:80 - create IPUIPlugin
2025-05-05 21:51:32,681 [INFO] PluginManager:220 - loadIPPluginJar : add gtzc
2025-05-05 21:51:32,735 [INFO] IPUIPlugin:80 - create IPUIPlugin
2025-05-05 21:51:32,736 [INFO] PluginManager:220 - loadIPPluginJar : add hash
2025-05-05 21:51:32,817 [INFO] IPUIPlugin:80 - create IPUIPlugin
2025-05-05 21:51:32,818 [INFO] PluginManager:220 - loadIPPluginJar : add i2c
2025-05-05 21:51:32,878 [INFO] IPUIPlugin:80 - create IPUIPlugin
2025-05-05 21:51:32,878 [INFO] PluginManager:220 - loadIPPluginJar : add i2s
2025-05-05 21:51:32,941 [INFO] IPUIPlugin:80 - create IPUIPlugin
2025-05-05 21:51:32,941 [INFO] PluginManager:220 - loadIPPluginJar : add i3c
2025-05-05 21:51:33,086 [INFO] IPUIPlugin:80 - create IPUIPlugin
2025-05-05 21:51:33,086 [INFO] PluginManager:220 - loadIPPluginJar : add ipddr
2025-05-05 21:51:33,225 [INFO] IPUIPlugin:80 - create IPUIPlugin
2025-05-05 21:51:33,225 [INFO] PluginManager:220 - loadIPPluginJar : add linkedlist
2025-05-05 21:51:33,289 [INFO] IPUIPlugin:80 - create IPUIPlugin
2025-05-05 21:51:33,289 [INFO] PluginManager:220 - loadIPPluginJar : add lorawan
2025-05-05 21:51:33,351 [INFO] IPUIPlugin:80 - create IPUIPlugin
2025-05-05 21:51:33,351 [INFO] PluginManager:220 - loadIPPluginJar : add ltdc
2025-05-05 21:51:33,374 [INFO] IPUIPlugin:80 - create IPUIPlugin
2025-05-05 21:51:33,374 [INFO] PluginManager:220 - loadIPPluginJar : add mdma
2025-05-05 21:51:33,395 [INFO] IPUIPlugin:80 - create IPUIPlugin
2025-05-05 21:51:33,395 [INFO] PluginManager:220 - loadIPPluginJar : add nvic
2025-05-05 21:51:33,457 [INFO] IPUIPlugin:80 - create IPUIPlugin
2025-05-05 21:51:33,457 [INFO] PluginManager:220 - loadIPPluginJar : add opamp
2025-05-05 21:51:33,555 [INFO] IPUIPlugin:80 - create IPUIPlugin
2025-05-05 21:51:33,555 [INFO] PluginManager:220 - loadIPPluginJar : add openamp
2025-05-05 21:51:33,623 [INFO] ThirdPartyUpdaterWithRetryManager:70 - Updater plugin not ready yet. [2/15]
2025-05-05 21:51:33,626 [INFO] IPUIPlugin:80 - create IPUIPlugin
2025-05-05 21:51:33,626 [INFO] PluginManager:220 - loadIPPluginJar : add pdm2pcm
2025-05-05 21:51:33,647 [INFO] IPUIPlugin:80 - create IPUIPlugin
2025-05-05 21:51:33,649 [INFO] PluginManager:220 - loadIPPluginJar : add plateformsettings
2025-05-05 21:51:33,688 [INFO] IPUIPlugin:80 - create IPUIPlugin
2025-05-05 21:51:33,688 [INFO] PluginManager:220 - loadIPPluginJar : add quadspi
2025-05-05 21:51:33,710 [INFO] IPUIPlugin:80 - create IPUIPlugin
2025-05-05 21:51:33,710 [INFO] PluginManager:220 - loadIPPluginJar : add resmgrutility
2025-05-05 21:51:33,786 [INFO] IPUIPlugin:80 - create IPUIPlugin
2025-05-05 21:51:33,786 [INFO] PluginManager:220 - loadIPPluginJar : add sai
2025-05-05 21:51:33,846 [INFO] IPUIPlugin:80 - create IPUIPlugin
2025-05-05 21:51:33,846 [INFO] PluginManager:220 - loadIPPluginJar : add spi
2025-05-05 21:51:33,945 [INFO] IPUIPlugin:80 - create IPUIPlugin
2025-05-05 21:51:33,945 [INFO] PluginManager:220 - loadIPPluginJar : add stm32_wpan
2025-05-05 21:51:33,987 [INFO] IPUIPlugin:80 - create IPUIPlugin
2025-05-05 21:51:33,987 [INFO] PluginManager:220 - loadIPPluginJar : add tim
2025-05-05 21:51:34,077 [INFO] IPUIPlugin:80 - create IPUIPlugin
2025-05-05 21:51:34,077 [INFO] PluginManager:220 - loadIPPluginJar : add touchsensing
2025-05-05 21:51:34,112 [INFO] IPUIPlugin:80 - create IPUIPlugin
2025-05-05 21:51:34,112 [INFO] PluginManager:220 - loadIPPluginJar : add tracer_emb
2025-05-05 21:51:34,150 [INFO] IPUIPlugin:80 - create IPUIPlugin
2025-05-05 21:51:34,150 [INFO] PluginManager:220 - loadIPPluginJar : add ts
2025-05-05 21:51:34,183 [INFO] IPUIPlugin:80 - create IPUIPlugin
2025-05-05 21:51:34,183 [INFO] PluginManager:220 - loadIPPluginJar : add tsc
2025-05-05 21:51:34,218 [INFO] IPUIPlugin:80 - create IPUIPlugin
2025-05-05 21:51:34,218 [INFO] PluginManager:220 - loadIPPluginJar : add ucpd
2025-05-05 21:51:34,283 [INFO] IPUIPlugin:80 - create IPUIPlugin
2025-05-05 21:51:34,283 [INFO] PluginManager:220 - loadIPPluginJar : add usart
2025-05-05 21:51:34,349 [INFO] IPUIPlugin:80 - create IPUIPlugin
2025-05-05 21:51:34,349 [INFO] PluginManager:220 - loadIPPluginJar : add usbx
2025-05-05 21:51:34,488 [INFO] CADModel:165 - CPN selected for project level
2025-05-05 21:51:34,488 [INFO] CADModel:114 - Register for checkConnection events
2025-05-05 21:51:34,488 [FATAL] Updater:308 - Updater called before beeing initialized
2025-05-05 21:51:34,488 [ERROR] CADModel:125 - Updater not yet initialized, retry later 
2025-05-05 21:51:34,648 [INFO] CADModel:165 - CPN selected for project level
2025-05-05 21:51:34,649 [INFO] CADModel:114 - Register for checkConnection events
2025-05-05 21:51:34,649 [FATAL] Updater:308 - Updater called before beeing initialized
2025-05-05 21:51:34,649 [ERROR] CADModel:125 - Updater not yet initialized, retry later 
2025-05-05 21:51:34,653 [FATAL] Updater:308 - Updater called before beeing initialized
2025-05-05 21:51:34,793 [FATAL] Updater:308 - Updater called before beeing initialized
2025-05-05 21:51:34,807 [INFO] DbMcusAds:53 - JSON generation date=Thu Mar 06 23:54:22 KST 2025 (1741272862078)
2025-05-05 21:51:34,807 [FATAL] Updater:308 - Updater called before beeing initialized
2025-05-05 21:51:34,916 [WARN] DetailPanel:346 - Failed to get advertising image, set to default
2025-05-05 21:51:35,041 [FATAL] Updater:308 - Updater called before beeing initialized
2025-05-05 21:51:35,044 [FATAL] Updater:308 - Updater called before beeing initialized
2025-05-05 21:51:35,044 [FATAL] Updater:308 - Updater called before beeing initialized
2025-05-05 21:51:35,044 [WARN] DetailPanel:346 - Failed to get advertising image, set to default
2025-05-05 21:51:35,045 [FATAL] Updater:308 - Updater called before beeing initialized
2025-05-05 21:51:35,171 [ERROR] Updater:1120 - MainUpdater not yet initialized. External WinMGr cannot be set.
2025-05-05 21:51:35,187 [INFO] Updater:1056 - Updater Version found : 6.11.1
2025-05-05 21:51:35,208 [INFO] ApplicationProperties:184 - Using Application install path: C:\ST\STM32CubeIDE_1.15.1\STM32CubeIDE\plugins\com.st.stm32cube.common.mx_6.11.1.202404110753
2025-05-05 21:51:36,623 [INFO] ThirdPartyUpdaterWithRetryManager:70 - Updater plugin not ready yet. [3/15]
2025-05-05 21:51:36,803 [ERROR] LogOutputStream:75 - [STDERR_REDIRECT] May 05, 2025 9:51:36 PM java.util.prefs.WindowsPreferences <init>
2025-05-05 21:51:36,807 [ERROR] LogOutputStream:75 - [STDERR_REDIRECT] WARNING: Could not open/create prefs root node Software\JavaSoft\Prefs at root 0xffffffff80000002. Windows RegCreateKeyEx(...) returned error code 5.
2025-05-05 21:51:36,808 [ERROR] LogOutputStream:75 - [STDERR_REDIRECT] 
2025-05-05 21:51:37,578 [INFO] MainUpdater:2873 - connection check result : 10
2025-05-05 21:51:37,579 [INFO] MainUpdater:3567 - Updater definition file requires update
2025-05-05 21:51:37,581 [INFO] MainUpdater:290 - Updater Check For Update Now.
2025-05-05 21:51:37,581 [INFO] MicroXplorer:498 - Change Database Version : DB.6.0.111
2025-05-05 21:51:37,608 [INFO] McuFinderGlobals:63 - Set McuFinder mode to 2 (CubeIDE integrated)
2025-05-05 21:51:37,621 [INFO] UserAuth:415 - Internet connection configuration mode: 1
2025-05-05 21:51:37,647 [INFO] JxBrowserEngine:152 - Initiate JxBrowser Engine with user profile folder
2025-05-05 21:51:38,021 [INFO] ServerAccessManage:473 - Download File updaters.zip
2025-05-05 21:51:38,534 [INFO] FileExtend:240 - Unzip File : updaters.zip
2025-05-05 21:51:38,534 [INFO] FileExtend:255 - Standard Zip Deflate
2025-05-05 21:51:39,627 [WARN] MainUpdater:1194 - Updater busy. Cannot search thirdparties
2025-05-05 21:51:39,627 [INFO] ThirdPartyUpdaterWithRetryManager:96 - Updater plugin is busy. [1/15]
2025-05-05 21:51:41,655 [INFO] ServerAccessManage:473 - Download File PacksControlFlags.xml
2025-05-05 21:51:42,036 [INFO] ServerAccessManage:473 - Download File cubemx.pidx
2025-05-05 21:51:42,629 [WARN] MainUpdater:1194 - Updater busy. Cannot search thirdparties
2025-05-05 21:51:42,629 [INFO] ThirdPartyUpdaterWithRetryManager:96 - Updater plugin is busy. [2/15]
2025-05-05 21:51:44,352 [INFO] ServerAccessManage:473 - Download File STMicroelectronics.X-CUBE-NFC7.pdsc
2025-05-05 21:51:45,633 [WARN] MainUpdater:1194 - Updater busy. Cannot search thirdparties
2025-05-05 21:51:45,633 [INFO] ThirdPartyUpdaterWithRetryManager:96 - Updater plugin is busy. [3/15]
2025-05-05 21:51:47,320 [WARN] PackLoader:240 - Cannot read IP mode file for STMicroelectronics.X-CUBE-NFC7.2.0.0
2025-05-05 21:51:47,326 [INFO] PopulateThirdPartyThread:66 - Ending populate Thread
2025-05-05 21:51:47,328 [INFO] ThirdParty:1030 - CMSIS Pack Vendor :STMicroelectronics X-CUBE-NFC7 2.0.0
2025-05-05 21:51:47,329 [INFO] LoadServerUpdatesThread:375 - End of LoadServerUpdate Thread
2025-05-05 21:51:47,390 [INFO] CheckServerUpdateThread:120 - End of CheckServer Thread
2025-05-05 21:51:48,261 [INFO] WebApp:161 - Instantiating new browser for Auth
2025-05-05 21:51:49,683 [INFO] WebApp:779 - Register for checkConnection events
2025-05-05 21:51:49,684 [INFO] WebApp:414 - Apply proxy settings
2025-05-05 21:51:49,684 [INFO] WebApp:499 - Chromium requires no authentication
2025-05-05 21:51:49,697 [INFO] WebApp:442 - Direct internet connection detected
2025-05-05 21:51:49,831 [WARN] PackLoader:240 - Cannot read IP mode file for STMicroelectronics.FP-SNS-MOTENVWB1.1.4.0
2025-05-05 21:51:49,846 [WARN] PackLoader:240 - Cannot read IP mode file for STMicroelectronics.FP-ATR-ASTRA1.2.0.2
2025-05-05 21:51:49,876 [WARN] PackLoader:240 - Cannot read IP mode file for STMicroelectronics.FP-ATR-ASTRA1.2.0.1
2025-05-05 21:51:49,905 [WARN] PackLoader:240 - Cannot read IP mode file for STMicroelectronics.X-CUBE-SMBUS.2.1.0
2025-05-05 21:51:49,936 [WARN] PackLoader:240 - Cannot read IP mode file for STMicroelectronics.X-CUBE-WB05N.1.1.0
2025-05-05 21:51:50,015 [WARN] PackLoader:240 - Cannot read IP mode file for STMicroelectronics.X-CUBE-AZRTOS-F7.1.1.0
2025-05-05 21:51:50,035 [INFO] WebApp:192 - Starting web application
2025-05-05 21:51:50,035 [INFO] WebApp:544 - Web application path used C:\ST\STM32CubeIDE_1.15.1\STM32CubeIDE\plugins\com.st.stm32cube.common.mx_6.11.1.202404110753\db\plugins\mcufinder\reactClient1\index.html
2025-05-05 21:51:50,058 [WARN] PackLoader:240 - Cannot read IP mode file for STMicroelectronics.FP-SNS-FLIGHT1.5.0.2
2025-05-05 21:51:50,097 [WARN] PackLoader:240 - Cannot read IP mode file for STMicroelectronics.X-CUBE-DISPLAY.3.0.0
2025-05-05 21:51:50,147 [WARN] PackLoader:240 - Cannot read IP mode file for STMicroelectronics.X-CUBE-BLE1.7.0.0
2025-05-05 21:51:50,195 [WARN] PackLoader:240 - Cannot read IP mode file for STMicroelectronics.X-CUBE-NFC10.1.0.0
2025-05-05 21:51:50,250 [WARN] PackLoader:240 - Cannot read IP mode file for STMicroelectronics.X-CUBE-BLEMGR.4.0.0
2025-05-05 21:51:50,299 [WARN] PackLoader:240 - Cannot read IP mode file for emotas.I-CUBE-CANOPEN.1.3.0
2025-05-05 21:51:50,335 [WARN] PackLoader:240 - Cannot read IP mode file for STMicroelectronics.X-CUBE-BLEMGR.3.1.0
2025-05-05 21:51:50,373 [WARN] PackLoader:240 - Cannot read IP mode file for STMicroelectronics.X-CUBE-AI.10.0.0
2025-05-05 21:51:50,409 [WARN] PackLoader:240 - Cannot read IP mode file for STMicroelectronics.FP-SNS-SMARTAG2.1.2.0
2025-05-05 21:51:50,418 [ERROR] Engine:466 - C:\Users\Luke\.stm32cubemx\thirdparties\pdsc\STMicroelectronics.FP-SNS-FLIGHT1.5.1.0.pdsc: PDSC version is not supported
2025-05-05 21:51:50,613 [WARN] PackLoader:240 - Cannot read IP mode file for STMicroelectronics.X-CUBE-MEMS1.11.1.0
2025-05-05 21:51:51,081 [INFO] LogOutputStream:77 - [STDOUT_REDIRECT] 1 : Invalid condition id : UX_CORESTACK_Condition cause : null
2025-05-05 21:51:51,082 [INFO] LogOutputStream:77 - [STDOUT_REDIRECT] 1 : Invalid condition id : UX_CORESTACK_Condition cause : null
2025-05-05 21:51:51,086 [INFO] LogOutputStream:77 - [STDOUT_REDIRECT] 1 : Invalid condition id : UX_CORESTACK_Condition cause : null
2025-05-05 21:51:51,093 [INFO] LogOutputStream:77 - [STDOUT_REDIRECT] 1 : Invalid condition id : UX_CORESTACK_Condition cause : null
2025-05-05 21:51:51,096 [INFO] LogOutputStream:77 - [STDOUT_REDIRECT] 1 : Invalid condition id : UX_CORESTACK_Condition cause : null
2025-05-05 21:51:51,104 [WARN] PackLoader:240 - Cannot read IP mode file for STMicroelectronics.X-CUBE-AZRTOS-WL.2.0.0
2025-05-05 21:51:51,149 [WARN] PackLoader:240 - Cannot read IP mode file for STMicroelectronics.FP-SNS-MOTENV1.5.0.0
2025-05-05 21:51:51,166 [WARN] PackLoader:240 - Cannot read IP mode file for wolfSSL.I-CUBE-wolfMQTT.1.19.0
2025-05-05 21:51:51,211 [WARN] PackLoader:240 - Cannot read IP mode file for WES.I-CUBE-Cesium.1.3.0
2025-05-05 21:51:51,251 [WARN] PackLoader:240 - Cannot read IP mode file for STMicroelectronics.X-CUBE-BLE2.3.3.0
2025-05-05 21:51:51,291 [WARN] PackLoader:240 - Cannot read IP mode file for STMicroelectronics.X-CUBE-NFC9.1.0.0
2025-05-05 21:51:51,331 [WARN] PackLoader:240 - Cannot read IP mode file for STMicroelectronics.X-CUBE-BLE1.7.1.0
2025-05-05 21:51:51,371 [WARN] PackLoader:240 - Cannot read IP mode file for STMicroelectronics.X-CUBE-TCPP.4.1.0
2025-05-05 21:51:51,550 [WARN] PackLoader:240 - Cannot read IP mode file for STMicroelectronics.X-CUBE-MEMS1.11.2.0
2025-05-05 21:51:51,926 [WARN] PackLoader:240 - Cannot read IP mode file for STMicroelectronics.X-CUBE-AZRTOS-G0.1.1.0
2025-05-05 21:51:51,968 [WARN] PackLoader:240 - Cannot read IP mode file for STMicroelectronics.X-CUBE-SAFEA1.1.2.2
2025-05-05 21:51:52,010 [WARN] PackLoader:240 - Cannot read IP mode file for STMicroelectronics.X-CUBE-NFC4.3.0.0
2025-05-05 21:51:52,056 [WARN] PackLoader:240 - Cannot read IP mode file for EmbeddedOffice.I-CUBE-FS-RTOS.1.0.1
2025-05-05 21:51:52,057 [ERROR] ConditionMgr:805 - Attr not supported : Dmpu
2025-05-05 21:51:52,057 [ERROR] ConditionMgr:805 - Attr not supported : Dmpu
2025-05-05 21:51:52,057 [ERROR] ConditionMgr:805 - Attr not supported : Dmpu
2025-05-05 21:51:52,057 [ERROR] ConditionMgr:805 - Attr not supported : Dmpu
2025-05-05 21:51:52,057 [ERROR] ConditionMgr:805 - Attr not supported : Dmpu
2025-05-05 21:51:52,058 [ERROR] ConditionMgr:805 - Attr not supported : Dmpu
2025-05-05 21:51:52,058 [ERROR] ConditionMgr:805 - Attr not supported : Dmpu
2025-05-05 21:51:52,058 [ERROR] ConditionMgr:805 - Attr not supported : Dmpu
2025-05-05 21:51:52,058 [ERROR] ConditionMgr:805 - Attr not supported : Dmpu
2025-05-05 21:51:52,058 [ERROR] ConditionMgr:805 - Attr not supported : Dmpu
2025-05-05 21:51:52,059 [ERROR] ConditionMgr:805 - Attr not supported : Dmpu
2025-05-05 21:51:52,059 [ERROR] ConditionMgr:805 - Attr not supported : Dmpu
2025-05-05 21:51:52,059 [ERROR] ConditionMgr:805 - Attr not supported : Dmpu
2025-05-05 21:51:52,059 [ERROR] ConditionMgr:805 - Attr not supported : Dmpu
2025-05-05 21:51:52,059 [ERROR] ConditionMgr:805 - Attr not supported : Dmpu
2025-05-05 21:51:52,060 [ERROR] ConditionMgr:805 - Attr not supported : Dmpu
2025-05-05 21:51:52,060 [ERROR] ConditionMgr:805 - Attr not supported : Dmpu
2025-05-05 21:51:52,060 [ERROR] ConditionMgr:805 - Attr not supported : Dmpu
2025-05-05 21:51:52,060 [ERROR] ConditionMgr:805 - Attr not supported : Dmpu
2025-05-05 21:51:52,060 [ERROR] ConditionMgr:805 - Attr not supported : Dmpu
2025-05-05 21:51:52,060 [ERROR] ConditionMgr:805 - Attr not supported : Dmpu
2025-05-05 21:51:52,061 [ERROR] ConditionMgr:805 - Attr not supported : Dmpu
2025-05-05 21:51:52,061 [ERROR] ConditionMgr:805 - Attr not supported : Dmpu
2025-05-05 21:51:52,061 [ERROR] ConditionMgr:805 - Attr not supported : Dmpu
2025-05-05 21:51:52,061 [ERROR] ConditionMgr:805 - Attr not supported : Dmpu
2025-05-05 21:51:52,061 [ERROR] ConditionMgr:805 - Attr not supported : Dmpu
2025-05-05 21:51:52,061 [ERROR] ConditionMgr:805 - Attr not supported : Dmpu
2025-05-05 21:51:52,062 [ERROR] ConditionMgr:805 - Attr not supported : Dmpu
2025-05-05 21:51:52,062 [ERROR] ConditionMgr:805 - Attr not supported : Dmpu
2025-05-05 21:51:52,062 [ERROR] ConditionMgr:805 - Attr not supported : Dmpu
2025-05-05 21:51:52,062 [ERROR] ConditionMgr:805 - Attr not supported : Dmpu
2025-05-05 21:51:52,062 [ERROR] ConditionMgr:805 - Attr not supported : Dmpu
2025-05-05 21:51:52,063 [ERROR] ConditionMgr:805 - Attr not supported : Dmpu
2025-05-05 21:51:52,063 [ERROR] ConditionMgr:805 - Attr not supported : Dmpu
2025-05-05 21:51:52,063 [ERROR] ConditionMgr:805 - Attr not supported : Dmpu
2025-05-05 21:51:52,063 [ERROR] ConditionMgr:805 - Attr not supported : Dmpu
2025-05-05 21:51:52,063 [ERROR] ConditionMgr:805 - Attr not supported : Dmpu
2025-05-05 21:51:52,063 [ERROR] ConditionMgr:805 - Attr not supported : Dmpu
2025-05-05 21:51:52,064 [ERROR] ConditionMgr:805 - Attr not supported : Dmpu
2025-05-05 21:51:52,064 [ERROR] ConditionMgr:805 - Attr not supported : Dmpu
2025-05-05 21:51:52,064 [ERROR] ConditionMgr:805 - Attr not supported : Dmpu
2025-05-05 21:51:52,064 [ERROR] ConditionMgr:805 - Attr not supported : Dmpu
2025-05-05 21:51:52,064 [ERROR] ConditionMgr:805 - Attr not supported : Dmpu
2025-05-05 21:51:52,065 [ERROR] ConditionMgr:805 - Attr not supported : Dmpu
2025-05-05 21:51:52,065 [ERROR] ConditionMgr:805 - Attr not supported : Dmpu
2025-05-05 21:51:52,065 [ERROR] ConditionMgr:805 - Attr not supported : Dmpu
2025-05-05 21:51:52,065 [ERROR] ConditionMgr:805 - Attr not supported : Dmpu
2025-05-05 21:51:52,065 [ERROR] ConditionMgr:805 - Attr not supported : Dmpu
2025-05-05 21:51:52,065 [ERROR] ConditionMgr:805 - Attr not supported : Dmpu
2025-05-05 21:51:52,066 [ERROR] ConditionMgr:805 - Attr not supported : Dmpu
2025-05-05 21:51:52,066 [ERROR] ConditionMgr:805 - Attr not supported : Dmpu
2025-05-05 21:51:52,066 [ERROR] ConditionMgr:805 - Attr not supported : Dmpu
2025-05-05 21:51:52,066 [ERROR] ConditionMgr:805 - Attr not supported : Dmpu
2025-05-05 21:51:52,066 [ERROR] ConditionMgr:805 - Attr not supported : Dmpu
2025-05-05 21:51:52,066 [ERROR] ConditionMgr:805 - Attr not supported : Dmpu
2025-05-05 21:51:52,067 [ERROR] ConditionMgr:805 - Attr not supported : Dmpu
2025-05-05 21:51:52,067 [ERROR] ConditionMgr:805 - Attr not supported : Dmpu
2025-05-05 21:51:52,067 [ERROR] ConditionMgr:805 - Attr not supported : Dmpu
2025-05-05 21:51:52,067 [ERROR] ConditionMgr:805 - Attr not supported : Dmpu
2025-05-05 21:51:52,067 [ERROR] ConditionMgr:805 - Attr not supported : Dmpu
2025-05-05 21:51:52,068 [ERROR] ConditionMgr:805 - Attr not supported : Dmpu
2025-05-05 21:51:52,068 [ERROR] ConditionMgr:805 - Attr not supported : Dmpu
2025-05-05 21:51:52,068 [ERROR] ConditionMgr:805 - Attr not supported : Dmpu
2025-05-05 21:51:52,068 [ERROR] ConditionMgr:805 - Attr not supported : Dmpu
2025-05-05 21:51:52,104 [WARN] PackLoader:240 - Cannot read IP mode file for STMicroelectronics.X-CUBE-WB05N.2.0.0
2025-05-05 21:51:52,132 [ERROR] Engine:466 - C:\Users\Luke\.stm32cubemx\thirdparties\pdsc\STMicroelectronics.X-CUBE-TCPP.4.2.0.pdsc: PDSC version is not supported
2025-05-05 21:51:52,168 [WARN] PackLoader:240 - Cannot read IP mode file for RealThread.X-CUBE-RT-Thread_Nano.4.1.1
2025-05-05 21:51:52,209 [WARN] PackLoader:240 - Cannot read IP mode file for wolfSSL.I-CUBE-wolfSSL.5.7.0
2025-05-05 21:51:52,223 [WARN] PackLoader:240 - Cannot read IP mode file for STMicroelectronics.FP-ATR-SIGFOX1.3.2.0
2025-05-05 21:51:52,238 [WARN] ConditionMgr:438 - getConditionDescription Invalid condition id : Cortex-A Device cause : null
2025-05-05 21:51:52,311 [WARN] ConditionMgr:1039 - genDependencies : Invalid condition id : Cortex-A Device cause : null
2025-05-05 21:51:52,313 [WARN] ConditionMgr:1039 - genDependencies : Invalid condition id : Cortex-A Device cause : null
2025-05-05 21:51:52,313 [WARN] ConditionMgr:1039 - genDependencies : Invalid condition id : Cortex-A Device cause : null
2025-05-05 21:51:52,359 [WARN] PackLoader:240 - Cannot read IP mode file for STMicroelectronics.X-CUBE-EEPRMA1.5.1.0
2025-05-05 21:51:52,404 [WARN] PackLoader:240 - Cannot read IP mode file for ITTIA_DB.I-CUBE-ITTIADB.8.9.0
2025-05-05 21:51:52,542 [WARN] PackLoader:240 - Cannot read IP mode file for SEGGER.I-CUBE-embOS.1.3.1
2025-05-05 21:51:52,692 [WARN] PackLoader:240 - Cannot read IP mode file for STMicroelectronics.X-CUBE-ALGOBUILD.1.4.0
2025-05-05 21:51:52,737 [WARN] PackLoader:240 - Cannot read IP mode file for STMicroelectronics.X-CUBE-AI.9.1.0
2025-05-05 21:51:52,809 [WARN] PackLoader:240 - Cannot read IP mode file for STMicroelectronics.X-CUBE-GNSS1.6.0.0
2025-05-05 21:51:52,948 [WARN] PackLoader:240 - Cannot read IP mode file for STMicroelectronics.X-CUBE-AZRTOS-F4.1.1.0
2025-05-05 21:51:52,966 [ERROR] Engine:466 - C:\Users\Luke\.stm32cubemx\thirdparties\pdsc\Avnet-IotConnect.X-CUBE-IoTC-DA16k-PMOD.1.0.0.pdsc: PDSC version is not supported
2025-05-05 21:51:53,008 [WARN] PackLoader:240 - Cannot read IP mode file for STMicroelectronics.X-CUBE-ISPU.2.1.0
2025-05-05 21:51:53,048 [WARN] PackLoader:240 - Cannot read IP mode file for STMicroelectronics.X-CUBE-FREERTOS.1.2.0
2025-05-05 21:51:53,137 [WARN] PackLoader:240 - Cannot read IP mode file for STMicroelectronics.X-CUBE-AZRTOS-L5.2.0.0
2025-05-05 21:51:53,186 [WARN] PackLoader:240 - Cannot read IP mode file for STMicroelectronics.X-CUBE-NFC6.3.1.0
2025-05-05 21:51:53,232 [WARN] PackLoader:240 - Cannot read IP mode file for STMicroelectronics.X-CUBE-DPower.1.2.0
2025-05-05 21:51:53,275 [WARN] PackLoader:240 - Cannot read IP mode file for STMicroelectronics.X-CUBE-AI.9.0.0
2025-05-05 21:51:53,314 [WARN] PackLoader:240 - Cannot read IP mode file for STMicroelectronics.X-CUBE-FREERTOS.1.3.0
2025-05-05 21:51:53,357 [WARN] PackLoader:240 - Cannot read IP mode file for STMicroelectronics.X-CUBE-NFC7.1.0.1
2025-05-05 21:51:53,372 [WARN] PackLoader:240 - Cannot read IP mode file for wolfSSL.I-CUBE-wolfTPM.3.2.0
2025-05-05 21:51:53,414 [WARN] PackLoader:240 - Cannot read IP mode file for STMicroelectronics.X-CUBE-DPower.1.3.0
2025-05-05 21:51:53,508 [WARN] ConditionMgr:438 - getConditionDescription Invalid condition id : LAN8742 Phy interface Condition cause : null
2025-05-05 21:51:53,509 [WARN] PackLoader:240 - Cannot read IP mode file for STMicroelectronics.X-CUBE-AZRTOS-L4.2.0.0
2025-05-05 21:51:53,513 [WARN] ConditionMgr:1039 - genDependencies : Invalid condition id : LAN8742 Phy interface Condition cause : null
2025-05-05 21:51:53,514 [WARN] ConditionMgr:1039 - genDependencies : Invalid condition id : LAN8742 Phy interface Condition cause : null
2025-05-05 21:51:53,515 [WARN] ConditionMgr:1039 - genDependencies : Invalid condition id : LAN8742 Phy interface Condition cause : null
2025-05-05 21:51:53,566 [WARN] PackLoader:240 - Cannot read IP mode file for STMicroelectronics.X-CUBE-SFXS2LP1.4.0.0
2025-05-05 21:51:53,658 [WARN] PackLoader:240 - Cannot read IP mode file for STMicroelectronics.X-CUBE-AZRTOS-H7.3.3.0
2025-05-05 21:51:53,758 [WARN] ConditionMgr:438 - getConditionDescription Invalid condition id : UX DEVICE CLASS RTOS Condition cause : null
2025-05-05 21:51:53,759 [WARN] ConditionMgr:438 - getConditionDescription Invalid condition id : UX DEVICE CLASS RTOS Condition cause : null
2025-05-05 21:51:53,763 [WARN] PackLoader:240 - Cannot read IP mode file for STMicroelectronics.X-CUBE-AZRTOS-WB.2.0.0
2025-05-05 21:51:53,765 [WARN] ConditionMgr:1039 - genDependencies : Invalid condition id : UX DEVICE CLASS RTOS Condition cause : null
2025-05-05 21:51:53,765 [WARN] ConditionMgr:1039 - genDependencies : Invalid condition id : UX DEVICE CLASS RTOS Condition cause : null
2025-05-05 21:51:53,766 [WARN] ConditionMgr:1039 - genDependencies : Invalid condition id : UX DEVICE CLASS RTOS Condition cause : null
2025-05-05 21:51:53,767 [WARN] ConditionMgr:1039 - genDependencies : Invalid condition id : UX DEVICE CLASS RTOS Condition cause : null
2025-05-05 21:51:53,767 [WARN] ConditionMgr:1039 - genDependencies : Invalid condition id : UX DEVICE CLASS RTOS Condition cause : null
2025-05-05 21:51:53,810 [WARN] PackLoader:240 - Cannot read IP mode file for STMicroelectronics.X-CUBE-GNSS1.7.0.1
2025-05-05 21:51:53,854 [WARN] PackLoader:240 - Cannot read IP mode file for STMicroelectronics.X-CUBE-TOUCHGFX.4.25.0
2025-05-05 21:51:53,899 [WARN] PackLoader:240 - Cannot read IP mode file for STMicroelectronics.FP-SNS-STBOX1.2.0.0
2025-05-05 21:51:53,967 [WARN] PackLoader:240 - Cannot read IP mode file for STMicroelectronics.X-CUBE-SUBG2.5.0.0
2025-05-05 21:51:54,066 [WARN] PackLoader:240 - Cannot read IP mode file for STMicroelectronics.X-CUBE-AZRTOS-H7RS.1.1.0
2025-05-05 21:51:54,088 [WARN] PackLoader:240 - Cannot read IP mode file for Cesanta.I-CUBE-Mongoose.7.13.0
2025-05-05 21:51:54,162 [WARN] PackLoader:240 - Cannot read IP mode file for STMicroelectronics.X-CUBE-AZRTOS-G4.2.0.0
2025-05-05 21:51:54,175 [WARN] PackLoader:240 - Cannot read IP mode file for STMicroelectronics.X-CUBE-NFC7.2.0.0
2025-05-05 21:51:54,214 [WARN] PackLoader:240 - Cannot read IP mode file for STMicroelectronics.X-CUBE-ISPU.2.0.0
2025-05-05 21:51:54,261 [ERROR] Engine:466 - C:\Users\Luke\.stm32cubemx\thirdparties\pdsc\STMicroelectronics.X-CUBE-IPS.3.1.0.pdsc: PDSC version is not supported
2025-05-05 21:51:54,301 [WARN] PackLoader:240 - Cannot read IP mode file for STMicroelectronics.X-CUBE-ALS.1.0.2
2025-05-05 21:51:54,427 [WARN] PackLoader:240 - Cannot read IP mode file for STMicroelectronics.X-CUBE-MEMS1.10.0.0
2025-05-05 21:51:54,716 [WARN] PackLoader:240 - Cannot read IP mode file for STMicroelectronics.X-CUBE-TOUCHGFX.4.24.0
2025-05-05 21:51:54,790 [WARN] PackLoader:240 - Cannot read IP mode file for STMicroelectronics.X-CUBE-TOUCHGFX.4.24.2
2025-05-05 21:51:54,838 [WARN] PackLoader:240 - Cannot read IP mode file for portGmbH.I-Cube-SoM-uGOAL.1.1.0
2025-05-05 21:51:54,938 [WARN] PackLoader:240 - Cannot read IP mode file for STMicroelectronics.X-CUBE-AZRTOS-H7RS.1.0.0
2025-05-05 21:51:54,980 [WARN] PackLoader:240 - Cannot read IP mode file for STMicroelectronics.FP-ATR-ASTRA1.2.0.0
2025-05-05 21:51:55,048 [WARN] PackLoader:240 - Cannot read IP mode file for STMicroelectronics.X-CUBE-TOF1.3.4.2
2025-05-05 21:51:55,120 [ERROR] Engine:466 - C:\Users\Luke\.stm32cubemx\thirdparties\pdsc\STMicroelectronics.X-CUBE-TOF1.3.4.3.pdsc: PDSC version is not supported
2025-05-05 21:51:55,172 [WARN] PackLoader:240 - Cannot read IP mode file for STMicroelectronics.X-CUBE-TOF1.3.4.1
2025-05-05 21:51:55,274 [WARN] PackLoader:240 - Cannot read IP mode file for STMicroelectronics.X-CUBE-AZRTOS-H7.3.2.0
2025-05-05 21:51:55,350 [WARN] PackLoader:240 - Cannot read IP mode file for Infineon.AIROC-Wi-Fi-Bluetooth-STM32.1.6.0
2025-05-05 21:51:55,371 [WARN] PackLoader:240 - Cannot read IP mode file for wolfSSL.I-CUBE-wolfSSH.1.4.17
2025-05-05 21:51:55,371 [INFO] ThirdParty:978 - Integrity check success = true
2025-05-05 21:51:55,371 [INFO] IntegrityCheckThread:100 - exiting critical section [integrity check]
2025-05-05 21:51:55,372 [INFO] IntegrityCheckThread:103 - End integrity checks thread
