2025-05-02 14:24:20,640 [INFO] Activator:176 - 


2025-05-02 14:24:20,653 [INFO] Activator:177 - !SESSION log4j initialized
2025-05-02 14:24:33,049 [INFO] LogOutputStream:77 - [STDOUT_REDIRECT] 
2025-05-02 14:24:38,127 [INFO] ApplicationProperties:184 - Using Application install path: C:\ST\STM32CubeIDE_1.15.1\STM32CubeIDE\plugins\com.st.stm32cube.common.mx_6.11.1.202404110753
2025-05-02 14:24:38,149 [INFO] DbMcusXml:78 - Set database path to: C:\ST\STM32CubeIDE_1.15.1\STM32CubeIDE\plugins\com.st.stm32cube.common.mx_6.11.1.202404110753\\db\/mcu/
2025-05-02 14:24:38,149 [INFO] ApiDb:274 - Set plugin database path to: C:\ST\STM32CubeIDE_1.15.1\STM32CubeIDE\plugins\com.st.stm32cube.common.mx_6.11.1.202404110753\\db\/plugins/boardmanager/
2025-05-02 14:24:38,177 [WARN] ApiDb:259 - Overriding images path with different value:  => C:\ST\STM32CubeIDE_1.15.1\STM32CubeIDE\plugins\com.st.stm32cube.common.mx_6.11.1.202404110753\\db\/plugins/mcufinder/images/
2025-05-02 14:24:38,199 [INFO] ApiDb:250 - Set database path to: C:\Users\Luke\.stmcufinder\plugins\mcufinder//mcu/
2025-05-02 14:24:38,200 [INFO] DbMcusAds:125 - Set database path to: C:\Users\Luke\.stmcufinder\plugins\mcufinder//mcu/
2025-05-02 14:24:38,202 [INFO] CrossReferenceDbSqlite:203 - Set database path to: C:\Users\Luke\.stmcufinder\plugins\mcufinder//mcu/cs/
2025-05-02 14:24:38,345 [INFO] RulesReader:64 - Compatibility file has been processed (297 Rules)
2025-05-02 14:24:38,468 [INFO] DbMcusXml:78 - Set database path to: C:\ST\STM32CubeIDE_1.15.1\STM32CubeIDE\plugins\com.st.stm32cube.common.mx_6.11.1.202404110753\\db\/mcu/
2025-05-02 14:24:38,468 [INFO] ApiDb:274 - Set plugin database path to: C:\ST\STM32CubeIDE_1.15.1\STM32CubeIDE\plugins\com.st.stm32cube.common.mx_6.11.1.202404110753\\db\/plugins/boardmanager/
2025-05-02 14:24:38,468 [INFO] ApiDb:261 - Set plugin images path to: C:\ST\STM32CubeIDE_1.15.1\STM32CubeIDE\plugins\com.st.stm32cube.common.mx_6.11.1.202404110753\\db\/plugins/mcufinder/images/
2025-05-02 14:24:38,468 [WARN] DbFile:41 - Overriding database path with different value: C:\Users\Luke\.stmcufinder\plugins\mcufinder/ => C:\Users\Luke\.stmcufinder\plugins\mcufinder
2025-05-02 14:24:38,468 [INFO] ApiDb:250 - Set database path to: C:\Users\Luke\.stmcufinder\plugins\mcufinder//mcu/
2025-05-02 14:24:38,468 [WARN] DbFile:41 - Overriding database path with different value: C:\Users\Luke\.stmcufinder\plugins\mcufinder/ => C:\Users\Luke\.stmcufinder\plugins\mcufinder
2025-05-02 14:24:38,469 [INFO] DbMcusAds:125 - Set database path to: C:\Users\Luke\.stmcufinder\plugins\mcufinder//mcu/
2025-05-02 14:24:38,469 [WARN] DbFile:41 - Overriding database path with different value: C:\Users\Luke\.stmcufinder\plugins\mcufinder/ => C:\Users\Luke\.stmcufinder\plugins\mcufinder
2025-05-02 14:24:38,469 [WARN] DbFile:41 - Overriding database path with different value: C:\Users\Luke\.stmcufinder\plugins\mcufinder/ => C:\Users\Luke\.stmcufinder\plugins\mcufinder
2025-05-02 14:24:38,469 [INFO] CrossReferenceDbSqlite:203 - Set database path to: C:\Users\Luke\.stmcufinder\plugins\mcufinder//mcu/cs/
2025-05-02 14:24:38,592 [INFO] MainPanel:264 - HeapMemory: 268435456
2025-05-02 14:24:38,735 [INFO] DbMcusXml:78 - Set database path to: C:\ST\STM32CubeIDE_1.15.1\STM32CubeIDE\plugins\com.st.stm32cube.common.mx_6.11.1.202404110753\\db\/mcu/
2025-05-02 14:24:38,735 [INFO] ApiDb:274 - Set plugin database path to: C:\ST\STM32CubeIDE_1.15.1\STM32CubeIDE\plugins\com.st.stm32cube.common.mx_6.11.1.202404110753\\db\/plugins/boardmanager/
2025-05-02 14:24:38,735 [INFO] ApiDb:261 - Set plugin images path to: C:\ST\STM32CubeIDE_1.15.1\STM32CubeIDE\plugins\com.st.stm32cube.common.mx_6.11.1.202404110753\\db\/plugins/mcufinder/images/
2025-05-02 14:24:38,736 [WARN] DbFile:41 - Overriding database path with different value: C:\Users\Luke\.stmcufinder\plugins\mcufinder/ => C:\Users\Luke\.stmcufinder\plugins\mcufinder
2025-05-02 14:24:38,736 [INFO] ApiDb:250 - Set database path to: C:\Users\Luke\.stmcufinder\plugins\mcufinder//mcu/
2025-05-02 14:24:38,736 [WARN] DbFile:41 - Overriding database path with different value: C:\Users\Luke\.stmcufinder\plugins\mcufinder/ => C:\Users\Luke\.stmcufinder\plugins\mcufinder
2025-05-02 14:24:38,736 [INFO] DbMcusAds:125 - Set database path to: C:\Users\Luke\.stmcufinder\plugins\mcufinder//mcu/
2025-05-02 14:24:38,736 [WARN] DbFile:41 - Overriding database path with different value: C:\Users\Luke\.stmcufinder\plugins\mcufinder/ => C:\Users\Luke\.stmcufinder\plugins\mcufinder
2025-05-02 14:24:38,736 [WARN] DbFile:41 - Overriding database path with different value: C:\Users\Luke\.stmcufinder\plugins\mcufinder/ => C:\Users\Luke\.stmcufinder\plugins\mcufinder
2025-05-02 14:24:38,736 [INFO] CrossReferenceDbSqlite:203 - Set database path to: C:\Users\Luke\.stmcufinder\plugins\mcufinder//mcu/cs/
2025-05-02 14:24:38,761 [INFO] ApplicationProperties:184 - Using Application install path: C:\ST\STM32CubeIDE_1.15.1\STM32CubeIDE\plugins\com.st.stm32cube.common.mx_6.11.1.202404110753
2025-05-02 14:24:38,774 [INFO] PluginManage:196 - Search for loadable plugins [exclusion list=, ]
2025-05-02 14:24:38,779 [INFO] PluginManage:310 - Check plugin analytics
2025-05-02 14:24:39,033 [INFO] AnalyticsPlugin:253 - Accepted Software Licenses: STM32CubeMX.6.11.1
2025-05-02 14:24:39,034 [INFO] AnalyticsPlugin:255 - Accepted CMSIS Pack Licenses: 
2025-05-02 14:24:39,034 [INFO] AnalyticsPlugin:257 - Accepted Firmware Licenses: 
2025-05-02 14:24:39,036 [INFO] PluginManage:359 - Loaded plugin analytics (category:tool,tabindex:-1)
2025-05-02 14:24:39,036 [INFO] PluginManage:310 - Check plugin cadmodel
2025-05-02 14:24:39,059 [INFO] CADModel:105 - Init CAD model plugin
2025-05-02 14:24:39,060 [INFO] PluginManage:359 - Loaded plugin cadmodel (category:power,tabindex:5)
2025-05-02 14:24:39,060 [INFO] PluginManage:310 - Check plugin clock
2025-05-02 14:24:39,088 [INFO] PluginManage:359 - Loaded plugin clock (category:base,tabindex:2)
2025-05-02 14:24:39,088 [INFO] PluginManage:310 - Check plugin ddr
2025-05-02 14:24:39,093 [INFO] PluginManage:359 - Loaded plugin ddr (category:tool,tabindex:6)
2025-05-02 14:24:39,094 [INFO] PluginManage:310 - Check plugin filemanager
2025-05-02 14:24:39,305 [INFO] PluginManage:359 - Loaded plugin filemanager (category:base,tabindex:10)
2025-05-02 14:24:39,305 [INFO] PluginManage:310 - Check plugin ipmanager
2025-05-02 14:24:39,315 [INFO] PluginManage:359 - Loaded plugin ipmanager (category:base,tabindex:5)
2025-05-02 14:24:39,315 [INFO] PluginManage:310 - Check plugin lpbam
2025-05-02 14:24:39,339 [INFO] PluginManage:359 - Loaded plugin lpbam (category:base,tabindex:0)
2025-05-02 14:24:39,339 [INFO] PluginManage:310 - Check plugin memorymap
2025-05-02 14:24:39,388 [INFO] PluginManage:359 - Loaded plugin memorymap (category:base,tabindex:4)
2025-05-02 14:24:39,388 [INFO] PluginManage:310 - Check plugin pinoutandconfiguration
2025-05-02 14:24:39,436 [INFO] PluginManage:359 - Loaded plugin pinoutandconfiguration (category:base,tabindex:1)
2025-05-02 14:24:39,437 [INFO] PluginManage:310 - Check plugin pinoutconfig
2025-05-02 14:24:39,572 [WARN] SupportedApi:132 - Cannot load RTOS API schema: s4s-elt-must-match.1: The content of 'definitions' must match (annotation?, (simpleType | complexType)?, (unique | key | keyref)*)). A problem was found starting at: attribute.
2025-05-02 14:24:39,754 [INFO] PluginManage:359 - Loaded plugin pinoutconfig (category:base,tabindex:0)
2025-05-02 14:24:39,754 [INFO] PluginManage:310 - Check plugin power
2025-05-02 14:24:39,786 [INFO] PluginManage:359 - Loaded plugin power (category:power,tabindex:4)
2025-05-02 14:24:39,786 [INFO] PluginManage:310 - Check plugin projectmanager
2025-05-02 14:24:39,806 [INFO] PluginManage:359 - Loaded plugin projectmanager (category:projectmanager,tabindex:3)
2025-05-02 14:24:39,806 [INFO] PluginManage:310 - Check plugin thirdparty
2025-05-02 14:24:40,203 [INFO] PluginManage:359 - Loaded plugin thirdparty (category:base,tabindex:-1)
2025-05-02 14:24:40,203 [INFO] PluginManage:310 - Check plugin tools
2025-05-02 14:24:40,203 [WARN] IntegrityCheckThread:84 - waiting for thirdparty lock release [integrity check]
2025-05-02 14:24:40,203 [INFO] IntegrityCheckThread:86 - entering critical section [integrity check]
2025-05-02 14:24:40,203 [INFO] ThirdPartyUpdaterWithRetryManager:70 - Updater plugin not ready yet. [1/15]
2025-05-02 14:24:40,262 [INFO] PluginManage:359 - Loaded plugin tools (category:base,tabindex:7)
2025-05-02 14:24:40,263 [INFO] PluginManage:310 - Check plugin tutovideos
2025-05-02 14:24:40,544 [INFO] PluginManage:359 - Loaded plugin tutovideos (category:base,tabindex:-1)
2025-05-02 14:24:40,544 [INFO] PluginManage:310 - Check plugin updater
2025-05-02 14:24:40,557 [INFO] PluginManage:359 - Loaded plugin updater (category:base,tabindex:12)
2025-05-02 14:24:40,557 [INFO] PluginManage:310 - Check plugin userauth
2025-05-02 14:24:40,563 [INFO] UserAuth:114 - Init User Auth plugin
2025-05-02 14:24:40,563 [INFO] PluginManage:359 - Loaded plugin userauth (category:base,tabindex:14)
2025-05-02 14:24:40,564 [INFO] PluginManage:283 - PluginManage : Loaded plugins [17]
2025-05-02 14:24:40,908 [INFO] PinOutPanel:1561 - setPackage(No Configuration,No Configuration)
2025-05-02 14:24:41,004 [INFO] CADModel:165 - CPN selected for project level
2025-05-02 14:24:41,004 [INFO] CADModel:114 - Register for checkConnection events
2025-05-02 14:24:41,040 [INFO] IPUIPlugin:80 - create IPUIPlugin
2025-05-02 14:24:41,040 [INFO] PluginManager:220 - loadIPPluginJar : add adc
2025-05-02 14:24:41,096 [INFO] IPUIPlugin:80 - create IPUIPlugin
2025-05-02 14:24:41,096 [INFO] PluginManager:220 - loadIPPluginJar : add aes
2025-05-02 14:24:41,156 [INFO] IPUIPlugin:80 - create IPUIPlugin
2025-05-02 14:24:41,156 [INFO] PluginManager:220 - loadIPPluginJar : add can
2025-05-02 14:24:41,197 [INFO] IPUIPlugin:80 - create IPUIPlugin
2025-05-02 14:24:41,198 [INFO] PluginManager:220 - loadIPPluginJar : add comp
2025-05-02 14:24:41,247 [INFO] IPUIPlugin:80 - create IPUIPlugin
2025-05-02 14:24:41,248 [INFO] PluginManager:220 - loadIPPluginJar : add cryp
2025-05-02 14:24:41,294 [INFO] IPUIPlugin:80 - create IPUIPlugin
2025-05-02 14:24:41,294 [INFO] PluginManager:220 - loadIPPluginJar : add dfsdm
2025-05-02 14:24:41,314 [INFO] IPUIPlugin:80 - create IPUIPlugin
2025-05-02 14:24:41,314 [INFO] PluginManager:220 - loadIPPluginJar : add dma
2025-05-02 14:24:41,383 [INFO] IPUIPlugin:80 - create IPUIPlugin
2025-05-02 14:24:41,383 [INFO] PluginManager:220 - loadIPPluginJar : add dma3
2025-05-02 14:24:41,450 [INFO] IPUIPlugin:80 - create IPUIPlugin
2025-05-02 14:24:41,451 [INFO] PluginManager:220 - loadIPPluginJar : add extmemmanager
2025-05-02 14:24:41,484 [INFO] IPUIPlugin:80 - create IPUIPlugin
2025-05-02 14:24:41,484 [INFO] PluginManager:220 - loadIPPluginJar : add fatfs
2025-05-02 14:24:41,563 [INFO] IPUIPlugin:80 - create IPUIPlugin
2025-05-02 14:24:41,563 [INFO] PluginManager:220 - loadIPPluginJar : add fmc
2025-05-02 14:24:41,589 [INFO] IPUIPlugin:80 - create IPUIPlugin
2025-05-02 14:24:41,589 [INFO] PluginManager:220 - loadIPPluginJar : add freertos
2025-05-02 14:24:41,634 [INFO] IPUIPlugin:80 - create IPUIPlugin
2025-05-02 14:24:41,634 [INFO] PluginManager:220 - loadIPPluginJar : add genericplugin
2025-05-02 14:24:41,785 [INFO] IPUIPlugin:80 - create IPUIPlugin
2025-05-02 14:24:41,785 [INFO] PluginManager:220 - loadIPPluginJar : add gfxmmu
2025-05-02 14:24:41,984 [INFO] IPUIPlugin:80 - create IPUIPlugin
2025-05-02 14:24:41,984 [INFO] PluginManager:220 - loadIPPluginJar : add gic
2025-05-02 14:24:42,010 [INFO] IPUIPlugin:80 - create IPUIPlugin
2025-05-02 14:24:42,010 [INFO] PluginManager:220 - loadIPPluginJar : add gpio
2025-05-02 14:24:42,142 [INFO] IPUIPlugin:80 - create IPUIPlugin
2025-05-02 14:24:42,151 [INFO] PluginManager:220 - loadIPPluginJar : add gtzc
2025-05-02 14:24:42,213 [INFO] IPUIPlugin:80 - create IPUIPlugin
2025-05-02 14:24:42,213 [INFO] PluginManager:220 - loadIPPluginJar : add hash
2025-05-02 14:24:42,291 [INFO] IPUIPlugin:80 - create IPUIPlugin
2025-05-02 14:24:42,291 [INFO] PluginManager:220 - loadIPPluginJar : add i2c
2025-05-02 14:24:42,350 [INFO] IPUIPlugin:80 - create IPUIPlugin
2025-05-02 14:24:42,350 [INFO] PluginManager:220 - loadIPPluginJar : add i2s
2025-05-02 14:24:42,412 [INFO] IPUIPlugin:80 - create IPUIPlugin
2025-05-02 14:24:42,412 [INFO] PluginManager:220 - loadIPPluginJar : add i3c
2025-05-02 14:24:42,571 [INFO] IPUIPlugin:80 - create IPUIPlugin
2025-05-02 14:24:42,571 [INFO] PluginManager:220 - loadIPPluginJar : add ipddr
2025-05-02 14:24:42,732 [INFO] IPUIPlugin:80 - create IPUIPlugin
2025-05-02 14:24:42,734 [INFO] PluginManager:220 - loadIPPluginJar : add linkedlist
2025-05-02 14:24:42,788 [INFO] IPUIPlugin:80 - create IPUIPlugin
2025-05-02 14:24:42,788 [INFO] PluginManager:220 - loadIPPluginJar : add lorawan
2025-05-02 14:24:42,853 [INFO] IPUIPlugin:80 - create IPUIPlugin
2025-05-02 14:24:42,853 [INFO] PluginManager:220 - loadIPPluginJar : add ltdc
2025-05-02 14:24:42,879 [INFO] IPUIPlugin:80 - create IPUIPlugin
2025-05-02 14:24:42,879 [INFO] PluginManager:220 - loadIPPluginJar : add mdma
2025-05-02 14:24:42,899 [INFO] IPUIPlugin:80 - create IPUIPlugin
2025-05-02 14:24:42,899 [INFO] PluginManager:220 - loadIPPluginJar : add nvic
2025-05-02 14:24:42,957 [INFO] IPUIPlugin:80 - create IPUIPlugin
2025-05-02 14:24:42,957 [INFO] PluginManager:220 - loadIPPluginJar : add opamp
2025-05-02 14:24:43,050 [INFO] IPUIPlugin:80 - create IPUIPlugin
2025-05-02 14:24:43,050 [INFO] PluginManager:220 - loadIPPluginJar : add openamp
2025-05-02 14:24:43,122 [INFO] IPUIPlugin:80 - create IPUIPlugin
2025-05-02 14:24:43,122 [INFO] PluginManager:220 - loadIPPluginJar : add pdm2pcm
2025-05-02 14:24:43,162 [INFO] IPUIPlugin:80 - create IPUIPlugin
2025-05-02 14:24:43,166 [INFO] PluginManager:220 - loadIPPluginJar : add plateformsettings
2025-05-02 14:24:43,205 [INFO] ThirdPartyUpdaterWithRetryManager:70 - Updater plugin not ready yet. [2/15]
2025-05-02 14:24:43,214 [INFO] IPUIPlugin:80 - create IPUIPlugin
2025-05-02 14:24:43,214 [INFO] PluginManager:220 - loadIPPluginJar : add quadspi
2025-05-02 14:24:43,252 [INFO] IPUIPlugin:80 - create IPUIPlugin
2025-05-02 14:24:43,253 [INFO] PluginManager:220 - loadIPPluginJar : add resmgrutility
2025-05-02 14:24:43,344 [INFO] IPUIPlugin:80 - create IPUIPlugin
2025-05-02 14:24:43,344 [INFO] PluginManager:220 - loadIPPluginJar : add sai
2025-05-02 14:24:43,405 [INFO] IPUIPlugin:80 - create IPUIPlugin
2025-05-02 14:24:43,405 [INFO] PluginManager:220 - loadIPPluginJar : add spi
2025-05-02 14:24:43,514 [INFO] IPUIPlugin:80 - create IPUIPlugin
2025-05-02 14:24:43,515 [INFO] PluginManager:220 - loadIPPluginJar : add stm32_wpan
2025-05-02 14:24:43,555 [INFO] IPUIPlugin:80 - create IPUIPlugin
2025-05-02 14:24:43,555 [INFO] PluginManager:220 - loadIPPluginJar : add tim
2025-05-02 14:24:43,652 [INFO] IPUIPlugin:80 - create IPUIPlugin
2025-05-02 14:24:43,652 [INFO] PluginManager:220 - loadIPPluginJar : add touchsensing
2025-05-02 14:24:43,690 [INFO] IPUIPlugin:80 - create IPUIPlugin
2025-05-02 14:24:43,690 [INFO] PluginManager:220 - loadIPPluginJar : add tracer_emb
2025-05-02 14:24:43,730 [INFO] IPUIPlugin:80 - create IPUIPlugin
2025-05-02 14:24:43,730 [INFO] PluginManager:220 - loadIPPluginJar : add ts
2025-05-02 14:24:43,768 [INFO] IPUIPlugin:80 - create IPUIPlugin
2025-05-02 14:24:43,768 [INFO] PluginManager:220 - loadIPPluginJar : add tsc
2025-05-02 14:24:43,803 [INFO] IPUIPlugin:80 - create IPUIPlugin
2025-05-02 14:24:43,803 [INFO] PluginManager:220 - loadIPPluginJar : add ucpd
2025-05-02 14:24:43,878 [INFO] IPUIPlugin:80 - create IPUIPlugin
2025-05-02 14:24:43,878 [INFO] PluginManager:220 - loadIPPluginJar : add usart
2025-05-02 14:24:43,963 [INFO] IPUIPlugin:80 - create IPUIPlugin
2025-05-02 14:24:43,963 [INFO] PluginManager:220 - loadIPPluginJar : add usbx
2025-05-02 14:24:44,171 [INFO] CADModel:165 - CPN selected for project level
2025-05-02 14:24:44,171 [INFO] CADModel:114 - Register for checkConnection events
2025-05-02 14:24:44,171 [FATAL] Updater:308 - Updater called before beeing initialized
2025-05-02 14:24:44,171 [ERROR] CADModel:125 - Updater not yet initialized, retry later 
2025-05-02 14:24:44,347 [INFO] CADModel:165 - CPN selected for project level
2025-05-02 14:24:44,347 [INFO] CADModel:114 - Register for checkConnection events
2025-05-02 14:24:44,347 [FATAL] Updater:308 - Updater called before beeing initialized
2025-05-02 14:24:44,347 [ERROR] CADModel:125 - Updater not yet initialized, retry later 
2025-05-02 14:24:44,350 [FATAL] Updater:308 - Updater called before beeing initialized
2025-05-02 14:24:44,493 [FATAL] Updater:308 - Updater called before beeing initialized
2025-05-02 14:24:44,506 [INFO] DbMcusAds:53 - JSON generation date=Thu Mar 06 23:54:22 KST 2025 (1741272862078)
2025-05-02 14:24:44,506 [FATAL] Updater:308 - Updater called before beeing initialized
2025-05-02 14:24:44,617 [WARN] DetailPanel:346 - Failed to get advertising image, set to default
2025-05-02 14:24:44,737 [FATAL] Updater:308 - Updater called before beeing initialized
2025-05-02 14:24:44,741 [FATAL] Updater:308 - Updater called before beeing initialized
2025-05-02 14:24:44,741 [FATAL] Updater:308 - Updater called before beeing initialized
2025-05-02 14:24:44,741 [WARN] DetailPanel:346 - Failed to get advertising image, set to default
2025-05-02 14:24:44,742 [FATAL] Updater:308 - Updater called before beeing initialized
2025-05-02 14:24:44,833 [ERROR] Updater:1120 - MainUpdater not yet initialized. External WinMGr cannot be set.
2025-05-02 14:24:44,851 [INFO] Updater:1056 - Updater Version found : 6.11.1
2025-05-02 14:24:44,910 [INFO] ApplicationProperties:184 - Using Application install path: C:\ST\STM32CubeIDE_1.15.1\STM32CubeIDE\plugins\com.st.stm32cube.common.mx_6.11.1.202404110753
2025-05-02 14:24:46,206 [INFO] ThirdPartyUpdaterWithRetryManager:70 - Updater plugin not ready yet. [3/15]
2025-05-02 14:24:46,517 [ERROR] LogOutputStream:75 - [STDERR_REDIRECT] May 02, 2025 2:24:46 PM java.util.prefs.WindowsPreferences <init>
2025-05-02 14:24:46,524 [ERROR] LogOutputStream:75 - [STDERR_REDIRECT] WARNING: Could not open/create prefs root node Software\JavaSoft\Prefs at root 0xffffffff80000002. Windows RegCreateKeyEx(...) returned error code 5.
2025-05-02 14:24:46,525 [ERROR] LogOutputStream:75 - [STDERR_REDIRECT] 
2025-05-02 14:24:47,088 [INFO] MainUpdater:2873 - connection check result : 10
2025-05-02 14:24:47,089 [INFO] MainUpdater:290 - Updater Check For Update Now.
2025-05-02 14:24:47,090 [INFO] MicroXplorer:498 - Change Database Version : DB.6.0.111
2025-05-02 14:24:47,137 [INFO] McuFinderGlobals:63 - Set McuFinder mode to 2 (CubeIDE integrated)
2025-05-02 14:24:47,160 [INFO] UserAuth:415 - Internet connection configuration mode: 1
2025-05-02 14:24:47,217 [INFO] JxBrowserEngine:152 - Initiate JxBrowser Engine with user profile folder
2025-05-02 14:24:47,391 [INFO] CheckServerUpdateThread:120 - End of CheckServer Thread
2025-05-02 14:24:49,813 [WARN] PackLoader:240 - Cannot read IP mode file for STMicroelectronics.FP-SNS-MOTENVWB1.1.4.0
2025-05-02 14:24:49,831 [WARN] PackLoader:240 - Cannot read IP mode file for STMicroelectronics.FP-ATR-ASTRA1.2.0.2
2025-05-02 14:24:49,845 [WARN] PackLoader:240 - Cannot read IP mode file for STMicroelectronics.FP-ATR-ASTRA1.2.0.1
2025-05-02 14:24:49,863 [WARN] PackLoader:240 - Cannot read IP mode file for STMicroelectronics.X-CUBE-SMBUS.2.1.0
2025-05-02 14:24:49,884 [WARN] PackLoader:240 - Cannot read IP mode file for STMicroelectronics.X-CUBE-WB05N.1.1.0
2025-05-02 14:24:49,933 [WARN] PackLoader:240 - Cannot read IP mode file for STMicroelectronics.X-CUBE-AZRTOS-F7.1.1.0
2025-05-02 14:24:49,958 [WARN] PackLoader:240 - Cannot read IP mode file for STMicroelectronics.FP-SNS-FLIGHT1.5.0.2
2025-05-02 14:24:49,984 [WARN] PackLoader:240 - Cannot read IP mode file for STMicroelectronics.X-CUBE-DISPLAY.3.0.0
2025-05-02 14:24:50,011 [WARN] PackLoader:240 - Cannot read IP mode file for STMicroelectronics.X-CUBE-BLE1.7.0.0
2025-05-02 14:24:50,033 [WARN] PackLoader:240 - Cannot read IP mode file for STMicroelectronics.X-CUBE-NFC10.1.0.0
2025-05-02 14:24:50,061 [WARN] PackLoader:240 - Cannot read IP mode file for STMicroelectronics.X-CUBE-BLEMGR.4.0.0
2025-05-02 14:24:50,086 [WARN] PackLoader:240 - Cannot read IP mode file for emotas.I-CUBE-CANOPEN.1.3.0
2025-05-02 14:24:50,113 [WARN] PackLoader:240 - Cannot read IP mode file for STMicroelectronics.X-CUBE-BLEMGR.3.1.0
2025-05-02 14:24:50,140 [WARN] PackLoader:240 - Cannot read IP mode file for STMicroelectronics.X-CUBE-AI.10.0.0
2025-05-02 14:24:50,158 [WARN] PackLoader:240 - Cannot read IP mode file for STMicroelectronics.FP-SNS-SMARTAG2.1.2.0
2025-05-02 14:24:50,177 [ERROR] Engine:466 - C:\Users\Luke\.stm32cubemx\thirdparties\pdsc\STMicroelectronics.FP-SNS-FLIGHT1.5.1.0.pdsc: PDSC version is not supported
2025-05-02 14:24:50,283 [WARN] PackLoader:240 - Cannot read IP mode file for STMicroelectronics.X-CUBE-MEMS1.11.1.0
2025-05-02 14:24:50,522 [INFO] LogOutputStream:77 - [STDOUT_REDIRECT] 1 : Invalid condition id : UX_CORESTACK_Condition cause : null
2025-05-02 14:24:50,523 [INFO] LogOutputStream:77 - [STDOUT_REDIRECT] 1 : Invalid condition id : UX_CORESTACK_Condition cause : null
2025-05-02 14:24:50,525 [INFO] LogOutputStream:77 - [STDOUT_REDIRECT] 1 : Invalid condition id : UX_CORESTACK_Condition cause : null
2025-05-02 14:24:50,527 [INFO] LogOutputStream:77 - [STDOUT_REDIRECT] 1 : Invalid condition id : UX_CORESTACK_Condition cause : null
2025-05-02 14:24:50,529 [INFO] LogOutputStream:77 - [STDOUT_REDIRECT] 1 : Invalid condition id : UX_CORESTACK_Condition cause : null
2025-05-02 14:24:50,541 [WARN] PackLoader:240 - Cannot read IP mode file for STMicroelectronics.X-CUBE-AZRTOS-WL.2.0.0
2025-05-02 14:24:50,570 [WARN] PackLoader:240 - Cannot read IP mode file for STMicroelectronics.FP-SNS-MOTENV1.5.0.0
2025-05-02 14:24:50,596 [WARN] PackLoader:240 - Cannot read IP mode file for wolfSSL.I-CUBE-wolfMQTT.1.19.0
2025-05-02 14:24:50,624 [WARN] PackLoader:240 - Cannot read IP mode file for WES.I-CUBE-Cesium.1.3.0
2025-05-02 14:24:50,648 [WARN] PackLoader:240 - Cannot read IP mode file for STMicroelectronics.X-CUBE-BLE2.3.3.0
2025-05-02 14:24:50,673 [WARN] PackLoader:240 - Cannot read IP mode file for STMicroelectronics.X-CUBE-NFC9.1.0.0
2025-05-02 14:24:50,699 [WARN] PackLoader:240 - Cannot read IP mode file for STMicroelectronics.X-CUBE-BLE1.7.1.0
2025-05-02 14:24:50,725 [WARN] PackLoader:240 - Cannot read IP mode file for STMicroelectronics.X-CUBE-TCPP.4.1.0
2025-05-02 14:24:50,822 [WARN] PackLoader:240 - Cannot read IP mode file for STMicroelectronics.X-CUBE-MEMS1.11.2.0
2025-05-02 14:24:51,092 [WARN] PackLoader:240 - Cannot read IP mode file for STMicroelectronics.X-CUBE-AZRTOS-G0.1.1.0
2025-05-02 14:24:51,151 [WARN] PackLoader:240 - Cannot read IP mode file for STMicroelectronics.X-CUBE-SAFEA1.1.2.2
2025-05-02 14:24:51,187 [WARN] PackLoader:240 - Cannot read IP mode file for STMicroelectronics.X-CUBE-NFC4.3.0.0
2025-05-02 14:24:51,220 [WARN] PackLoader:240 - Cannot read IP mode file for EmbeddedOffice.I-CUBE-FS-RTOS.1.0.1
2025-05-02 14:24:51,221 [ERROR] ConditionMgr:805 - Attr not supported : Dmpu
2025-05-02 14:24:51,222 [ERROR] ConditionMgr:805 - Attr not supported : Dmpu
2025-05-02 14:24:51,222 [ERROR] ConditionMgr:805 - Attr not supported : Dmpu
2025-05-02 14:24:51,222 [ERROR] ConditionMgr:805 - Attr not supported : Dmpu
2025-05-02 14:24:51,222 [ERROR] ConditionMgr:805 - Attr not supported : Dmpu
2025-05-02 14:24:51,222 [ERROR] ConditionMgr:805 - Attr not supported : Dmpu
2025-05-02 14:24:51,222 [ERROR] ConditionMgr:805 - Attr not supported : Dmpu
2025-05-02 14:24:51,223 [ERROR] ConditionMgr:805 - Attr not supported : Dmpu
2025-05-02 14:24:51,223 [ERROR] ConditionMgr:805 - Attr not supported : Dmpu
2025-05-02 14:24:51,223 [ERROR] ConditionMgr:805 - Attr not supported : Dmpu
2025-05-02 14:24:51,223 [ERROR] ConditionMgr:805 - Attr not supported : Dmpu
2025-05-02 14:24:51,223 [ERROR] ConditionMgr:805 - Attr not supported : Dmpu
2025-05-02 14:24:51,223 [ERROR] ConditionMgr:805 - Attr not supported : Dmpu
2025-05-02 14:24:51,223 [ERROR] ConditionMgr:805 - Attr not supported : Dmpu
2025-05-02 14:24:51,223 [ERROR] ConditionMgr:805 - Attr not supported : Dmpu
2025-05-02 14:24:51,223 [ERROR] ConditionMgr:805 - Attr not supported : Dmpu
2025-05-02 14:24:51,223 [ERROR] ConditionMgr:805 - Attr not supported : Dmpu
2025-05-02 14:24:51,224 [ERROR] ConditionMgr:805 - Attr not supported : Dmpu
2025-05-02 14:24:51,224 [ERROR] ConditionMgr:805 - Attr not supported : Dmpu
2025-05-02 14:24:51,224 [ERROR] ConditionMgr:805 - Attr not supported : Dmpu
2025-05-02 14:24:51,224 [ERROR] ConditionMgr:805 - Attr not supported : Dmpu
2025-05-02 14:24:51,224 [ERROR] ConditionMgr:805 - Attr not supported : Dmpu
2025-05-02 14:24:51,224 [ERROR] ConditionMgr:805 - Attr not supported : Dmpu
2025-05-02 14:24:51,224 [ERROR] ConditionMgr:805 - Attr not supported : Dmpu
2025-05-02 14:24:51,224 [ERROR] ConditionMgr:805 - Attr not supported : Dmpu
2025-05-02 14:24:51,224 [ERROR] ConditionMgr:805 - Attr not supported : Dmpu
2025-05-02 14:24:51,224 [ERROR] ConditionMgr:805 - Attr not supported : Dmpu
2025-05-02 14:24:51,224 [ERROR] ConditionMgr:805 - Attr not supported : Dmpu
2025-05-02 14:24:51,224 [ERROR] ConditionMgr:805 - Attr not supported : Dmpu
2025-05-02 14:24:51,225 [ERROR] ConditionMgr:805 - Attr not supported : Dmpu
2025-05-02 14:24:51,225 [ERROR] ConditionMgr:805 - Attr not supported : Dmpu
2025-05-02 14:24:51,225 [ERROR] ConditionMgr:805 - Attr not supported : Dmpu
2025-05-02 14:24:51,225 [ERROR] ConditionMgr:805 - Attr not supported : Dmpu
2025-05-02 14:24:51,225 [ERROR] ConditionMgr:805 - Attr not supported : Dmpu
2025-05-02 14:24:51,225 [ERROR] ConditionMgr:805 - Attr not supported : Dmpu
2025-05-02 14:24:51,225 [ERROR] ConditionMgr:805 - Attr not supported : Dmpu
2025-05-02 14:24:51,226 [ERROR] ConditionMgr:805 - Attr not supported : Dmpu
2025-05-02 14:24:51,226 [ERROR] ConditionMgr:805 - Attr not supported : Dmpu
2025-05-02 14:24:51,226 [ERROR] ConditionMgr:805 - Attr not supported : Dmpu
2025-05-02 14:24:51,226 [ERROR] ConditionMgr:805 - Attr not supported : Dmpu
2025-05-02 14:24:51,226 [ERROR] ConditionMgr:805 - Attr not supported : Dmpu
2025-05-02 14:24:51,226 [ERROR] ConditionMgr:805 - Attr not supported : Dmpu
2025-05-02 14:24:51,226 [ERROR] ConditionMgr:805 - Attr not supported : Dmpu
2025-05-02 14:24:51,226 [ERROR] ConditionMgr:805 - Attr not supported : Dmpu
2025-05-02 14:24:51,227 [ERROR] ConditionMgr:805 - Attr not supported : Dmpu
2025-05-02 14:24:51,227 [ERROR] ConditionMgr:805 - Attr not supported : Dmpu
2025-05-02 14:24:51,227 [ERROR] ConditionMgr:805 - Attr not supported : Dmpu
2025-05-02 14:24:51,227 [ERROR] ConditionMgr:805 - Attr not supported : Dmpu
2025-05-02 14:24:51,227 [ERROR] ConditionMgr:805 - Attr not supported : Dmpu
2025-05-02 14:24:51,227 [ERROR] ConditionMgr:805 - Attr not supported : Dmpu
2025-05-02 14:24:51,227 [ERROR] ConditionMgr:805 - Attr not supported : Dmpu
2025-05-02 14:24:51,227 [ERROR] ConditionMgr:805 - Attr not supported : Dmpu
2025-05-02 14:24:51,227 [ERROR] ConditionMgr:805 - Attr not supported : Dmpu
2025-05-02 14:24:51,228 [ERROR] ConditionMgr:805 - Attr not supported : Dmpu
2025-05-02 14:24:51,228 [ERROR] ConditionMgr:805 - Attr not supported : Dmpu
2025-05-02 14:24:51,228 [ERROR] ConditionMgr:805 - Attr not supported : Dmpu
2025-05-02 14:24:51,228 [ERROR] ConditionMgr:805 - Attr not supported : Dmpu
2025-05-02 14:24:51,228 [ERROR] ConditionMgr:805 - Attr not supported : Dmpu
2025-05-02 14:24:51,228 [ERROR] ConditionMgr:805 - Attr not supported : Dmpu
2025-05-02 14:24:51,228 [ERROR] ConditionMgr:805 - Attr not supported : Dmpu
2025-05-02 14:24:51,228 [ERROR] ConditionMgr:805 - Attr not supported : Dmpu
2025-05-02 14:24:51,228 [ERROR] ConditionMgr:805 - Attr not supported : Dmpu
2025-05-02 14:24:51,228 [ERROR] ConditionMgr:805 - Attr not supported : Dmpu
2025-05-02 14:24:51,228 [ERROR] ConditionMgr:805 - Attr not supported : Dmpu
2025-05-02 14:24:51,251 [WARN] PackLoader:240 - Cannot read IP mode file for STMicroelectronics.X-CUBE-WB05N.2.0.0
2025-05-02 14:24:51,274 [ERROR] Engine:466 - C:\Users\Luke\.stm32cubemx\thirdparties\pdsc\STMicroelectronics.X-CUBE-TCPP.4.2.0.pdsc: PDSC version is not supported
2025-05-02 14:24:51,298 [WARN] PackLoader:240 - Cannot read IP mode file for RealThread.X-CUBE-RT-Thread_Nano.4.1.1
2025-05-02 14:24:51,322 [WARN] PackLoader:240 - Cannot read IP mode file for wolfSSL.I-CUBE-wolfSSL.5.7.0
2025-05-02 14:24:51,345 [WARN] PackLoader:240 - Cannot read IP mode file for STMicroelectronics.FP-ATR-SIGFOX1.3.2.0
2025-05-02 14:24:51,370 [WARN] ConditionMgr:438 - getConditionDescription Invalid condition id : Cortex-A Device cause : null
2025-05-02 14:24:51,412 [WARN] ConditionMgr:1039 - genDependencies : Invalid condition id : Cortex-A Device cause : null
2025-05-02 14:24:51,413 [WARN] ConditionMgr:1039 - genDependencies : Invalid condition id : Cortex-A Device cause : null
2025-05-02 14:24:51,413 [WARN] ConditionMgr:1039 - genDependencies : Invalid condition id : Cortex-A Device cause : null
2025-05-02 14:24:51,441 [WARN] PackLoader:240 - Cannot read IP mode file for STMicroelectronics.X-CUBE-EEPRMA1.5.1.0
2025-05-02 14:24:51,466 [WARN] PackLoader:240 - Cannot read IP mode file for ITTIA_DB.I-CUBE-ITTIADB.8.9.0
2025-05-02 14:24:51,518 [WARN] PackLoader:240 - Cannot read IP mode file for SEGGER.I-CUBE-embOS.1.3.1
2025-05-02 14:24:51,574 [WARN] PackLoader:240 - Cannot read IP mode file for STMicroelectronics.X-CUBE-ALGOBUILD.1.4.0
2025-05-02 14:24:51,594 [WARN] PackLoader:240 - Cannot read IP mode file for STMicroelectronics.X-CUBE-AI.9.1.0
2025-05-02 14:24:51,613 [WARN] PackLoader:240 - Cannot read IP mode file for STMicroelectronics.X-CUBE-GNSS1.6.0.0
2025-05-02 14:24:51,650 [WARN] PackLoader:240 - Cannot read IP mode file for STMicroelectronics.X-CUBE-AZRTOS-F4.1.1.0
2025-05-02 14:24:51,666 [ERROR] Engine:466 - C:\Users\Luke\.stm32cubemx\thirdparties\pdsc\Avnet-IotConnect.X-CUBE-IoTC-DA16k-PMOD.1.0.0.pdsc: PDSC version is not supported
2025-05-02 14:24:51,711 [WARN] PackLoader:240 - Cannot read IP mode file for STMicroelectronics.X-CUBE-ISPU.2.1.0
2025-05-02 14:24:51,729 [WARN] PackLoader:240 - Cannot read IP mode file for STMicroelectronics.X-CUBE-FREERTOS.1.2.0
2025-05-02 14:24:51,763 [WARN] PackLoader:240 - Cannot read IP mode file for STMicroelectronics.X-CUBE-AZRTOS-L5.2.0.0
2025-05-02 14:24:51,789 [WARN] PackLoader:240 - Cannot read IP mode file for STMicroelectronics.X-CUBE-NFC6.3.1.0
2025-05-02 14:24:51,813 [WARN] PackLoader:240 - Cannot read IP mode file for STMicroelectronics.X-CUBE-DPower.1.2.0
2025-05-02 14:24:51,832 [WARN] PackLoader:240 - Cannot read IP mode file for STMicroelectronics.X-CUBE-AI.9.0.0
2025-05-02 14:24:51,849 [WARN] PackLoader:240 - Cannot read IP mode file for STMicroelectronics.X-CUBE-FREERTOS.1.3.0
2025-05-02 14:24:51,870 [WARN] PackLoader:240 - Cannot read IP mode file for STMicroelectronics.X-CUBE-NFC7.1.0.1
2025-05-02 14:24:51,893 [WARN] PackLoader:240 - Cannot read IP mode file for wolfSSL.I-CUBE-wolfTPM.3.2.0
2025-05-02 14:24:51,914 [WARN] PackLoader:240 - Cannot read IP mode file for STMicroelectronics.X-CUBE-DPower.1.3.0
2025-05-02 14:24:51,963 [WARN] ConditionMgr:438 - getConditionDescription Invalid condition id : LAN8742 Phy interface Condition cause : null
2025-05-02 14:24:51,964 [WARN] PackLoader:240 - Cannot read IP mode file for STMicroelectronics.X-CUBE-AZRTOS-L4.2.0.0
2025-05-02 14:24:51,966 [WARN] ConditionMgr:1039 - genDependencies : Invalid condition id : LAN8742 Phy interface Condition cause : null
2025-05-02 14:24:51,966 [WARN] ConditionMgr:1039 - genDependencies : Invalid condition id : LAN8742 Phy interface Condition cause : null
2025-05-02 14:24:51,967 [WARN] ConditionMgr:1039 - genDependencies : Invalid condition id : LAN8742 Phy interface Condition cause : null
2025-05-02 14:24:51,990 [WARN] PackLoader:240 - Cannot read IP mode file for STMicroelectronics.X-CUBE-SFXS2LP1.4.0.0
2025-05-02 14:24:52,035 [WARN] PackLoader:240 - Cannot read IP mode file for STMicroelectronics.X-CUBE-AZRTOS-H7.3.3.0
2025-05-02 14:24:52,069 [WARN] ConditionMgr:438 - getConditionDescription Invalid condition id : UX DEVICE CLASS RTOS Condition cause : null
2025-05-02 14:24:52,070 [WARN] ConditionMgr:438 - getConditionDescription Invalid condition id : UX DEVICE CLASS RTOS Condition cause : null
2025-05-02 14:24:52,072 [WARN] PackLoader:240 - Cannot read IP mode file for STMicroelectronics.X-CUBE-AZRTOS-WB.2.0.0
2025-05-02 14:24:52,072 [WARN] ConditionMgr:1039 - genDependencies : Invalid condition id : UX DEVICE CLASS RTOS Condition cause : null
2025-05-02 14:24:52,072 [WARN] ConditionMgr:1039 - genDependencies : Invalid condition id : UX DEVICE CLASS RTOS Condition cause : null
2025-05-02 14:24:52,073 [WARN] ConditionMgr:1039 - genDependencies : Invalid condition id : UX DEVICE CLASS RTOS Condition cause : null
2025-05-02 14:24:52,073 [WARN] ConditionMgr:1039 - genDependencies : Invalid condition id : UX DEVICE CLASS RTOS Condition cause : null
2025-05-02 14:24:52,073 [WARN] ConditionMgr:1039 - genDependencies : Invalid condition id : UX DEVICE CLASS RTOS Condition cause : null
2025-05-02 14:24:52,090 [WARN] PackLoader:240 - Cannot read IP mode file for STMicroelectronics.X-CUBE-GNSS1.7.0.1
2025-05-02 14:24:52,113 [WARN] PackLoader:240 - Cannot read IP mode file for STMicroelectronics.X-CUBE-TOUCHGFX.4.25.0
2025-05-02 14:24:52,133 [WARN] PackLoader:240 - Cannot read IP mode file for STMicroelectronics.FP-SNS-STBOX1.2.0.0
2025-05-02 14:24:52,163 [WARN] PackLoader:240 - Cannot read IP mode file for STMicroelectronics.X-CUBE-SUBG2.5.0.0
2025-05-02 14:24:52,213 [WARN] PackLoader:240 - Cannot read IP mode file for STMicroelectronics.X-CUBE-AZRTOS-H7RS.1.1.0
2025-05-02 14:24:52,237 [WARN] PackLoader:240 - Cannot read IP mode file for Cesanta.I-CUBE-Mongoose.7.13.0
2025-05-02 14:24:52,273 [WARN] PackLoader:240 - Cannot read IP mode file for STMicroelectronics.X-CUBE-AZRTOS-G4.2.0.0
2025-05-02 14:24:52,296 [WARN] PackLoader:240 - Cannot read IP mode file for STMicroelectronics.X-CUBE-ISPU.2.0.0
2025-05-02 14:24:52,322 [ERROR] Engine:466 - C:\Users\Luke\.stm32cubemx\thirdparties\pdsc\STMicroelectronics.X-CUBE-IPS.3.1.0.pdsc: PDSC version is not supported
2025-05-02 14:24:52,349 [WARN] PackLoader:240 - Cannot read IP mode file for STMicroelectronics.X-CUBE-ALS.1.0.2
2025-05-02 14:24:52,415 [WARN] PackLoader:240 - Cannot read IP mode file for STMicroelectronics.X-CUBE-MEMS1.10.0.0
2025-05-02 14:24:52,558 [WARN] PackLoader:240 - Cannot read IP mode file for STMicroelectronics.X-CUBE-TOUCHGFX.4.24.0
2025-05-02 14:24:52,579 [WARN] PackLoader:240 - Cannot read IP mode file for STMicroelectronics.X-CUBE-TOUCHGFX.4.24.2
2025-05-02 14:24:52,602 [WARN] PackLoader:240 - Cannot read IP mode file for portGmbH.I-Cube-SoM-uGOAL.1.1.0
2025-05-02 14:24:52,640 [WARN] PackLoader:240 - Cannot read IP mode file for STMicroelectronics.X-CUBE-AZRTOS-H7RS.1.0.0
2025-05-02 14:24:52,664 [WARN] PackLoader:240 - Cannot read IP mode file for STMicroelectronics.FP-ATR-ASTRA1.2.0.0
2025-05-02 14:24:52,697 [WARN] PackLoader:240 - Cannot read IP mode file for STMicroelectronics.X-CUBE-TOF1.3.4.2
2025-05-02 14:24:52,734 [ERROR] Engine:466 - C:\Users\Luke\.stm32cubemx\thirdparties\pdsc\STMicroelectronics.X-CUBE-TOF1.3.4.3.pdsc: PDSC version is not supported
2025-05-02 14:24:52,763 [WARN] PackLoader:240 - Cannot read IP mode file for STMicroelectronics.X-CUBE-TOF1.3.4.1
2025-05-02 14:24:52,814 [WARN] PackLoader:240 - Cannot read IP mode file for STMicroelectronics.X-CUBE-AZRTOS-H7.3.2.0
2025-05-02 14:24:52,847 [WARN] PackLoader:240 - Cannot read IP mode file for Infineon.AIROC-Wi-Fi-Bluetooth-STM32.1.6.0
2025-05-02 14:24:52,871 [WARN] PackLoader:240 - Cannot read IP mode file for wolfSSL.I-CUBE-wolfSSH.1.4.17
2025-05-02 14:24:52,873 [INFO] ThirdParty:978 - Integrity check success = true
2025-05-02 14:24:52,873 [INFO] IntegrityCheckThread:100 - exiting critical section [integrity check]
2025-05-02 14:24:52,873 [INFO] IntegrityCheckThread:103 - End integrity checks thread
2025-05-02 14:24:54,418 [INFO] WebApp:161 - Instantiating new browser for Auth
2025-05-02 14:24:55,398 [INFO] WebApp:779 - Register for checkConnection events
2025-05-02 14:24:55,398 [INFO] WebApp:414 - Apply proxy settings
2025-05-02 14:24:55,399 [INFO] WebApp:499 - Chromium requires no authentication
2025-05-02 14:24:55,409 [INFO] WebApp:442 - Direct internet connection detected
2025-05-02 14:24:55,645 [INFO] WebApp:192 - Starting web application
2025-05-02 14:24:55,646 [INFO] WebApp:544 - Web application path used C:\ST\STM32CubeIDE_1.15.1\STM32CubeIDE\plugins\com.st.stm32cube.common.mx_6.11.1.202404110753\db\plugins\mcufinder\reactClient1\index.html
2025-05-02 14:25:34,506 [INFO] McuFinderGlobals:63 - Set McuFinder mode to 2 (CubeIDE integrated)
2025-05-02 14:25:34,549 [INFO] MainUpdater:2873 - connection check result : 10
2025-05-02 14:25:34,559 [INFO] MainUpdater:2873 - connection check result : 10
2025-05-02 14:25:34,838 [INFO] MicroXplorer:468 - Change Database Path : 
2025-05-02 14:25:34,838 [INFO] MicroXplorer:498 - Change Database Version : DB.6.0.111
2025-05-02 14:25:34,853 [WARN] ThirdParty:871 - waiting for thirdparty lock release [close project]
2025-05-02 14:25:34,853 [INFO] ThirdParty:873 - entering critical section [close project]
2025-05-02 14:25:34,854 [INFO] ThirdParty:883 - exiting critical section [close project]
2025-05-02 14:25:34,856 [INFO] PinOutPanel:1561 - setPackage(No Configuration,No Configuration)
2025-05-02 14:25:34,860 [INFO] UtilMem:75 - Begin LoadConfig() Used Memory: 393745680 Bytes (430964736)
2025-05-02 14:25:34,863 [INFO] MicroXplorer:468 - Change Database Path : 
2025-05-02 14:25:34,863 [INFO] MicroXplorer:498 - Change Database Version : DB.6.0.111
2025-05-02 14:25:34,863 [INFO] OpenFileManager:312 - Change cursor
2025-05-02 14:25:34,941 [INFO] Mcu:2021 - Initializing MCU STM32F103R(8-B)Tx STM32F103RBTx STM32F103RBT6
2025-05-02 14:25:36,518 [INFO] Context:663 - Trying to add GPIOservice into a context  which must be forbidden
2025-05-02 14:25:37,092 [INFO] RtosManager:555 - Registered RTOS mode: class=CMSIS, group=RTOS, mode=CMSIS_V1, owner=FREERTOS
2025-05-02 14:25:37,092 [INFO] RtosManager:555 - Registered RTOS mode: class=CMSIS, group=RTOS2, mode=CMSIS_V2, owner=FREERTOS
2025-05-02 14:25:37,093 [INFO] RtosManager:555 - Registered RTOS mode: class=RTOS, group=Core, mode=CMSIS_V1, owner=FREERTOS
2025-05-02 14:25:37,093 [INFO] RtosManager:555 - Registered RTOS mode: class=RTOS, group=Core, mode=CMSIS_V2, owner=FREERTOS
2025-05-02 14:25:37,093 [WARN] ModelIntegratedComponent:184 - Missing modes for component STMicroelectronics:FreeRTOS:0.0.1:STMicroelectronics:RTOS:FreeRTOS:Core:::10.2.0:
2025-05-02 14:25:37,114 [WARN] ModelIntegratedComponent:63 - No mode defined for component null
2025-05-02 14:25:37,115 [WARN] ModelIntegratedComponent:63 - No mode defined for component null
2025-05-02 14:25:37,115 [WARN] ModelIntegratedComponent:63 - No mode defined for component null
2025-05-02 14:25:37,115 [WARN] ModelIntegratedComponent:63 - No mode defined for component null
2025-05-02 14:25:37,115 [WARN] ModelIntegratedComponent:63 - No mode defined for component null
2025-05-02 14:25:37,115 [WARN] ModelIntegratedComponent:63 - No mode defined for component null
2025-05-02 14:25:37,115 [WARN] ModelIntegratedComponent:63 - No mode defined for component null
2025-05-02 14:25:37,115 [WARN] ModelIntegratedComponent:63 - No mode defined for component null
2025-05-02 14:25:37,115 [WARN] ModelIntegratedComponent:63 - No mode defined for component null
2025-05-02 14:25:37,117 [WARN] ModelIntegratedComponent:63 - No mode defined for component null
2025-05-02 14:25:37,117 [WARN] ModelIntegratedComponent:63 - No mode defined for component null
2025-05-02 14:25:37,117 [WARN] ModelIntegratedComponent:63 - No mode defined for component null
2025-05-02 14:25:37,117 [WARN] ModelIntegratedComponent:63 - No mode defined for component null
2025-05-02 14:25:37,117 [WARN] ModelIntegratedComponent:63 - No mode defined for component null
2025-05-02 14:25:37,117 [WARN] ModelIntegratedComponent:63 - No mode defined for component null
2025-05-02 14:25:37,117 [WARN] ModelIntegratedComponent:63 - No mode defined for component null
2025-05-02 14:25:37,117 [WARN] ModelIntegratedComponent:63 - No mode defined for component null
2025-05-02 14:25:37,117 [WARN] ModelIntegratedComponent:63 - No mode defined for component null
2025-05-02 14:25:37,117 [WARN] ModelIntegratedComponent:63 - No mode defined for component null
2025-05-02 14:25:37,117 [WARN] ModelIntegratedComponent:63 - No mode defined for component null
2025-05-02 14:25:37,117 [WARN] ModelIntegratedComponent:63 - No mode defined for component null
2025-05-02 14:25:37,117 [WARN] ModelIntegratedComponent:63 - No mode defined for component null
2025-05-02 14:25:37,117 [WARN] ModelIntegratedComponent:63 - No mode defined for component null
2025-05-02 14:25:37,117 [WARN] ModelIntegratedComponent:63 - No mode defined for component null
2025-05-02 14:25:37,117 [WARN] ModelIntegratedComponent:63 - No mode defined for component null
2025-05-02 14:25:37,118 [WARN] ModelIntegratedComponent:63 - No mode defined for component null
2025-05-02 14:25:37,118 [WARN] ModelIntegratedComponent:63 - No mode defined for component null
2025-05-02 14:25:37,118 [WARN] ModelIntegratedComponent:63 - No mode defined for component null
2025-05-02 14:25:37,118 [WARN] ModelIntegratedComponent:63 - No mode defined for component null
2025-05-02 14:25:37,118 [WARN] ModelIntegratedComponent:63 - No mode defined for component null
2025-05-02 14:25:37,118 [WARN] ModelIntegratedComponent:63 - No mode defined for component null
2025-05-02 14:25:37,118 [WARN] ModelIntegratedComponent:63 - No mode defined for component null
2025-05-02 14:25:37,118 [WARN] ModelIntegratedComponent:63 - No mode defined for component null
2025-05-02 14:25:37,118 [WARN] ModelIntegratedComponent:63 - No mode defined for component null
2025-05-02 14:25:37,371 [INFO] ThirdPartyModel:298 - Start build external matchings
2025-05-02 14:25:38,671 [INFO] ThirdPartyModel:316 - End build external matchings
2025-05-02 14:25:38,713 [INFO] ImportTextPane:194 - (OptionalMessage_ERROR) IP (RCC) : Parameter (ADCFreqValue) has invalid value (32000000)
2025-05-02 14:25:38,713 [INFO] ImportTextPane:194 - (OptionalMessage_ERROR) IP (RCC) : Invalid parameter (FamilyName)
2025-05-02 14:25:38,713 [INFO] ImportTextPane:194 - (OptionalMessage_ERROR) IP (RCC) : Parameter (MCOFreq_Value) has invalid value (64000000)
2025-05-02 14:25:38,714 [INFO] ImportTextPane:194 - (OptionalMessage_ERROR) IP (RCC) : Parameter (USBFreq_Value) has invalid value (64000000)
2025-05-02 14:25:39,184 [INFO] ApiDb:581 - Connected to CubeFinder SQLite database (C:\Users\Luke\.stmcufinder\plugins\mcufinder\mcu\cube-finder-db.db)
2025-05-02 14:25:39,335 [INFO] ApiDb:668 - CubeFinder database Data Model version=2.1
2025-05-02 14:25:39,335 [INFO] ApiDb:669 - CubeFinder database Configuration version=3.0.39
2025-05-02 14:25:39,335 [INFO] ApiDb:670 - CubeFinder database generation date=2025-04-23 (1745419778)
2025-05-02 14:25:39,336 [INFO] ApiDb:671 - CubeFinder database FW Pack versions=[FP-ATR-ASTRA1_V2.0.0, FP-SNS-FLIGHT1_V5.1.0, FP-SNS-MOTENV1_V5.0.0, FP-SNS-MOTENVWB1_V1.4.0, FP-SNS-SMARTAG2_V1.2.0, FP-SNS-STBOX1_V2.0.0, STM32Cube_FW_C0_V1.4.0, STM32Cube_FW_F4_V1.28.1, STM32Cube_FW_F7_V1.17.2, STM32Cube_FW_G0_V1.6.2, STM32Cube_FW_G4_V1.6.1, STM32Cube_FW_H5_V1.5.0, STM32Cube_FW_H7RS_V1.2.0, STM32Cube_FW_H7_V1.12.1, STM32Cube_FW_L0_V1.12.2, STM32Cube_FW_L4_V1.18.1, STM32Cube_FW_L5_V1.5.1, STM32Cube_FW_N6_V1.1.1, STM32Cube_FW_U0_V1.2.0, STM32Cube_FW_U3_V1.1.0, STM32Cube_FW_U5_V1.7.0, STM32Cube_FW_WB0_V1.2.0, STM32Cube_FW_WBA_V1.6.0, STM32Cube_FW_WB_V1.22.0, STM32Cube_FW_WL3_V1.1.0, STM32Cube_FW_WL_V1.3.1, X-CUBE-ALGOBUILD_V1.4.0, X-CUBE-ALS_V1.0.2, X-CUBE-AZRTOS-F4_V1.1.0, X-CUBE-AZRTOS-F7_V1.1.0, X-CUBE-AZRTOS-G0_V1.1.0, X-CUBE-AZRTOS-G4_V2.0.0, X-CUBE-AZRTOS-H7RS_V1.1.0, X-CUBE-AZRTOS-H7_V3.3.0, X-CUBE-AZRTOS-L4_V2.0.0, X-CUBE-AZRTOS-L5_V2.0.0, X-CUBE-AZRTOS-WB_V2.0.0, X-CUBE-AZRTOS-WL_V2.0.0, X-CUBE-BLE1_V7.1.0, X-CUBE-BLE2_V3.3.0, X-CUBE-BLEMGR_V4.0.0, X-CUBE-EEPRMA1_V5.1.0, X-CUBE-FREERTOS_V1.3.0, X-CUBE-GNSS1_V6.0.0, X-CUBE-MEMS1_V11.2.0, X-CUBE-NFC4_V3.0.0, X-CUBE-NFC7_V1.0.1, X-CUBE-SFXS2LP1_V4.0.0, X-CUBE-SUBG2_V5.0.0, X-CUBE-TOF1_V3.4.3]
2025-05-02 14:25:39,550 [INFO] DbBoardsSqlite:226 - include board P-NUCLEO-WB55-NUCLEO as a kit item of type 'Nucleo-64'
2025-05-02 14:25:39,550 [INFO] DbBoardsSqlite:226 - include board P-NUCLEO-WB55-USBDONGLE as a kit item of type 'Nucleo USB Dongle'
2025-05-02 14:25:39,552 [INFO] DbBoardsSqlite:226 - include board STEVAL-IDP005V1 as a kit item of type 'Evaluation Board'
2025-05-02 14:25:39,552 [INFO] DbBoardsSqlite:226 - include board STEVAL-IDP005V2 as a kit item of type 'Evaluation Board'
2025-05-02 14:25:40,145 [INFO] ApiDb:240 - Found 483 in-development CPN: [B-G473E-ZEST1S, B-WB1M-WPAN1, B-WL5M-SUBG1, NUCLEO-C031C6, NUCLEO-H503RB, NUCLEO-H533RE, NUCLEO-H563ZI, NUCLEO-H7S3L8, NUCLEO-U031R8, NUCLEO-U083RC, NUCLEO-U545RE-Q, NUCLEO-U5A5ZJ-Q, NUCLEO-WBA52CG, NUCLEO-WBA55CG, STEVAL-PROTEUS1, STEVAL-SMARTAG2, STEVAL-STWINBX1, STM320518-EVAL, STM32C0116-DK, STM32C011D6Y3TR, STM32C011D6Y6TR, STM32C011F4P3, STM32C011F4P6, STM32C011F4U3, STM32C011F4U6TR, STM32C011F6P3, STM32C011F6P6, STM32C011F6U3, STM32C011F6U6TR, STM32C011J4M3, STM32C011J4M6, STM32C011J6M3, STM32C011J6M6, STM32C0316-DK, STM32C031C4T3, STM32C031C4T6, STM32C031C4U3, STM32C031C4U6, STM32C031C6T3, STM32C031C6T6, STM32C031C6U3, STM32C031C6U6, STM32C031F4P3, STM32C031F4P6, STM32C031F6P3, STM32C031F6P6, STM32C031G4U3, STM32C031G4U6, STM32C031G6U3, STM32C031G6U6, STM32C031K4T3, STM32C031K4T6, STM32C031K4U3, STM32C031K4U6, STM32C031K6T3, STM32C031K6T6, STM32C031K6U3, STM32C031K6U6, STM32G071K8TXN, STM32G071K8UXN, STM32G081GBU6N, STM32G081KBT6N, STM32G081KBUXN, STM32G0B1CCT6N, STM32G0B1KCT6, STM32G0B1NEY6TR, STM32G0B1RCT6N, STM32G0C1CCT6, STM32G0C1CCT6N, STM32G0C1CCU6N, STM32G0C1CET6N, STM32G0C1CEU6N, STM32G0C1KCT6, STM32G0C1NEY6TR, STM32G0C1RCI6N, STM32G0C1RCT6N, STM32G0C1REI6N, STM32G0C1RET6N, STM32G0C1VCI6, STM32G0C1VEI6, STM32G471CCT6, STM32G471CCU6, STM32G471CET3, STM32G471CET6, STM32G471CEU3, STM32G471CEU6, STM32G471MCT6, STM32G471MET3, STM32G471MET6, STM32G471MEY6TR, STM32G471QCT6, STM32G471QET3, STM32G471RCT6, STM32G471RET3, STM32G471RET6, STM32G471VCH6, STM32G471VCI6, STM32G471VCT6, STM32G471VEH3, STM32G471VEH6, STM32G471VEI3, STM32G471VEI6, STM32G471VET3, STM32G471VET6, STM32G474CCT6, STM32H503CBT6, STM32H503CBU6, STM32H503EBY6TR, STM32H503KBU6, STM32H503RBT6, STM32H523CCT6, STM32H523CCU6, STM32H523CET6, STM32H523CEU6, STM32H523HEY6TR, STM32H523RCT6, STM32H523RET6, STM32H523VCI6, STM32H523VCT6, STM32H523VEI6, STM32H523VET6, STM32H523ZCJ6, STM32H523ZCT6, STM32H523ZEJ6, STM32H523ZET6, STM32H533CET6, STM32H533CEU6, STM32H533HEY6TR, STM32H533RET6, STM32H533VEI6, STM32H533VET6, STM32H533ZEJ6, STM32H533ZET6, STM32H562AGI6, STM32H562AII6, STM32H562IGK6, STM32H562IGT6, STM32H562IIK6, STM32H562IIT6, STM32H562RGT6, STM32H562RGV6, STM32H562RIT6, STM32H562RIV6, STM32H562VGT6, STM32H562VIT6, STM32H562ZGT6, STM32H562ZIT6, STM32H563AGI6, STM32H563AII3Q, STM32H563AII6, STM32H563IGK6, STM32H563IGT6, STM32H563IIK3Q, STM32H563IIK6, STM32H563IIT3Q, STM32H563IIT6, STM32H563MIY3QTR, STM32H563RGT6, STM32H563RGV6, STM32H563RIT6, STM32H563RIV6, STM32H563VGT6, STM32H563VIT3Q, STM32H563VIT6, STM32H563ZGT6, STM32H563ZIT3Q, STM32H563ZIT6, STM32H573AII3Q, STM32H573AII6, STM32H573I-DK, STM32H573IIK3Q, STM32H573IIK6, STM32H573IIT3Q, STM32H573IIT6, STM32H573MIY3QTR, STM32H573RIT6, STM32H573RIV6, STM32H573VIT3Q, STM32H573VIT6, STM32H573ZIT3Q, STM32H573ZIT6, STM32H7R3A8I6, STM32H7R3I8K6, STM32H7R3I8T6, STM32H7R3L8H6, STM32H7R3L8H6H, STM32H7R3R8V6, STM32H7R3V8H6, STM32H7R3V8T6, STM32H7R3V8Y6, STM32H7R3Z8J6, STM32H7R3Z8T6, STM32H7R7A8I6, STM32H7R7I8K6, STM32H7R7I8T6, STM32H7R7L8H6, STM32H7R7L8H6H, STM32H7R7Z8J6, STM32H7S3A8I6, STM32H7S3I8K6, STM32H7S3I8T6, STM32H7S3L8H6, STM32H7S3L8H6H, STM32H7S3R8V6, STM32H7S3V8H6, STM32H7S3V8T6, STM32H7S3V8Y6, STM32H7S3Z8J6, STM32H7S3Z8T6, STM32H7S78-DK, STM32H7S7A8I6, STM32H7S7I8K6, STM32H7S7I8T6, STM32H7S7L8H6, STM32H7S7L8H6H, STM32H7S7Z8J6, STM32L4R5QGI6STR, STM32MP131AAE3, STM32MP131AAF3, STM32MP131AAG3, STM32MP131CAE3, STM32MP131CAF3, STM32MP131CAG3, STM32MP131DAE7, STM32MP131DAF7, STM32MP131DAG7, STM32MP131FAE7, STM32MP131FAF7, STM32MP131FAG7, STM32MP133AAE3, STM32MP133AAF3, STM32MP133AAG3, STM32MP133CAE3, STM32MP133CAF3, STM32MP133CAG3, STM32MP133DAE7, STM32MP133DAF7, STM32MP133DAG7, STM32MP133FAE7, STM32MP133FAF7, STM32MP133FAG7, STM32MP135AAE3, STM32MP135AAF3, STM32MP135AAG3, STM32MP135CAE3, STM32MP135CAF3, STM32MP135CAG3, STM32MP135DAE7, STM32MP135DAF7, STM32MP135DAG7, STM32MP135F-DK, STM32MP135FAE7, STM32MP135FAF7, STM32MP135FAF7T, STM32MP135FAF7U, STM32MP135FAG7, STM32U031C6T6, STM32U031C6U6, STM32U031C8T6, STM32U031C8U6, STM32U031F4P6, STM32U031F6P6, STM32U031F8P6, STM32U031G6Y6TR, STM32U031G8Y6TR, STM32U031K4U6, STM32U031K6U6, STM32U031K8U6, STM32U031R6I6, STM32U031R6T6, STM32U031R8I6, STM32U031R8T6, STM32U073C8T6, STM32U073C8U6, STM32U073CBT6, STM32U073CBU6, STM32U073CCT6, STM32U073CCU6, STM32U073H8Y6TR, STM32U073HBY6TR, STM32U073HCY6TR, STM32U073K8U6, STM32U073KBU6, STM32U073KCU6, STM32U073M8I6, STM32U073M8T6, STM32U073MBI6, STM32U073MBT6, STM32U073MCI6, STM32U073MCT6, STM32U073R8I6, STM32U073R8T6, STM32U073RBI6, STM32U073RBT6, STM32U073RCI6, STM32U073RCT6, STM32U083C-DK, STM32U083CCT6, STM32U083CCU6, STM32U083HCY6TR, STM32U083KCU6, STM32U083MCI6, STM32U083MCT6, STM32U083RCI6, STM32U083RCT6, STM32U535CBT6, STM32U535CBT6Q, STM32U535CBU6, STM32U535CBU6Q, STM32U535CCT6, STM32U535CCT6Q, STM32U535CCU6, STM32U535CCU6Q, STM32U535CET6, STM32U535CET6Q, STM32U535CEU6, STM32U535CEU6Q, STM32U535JEY6QTR, STM32U535NCY6QTR, STM32U535NEY6QTR, STM32U535RBI6, STM32U535RBI6Q, STM32U535RBT6, STM32U535RBT6Q, STM32U535RCI6, STM32U535RCI6Q, STM32U535RCT6, STM32U535RCT6Q, STM32U535REI6, STM32U535REI6Q, STM32U535RET6, STM32U535RET6Q, STM32U535VCI6, STM32U535VCI6Q, STM32U535VCT6, STM32U535VCT6Q, STM32U535VEI6, STM32U535VEI6Q, STM32U535VET6, STM32U535VET6Q, STM32U545CET6, STM32U545CET6Q, STM32U545CEU6, STM32U545CEU6Q, STM32U545JEY6QTR, STM32U545NEY6QTR, STM32U545REI6, STM32U545REI6Q, STM32U545RET6, STM32U545RET6Q, STM32U545VEI6, STM32U545VEI6Q, STM32U545VET6, STM32U545VET6Q, STM32U595AIH6, STM32U595AIH6Q, STM32U595AJH6, STM32U595AJH6Q, STM32U595QII6, STM32U595QII6Q, STM32U595QJI6, STM32U595QJI6Q, STM32U595RIT6, STM32U595RIT6Q, STM32U595RJT6, STM32U595RJT6Q, STM32U595VIT6, STM32U595VIT6Q, STM32U595VJT6, STM32U595VJT6Q, STM32U595ZIT6, STM32U595ZIT6Q, STM32U595ZIY6QTR, STM32U595ZJT6, STM32U595ZJT6Q, STM32U595ZJY6QTR, STM32U599BJY6QTR, STM32U599NIH6Q, STM32U599NJH6Q, STM32U599VIT6Q, STM32U599VJT6, STM32U599VJT6Q, STM32U599ZIT6Q, STM32U599ZIY6QTR, STM32U599ZJT6Q, STM32U599ZJY6QTR, STM32U5A5AJH6, STM32U5A5AJH6Q, STM32U5A5QII3Q , STM32U5A5QJI6, STM32U5A5QJI6Q, STM32U5A5RJT6, STM32U5A5RJT6Q, STM32U5A5VJT6, STM32U5A5VJT6Q, STM32U5A5ZJT6, STM32U5A5ZJT6Q, STM32U5A5ZJY6QTR, STM32U5A9BJY6QTR, STM32U5A9J-DK, STM32U5A9NJH6Q, STM32U5A9VJT6Q, STM32U5A9ZJT6Q, STM32U5A9ZJY6QTR, STM32U5F7VIT6, STM32U5F7VIT6Q, STM32U5F7VJT6, STM32U5F7VJT6Q, STM32U5F9BJY6QTR, STM32U5F9NJH6Q, STM32U5F9VIT6Q, STM32U5F9VJT6Q, STM32U5F9ZIJ6QTR, STM32U5F9ZIT6Q, STM32U5F9ZJJ6QTR, STM32U5F9ZJT6Q, STM32U5G7VJT6, STM32U5G7VJT6Q, STM32U5G9BJY6QTR, STM32U5G9J-DK1, STM32U5G9J-DK2, STM32U5G9NJH6Q, STM32U5G9VJT6Q, STM32U5G9ZJJ6QTR, STM32U5G9ZJT6Q, STM32WB1MMCH6, STM32WBA50KEU6, STM32WBA50KEU6TR, STM32WBA50KGU6, STM32WBA50KGU6TR, STM32WBA52CEU6, STM32WBA52CEU6TR, STM32WBA52CEU7, STM32WBA52CEU7TR, STM32WBA52CGU6, STM32WBA52CGU6TR, STM32WBA52CGU6U, STM32WBA52CGU7, STM32WBA52CGU7TR, STM32WBA52KEU6, STM32WBA52KEU6TR, STM32WBA52KGU6, STM32WBA52KGU6TR, STM32WBA54CEU6, STM32WBA54CEU6TR, STM32WBA54CEU7, STM32WBA54CEU7TR, STM32WBA54CGU6, STM32WBA54CGU6TR, STM32WBA54CGU7, STM32WBA54CGU7TR, STM32WBA54KEU6, STM32WBA54KEU6TR, STM32WBA54KEU7, STM32WBA54KEU7TR, STM32WBA54KGU6, STM32WBA54KGU6TR, STM32WBA54KGU7, STM32WBA54KGU7TR, STM32WBA55CEU6, STM32WBA55CEU6TR, STM32WBA55CEU7, STM32WBA55CEU7TR, STM32WBA55CGU6, STM32WBA55CGU6TR, STM32WBA55CGU6U, STM32WBA55CGU7, STM32WBA55CGU7TR, STM32WBA55G-DK1, STM32WBA55HEF6, STM32WBA55HEF7, STM32WBA55HGF6, STM32WBA55HGF7, STM32WBA55UEI6, STM32WBA55UEI6TR, STM32WBA55UEI7, STM32WBA55UEI7TR, STM32WBA55UGI6, STM32WBA55UGI6TR, STM32WBA55UGI7, STM32WBA55UGI7TR, STM32WL5MOCH6, STM32WL5MOCH6TR]
2025-05-02 14:25:40,148 [INFO] ApiDb:668 - CubeFinder database Data Model version=2.1
2025-05-02 14:25:40,149 [INFO] ApiDb:669 - CubeFinder database Configuration version=3.0.39
2025-05-02 14:25:40,149 [INFO] ApiDb:670 - CubeFinder database generation date=2025-04-23 (1745419778)
2025-05-02 14:25:40,149 [INFO] ApiDb:671 - CubeFinder database FW Pack versions=[FP-ATR-ASTRA1_V2.0.0, FP-SNS-FLIGHT1_V5.1.0, FP-SNS-MOTENV1_V5.0.0, FP-SNS-MOTENVWB1_V1.4.0, FP-SNS-SMARTAG2_V1.2.0, FP-SNS-STBOX1_V2.0.0, STM32Cube_FW_C0_V1.4.0, STM32Cube_FW_F4_V1.28.1, STM32Cube_FW_F7_V1.17.2, STM32Cube_FW_G0_V1.6.2, STM32Cube_FW_G4_V1.6.1, STM32Cube_FW_H5_V1.5.0, STM32Cube_FW_H7RS_V1.2.0, STM32Cube_FW_H7_V1.12.1, STM32Cube_FW_L0_V1.12.2, STM32Cube_FW_L4_V1.18.1, STM32Cube_FW_L5_V1.5.1, STM32Cube_FW_N6_V1.1.1, STM32Cube_FW_U0_V1.2.0, STM32Cube_FW_U3_V1.1.0, STM32Cube_FW_U5_V1.7.0, STM32Cube_FW_WB0_V1.2.0, STM32Cube_FW_WBA_V1.6.0, STM32Cube_FW_WB_V1.22.0, STM32Cube_FW_WL3_V1.1.0, STM32Cube_FW_WL_V1.3.1, X-CUBE-ALGOBUILD_V1.4.0, X-CUBE-ALS_V1.0.2, X-CUBE-AZRTOS-F4_V1.1.0, X-CUBE-AZRTOS-F7_V1.1.0, X-CUBE-AZRTOS-G0_V1.1.0, X-CUBE-AZRTOS-G4_V2.0.0, X-CUBE-AZRTOS-H7RS_V1.1.0, X-CUBE-AZRTOS-H7_V3.3.0, X-CUBE-AZRTOS-L4_V2.0.0, X-CUBE-AZRTOS-L5_V2.0.0, X-CUBE-AZRTOS-WB_V2.0.0, X-CUBE-AZRTOS-WL_V2.0.0, X-CUBE-BLE1_V7.1.0, X-CUBE-BLE2_V3.3.0, X-CUBE-BLEMGR_V4.0.0, X-CUBE-EEPRMA1_V5.1.0, X-CUBE-FREERTOS_V1.3.0, X-CUBE-GNSS1_V6.0.0, X-CUBE-MEMS1_V11.2.0, X-CUBE-NFC4_V3.0.0, X-CUBE-NFC7_V1.0.1, X-CUBE-SFXS2LP1_V4.0.0, X-CUBE-SUBG2_V5.0.0, X-CUBE-TOF1_V3.4.3]
2025-05-02 14:25:42,876 [INFO] ApiDb:240 - Found 483 in-development CPN: [B-G473E-ZEST1S, B-WB1M-WPAN1, B-WL5M-SUBG1, NUCLEO-C031C6, NUCLEO-H503RB, NUCLEO-H533RE, NUCLEO-H563ZI, NUCLEO-H7S3L8, NUCLEO-U031R8, NUCLEO-U083RC, NUCLEO-U545RE-Q, NUCLEO-U5A5ZJ-Q, NUCLEO-WBA52CG, NUCLEO-WBA55CG, STEVAL-PROTEUS1, STEVAL-SMARTAG2, STEVAL-STWINBX1, STM320518-EVAL, STM32C0116-DK, STM32C011D6Y3TR, STM32C011D6Y6TR, STM32C011F4P3, STM32C011F4P6, STM32C011F4U3, STM32C011F4U6TR, STM32C011F6P3, STM32C011F6P6, STM32C011F6U3, STM32C011F6U6TR, STM32C011J4M3, STM32C011J4M6, STM32C011J6M3, STM32C011J6M6, STM32C0316-DK, STM32C031C4T3, STM32C031C4T6, STM32C031C4U3, STM32C031C4U6, STM32C031C6T3, STM32C031C6T6, STM32C031C6U3, STM32C031C6U6, STM32C031F4P3, STM32C031F4P6, STM32C031F6P3, STM32C031F6P6, STM32C031G4U3, STM32C031G4U6, STM32C031G6U3, STM32C031G6U6, STM32C031K4T3, STM32C031K4T6, STM32C031K4U3, STM32C031K4U6, STM32C031K6T3, STM32C031K6T6, STM32C031K6U3, STM32C031K6U6, STM32G071K8TXN, STM32G071K8UXN, STM32G081GBU6N, STM32G081KBT6N, STM32G081KBUXN, STM32G0B1CCT6N, STM32G0B1KCT6, STM32G0B1NEY6TR, STM32G0B1RCT6N, STM32G0C1CCT6, STM32G0C1CCT6N, STM32G0C1CCU6N, STM32G0C1CET6N, STM32G0C1CEU6N, STM32G0C1KCT6, STM32G0C1NEY6TR, STM32G0C1RCI6N, STM32G0C1RCT6N, STM32G0C1REI6N, STM32G0C1RET6N, STM32G0C1VCI6, STM32G0C1VEI6, STM32G471CCT6, STM32G471CCU6, STM32G471CET3, STM32G471CET6, STM32G471CEU3, STM32G471CEU6, STM32G471MCT6, STM32G471MET3, STM32G471MET6, STM32G471MEY6TR, STM32G471QCT6, STM32G471QET3, STM32G471RCT6, STM32G471RET3, STM32G471RET6, STM32G471VCH6, STM32G471VCI6, STM32G471VCT6, STM32G471VEH3, STM32G471VEH6, STM32G471VEI3, STM32G471VEI6, STM32G471VET3, STM32G471VET6, STM32G474CCT6, STM32H503CBT6, STM32H503CBU6, STM32H503EBY6TR, STM32H503KBU6, STM32H503RBT6, STM32H523CCT6, STM32H523CCU6, STM32H523CET6, STM32H523CEU6, STM32H523HEY6TR, STM32H523RCT6, STM32H523RET6, STM32H523VCI6, STM32H523VCT6, STM32H523VEI6, STM32H523VET6, STM32H523ZCJ6, STM32H523ZCT6, STM32H523ZEJ6, STM32H523ZET6, STM32H533CET6, STM32H533CEU6, STM32H533HEY6TR, STM32H533RET6, STM32H533VEI6, STM32H533VET6, STM32H533ZEJ6, STM32H533ZET6, STM32H562AGI6, STM32H562AII6, STM32H562IGK6, STM32H562IGT6, STM32H562IIK6, STM32H562IIT6, STM32H562RGT6, STM32H562RGV6, STM32H562RIT6, STM32H562RIV6, STM32H562VGT6, STM32H562VIT6, STM32H562ZGT6, STM32H562ZIT6, STM32H563AGI6, STM32H563AII3Q, STM32H563AII6, STM32H563IGK6, STM32H563IGT6, STM32H563IIK3Q, STM32H563IIK6, STM32H563IIT3Q, STM32H563IIT6, STM32H563MIY3QTR, STM32H563RGT6, STM32H563RGV6, STM32H563RIT6, STM32H563RIV6, STM32H563VGT6, STM32H563VIT3Q, STM32H563VIT6, STM32H563ZGT6, STM32H563ZIT3Q, STM32H563ZIT6, STM32H573AII3Q, STM32H573AII6, STM32H573I-DK, STM32H573IIK3Q, STM32H573IIK6, STM32H573IIT3Q, STM32H573IIT6, STM32H573MIY3QTR, STM32H573RIT6, STM32H573RIV6, STM32H573VIT3Q, STM32H573VIT6, STM32H573ZIT3Q, STM32H573ZIT6, STM32H7R3A8I6, STM32H7R3I8K6, STM32H7R3I8T6, STM32H7R3L8H6, STM32H7R3L8H6H, STM32H7R3R8V6, STM32H7R3V8H6, STM32H7R3V8T6, STM32H7R3V8Y6, STM32H7R3Z8J6, STM32H7R3Z8T6, STM32H7R7A8I6, STM32H7R7I8K6, STM32H7R7I8T6, STM32H7R7L8H6, STM32H7R7L8H6H, STM32H7R7Z8J6, STM32H7S3A8I6, STM32H7S3I8K6, STM32H7S3I8T6, STM32H7S3L8H6, STM32H7S3L8H6H, STM32H7S3R8V6, STM32H7S3V8H6, STM32H7S3V8T6, STM32H7S3V8Y6, STM32H7S3Z8J6, STM32H7S3Z8T6, STM32H7S78-DK, STM32H7S7A8I6, STM32H7S7I8K6, STM32H7S7I8T6, STM32H7S7L8H6, STM32H7S7L8H6H, STM32H7S7Z8J6, STM32L4R5QGI6STR, STM32MP131AAE3, STM32MP131AAF3, STM32MP131AAG3, STM32MP131CAE3, STM32MP131CAF3, STM32MP131CAG3, STM32MP131DAE7, STM32MP131DAF7, STM32MP131DAG7, STM32MP131FAE7, STM32MP131FAF7, STM32MP131FAG7, STM32MP133AAE3, STM32MP133AAF3, STM32MP133AAG3, STM32MP133CAE3, STM32MP133CAF3, STM32MP133CAG3, STM32MP133DAE7, STM32MP133DAF7, STM32MP133DAG7, STM32MP133FAE7, STM32MP133FAF7, STM32MP133FAG7, STM32MP135AAE3, STM32MP135AAF3, STM32MP135AAG3, STM32MP135CAE3, STM32MP135CAF3, STM32MP135CAG3, STM32MP135DAE7, STM32MP135DAF7, STM32MP135DAG7, STM32MP135F-DK, STM32MP135FAE7, STM32MP135FAF7, STM32MP135FAF7T, STM32MP135FAF7U, STM32MP135FAG7, STM32U031C6T6, STM32U031C6U6, STM32U031C8T6, STM32U031C8U6, STM32U031F4P6, STM32U031F6P6, STM32U031F8P6, STM32U031G6Y6TR, STM32U031G8Y6TR, STM32U031K4U6, STM32U031K6U6, STM32U031K8U6, STM32U031R6I6, STM32U031R6T6, STM32U031R8I6, STM32U031R8T6, STM32U073C8T6, STM32U073C8U6, STM32U073CBT6, STM32U073CBU6, STM32U073CCT6, STM32U073CCU6, STM32U073H8Y6TR, STM32U073HBY6TR, STM32U073HCY6TR, STM32U073K8U6, STM32U073KBU6, STM32U073KCU6, STM32U073M8I6, STM32U073M8T6, STM32U073MBI6, STM32U073MBT6, STM32U073MCI6, STM32U073MCT6, STM32U073R8I6, STM32U073R8T6, STM32U073RBI6, STM32U073RBT6, STM32U073RCI6, STM32U073RCT6, STM32U083C-DK, STM32U083CCT6, STM32U083CCU6, STM32U083HCY6TR, STM32U083KCU6, STM32U083MCI6, STM32U083MCT6, STM32U083RCI6, STM32U083RCT6, STM32U535CBT6, STM32U535CBT6Q, STM32U535CBU6, STM32U535CBU6Q, STM32U535CCT6, STM32U535CCT6Q, STM32U535CCU6, STM32U535CCU6Q, STM32U535CET6, STM32U535CET6Q, STM32U535CEU6, STM32U535CEU6Q, STM32U535JEY6QTR, STM32U535NCY6QTR, STM32U535NEY6QTR, STM32U535RBI6, STM32U535RBI6Q, STM32U535RBT6, STM32U535RBT6Q, STM32U535RCI6, STM32U535RCI6Q, STM32U535RCT6, STM32U535RCT6Q, STM32U535REI6, STM32U535REI6Q, STM32U535RET6, STM32U535RET6Q, STM32U535VCI6, STM32U535VCI6Q, STM32U535VCT6, STM32U535VCT6Q, STM32U535VEI6, STM32U535VEI6Q, STM32U535VET6, STM32U535VET6Q, STM32U545CET6, STM32U545CET6Q, STM32U545CEU6, STM32U545CEU6Q, STM32U545JEY6QTR, STM32U545NEY6QTR, STM32U545REI6, STM32U545REI6Q, STM32U545RET6, STM32U545RET6Q, STM32U545VEI6, STM32U545VEI6Q, STM32U545VET6, STM32U545VET6Q, STM32U595AIH6, STM32U595AIH6Q, STM32U595AJH6, STM32U595AJH6Q, STM32U595QII6, STM32U595QII6Q, STM32U595QJI6, STM32U595QJI6Q, STM32U595RIT6, STM32U595RIT6Q, STM32U595RJT6, STM32U595RJT6Q, STM32U595VIT6, STM32U595VIT6Q, STM32U595VJT6, STM32U595VJT6Q, STM32U595ZIT6, STM32U595ZIT6Q, STM32U595ZIY6QTR, STM32U595ZJT6, STM32U595ZJT6Q, STM32U595ZJY6QTR, STM32U599BJY6QTR, STM32U599NIH6Q, STM32U599NJH6Q, STM32U599VIT6Q, STM32U599VJT6, STM32U599VJT6Q, STM32U599ZIT6Q, STM32U599ZIY6QTR, STM32U599ZJT6Q, STM32U599ZJY6QTR, STM32U5A5AJH6, STM32U5A5AJH6Q, STM32U5A5QII3Q , STM32U5A5QJI6, STM32U5A5QJI6Q, STM32U5A5RJT6, STM32U5A5RJT6Q, STM32U5A5VJT6, STM32U5A5VJT6Q, STM32U5A5ZJT6, STM32U5A5ZJT6Q, STM32U5A5ZJY6QTR, STM32U5A9BJY6QTR, STM32U5A9J-DK, STM32U5A9NJH6Q, STM32U5A9VJT6Q, STM32U5A9ZJT6Q, STM32U5A9ZJY6QTR, STM32U5F7VIT6, STM32U5F7VIT6Q, STM32U5F7VJT6, STM32U5F7VJT6Q, STM32U5F9BJY6QTR, STM32U5F9NJH6Q, STM32U5F9VIT6Q, STM32U5F9VJT6Q, STM32U5F9ZIJ6QTR, STM32U5F9ZIT6Q, STM32U5F9ZJJ6QTR, STM32U5F9ZJT6Q, STM32U5G7VJT6, STM32U5G7VJT6Q, STM32U5G9BJY6QTR, STM32U5G9J-DK1, STM32U5G9J-DK2, STM32U5G9NJH6Q, STM32U5G9VJT6Q, STM32U5G9ZJJ6QTR, STM32U5G9ZJT6Q, STM32WB1MMCH6, STM32WBA50KEU6, STM32WBA50KEU6TR, STM32WBA50KGU6, STM32WBA50KGU6TR, STM32WBA52CEU6, STM32WBA52CEU6TR, STM32WBA52CEU7, STM32WBA52CEU7TR, STM32WBA52CGU6, STM32WBA52CGU6TR, STM32WBA52CGU6U, STM32WBA52CGU7, STM32WBA52CGU7TR, STM32WBA52KEU6, STM32WBA52KEU6TR, STM32WBA52KGU6, STM32WBA52KGU6TR, STM32WBA54CEU6, STM32WBA54CEU6TR, STM32WBA54CEU7, STM32WBA54CEU7TR, STM32WBA54CGU6, STM32WBA54CGU6TR, STM32WBA54CGU7, STM32WBA54CGU7TR, STM32WBA54KEU6, STM32WBA54KEU6TR, STM32WBA54KEU7, STM32WBA54KEU7TR, STM32WBA54KGU6, STM32WBA54KGU6TR, STM32WBA54KGU7, STM32WBA54KGU7TR, STM32WBA55CEU6, STM32WBA55CEU6TR, STM32WBA55CEU7, STM32WBA55CEU7TR, STM32WBA55CGU6, STM32WBA55CGU6TR, STM32WBA55CGU6U, STM32WBA55CGU7, STM32WBA55CGU7TR, STM32WBA55G-DK1, STM32WBA55HEF6, STM32WBA55HEF7, STM32WBA55HGF6, STM32WBA55HGF7, STM32WBA55UEI6, STM32WBA55UEI6TR, STM32WBA55UEI7, STM32WBA55UEI7TR, STM32WBA55UGI6, STM32WBA55UGI6TR, STM32WBA55UGI7, STM32WBA55UGI7TR, STM32WL5MOCH6, STM32WL5MOCH6TR]
2025-05-02 14:25:42,882 [INFO] DbMcus:218 - Found 4657 MCUs, 4657 are supported
2025-05-02 14:25:42,883 [INFO] ApiDb:423 - Load user favorites file C:\Users\Luke/.stm32cubeide/favorites.mcus.txt: 0 item(s)
2025-05-02 14:25:42,884 [INFO] ApiDb:427 - User favorites MCUs=[]
2025-05-02 14:25:42,884 [INFO] DbMcus:224 - Set 0 / 0 favorites MCUs
2025-05-02 14:25:43,595 [INFO] BoardInfo:889 - No configuration file found for board NUCLEO-C051C8
2025-05-02 14:25:43,598 [INFO] DbBoards:161 - Board is not supported: NUCLEO-C051C8
2025-05-02 14:25:43,621 [INFO] BoardInfo:889 - No configuration file found for board NUCLEO-C071RB
2025-05-02 14:25:43,626 [INFO] DbBoards:161 - Board is not supported: NUCLEO-C071RB
2025-05-02 14:25:43,648 [INFO] BoardInfo:889 - No configuration file found for board NUCLEO-C092RC
2025-05-02 14:25:43,650 [INFO] DbBoards:161 - Board is not supported: NUCLEO-C092RC
2025-05-02 14:25:44,907 [INFO] BoardInfo:889 - No configuration file found for board NUCLEO-N657X0-Q
2025-05-02 14:25:44,908 [INFO] DbBoards:161 - Board is not supported: NUCLEO-N657X0-Q
2025-05-02 14:25:44,950 [INFO] BoardInfo:889 - No configuration file found for board NUCLEO-U385RG-Q
2025-05-02 14:25:44,952 [INFO] DbBoards:161 - Board is not supported: NUCLEO-U385RG-Q
2025-05-02 14:25:45,003 [INFO] BoardInfo:889 - No configuration file found for board NUCLEO-WB05KZ
2025-05-02 14:25:45,005 [INFO] DbBoards:161 - Board is not supported: NUCLEO-WB05KZ
2025-05-02 14:25:45,014 [INFO] BoardInfo:889 - No configuration file found for board NUCLEO-WB07CC
2025-05-02 14:25:45,016 [INFO] DbBoards:161 - Board is not supported: NUCLEO-WB07CC
2025-05-02 14:25:45,027 [INFO] BoardInfo:889 - No configuration file found for board NUCLEO-WB09KE
2025-05-02 14:25:45,028 [INFO] DbBoards:161 - Board is not supported: NUCLEO-WB09KE
2025-05-02 14:25:45,091 [INFO] BoardInfo:889 - No configuration file found for board NUCLEO-WBA65RI
2025-05-02 14:25:45,092 [INFO] DbBoards:161 - Board is not supported: NUCLEO-WBA65RI
2025-05-02 14:25:45,105 [INFO] BoardInfo:889 - No configuration file found for board NUCLEO-WL33CC1
2025-05-02 14:25:45,106 [INFO] DbBoards:161 - Board is not supported: NUCLEO-WL33CC1
2025-05-02 14:25:45,118 [INFO] BoardInfo:889 - No configuration file found for board NUCLEO-WL33CC2
2025-05-02 14:25:45,119 [INFO] DbBoards:161 - Board is not supported: NUCLEO-WL33CC2
2025-05-02 14:25:45,184 [INFO] BoardInfo:889 - No configuration file found for board P-NUCLEO-WB55
2025-05-02 14:25:45,186 [INFO] DbBoards:161 - Kit is not supported: P-NUCLEO-WB55
2025-05-02 14:25:45,240 [INFO] BoardInfo:889 - No configuration file found for board STEVAL-BFA001V1B
2025-05-02 14:25:45,243 [INFO] DbBoards:161 - Kit is not supported: STEVAL-BFA001V1B
2025-05-02 14:25:45,257 [INFO] BoardInfo:889 - No configuration file found for board STEVAL-BFA001V2B
2025-05-02 14:25:45,259 [INFO] DbBoards:161 - Kit is not supported: STEVAL-BFA001V2B
2025-05-02 14:25:46,960 [INFO] BoardInfo:889 - No configuration file found for board STM32MP257F-DK
2025-05-02 14:25:46,961 [INFO] DbBoards:161 - Board is not supported: STM32MP257F-DK
2025-05-02 14:25:46,974 [INFO] BoardInfo:889 - No configuration file found for board STM32MP257F-EV1
2025-05-02 14:25:46,976 [INFO] DbBoards:161 - Board is not supported: STM32MP257F-EV1
2025-05-02 14:25:46,987 [INFO] BoardInfo:889 - No configuration file found for board STM32N6570-DK
2025-05-02 14:25:46,989 [INFO] DbBoards:161 - Board is not supported: STM32N6570-DK
2025-05-02 14:25:47,104 [INFO] BoardInfo:889 - No configuration file found for board STM32WBA65I-DK1
2025-05-02 14:25:47,112 [INFO] DbBoards:161 - Board is not supported: STM32WBA65I-DK1
2025-05-02 14:25:47,113 [INFO] DbBoards:168 - Found 210 boards, 192 are supported
2025-05-02 14:25:47,113 [INFO] DbBoards:169 - Found 210 boards, 8 of them is supported for  Bsp
2025-05-02 14:25:47,124 [INFO] ApiDb:423 - Load user favorites file C:\Users\Luke/.stm32cubeide/favorites.boards.txt: 1 item(s)
2025-05-02 14:25:47,124 [INFO] ApiDb:427 - User favorites Boards=[NUCLEO-F103RB]
2025-05-02 14:25:47,124 [INFO] DbBoards:198 - Set 1 / 1 favorites Boards
2025-05-02 14:25:47,194 [INFO] UtilMem:75 - End LoadConfig() Used Memory: 385755552 Bytes (665845760)
2025-05-02 14:25:47,411 [WARN] ThirdParty:833 - waiting for thirdparty lock release [change project]
2025-05-02 14:25:47,411 [INFO] ThirdParty:835 - entering critical section [change project]
2025-05-02 14:25:47,411 [INFO] ThirdParty:1030 - CMSIS Pack Vendor :STMicroelectronics USBPD 4.1
2025-05-02 14:25:47,411 [INFO] ThirdParty:1030 - CMSIS Pack Vendor :STMicroelectronics X-CUBE-AZRTOS-H7 3.3.0
2025-05-02 14:25:47,411 [INFO] ThirdParty:1030 - CMSIS Pack Vendor :STMicroelectronics X-CUBE-NFC9 1.0.0
2025-05-02 14:25:47,411 [INFO] ThirdParty:1030 - CMSIS Pack Vendor :STMicroelectronics X-CUBE-GNSS1 6.0.0
2025-05-02 14:25:47,411 [INFO] ThirdParty:1030 - CMSIS Pack Vendor :STMicroelectronics USB_HOST 2.0.0
2025-05-02 14:25:47,411 [INFO] ThirdParty:1030 - CMSIS Pack Vendor :STMicroelectronics FP-SNS-MOTENVWB1 1.4.0
2025-05-02 14:25:47,411 [INFO] ThirdParty:1030 - CMSIS Pack Vendor :STMicroelectronics X-CUBE-AZRTOS-F4 1.1.0
2025-05-02 14:25:47,411 [INFO] ThirdParty:1030 - CMSIS Pack Vendor :STMicroelectronics LIBJPEG 8.0.0
2025-05-02 14:25:47,411 [INFO] ThirdParty:1030 - CMSIS Pack Vendor :STMicroelectronics FP-ATR-ASTRA1 2.0.2
2025-05-02 14:25:47,411 [INFO] ThirdParty:1030 - CMSIS Pack Vendor :STMicroelectronics FP-ATR-ASTRA1 2.0.1
2025-05-02 14:25:47,411 [INFO] ThirdParty:1030 - CMSIS Pack Vendor :STMicroelectronics X-CUBE-BLE1 7.1.0
2025-05-02 14:25:47,411 [INFO] ThirdParty:1030 - CMSIS Pack Vendor :STMicroelectronics X-CUBE-SMBUS 2.1.0
2025-05-02 14:25:47,411 [INFO] ThirdParty:1030 - CMSIS Pack Vendor :STMicroelectronics X-CUBE-WB05N 1.1.0
2025-05-02 14:25:47,411 [INFO] ThirdParty:1030 - CMSIS Pack Vendor :STMicroelectronics USB_DEVICE 3.0.0
2025-05-02 14:25:47,411 [INFO] ThirdParty:1030 - CMSIS Pack Vendor :STMicroelectronics X-CUBE-TCPP 4.1.0
2025-05-02 14:25:47,411 [INFO] ThirdParty:1030 - CMSIS Pack Vendor :STMicroelectronics X-CUBE-ISPU 2.1.0
2025-05-02 14:25:47,411 [INFO] ThirdParty:1030 - CMSIS Pack Vendor :STMicroelectronics X-CUBE-FREERTOS 1.2.0
2025-05-02 14:25:47,412 [INFO] ThirdParty:1030 - CMSIS Pack Vendor :STMicroelectronics X-CUBE-AZRTOS-WB 2.0.0
2025-05-02 14:25:47,412 [INFO] ThirdParty:1030 - CMSIS Pack Vendor :STMicroelectronics X-CUBE-GNSS1 7.0.1
2025-05-02 14:25:47,412 [INFO] ThirdParty:1030 - CMSIS Pack Vendor :STMicroelectronics X-CUBE-AZRTOS-F7 1.1.0
2025-05-02 14:25:47,412 [INFO] ThirdParty:1030 - CMSIS Pack Vendor :STMicroelectronics X-CUBE-AZRTOS-L5 2.0.0
2025-05-02 14:25:47,412 [INFO] ThirdParty:1030 - CMSIS Pack Vendor :STMicroelectronics X-CUBE-TOUCHGFX 4.25.0
2025-05-02 14:25:47,412 [INFO] ThirdParty:1030 - CMSIS Pack Vendor :STMicroelectronics USB_DEVICE 2.0.0
2025-05-02 14:25:47,412 [INFO] ThirdParty:1030 - CMSIS Pack Vendor :STMicroelectronics X-CUBE-NFC6 3.1.0
2025-05-02 14:25:47,412 [INFO] ThirdParty:1030 - CMSIS Pack Vendor :STMicroelectronics FP-SNS-STBOX1 2.0.0
2025-05-02 14:25:47,412 [INFO] ThirdParty:1030 - CMSIS Pack Vendor :STMicroelectronics X-CUBE-MEMS1 11.2.0
2025-05-02 14:25:47,412 [INFO] ThirdParty:1030 - CMSIS Pack Vendor :STMicroelectronics FreeRTOS 0.0.1
2025-05-02 14:25:47,412 [INFO] ThirdParty:1030 - CMSIS Pack Vendor :STMicroelectronics X-CUBE-AZRTOS-G0 1.1.0
2025-05-02 14:25:47,412 [INFO] ThirdParty:1030 - CMSIS Pack Vendor :STMicroelectronics X-CUBE-SAFEA1 1.2.2
2025-05-02 14:25:47,412 [INFO] ThirdParty:1030 - CMSIS Pack Vendor :STMicroelectronics X-CUBE-NFC4 3.0.0
2025-05-02 14:25:47,413 [INFO] ThirdParty:1030 - CMSIS Pack Vendor :STMicroelectronics X-CUBE-DPower 1.2.0
2025-05-02 14:25:47,413 [INFO] ThirdParty:1030 - CMSIS Pack Vendor :STMicroelectronics X-CUBE-SUBG2 5.0.0
2025-05-02 14:25:47,413 [INFO] ThirdParty:1030 - CMSIS Pack Vendor :STMicroelectronics X-CUBE-AZRTOS-H7RS 1.1.0
2025-05-02 14:25:47,413 [INFO] ThirdParty:1030 - CMSIS Pack Vendor :STMicroelectronics STM32_WPAN 1.0.0
2025-05-02 14:25:47,413 [INFO] ThirdParty:1030 - CMSIS Pack Vendor :EmbeddedOffice I-CUBE-FS-RTOS 1.0.1
2025-05-02 14:25:47,413 [INFO] ThirdParty:1030 - CMSIS Pack Vendor :STMicroelectronics lwIP 2.0.3
2025-05-02 14:25:47,413 [INFO] ThirdParty:1030 - CMSIS Pack Vendor :STMicroelectronics FP-SNS-FLIGHT1 5.0.2
2025-05-02 14:25:47,413 [INFO] ThirdParty:1030 - CMSIS Pack Vendor :Cesanta I-CUBE-Mongoose 7.13.0
2025-05-02 14:25:47,413 [INFO] ThirdParty:1030 - CMSIS Pack Vendor :STMicroelectronics USB_HOST 1.0.0
2025-05-02 14:25:47,413 [INFO] ThirdParty:1030 - CMSIS Pack Vendor :STMicroelectronics X-CUBE-AI 9.0.0
2025-05-02 14:25:47,413 [INFO] ThirdParty:1030 - CMSIS Pack Vendor :STMicroelectronics X-CUBE-AZRTOS-G4 2.0.0
2025-05-02 14:25:47,413 [INFO] ThirdParty:1030 - CMSIS Pack Vendor :STMicroelectronics X-CUBE-WB05N 2.0.0
2025-05-02 14:25:47,413 [INFO] ThirdParty:1030 - CMSIS Pack Vendor :STMicroelectronics PDM2PCM 3.1.0
2025-05-02 14:25:47,413 [INFO] ThirdParty:1030 - CMSIS Pack Vendor :STMicroelectronics PDM2PCM 3.3.0
2025-05-02 14:25:47,413 [INFO] ThirdParty:1030 - CMSIS Pack Vendor :STMicroelectronics X-CUBE-DISPLAY 3.0.0
2025-05-02 14:25:47,413 [INFO] ThirdParty:1030 - CMSIS Pack Vendor :RealThread X-CUBE-RT-Thread_Nano 4.1.1
2025-05-02 14:25:47,413 [INFO] ThirdParty:1030 - CMSIS Pack Vendor :wolfSSL I-CUBE-wolfSSL 5.7.0
2025-05-02 14:25:47,413 [INFO] ThirdParty:1030 - CMSIS Pack Vendor :STMicroelectronics X-CUBE-BLE1 7.0.0
2025-05-02 14:25:47,413 [INFO] ThirdParty:1030 - CMSIS Pack Vendor :STMicroelectronics FP-ATR-SIGFOX1 3.2.0
2025-05-02 14:25:47,413 [INFO] ThirdParty:1030 - CMSIS Pack Vendor :STMicroelectronics X-CUBE-NFC10 1.0.0
2025-05-02 14:25:47,413 [INFO] ThirdParty:1030 - CMSIS Pack Vendor :quantropi X-CUBE-qispace-sdk-base 1.9.3
2025-05-02 14:25:47,413 [INFO] ThirdParty:1030 - CMSIS Pack Vendor :STMicroelectronics X-CUBE-ISPU 2.0.0
2025-05-02 14:25:47,414 [INFO] ThirdParty:1030 - CMSIS Pack Vendor :STMicroelectronics X-CUBE-BLEMGR 4.0.0
2025-05-02 14:25:47,414 [INFO] ThirdParty:1030 - CMSIS Pack Vendor :STMicroelectronics X-CUBE-EEPRMA1 5.1.0
2025-05-02 14:25:47,414 [INFO] ThirdParty:1030 - CMSIS Pack Vendor :STMicroelectronics HAL Drivers 0.0.0
2025-05-02 14:25:47,414 [INFO] ThirdParty:1030 - CMSIS Pack Vendor :STMicroelectronics MBEDTLS 2.16.2
2025-05-02 14:25:47,414 [INFO] ThirdParty:1030 - CMSIS Pack Vendor :STMicroelectronics X-CUBE-ALS 1.0.2
2025-05-02 14:25:47,414 [INFO] ThirdParty:1030 - CMSIS Pack Vendor :emotas I-CUBE-CANOPEN 1.3.0
2025-05-02 14:25:47,414 [INFO] ThirdParty:1030 - CMSIS Pack Vendor :STMicroelectronics X-CUBE-FREERTOS 1.3.0
2025-05-02 14:25:47,414 [INFO] ThirdParty:1030 - CMSIS Pack Vendor :STMicroelectronics X-CUBE-MEMS1 10.0.0
2025-05-02 14:25:47,414 [INFO] ThirdParty:1030 - CMSIS Pack Vendor :STMicroelectronics X-CUBE-NFC7 1.0.1
2025-05-02 14:25:47,414 [INFO] ThirdParty:1030 - CMSIS Pack Vendor :STMicroelectronics MBEDTLS 2.14.1
2025-05-02 14:25:47,414 [INFO] ThirdParty:1030 - CMSIS Pack Vendor :STMicroelectronics X-CUBE-TOUCHGFX 4.24.0
2025-05-02 14:25:47,414 [INFO] ThirdParty:1030 - CMSIS Pack Vendor :ITTIA_DB I-CUBE-ITTIADB 8.9.0
2025-05-02 14:25:47,414 [INFO] ThirdParty:1030 - CMSIS Pack Vendor :wolfSSL I-CUBE-wolfTPM 3.2.0
2025-05-02 14:25:47,414 [INFO] ThirdParty:1030 - CMSIS Pack Vendor :STMicroelectronics X-CUBE-TOUCHGFX 4.24.2
2025-05-02 14:25:47,414 [INFO] ThirdParty:1030 - CMSIS Pack Vendor :portGmbH I-Cube-SoM-uGOAL 1.1.0
2025-05-02 14:25:47,414 [INFO] ThirdParty:1030 - CMSIS Pack Vendor :STMicroelectronics X-CUBE-BLEMGR 3.1.0
2025-05-02 14:25:47,414 [INFO] ThirdParty:1030 - CMSIS Pack Vendor :STMicroelectronics X-CUBE-AI 10.0.0
2025-05-02 14:25:47,414 [INFO] ThirdParty:1030 - CMSIS Pack Vendor :STMicroelectronics ThreadX 1.0.0
2025-05-02 14:25:47,414 [INFO] ThirdParty:1030 - CMSIS Pack Vendor :STMicroelectronics FP-SNS-SMARTAG2 1.2.0
2025-05-02 14:25:47,414 [INFO] ThirdParty:1030 - CMSIS Pack Vendor :STMicroelectronics X-CUBE-MEMS1 11.1.0
2025-05-02 14:25:47,415 [INFO] ThirdParty:1030 - CMSIS Pack Vendor :STMicroelectronics X-CUBE-AZRTOS-WL 2.0.0
2025-05-02 14:25:47,415 [INFO] ThirdParty:1030 - CMSIS Pack Vendor :SEGGER I-CUBE-embOS 1.3.1
2025-05-02 14:25:47,415 [INFO] ThirdParty:1030 - CMSIS Pack Vendor :STMicroelectronics X-CUBE-ALGOBUILD 1.4.0
2025-05-02 14:25:47,415 [INFO] ThirdParty:1030 - CMSIS Pack Vendor :STMicroelectronics X-CUBE-DPower 1.3.0
2025-05-02 14:25:47,415 [INFO] ThirdParty:1030 - CMSIS Pack Vendor :STMicroelectronics FP-SNS-MOTENV1 5.0.0
2025-05-02 14:25:47,415 [INFO] ThirdParty:1030 - CMSIS Pack Vendor :STMicroelectronics USB_DEVICE 1.0.0
2025-05-02 14:25:47,415 [INFO] ThirdParty:1030 - CMSIS Pack Vendor :STMicroelectronics X-CUBE-AZRTOS-H7RS 1.0.0
2025-05-02 14:25:47,415 [INFO] ThirdParty:1030 - CMSIS Pack Vendor :wolfSSL I-CUBE-wolfMQTT 1.19.0
2025-05-02 14:25:47,415 [INFO] ThirdParty:1030 - CMSIS Pack Vendor :STMicroelectronics X-CUBE-AZRTOS-L4 2.0.0
2025-05-02 14:25:47,415 [INFO] ThirdParty:1030 - CMSIS Pack Vendor :STMicroelectronics ThreadX 0.0.2
2025-05-02 14:25:47,415 [INFO] ThirdParty:1030 - CMSIS Pack Vendor :WES I-CUBE-Cesium 1.3.0
2025-05-02 14:25:47,415 [INFO] ThirdParty:1030 - CMSIS Pack Vendor :STMicroelectronics FP-ATR-ASTRA1 2.0.0
2025-05-02 14:25:47,415 [INFO] ThirdParty:1030 - CMSIS Pack Vendor :STMicroelectronics lwIP 2.1.2
2025-05-02 14:25:47,415 [INFO] ThirdParty:1030 - CMSIS Pack Vendor :STMicroelectronics X-CUBE-SFXS2LP1 4.0.0
2025-05-02 14:25:47,415 [INFO] ThirdParty:1030 - CMSIS Pack Vendor :STMicroelectronics X-CUBE-BLE2 3.3.0
2025-05-02 14:25:47,415 [INFO] ThirdParty:1030 - CMSIS Pack Vendor :STMicroelectronics X-CUBE-TOF1 3.4.2
2025-05-02 14:25:47,415 [INFO] ThirdParty:1030 - CMSIS Pack Vendor :STMicroelectronics X-CUBE-AI 9.1.0
2025-05-02 14:25:47,415 [INFO] ThirdParty:1030 - CMSIS Pack Vendor :STMicroelectronics X-CUBE-TOF1 3.4.1
2025-05-02 14:25:47,415 [INFO] ThirdParty:1030 - CMSIS Pack Vendor :STMicroelectronics X-CUBE-AZRTOS-H7 3.2.0
2025-05-02 14:25:47,415 [INFO] ThirdParty:1030 - CMSIS Pack Vendor :Infineon AIROC-Wi-Fi-Bluetooth-STM32 1.6.0
2025-05-02 14:25:47,415 [INFO] ThirdParty:1030 - CMSIS Pack Vendor :STMicroelectronics PDM2PCM 3.2.0
2025-05-02 14:25:47,415 [INFO] ThirdParty:1030 - CMSIS Pack Vendor :wolfSSL I-CUBE-wolfSSH 1.4.17
2025-05-02 14:25:47,416 [INFO] ThirdParty:841 - exiting critical section [change project]
2025-05-02 14:25:47,837 [INFO] PinOutPanel:1561 - setPackage(No Configuration,No Configuration)
2025-05-02 14:25:47,838 [INFO] PinOutPanel:1561 - setPackage(STM32F103RBTx,LQFP64)
2025-05-02 14:25:48,427 [INFO] UtilMem:75 - Before build in PCC Used Memory: 516487816 Bytes (665845760)
2025-05-02 14:25:49,468 [INFO] UtilMem:75 - After build in PCC Used Memory: 464681272 Bytes (665845760)
2025-05-02 14:25:49,506 [INFO] IPUIPlugin:80 - create IPUIPlugin
2025-05-02 14:25:49,506 [INFO] IPUIPlugin:80 - create IPUIPlugin
2025-05-02 14:25:49,506 [INFO] IPUIPlugin:80 - create IPUIPlugin
2025-05-02 14:25:49,506 [INFO] IPUIPlugin:80 - create IPUIPlugin
2025-05-02 14:25:49,506 [INFO] IPUIPlugin:80 - create IPUIPlugin
2025-05-02 14:25:49,508 [INFO] IPUIPlugin:80 - create IPUIPlugin
2025-05-02 14:25:49,508 [INFO] IPUIPlugin:80 - create IPUIPlugin
2025-05-02 14:25:49,508 [INFO] IPUIPlugin:80 - create IPUIPlugin
2025-05-02 14:25:49,508 [INFO] IPUIPlugin:80 - create IPUIPlugin
2025-05-02 14:25:49,508 [INFO] IPUIPlugin:80 - create IPUIPlugin
2025-05-02 14:25:49,508 [INFO] IPUIPlugin:80 - create IPUIPlugin
2025-05-02 14:25:49,508 [INFO] IPUIPlugin:80 - create IPUIPlugin
2025-05-02 14:25:49,508 [INFO] IPUIPlugin:80 - create IPUIPlugin
2025-05-02 14:25:49,509 [INFO] IPUIPlugin:80 - create IPUIPlugin
2025-05-02 14:25:49,509 [INFO] IPUIPlugin:80 - create IPUIPlugin
2025-05-02 14:25:49,509 [INFO] IPUIPlugin:80 - create IPUIPlugin
2025-05-02 14:25:49,509 [INFO] IPUIPlugin:80 - create IPUIPlugin
2025-05-02 14:25:49,510 [INFO] IPUIPlugin:80 - create IPUIPlugin
2025-05-02 14:25:49,510 [INFO] IPUIPlugin:80 - create IPUIPlugin
2025-05-02 14:25:49,510 [INFO] IPUIPlugin:80 - create IPUIPlugin
2025-05-02 14:25:49,510 [INFO] IPUIPlugin:80 - create IPUIPlugin
2025-05-02 14:25:49,510 [INFO] IPUIPlugin:80 - create IPUIPlugin
2025-05-02 14:25:49,512 [INFO] IPUIPlugin:80 - create IPUIPlugin
2025-05-02 14:25:49,512 [INFO] IPUIPlugin:80 - create IPUIPlugin
2025-05-02 14:25:49,513 [INFO] IPUIPlugin:80 - create IPUIPlugin
2025-05-02 14:25:49,513 [INFO] IPUIPlugin:80 - create IPUIPlugin
2025-05-02 14:25:49,513 [INFO] IPUIPlugin:80 - create IPUIPlugin
2025-05-02 14:25:49,842 [INFO] CADModel:165 - CPN selected for project levelSTM32F103RBT6
2025-05-02 14:25:49,842 [INFO] CADModel:114 - Register for checkConnection events
2025-05-02 14:25:49,929 [INFO] OpenFileManager:343 - Restore cursor
2025-05-02 20:23:41,190 [ERROR] LogOutputStream:75 - [STDERR_REDIRECT] 
2025-05-02 20:23:41,192 [ERROR] LogOutputStream:75 - [STDERR_REDIRECT] 
