2025-05-05 00:58:09,516 [INFO] UtilMem:75 - End SaveConfig() Used Memory: 824250784 Bytes (1073741824)
2025-05-05 00:58:10,463 [INFO] UtilMem:75 - End SaveConfig() Used Memory: 843104344 Bytes (1073741824)
2025-05-05 00:58:11,627 [INFO] UtilMem:75 - End SaveConfig() Used Memory: 939071904 Bytes (1073741824)
2025-05-05 00:58:12,791 [INFO] BlockDiagram:2759 - set Specific Code input for plugin: NVIC
2025-05-05 00:58:12,793 [INFO] BlockDiagram:2759 - set Specific Code input for plugin: USART
2025-05-05 00:58:12,793 [INFO] BlockDiagram:2759 - set Specific Code input for plugin: USART
2025-05-05 00:58:12,793 [INFO] BlockDiagram:2759 - set Specific Code input for plugin: SYS
2025-05-05 00:58:12,794 [INFO] BlockDiagram:2759 - set Specific Code input for plugin: GPIO
2025-05-05 00:58:12,794 [INFO] BlockDiagram:2759 - set Specific Code input for plugin: RCC
2025-05-05 00:58:12,803 [INFO] CodeGenerator:807 - code generatio: config db path: C:\ST\STM32CubeIDE_1.15.1\STM32CubeIDE\plugins\com.st.stm32cube.common.mx_6.11.1.202404110753\\db\
2025-05-05 00:58:13,205 [INFO] CodeEngine:255 - oldGeneratedFile, D:\Project\SmartPole\Patient-Recognition\tag_recognition_problem\UART_huskylens\MXTmpFiles\license.tmp_save
2025-05-05 00:58:13,766 [INFO] CodeEngine:279 - Generated code: D:\Project\SmartPole\Patient-Recognition\tag_recognition_problem\UART_huskylens\MXTmpFiles\license.tmp
2025-05-05 00:58:14,157 [INFO] CodeEngine:255 - oldGeneratedFile, D:\Project\SmartPole\Patient-Recognition\tag_recognition_problem\UART_huskylens\Core\Src\gpio.c_save
2025-05-05 00:58:14,679 [INFO] CodeEngine:279 - Generated code: D:\Project\SmartPole\Patient-Recognition\tag_recognition_problem\UART_huskylens\Core\Src\gpio.c
2025-05-05 00:58:14,802 [INFO] CodeEngine:255 - oldGeneratedFile, D:\Project\SmartPole\Patient-Recognition\tag_recognition_problem\UART_huskylens\Core\Inc\gpio.h_save
2025-05-05 00:58:15,140 [INFO] CodeEngine:279 - Generated code: D:\Project\SmartPole\Patient-Recognition\tag_recognition_problem\UART_huskylens\Core\Inc\gpio.h
2025-05-05 00:58:15,367 [INFO] CodeEngine:255 - oldGeneratedFile, D:\Project\SmartPole\Patient-Recognition\tag_recognition_problem\UART_huskylens\Core\Src\usart.c_save
2025-05-05 00:58:15,839 [INFO] CodeEngine:279 - Generated code: D:\Project\SmartPole\Patient-Recognition\tag_recognition_problem\UART_huskylens\Core\Src\usart.c
2025-05-05 00:58:15,887 [INFO] CodeEngine:255 - oldGeneratedFile, D:\Project\SmartPole\Patient-Recognition\tag_recognition_problem\UART_huskylens\Core\Inc\usart.h_save
2025-05-05 00:58:16,136 [INFO] CodeEngine:279 - Generated code: D:\Project\SmartPole\Patient-Recognition\tag_recognition_problem\UART_huskylens\Core\Inc\usart.h
2025-05-05 00:58:16,215 [INFO] CodeEngine:255 - oldGeneratedFile, D:\Project\SmartPole\Patient-Recognition\tag_recognition_problem\UART_huskylens\Core\Src\stm32f1xx_it.c_save
2025-05-05 00:58:16,702 [INFO] CodeEngine:279 - Generated code: D:\Project\SmartPole\Patient-Recognition\tag_recognition_problem\UART_huskylens\Core\Src\stm32f1xx_it.c
2025-05-05 00:58:16,751 [INFO] CodeEngine:255 - oldGeneratedFile, D:\Project\SmartPole\Patient-Recognition\tag_recognition_problem\UART_huskylens\Core\Inc\stm32f1xx_it.h_save
2025-05-05 00:58:16,918 [INFO] CodeEngine:279 - Generated code: D:\Project\SmartPole\Patient-Recognition\tag_recognition_problem\UART_huskylens\Core\Inc\stm32f1xx_it.h
2025-05-05 00:58:16,983 [INFO] CodeEngine:255 - oldGeneratedFile, D:\Project\SmartPole\Patient-Recognition\tag_recognition_problem\UART_huskylens\Core\Src\stm32f1xx_hal_msp.c_save
2025-05-05 00:58:17,287 [INFO] CodeEngine:279 - Generated code: D:\Project\SmartPole\Patient-Recognition\tag_recognition_problem\UART_huskylens\Core\Src\stm32f1xx_hal_msp.c
2025-05-05 00:58:17,304 [INFO] CodeEngine:255 - oldGeneratedFile, D:\Project\SmartPole\Patient-Recognition\tag_recognition_problem\UART_huskylens\MXTmpFiles\system.tmp_save
2025-05-05 00:58:17,445 [INFO] CodeEngine:279 - Generated code: D:\Project\SmartPole\Patient-Recognition\tag_recognition_problem\UART_huskylens\MXTmpFiles\system.tmp
2025-05-05 00:58:17,504 [INFO] CodeEngine:311 - oldGeneratedFile, D:\Project\SmartPole\Patient-Recognition\tag_recognition_problem\UART_huskylens\Core\Inc\stm32f1xx_hal_conf.h_save
2025-05-05 00:58:17,737 [INFO] CodeEngine:335 - Generated code: D:\Project\SmartPole\Patient-Recognition\tag_recognition_problem\UART_huskylens\Core\Inc\stm32f1xx_hal_conf.h
2025-05-05 00:58:17,860 [INFO] CodeEngine:255 - oldGeneratedFile, D:\Project\SmartPole\Patient-Recognition\tag_recognition_problem\UART_huskylens\Core\Inc\main.h_save
2025-05-05 00:58:18,141 [INFO] CodeEngine:279 - Generated code: D:\Project\SmartPole\Patient-Recognition\tag_recognition_problem\UART_huskylens\Core\Inc\main.h
2025-05-05 00:58:18,182 [INFO] CodeEngine:255 - oldGeneratedFile, D:\Project\SmartPole\Patient-Recognition\tag_recognition_problem\UART_huskylens\Core\Src\main.c_save
2025-05-05 00:58:18,472 [INFO] CodeEngine:279 - Generated code: D:\Project\SmartPole\Patient-Recognition\tag_recognition_problem\UART_huskylens\Core\Src\main.c
2025-05-05 00:58:20,023 [INFO] ProjectBuilder:3163 - Time for Copy HAL[1] : 1009mS.
2025-05-05 00:58:20,040 [INFO] ProjectBuilder:4736 - Project Generator version: 4.3.0-B58
2025-05-05 00:58:20,231 [INFO] ConfigFileManager:1503 - The Die is : DIE410
2025-05-05 00:58:25,128 [INFO] ProjectBuilder:5002 - Time for Generating toolchain IDE Files: 5088mS.
2025-05-05 00:58:25,131 [INFO] ProjectBuilder:3034 - Time for Copy CMSIS : 2mS.
2025-05-05 00:58:25,394 [INFO] ProjectBuilder:3034 - Time for Copy CMSIS : 0mS.
