2025-04-14 17:12:35,448 [INFO] Activator:176 - 


2025-04-14 17:12:35,459 [INFO] Activator:177 - !SESSION log4j initialized
2025-04-14 17:12:43,653 [INFO] LogOutputStream:77 - [STDOUT_REDIRECT] 
2025-04-14 17:12:50,614 [INFO] ApplicationProperties:184 - Using Application install path: C:\ST\STM32CubeIDE_1.15.1\STM32CubeIDE\plugins\com.st.stm32cube.common.mx_6.11.1.202404110753
2025-04-14 17:12:50,681 [INFO] DbMcusXml:78 - Set database path to: C:\ST\STM32CubeIDE_1.15.1\STM32CubeIDE\plugins\com.st.stm32cube.common.mx_6.11.1.202404110753\\db\/mcu/
2025-04-14 17:12:50,682 [INFO] ApiDb:274 - Set plugin database path to: C:\ST\STM32CubeIDE_1.15.1\STM32CubeIDE\plugins\com.st.stm32cube.common.mx_6.11.1.202404110753\\db\/plugins/boardmanager/
2025-04-14 17:12:50,686 [WARN] ApiDb:259 - Overriding images path with different value:  => C:\ST\STM32CubeIDE_1.15.1\STM32CubeIDE\plugins\com.st.stm32cube.common.mx_6.11.1.202404110753\\db\/plugins/mcufinder/images/
2025-04-14 17:12:50,796 [INFO] ApiDb:250 - Set database path to: C:\Users\Luke\.stmcufinder\plugins\mcufinder//mcu/
2025-04-14 17:12:50,798 [INFO] DbMcusAds:125 - Set database path to: C:\Users\Luke\.stmcufinder\plugins\mcufinder//mcu/
2025-04-14 17:12:50,804 [INFO] CrossReferenceDbSqlite:203 - Set database path to: C:\Users\Luke\.stmcufinder\plugins\mcufinder//mcu/cs/
2025-04-14 17:12:51,146 [INFO] RulesReader:64 - Compatibility file has been processed (297 Rules)
2025-04-14 17:12:51,191 [INFO] McuFinderGlobals:63 - Set McuFinder mode to 2 (CubeIDE integrated)
2025-04-14 17:12:51,395 [INFO] DbMcusXml:78 - Set database path to: C:\ST\STM32CubeIDE_1.15.1\STM32CubeIDE\plugins\com.st.stm32cube.common.mx_6.11.1.202404110753\\db\/mcu/
2025-04-14 17:12:51,396 [INFO] ApiDb:274 - Set plugin database path to: C:\ST\STM32CubeIDE_1.15.1\STM32CubeIDE\plugins\com.st.stm32cube.common.mx_6.11.1.202404110753\\db\/plugins/boardmanager/
2025-04-14 17:12:51,396 [INFO] ApiDb:261 - Set plugin images path to: C:\ST\STM32CubeIDE_1.15.1\STM32CubeIDE\plugins\com.st.stm32cube.common.mx_6.11.1.202404110753\\db\/plugins/mcufinder/images/
2025-04-14 17:12:51,397 [WARN] DbFile:41 - Overriding database path with different value: C:\Users\Luke\.stmcufinder\plugins\mcufinder/ => C:\Users\Luke\.stmcufinder\plugins\mcufinder
2025-04-14 17:12:51,397 [INFO] ApiDb:250 - Set database path to: C:\Users\Luke\.stmcufinder\plugins\mcufinder//mcu/
2025-04-14 17:12:51,397 [WARN] DbFile:41 - Overriding database path with different value: C:\Users\Luke\.stmcufinder\plugins\mcufinder/ => C:\Users\Luke\.stmcufinder\plugins\mcufinder
2025-04-14 17:12:51,397 [INFO] DbMcusAds:125 - Set database path to: C:\Users\Luke\.stmcufinder\plugins\mcufinder//mcu/
2025-04-14 17:12:51,398 [WARN] DbFile:41 - Overriding database path with different value: C:\Users\Luke\.stmcufinder\plugins\mcufinder/ => C:\Users\Luke\.stmcufinder\plugins\mcufinder
2025-04-14 17:12:51,398 [WARN] DbFile:41 - Overriding database path with different value: C:\Users\Luke\.stmcufinder\plugins\mcufinder/ => C:\Users\Luke\.stmcufinder\plugins\mcufinder
2025-04-14 17:12:51,398 [INFO] CrossReferenceDbSqlite:203 - Set database path to: C:\Users\Luke\.stmcufinder\plugins\mcufinder//mcu/cs/
2025-04-14 17:12:51,566 [INFO] MainPanel:264 - HeapMemory: 268435456
2025-04-14 17:12:51,695 [INFO] DbMcusXml:78 - Set database path to: C:\ST\STM32CubeIDE_1.15.1\STM32CubeIDE\plugins\com.st.stm32cube.common.mx_6.11.1.202404110753\\db\/mcu/
2025-04-14 17:12:51,695 [INFO] ApiDb:274 - Set plugin database path to: C:\ST\STM32CubeIDE_1.15.1\STM32CubeIDE\plugins\com.st.stm32cube.common.mx_6.11.1.202404110753\\db\/plugins/boardmanager/
2025-04-14 17:12:51,695 [INFO] ApiDb:261 - Set plugin images path to: C:\ST\STM32CubeIDE_1.15.1\STM32CubeIDE\plugins\com.st.stm32cube.common.mx_6.11.1.202404110753\\db\/plugins/mcufinder/images/
2025-04-14 17:12:51,696 [WARN] DbFile:41 - Overriding database path with different value: C:\Users\Luke\.stmcufinder\plugins\mcufinder/ => C:\Users\Luke\.stmcufinder\plugins\mcufinder
2025-04-14 17:12:51,696 [INFO] ApiDb:250 - Set database path to: C:\Users\Luke\.stmcufinder\plugins\mcufinder//mcu/
2025-04-14 17:12:51,696 [WARN] DbFile:41 - Overriding database path with different value: C:\Users\Luke\.stmcufinder\plugins\mcufinder/ => C:\Users\Luke\.stmcufinder\plugins\mcufinder
2025-04-14 17:12:51,696 [INFO] DbMcusAds:125 - Set database path to: C:\Users\Luke\.stmcufinder\plugins\mcufinder//mcu/
2025-04-14 17:12:51,696 [WARN] DbFile:41 - Overriding database path with different value: C:\Users\Luke\.stmcufinder\plugins\mcufinder/ => C:\Users\Luke\.stmcufinder\plugins\mcufinder
2025-04-14 17:12:51,696 [WARN] DbFile:41 - Overriding database path with different value: C:\Users\Luke\.stmcufinder\plugins\mcufinder/ => C:\Users\Luke\.stmcufinder\plugins\mcufinder
2025-04-14 17:12:51,697 [INFO] CrossReferenceDbSqlite:203 - Set database path to: C:\Users\Luke\.stmcufinder\plugins\mcufinder//mcu/cs/
2025-04-14 17:12:51,723 [INFO] ApplicationProperties:184 - Using Application install path: C:\ST\STM32CubeIDE_1.15.1\STM32CubeIDE\plugins\com.st.stm32cube.common.mx_6.11.1.202404110753
2025-04-14 17:12:51,726 [INFO] PluginManage:196 - Search for loadable plugins [exclusion list=, ]
2025-04-14 17:12:51,730 [INFO] PluginManage:310 - Check plugin analytics
2025-04-14 17:12:52,027 [INFO] AnalyticsPlugin:253 - Accepted Software Licenses: STM32CubeMX.6.11.1
2025-04-14 17:12:52,027 [INFO] AnalyticsPlugin:255 - Accepted CMSIS Pack Licenses: 
2025-04-14 17:12:52,028 [INFO] AnalyticsPlugin:257 - Accepted Firmware Licenses: 
2025-04-14 17:12:52,033 [INFO] PluginManage:359 - Loaded plugin analytics (category:tool,tabindex:-1)
2025-04-14 17:12:52,033 [INFO] PluginManage:310 - Check plugin cadmodel
2025-04-14 17:12:52,041 [INFO] CADModel:105 - Init CAD model plugin
2025-04-14 17:12:52,042 [INFO] PluginManage:359 - Loaded plugin cadmodel (category:power,tabindex:5)
2025-04-14 17:12:52,042 [INFO] PluginManage:310 - Check plugin clock
2025-04-14 17:12:52,059 [INFO] PluginManage:359 - Loaded plugin clock (category:base,tabindex:2)
2025-04-14 17:12:52,059 [INFO] PluginManage:310 - Check plugin ddr
2025-04-14 17:12:52,063 [INFO] PluginManage:359 - Loaded plugin ddr (category:tool,tabindex:6)
2025-04-14 17:12:52,064 [INFO] PluginManage:310 - Check plugin filemanager
2025-04-14 17:12:52,285 [INFO] PluginManage:359 - Loaded plugin filemanager (category:base,tabindex:10)
2025-04-14 17:12:52,285 [INFO] PluginManage:310 - Check plugin ipmanager
2025-04-14 17:12:52,300 [INFO] PluginManage:359 - Loaded plugin ipmanager (category:base,tabindex:5)
2025-04-14 17:12:52,300 [INFO] PluginManage:310 - Check plugin lpbam
2025-04-14 17:12:52,313 [INFO] PluginManage:359 - Loaded plugin lpbam (category:base,tabindex:0)
2025-04-14 17:12:52,313 [INFO] PluginManage:310 - Check plugin memorymap
2025-04-14 17:12:52,332 [INFO] PluginManage:359 - Loaded plugin memorymap (category:base,tabindex:4)
2025-04-14 17:12:52,332 [INFO] PluginManage:310 - Check plugin pinoutandconfiguration
2025-04-14 17:12:52,342 [INFO] PluginManage:359 - Loaded plugin pinoutandconfiguration (category:base,tabindex:1)
2025-04-14 17:12:52,343 [INFO] PluginManage:310 - Check plugin pinoutconfig
2025-04-14 17:12:52,462 [WARN] SupportedApi:132 - Cannot load RTOS API schema: s4s-elt-must-match.1: The content of 'definitions' must match (annotation?, (simpleType | complexType)?, (unique | key | keyref)*)). A problem was found starting at: attribute.
2025-04-14 17:12:52,685 [INFO] PluginManage:359 - Loaded plugin pinoutconfig (category:base,tabindex:0)
2025-04-14 17:12:52,686 [INFO] PluginManage:310 - Check plugin power
2025-04-14 17:12:52,701 [INFO] PluginManage:359 - Loaded plugin power (category:power,tabindex:4)
2025-04-14 17:12:52,701 [INFO] PluginManage:310 - Check plugin projectmanager
2025-04-14 17:12:52,730 [INFO] PluginManage:359 - Loaded plugin projectmanager (category:projectmanager,tabindex:3)
2025-04-14 17:12:52,730 [INFO] PluginManage:310 - Check plugin thirdparty
2025-04-14 17:12:52,948 [WARN] IntegrityCheckThread:84 - waiting for thirdparty lock release [integrity check]
2025-04-14 17:12:52,948 [INFO] PluginManage:359 - Loaded plugin thirdparty (category:base,tabindex:-1)
2025-04-14 17:12:52,948 [INFO] IntegrityCheckThread:86 - entering critical section [integrity check]
2025-04-14 17:12:52,948 [INFO] PluginManage:310 - Check plugin tools
2025-04-14 17:12:52,949 [INFO] ThirdPartyUpdaterWithRetryManager:70 - Updater plugin not ready yet. [1/15]
2025-04-14 17:12:52,954 [INFO] PluginManage:359 - Loaded plugin tools (category:base,tabindex:7)
2025-04-14 17:12:52,954 [INFO] PluginManage:310 - Check plugin tutovideos
2025-04-14 17:12:53,207 [INFO] PluginManage:359 - Loaded plugin tutovideos (category:base,tabindex:-1)
2025-04-14 17:12:53,207 [INFO] PluginManage:310 - Check plugin updater
2025-04-14 17:12:53,222 [INFO] PluginManage:359 - Loaded plugin updater (category:base,tabindex:12)
2025-04-14 17:12:53,222 [INFO] PluginManage:310 - Check plugin userauth
2025-04-14 17:12:53,229 [INFO] UserAuth:114 - Init User Auth plugin
2025-04-14 17:12:53,230 [INFO] PluginManage:359 - Loaded plugin userauth (category:base,tabindex:14)
2025-04-14 17:12:53,230 [INFO] PluginManage:283 - PluginManage : Loaded plugins [17]
2025-04-14 17:12:53,589 [INFO] PinOutPanel:1561 - setPackage(No Configuration,No Configuration)
2025-04-14 17:12:53,748 [INFO] CADModel:165 - CPN selected for project level
2025-04-14 17:12:53,748 [INFO] CADModel:114 - Register for checkConnection events
2025-04-14 17:12:53,776 [INFO] IPUIPlugin:80 - create IPUIPlugin
2025-04-14 17:12:53,776 [INFO] PluginManager:220 - loadIPPluginJar : add adc
2025-04-14 17:12:53,781 [INFO] IPUIPlugin:80 - create IPUIPlugin
2025-04-14 17:12:53,782 [INFO] PluginManager:220 - loadIPPluginJar : add aes
2025-04-14 17:12:53,788 [INFO] IPUIPlugin:80 - create IPUIPlugin
2025-04-14 17:12:53,788 [INFO] PluginManager:220 - loadIPPluginJar : add can
2025-04-14 17:12:53,794 [INFO] IPUIPlugin:80 - create IPUIPlugin
2025-04-14 17:12:53,794 [INFO] PluginManager:220 - loadIPPluginJar : add comp
2025-04-14 17:12:53,799 [INFO] IPUIPlugin:80 - create IPUIPlugin
2025-04-14 17:12:53,799 [INFO] PluginManager:220 - loadIPPluginJar : add cryp
2025-04-14 17:12:53,804 [INFO] IPUIPlugin:80 - create IPUIPlugin
2025-04-14 17:12:53,804 [INFO] PluginManager:220 - loadIPPluginJar : add dfsdm
2025-04-14 17:12:53,813 [INFO] IPUIPlugin:80 - create IPUIPlugin
2025-04-14 17:12:53,815 [INFO] PluginManager:220 - loadIPPluginJar : add dma
2025-04-14 17:12:53,820 [INFO] IPUIPlugin:80 - create IPUIPlugin
2025-04-14 17:12:53,820 [INFO] PluginManager:220 - loadIPPluginJar : add dma3
2025-04-14 17:12:53,825 [INFO] IPUIPlugin:80 - create IPUIPlugin
2025-04-14 17:12:53,825 [INFO] PluginManager:220 - loadIPPluginJar : add extmemmanager
2025-04-14 17:12:53,830 [INFO] IPUIPlugin:80 - create IPUIPlugin
2025-04-14 17:12:53,830 [INFO] PluginManager:220 - loadIPPluginJar : add fatfs
2025-04-14 17:12:53,836 [INFO] IPUIPlugin:80 - create IPUIPlugin
2025-04-14 17:12:53,838 [INFO] PluginManager:220 - loadIPPluginJar : add fmc
2025-04-14 17:12:53,846 [INFO] IPUIPlugin:80 - create IPUIPlugin
2025-04-14 17:12:53,846 [INFO] PluginManager:220 - loadIPPluginJar : add freertos
2025-04-14 17:12:53,849 [INFO] IPUIPlugin:80 - create IPUIPlugin
2025-04-14 17:12:53,851 [INFO] PluginManager:220 - loadIPPluginJar : add genericplugin
2025-04-14 17:12:53,857 [INFO] IPUIPlugin:80 - create IPUIPlugin
2025-04-14 17:12:53,857 [INFO] PluginManager:220 - loadIPPluginJar : add gfxmmu
2025-04-14 17:12:53,866 [INFO] IPUIPlugin:80 - create IPUIPlugin
2025-04-14 17:12:53,866 [INFO] PluginManager:220 - loadIPPluginJar : add gic
2025-04-14 17:12:53,874 [INFO] IPUIPlugin:80 - create IPUIPlugin
2025-04-14 17:12:53,874 [INFO] PluginManager:220 - loadIPPluginJar : add gpio
2025-04-14 17:12:53,880 [INFO] IPUIPlugin:80 - create IPUIPlugin
2025-04-14 17:12:53,880 [INFO] PluginManager:220 - loadIPPluginJar : add gtzc
2025-04-14 17:12:53,886 [INFO] IPUIPlugin:80 - create IPUIPlugin
2025-04-14 17:12:53,886 [INFO] PluginManager:220 - loadIPPluginJar : add hash
2025-04-14 17:12:53,894 [INFO] IPUIPlugin:80 - create IPUIPlugin
2025-04-14 17:12:53,894 [INFO] PluginManager:220 - loadIPPluginJar : add i2c
2025-04-14 17:12:53,900 [INFO] IPUIPlugin:80 - create IPUIPlugin
2025-04-14 17:12:53,900 [INFO] PluginManager:220 - loadIPPluginJar : add i2s
2025-04-14 17:12:53,906 [INFO] IPUIPlugin:80 - create IPUIPlugin
2025-04-14 17:12:53,907 [INFO] PluginManager:220 - loadIPPluginJar : add i3c
2025-04-14 17:12:53,914 [INFO] IPUIPlugin:80 - create IPUIPlugin
2025-04-14 17:12:53,914 [INFO] PluginManager:220 - loadIPPluginJar : add ipddr
2025-04-14 17:12:53,925 [INFO] IPUIPlugin:80 - create IPUIPlugin
2025-04-14 17:12:53,925 [INFO] PluginManager:220 - loadIPPluginJar : add linkedlist
2025-04-14 17:12:53,932 [INFO] IPUIPlugin:80 - create IPUIPlugin
2025-04-14 17:12:53,932 [INFO] PluginManager:220 - loadIPPluginJar : add lorawan
2025-04-14 17:12:53,936 [INFO] IPUIPlugin:80 - create IPUIPlugin
2025-04-14 17:12:53,937 [INFO] PluginManager:220 - loadIPPluginJar : add ltdc
2025-04-14 17:12:53,947 [INFO] IPUIPlugin:80 - create IPUIPlugin
2025-04-14 17:12:53,948 [INFO] PluginManager:220 - loadIPPluginJar : add mdma
2025-04-14 17:12:53,953 [INFO] IPUIPlugin:80 - create IPUIPlugin
2025-04-14 17:12:53,953 [INFO] PluginManager:220 - loadIPPluginJar : add nvic
2025-04-14 17:12:53,960 [INFO] IPUIPlugin:80 - create IPUIPlugin
2025-04-14 17:12:53,960 [INFO] PluginManager:220 - loadIPPluginJar : add opamp
2025-04-14 17:12:53,965 [INFO] IPUIPlugin:80 - create IPUIPlugin
2025-04-14 17:12:53,965 [INFO] PluginManager:220 - loadIPPluginJar : add openamp
2025-04-14 17:12:53,971 [INFO] IPUIPlugin:80 - create IPUIPlugin
2025-04-14 17:12:53,973 [INFO] PluginManager:220 - loadIPPluginJar : add pdm2pcm
2025-04-14 17:12:53,982 [INFO] IPUIPlugin:80 - create IPUIPlugin
2025-04-14 17:12:53,986 [INFO] PluginManager:220 - loadIPPluginJar : add plateformsettings
2025-04-14 17:12:53,990 [INFO] IPUIPlugin:80 - create IPUIPlugin
2025-04-14 17:12:53,990 [INFO] PluginManager:220 - loadIPPluginJar : add quadspi
2025-04-14 17:12:53,996 [INFO] IPUIPlugin:80 - create IPUIPlugin
2025-04-14 17:12:53,996 [INFO] PluginManager:220 - loadIPPluginJar : add resmgrutility
2025-04-14 17:12:54,003 [INFO] IPUIPlugin:80 - create IPUIPlugin
2025-04-14 17:12:54,003 [INFO] PluginManager:220 - loadIPPluginJar : add sai
2025-04-14 17:12:54,008 [INFO] IPUIPlugin:80 - create IPUIPlugin
2025-04-14 17:12:54,008 [INFO] PluginManager:220 - loadIPPluginJar : add spi
2025-04-14 17:12:54,016 [INFO] IPUIPlugin:80 - create IPUIPlugin
2025-04-14 17:12:54,017 [INFO] PluginManager:220 - loadIPPluginJar : add stm32_wpan
2025-04-14 17:12:54,023 [INFO] IPUIPlugin:80 - create IPUIPlugin
2025-04-14 17:12:54,023 [INFO] PluginManager:220 - loadIPPluginJar : add tim
2025-04-14 17:12:54,030 [INFO] IPUIPlugin:80 - create IPUIPlugin
2025-04-14 17:12:54,031 [INFO] PluginManager:220 - loadIPPluginJar : add touchsensing
2025-04-14 17:12:54,034 [INFO] IPUIPlugin:80 - create IPUIPlugin
2025-04-14 17:12:54,035 [INFO] PluginManager:220 - loadIPPluginJar : add tracer_emb
2025-04-14 17:12:54,040 [INFO] IPUIPlugin:80 - create IPUIPlugin
2025-04-14 17:12:54,040 [INFO] PluginManager:220 - loadIPPluginJar : add ts
2025-04-14 17:12:54,044 [INFO] IPUIPlugin:80 - create IPUIPlugin
2025-04-14 17:12:54,044 [INFO] PluginManager:220 - loadIPPluginJar : add tsc
2025-04-14 17:12:54,048 [INFO] IPUIPlugin:80 - create IPUIPlugin
2025-04-14 17:12:54,048 [INFO] PluginManager:220 - loadIPPluginJar : add ucpd
2025-04-14 17:12:54,053 [INFO] IPUIPlugin:80 - create IPUIPlugin
2025-04-14 17:12:54,053 [INFO] PluginManager:220 - loadIPPluginJar : add usart
2025-04-14 17:12:54,060 [INFO] IPUIPlugin:80 - create IPUIPlugin
2025-04-14 17:12:54,060 [INFO] PluginManager:220 - loadIPPluginJar : add usbx
2025-04-14 17:12:54,245 [INFO] CADModel:165 - CPN selected for project level
2025-04-14 17:12:54,245 [INFO] CADModel:114 - Register for checkConnection events
2025-04-14 17:12:54,245 [FATAL] Updater:308 - Updater called before beeing initialized
2025-04-14 17:12:54,246 [ERROR] CADModel:125 - Updater not yet initialized, retry later 
2025-04-14 17:12:54,445 [INFO] CADModel:165 - CPN selected for project level
2025-04-14 17:12:54,445 [INFO] CADModel:114 - Register for checkConnection events
2025-04-14 17:12:54,445 [FATAL] Updater:308 - Updater called before beeing initialized
2025-04-14 17:12:54,446 [ERROR] CADModel:125 - Updater not yet initialized, retry later 
2025-04-14 17:12:54,449 [FATAL] Updater:308 - Updater called before beeing initialized
2025-04-14 17:12:54,625 [FATAL] Updater:308 - Updater called before beeing initialized
2025-04-14 17:12:54,631 [INFO] DbMcusAds:53 - JSON generation date=Thu Mar 06 23:54:22 KST 2025 (1741272862078)
2025-04-14 17:12:54,631 [FATAL] Updater:308 - Updater called before beeing initialized
2025-04-14 17:12:54,695 [WARN] DetailPanel:346 - Failed to get advertising image, set to default
2025-04-14 17:12:54,884 [FATAL] Updater:308 - Updater called before beeing initialized
2025-04-14 17:12:54,888 [FATAL] Updater:308 - Updater called before beeing initialized
2025-04-14 17:12:54,888 [FATAL] Updater:308 - Updater called before beeing initialized
2025-04-14 17:12:54,888 [WARN] DetailPanel:346 - Failed to get advertising image, set to default
2025-04-14 17:12:54,889 [FATAL] Updater:308 - Updater called before beeing initialized
2025-04-14 17:12:54,969 [ERROR] Updater:1120 - MainUpdater not yet initialized. External WinMGr cannot be set.
2025-04-14 17:12:54,974 [INFO] Updater:1056 - Updater Version found : 6.11.1
2025-04-14 17:12:54,995 [INFO] ApplicationProperties:184 - Using Application install path: C:\ST\STM32CubeIDE_1.15.1\STM32CubeIDE\plugins\com.st.stm32cube.common.mx_6.11.1.202404110753
2025-04-14 17:12:55,950 [INFO] ThirdPartyUpdaterWithRetryManager:70 - Updater plugin not ready yet. [2/15]
2025-04-14 17:12:56,583 [ERROR] LogOutputStream:75 - [STDERR_REDIRECT] Apr 14, 2025 5:12:56 PM java.util.prefs.WindowsPreferences <init>
2025-04-14 17:12:56,587 [ERROR] LogOutputStream:75 - [STDERR_REDIRECT] WARNING: Could not open/create prefs root node Software\JavaSoft\Prefs at root 0xffffffff80000002. Windows RegCreateKeyEx(...) returned error code 5.
2025-04-14 17:12:56,587 [ERROR] LogOutputStream:75 - [STDERR_REDIRECT] 
2025-04-14 17:12:56,964 [INFO] MainUpdater:2873 - connection check result : 10
2025-04-14 17:12:56,966 [INFO] MainUpdater:290 - Updater Check For Update Now.
2025-04-14 17:12:56,966 [INFO] MicroXplorer:498 - Change Database Version : DB.6.0.111
2025-04-14 17:12:56,974 [INFO] McuFinderGlobals:63 - Set McuFinder mode to 2 (CubeIDE integrated)
2025-04-14 17:12:56,980 [INFO] UserAuth:415 - Internet connection configuration mode: 1
2025-04-14 17:12:56,998 [INFO] JxBrowserEngine:152 - Initiate JxBrowser Engine with user profile folder
2025-04-14 17:12:57,174 [INFO] CheckServerUpdateThread:120 - End of CheckServer Thread
2025-04-14 17:12:57,178 [INFO] MainUpdater:2873 - connection check result : 10
2025-04-14 17:12:57,180 [INFO] MainUpdater:2873 - connection check result : 10
2025-04-14 17:12:57,237 [INFO] MicroXplorer:468 - Change Database Path : 
2025-04-14 17:12:57,237 [INFO] MicroXplorer:498 - Change Database Version : DB.6.0.111
2025-04-14 17:12:57,243 [WARN] ThirdParty:871 - waiting for thirdparty lock release [close project]
2025-04-14 17:12:58,444 [INFO] WebApp:161 - Instantiating new browser for Auth
2025-04-14 17:13:00,198 [INFO] WebApp:779 - Register for checkConnection events
2025-04-14 17:13:00,198 [INFO] WebApp:414 - Apply proxy settings
2025-04-14 17:13:00,199 [INFO] WebApp:499 - Chromium requires no authentication
2025-04-14 17:13:00,217 [INFO] WebApp:442 - Direct internet connection detected
2025-04-14 17:13:00,564 [INFO] WebApp:192 - Starting web application
2025-04-14 17:13:00,564 [INFO] WebApp:544 - Web application path used C:\ST\STM32CubeIDE_1.15.1\STM32CubeIDE\plugins\com.st.stm32cube.common.mx_6.11.1.202404110753\db\plugins\mcufinder\reactClient1\index.html
2025-04-14 17:13:00,742 [WARN] PackLoader:240 - Cannot read IP mode file for STMicroelectronics.FP-SNS-MOTENVWB1.1.4.0
2025-04-14 17:13:00,773 [WARN] PackLoader:240 - Cannot read IP mode file for STMicroelectronics.FP-ATR-ASTRA1.2.0.2
2025-04-14 17:13:00,785 [WARN] PackLoader:240 - Cannot read IP mode file for STMicroelectronics.FP-ATR-ASTRA1.2.0.1
2025-04-14 17:13:00,808 [WARN] PackLoader:240 - Cannot read IP mode file for STMicroelectronics.X-CUBE-SMBUS.2.1.0
2025-04-14 17:13:00,837 [WARN] PackLoader:240 - Cannot read IP mode file for STMicroelectronics.X-CUBE-WB05N.1.1.0
2025-04-14 17:13:00,945 [WARN] PackLoader:240 - Cannot read IP mode file for STMicroelectronics.X-CUBE-AZRTOS-F7.1.1.0
2025-04-14 17:13:00,979 [WARN] PackLoader:240 - Cannot read IP mode file for STMicroelectronics.FP-SNS-FLIGHT1.5.0.2
2025-04-14 17:13:01,006 [WARN] PackLoader:240 - Cannot read IP mode file for STMicroelectronics.X-CUBE-DISPLAY.3.0.0
2025-04-14 17:13:01,055 [WARN] PackLoader:240 - Cannot read IP mode file for STMicroelectronics.X-CUBE-BLE1.7.0.0
2025-04-14 17:13:01,152 [WARN] PackLoader:240 - Cannot read IP mode file for STMicroelectronics.X-CUBE-NFC10.1.0.0
2025-04-14 17:13:01,196 [WARN] PackLoader:240 - Cannot read IP mode file for STMicroelectronics.X-CUBE-BLEMGR.4.0.0
2025-04-14 17:13:01,237 [WARN] PackLoader:240 - Cannot read IP mode file for emotas.I-CUBE-CANOPEN.1.3.0
2025-04-14 17:13:01,294 [WARN] PackLoader:240 - Cannot read IP mode file for STMicroelectronics.X-CUBE-BLEMGR.3.1.0
2025-04-14 17:13:01,375 [WARN] PackLoader:240 - Cannot read IP mode file for STMicroelectronics.X-CUBE-AI.10.0.0
2025-04-14 17:13:01,390 [WARN] PackLoader:240 - Cannot read IP mode file for STMicroelectronics.FP-SNS-SMARTAG2.1.2.0
2025-04-14 17:13:01,397 [ERROR] Engine:466 - C:\Users\Luke\.stm32cubemx\thirdparties\pdsc\STMicroelectronics.FP-SNS-FLIGHT1.5.1.0.pdsc: PDSC version is not supported
2025-04-14 17:13:01,542 [WARN] PackLoader:240 - Cannot read IP mode file for STMicroelectronics.X-CUBE-MEMS1.11.1.0
2025-04-14 17:13:01,979 [INFO] LogOutputStream:77 - [STDOUT_REDIRECT] 1 : Invalid condition id : UX_CORESTACK_Condition cause : null
2025-04-14 17:13:01,983 [INFO] LogOutputStream:77 - [STDOUT_REDIRECT] 1 : Invalid condition id : UX_CORESTACK_Condition cause : null
2025-04-14 17:13:01,986 [INFO] LogOutputStream:77 - [STDOUT_REDIRECT] 1 : Invalid condition id : UX_CORESTACK_Condition cause : null
2025-04-14 17:13:01,990 [INFO] LogOutputStream:77 - [STDOUT_REDIRECT] 1 : Invalid condition id : UX_CORESTACK_Condition cause : null
2025-04-14 17:13:01,992 [INFO] LogOutputStream:77 - [STDOUT_REDIRECT] 1 : Invalid condition id : UX_CORESTACK_Condition cause : null
2025-04-14 17:13:02,001 [WARN] PackLoader:240 - Cannot read IP mode file for STMicroelectronics.X-CUBE-AZRTOS-WL.2.0.0
2025-04-14 17:13:02,012 [WARN] PackLoader:240 - Cannot read IP mode file for STMicroelectronics.FP-SNS-MOTENV1.5.0.0
2025-04-14 17:13:02,025 [WARN] PackLoader:240 - Cannot read IP mode file for wolfSSL.I-CUBE-wolfMQTT.1.19.0
2025-04-14 17:13:02,042 [WARN] PackLoader:240 - Cannot read IP mode file for WES.I-CUBE-Cesium.1.3.0
2025-04-14 17:13:02,054 [WARN] PackLoader:240 - Cannot read IP mode file for STMicroelectronics.X-CUBE-BLE2.3.3.0
2025-04-14 17:13:02,071 [WARN] PackLoader:240 - Cannot read IP mode file for STMicroelectronics.X-CUBE-NFC9.1.0.0
2025-04-14 17:13:02,085 [WARN] PackLoader:240 - Cannot read IP mode file for STMicroelectronics.X-CUBE-BLE1.7.1.0
2025-04-14 17:13:02,100 [WARN] PackLoader:240 - Cannot read IP mode file for STMicroelectronics.X-CUBE-TCPP.4.1.0
2025-04-14 17:13:02,140 [WARN] PackLoader:240 - Cannot read IP mode file for STMicroelectronics.X-CUBE-AZRTOS-G0.1.1.0
2025-04-14 17:13:02,158 [WARN] PackLoader:240 - Cannot read IP mode file for STMicroelectronics.X-CUBE-SAFEA1.1.2.2
2025-04-14 17:13:02,173 [WARN] PackLoader:240 - Cannot read IP mode file for STMicroelectronics.X-CUBE-NFC4.3.0.0
2025-04-14 17:13:02,195 [WARN] PackLoader:240 - Cannot read IP mode file for EmbeddedOffice.I-CUBE-FS-RTOS.1.0.1
2025-04-14 17:13:02,196 [ERROR] ConditionMgr:805 - Attr not supported : Dmpu
2025-04-14 17:13:02,196 [ERROR] ConditionMgr:805 - Attr not supported : Dmpu
2025-04-14 17:13:02,196 [ERROR] ConditionMgr:805 - Attr not supported : Dmpu
2025-04-14 17:13:02,197 [ERROR] ConditionMgr:805 - Attr not supported : Dmpu
2025-04-14 17:13:02,197 [ERROR] ConditionMgr:805 - Attr not supported : Dmpu
2025-04-14 17:13:02,197 [ERROR] ConditionMgr:805 - Attr not supported : Dmpu
2025-04-14 17:13:02,198 [ERROR] ConditionMgr:805 - Attr not supported : Dmpu
2025-04-14 17:13:02,198 [ERROR] ConditionMgr:805 - Attr not supported : Dmpu
2025-04-14 17:13:02,199 [ERROR] ConditionMgr:805 - Attr not supported : Dmpu
2025-04-14 17:13:02,199 [ERROR] ConditionMgr:805 - Attr not supported : Dmpu
2025-04-14 17:13:02,199 [ERROR] ConditionMgr:805 - Attr not supported : Dmpu
2025-04-14 17:13:02,199 [ERROR] ConditionMgr:805 - Attr not supported : Dmpu
2025-04-14 17:13:02,200 [ERROR] ConditionMgr:805 - Attr not supported : Dmpu
2025-04-14 17:13:02,200 [ERROR] ConditionMgr:805 - Attr not supported : Dmpu
2025-04-14 17:13:02,200 [ERROR] ConditionMgr:805 - Attr not supported : Dmpu
2025-04-14 17:13:02,200 [ERROR] ConditionMgr:805 - Attr not supported : Dmpu
2025-04-14 17:13:02,201 [ERROR] ConditionMgr:805 - Attr not supported : Dmpu
2025-04-14 17:13:02,201 [ERROR] ConditionMgr:805 - Attr not supported : Dmpu
2025-04-14 17:13:02,201 [ERROR] ConditionMgr:805 - Attr not supported : Dmpu
2025-04-14 17:13:02,201 [ERROR] ConditionMgr:805 - Attr not supported : Dmpu
2025-04-14 17:13:02,201 [ERROR] ConditionMgr:805 - Attr not supported : Dmpu
2025-04-14 17:13:02,202 [ERROR] ConditionMgr:805 - Attr not supported : Dmpu
2025-04-14 17:13:02,202 [ERROR] ConditionMgr:805 - Attr not supported : Dmpu
2025-04-14 17:13:02,202 [ERROR] ConditionMgr:805 - Attr not supported : Dmpu
2025-04-14 17:13:02,202 [ERROR] ConditionMgr:805 - Attr not supported : Dmpu
2025-04-14 17:13:02,202 [ERROR] ConditionMgr:805 - Attr not supported : Dmpu
2025-04-14 17:13:02,202 [ERROR] ConditionMgr:805 - Attr not supported : Dmpu
2025-04-14 17:13:02,202 [ERROR] ConditionMgr:805 - Attr not supported : Dmpu
2025-04-14 17:13:02,203 [ERROR] ConditionMgr:805 - Attr not supported : Dmpu
2025-04-14 17:13:02,203 [ERROR] ConditionMgr:805 - Attr not supported : Dmpu
2025-04-14 17:13:02,203 [ERROR] ConditionMgr:805 - Attr not supported : Dmpu
2025-04-14 17:13:02,203 [ERROR] ConditionMgr:805 - Attr not supported : Dmpu
2025-04-14 17:13:02,203 [ERROR] ConditionMgr:805 - Attr not supported : Dmpu
2025-04-14 17:13:02,203 [ERROR] ConditionMgr:805 - Attr not supported : Dmpu
2025-04-14 17:13:02,204 [ERROR] ConditionMgr:805 - Attr not supported : Dmpu
2025-04-14 17:13:02,204 [ERROR] ConditionMgr:805 - Attr not supported : Dmpu
2025-04-14 17:13:02,204 [ERROR] ConditionMgr:805 - Attr not supported : Dmpu
2025-04-14 17:13:02,204 [ERROR] ConditionMgr:805 - Attr not supported : Dmpu
2025-04-14 17:13:02,204 [ERROR] ConditionMgr:805 - Attr not supported : Dmpu
2025-04-14 17:13:02,205 [ERROR] ConditionMgr:805 - Attr not supported : Dmpu
2025-04-14 17:13:02,205 [ERROR] ConditionMgr:805 - Attr not supported : Dmpu
2025-04-14 17:13:02,205 [ERROR] ConditionMgr:805 - Attr not supported : Dmpu
2025-04-14 17:13:02,206 [ERROR] ConditionMgr:805 - Attr not supported : Dmpu
2025-04-14 17:13:02,206 [ERROR] ConditionMgr:805 - Attr not supported : Dmpu
2025-04-14 17:13:02,206 [ERROR] ConditionMgr:805 - Attr not supported : Dmpu
2025-04-14 17:13:02,207 [ERROR] ConditionMgr:805 - Attr not supported : Dmpu
2025-04-14 17:13:02,207 [ERROR] ConditionMgr:805 - Attr not supported : Dmpu
2025-04-14 17:13:02,207 [ERROR] ConditionMgr:805 - Attr not supported : Dmpu
2025-04-14 17:13:02,207 [ERROR] ConditionMgr:805 - Attr not supported : Dmpu
2025-04-14 17:13:02,207 [ERROR] ConditionMgr:805 - Attr not supported : Dmpu
2025-04-14 17:13:02,208 [ERROR] ConditionMgr:805 - Attr not supported : Dmpu
2025-04-14 17:13:02,208 [ERROR] ConditionMgr:805 - Attr not supported : Dmpu
2025-04-14 17:13:02,208 [ERROR] ConditionMgr:805 - Attr not supported : Dmpu
2025-04-14 17:13:02,208 [ERROR] ConditionMgr:805 - Attr not supported : Dmpu
2025-04-14 17:13:02,208 [ERROR] ConditionMgr:805 - Attr not supported : Dmpu
2025-04-14 17:13:02,209 [ERROR] ConditionMgr:805 - Attr not supported : Dmpu
2025-04-14 17:13:02,209 [ERROR] ConditionMgr:805 - Attr not supported : Dmpu
2025-04-14 17:13:02,209 [ERROR] ConditionMgr:805 - Attr not supported : Dmpu
2025-04-14 17:13:02,209 [ERROR] ConditionMgr:805 - Attr not supported : Dmpu
2025-04-14 17:13:02,209 [ERROR] ConditionMgr:805 - Attr not supported : Dmpu
2025-04-14 17:13:02,209 [ERROR] ConditionMgr:805 - Attr not supported : Dmpu
2025-04-14 17:13:02,210 [ERROR] ConditionMgr:805 - Attr not supported : Dmpu
2025-04-14 17:13:02,210 [ERROR] ConditionMgr:805 - Attr not supported : Dmpu
2025-04-14 17:13:02,210 [ERROR] ConditionMgr:805 - Attr not supported : Dmpu
2025-04-14 17:13:02,219 [ERROR] Engine:466 - C:\Users\Luke\.stm32cubemx\thirdparties\pdsc\STMicroelectronics.X-CUBE-TCPP.4.2.0.pdsc: PDSC version is not supported
2025-04-14 17:13:02,233 [WARN] PackLoader:240 - Cannot read IP mode file for RealThread.X-CUBE-RT-Thread_Nano.4.1.1
2025-04-14 17:13:02,242 [WARN] PackLoader:240 - Cannot read IP mode file for wolfSSL.I-CUBE-wolfSSL.5.7.0
2025-04-14 17:13:02,253 [WARN] PackLoader:240 - Cannot read IP mode file for STMicroelectronics.FP-ATR-SIGFOX1.3.2.0
2025-04-14 17:13:02,275 [WARN] ConditionMgr:438 - getConditionDescription Invalid condition id : Cortex-A Device cause : null
2025-04-14 17:13:02,336 [WARN] ConditionMgr:1039 - genDependencies : Invalid condition id : Cortex-A Device cause : null
2025-04-14 17:13:02,336 [WARN] ConditionMgr:1039 - genDependencies : Invalid condition id : Cortex-A Device cause : null
2025-04-14 17:13:02,337 [WARN] ConditionMgr:1039 - genDependencies : Invalid condition id : Cortex-A Device cause : null
2025-04-14 17:13:02,350 [WARN] PackLoader:240 - Cannot read IP mode file for STMicroelectronics.X-CUBE-EEPRMA1.5.1.0
2025-04-14 17:13:02,364 [WARN] PackLoader:240 - Cannot read IP mode file for ITTIA_DB.I-CUBE-ITTIADB.8.9.0
2025-04-14 17:13:02,423 [WARN] PackLoader:240 - Cannot read IP mode file for SEGGER.I-CUBE-embOS.1.3.1
2025-04-14 17:13:02,519 [WARN] PackLoader:240 - Cannot read IP mode file for STMicroelectronics.X-CUBE-ALGOBUILD.1.4.0
2025-04-14 17:13:02,527 [WARN] PackLoader:240 - Cannot read IP mode file for STMicroelectronics.X-CUBE-AI.9.1.0
2025-04-14 17:13:02,540 [WARN] PackLoader:240 - Cannot read IP mode file for STMicroelectronics.X-CUBE-GNSS1.6.0.0
2025-04-14 17:13:02,574 [WARN] PackLoader:240 - Cannot read IP mode file for STMicroelectronics.X-CUBE-AZRTOS-F4.1.1.0
2025-04-14 17:13:02,589 [WARN] PackLoader:240 - Cannot read IP mode file for STMicroelectronics.X-CUBE-ISPU.2.1.0
2025-04-14 17:13:02,601 [WARN] PackLoader:240 - Cannot read IP mode file for STMicroelectronics.X-CUBE-FREERTOS.1.2.0
2025-04-14 17:13:02,645 [WARN] PackLoader:240 - Cannot read IP mode file for STMicroelectronics.X-CUBE-AZRTOS-L5.2.0.0
2025-04-14 17:13:02,668 [WARN] PackLoader:240 - Cannot read IP mode file for STMicroelectronics.X-CUBE-NFC6.3.1.0
2025-04-14 17:13:02,684 [WARN] PackLoader:240 - Cannot read IP mode file for STMicroelectronics.X-CUBE-DPower.1.2.0
2025-04-14 17:13:02,692 [WARN] PackLoader:240 - Cannot read IP mode file for STMicroelectronics.X-CUBE-AI.9.0.0
2025-04-14 17:13:02,704 [WARN] PackLoader:240 - Cannot read IP mode file for STMicroelectronics.X-CUBE-FREERTOS.1.3.0
2025-04-14 17:13:02,717 [WARN] PackLoader:240 - Cannot read IP mode file for STMicroelectronics.X-CUBE-NFC7.1.0.1
2025-04-14 17:13:02,733 [WARN] PackLoader:240 - Cannot read IP mode file for wolfSSL.I-CUBE-wolfTPM.3.2.0
2025-04-14 17:13:02,750 [WARN] PackLoader:240 - Cannot read IP mode file for STMicroelectronics.X-CUBE-DPower.1.3.0
2025-04-14 17:13:02,801 [WARN] ConditionMgr:438 - getConditionDescription Invalid condition id : LAN8742 Phy interface Condition cause : null
2025-04-14 17:13:02,803 [WARN] PackLoader:240 - Cannot read IP mode file for STMicroelectronics.X-CUBE-AZRTOS-L4.2.0.0
2025-04-14 17:13:02,807 [WARN] ConditionMgr:1039 - genDependencies : Invalid condition id : LAN8742 Phy interface Condition cause : null
2025-04-14 17:13:02,808 [WARN] ConditionMgr:1039 - genDependencies : Invalid condition id : LAN8742 Phy interface Condition cause : null
2025-04-14 17:13:02,810 [WARN] ConditionMgr:1039 - genDependencies : Invalid condition id : LAN8742 Phy interface Condition cause : null
2025-04-14 17:13:02,835 [WARN] PackLoader:240 - Cannot read IP mode file for STMicroelectronics.X-CUBE-SFXS2LP1.4.0.0
2025-04-14 17:13:02,909 [WARN] PackLoader:240 - Cannot read IP mode file for STMicroelectronics.X-CUBE-AZRTOS-H7.3.3.0
2025-04-14 17:13:02,960 [WARN] ConditionMgr:438 - getConditionDescription Invalid condition id : UX DEVICE CLASS RTOS Condition cause : null
2025-04-14 17:13:02,960 [WARN] ConditionMgr:438 - getConditionDescription Invalid condition id : UX DEVICE CLASS RTOS Condition cause : null
2025-04-14 17:13:02,969 [WARN] PackLoader:240 - Cannot read IP mode file for STMicroelectronics.X-CUBE-AZRTOS-WB.2.0.0
2025-04-14 17:13:02,971 [WARN] ConditionMgr:1039 - genDependencies : Invalid condition id : UX DEVICE CLASS RTOS Condition cause : null
2025-04-14 17:13:02,971 [WARN] ConditionMgr:1039 - genDependencies : Invalid condition id : UX DEVICE CLASS RTOS Condition cause : null
2025-04-14 17:13:02,973 [WARN] ConditionMgr:1039 - genDependencies : Invalid condition id : UX DEVICE CLASS RTOS Condition cause : null
2025-04-14 17:13:02,974 [WARN] ConditionMgr:1039 - genDependencies : Invalid condition id : UX DEVICE CLASS RTOS Condition cause : null
2025-04-14 17:13:02,974 [WARN] ConditionMgr:1039 - genDependencies : Invalid condition id : UX DEVICE CLASS RTOS Condition cause : null
2025-04-14 17:13:02,994 [WARN] PackLoader:240 - Cannot read IP mode file for STMicroelectronics.X-CUBE-GNSS1.7.0.1
2025-04-14 17:13:03,017 [WARN] PackLoader:240 - Cannot read IP mode file for STMicroelectronics.X-CUBE-TOUCHGFX.4.25.0
2025-04-14 17:13:03,038 [WARN] PackLoader:240 - Cannot read IP mode file for STMicroelectronics.FP-SNS-STBOX1.2.0.0
2025-04-14 17:13:03,082 [WARN] PackLoader:240 - Cannot read IP mode file for STMicroelectronics.X-CUBE-SUBG2.5.0.0
2025-04-14 17:13:03,160 [WARN] PackLoader:240 - Cannot read IP mode file for STMicroelectronics.X-CUBE-AZRTOS-H7RS.1.1.0
2025-04-14 17:13:03,183 [WARN] PackLoader:240 - Cannot read IP mode file for Cesanta.I-CUBE-Mongoose.7.13.0
2025-04-14 17:13:03,259 [WARN] PackLoader:240 - Cannot read IP mode file for STMicroelectronics.X-CUBE-AZRTOS-G4.2.0.0
2025-04-14 17:13:03,290 [WARN] PackLoader:240 - Cannot read IP mode file for STMicroelectronics.X-CUBE-ISPU.2.0.0
2025-04-14 17:13:03,312 [ERROR] Engine:466 - C:\Users\Luke\.stm32cubemx\thirdparties\pdsc\STMicroelectronics.X-CUBE-IPS.3.1.0.pdsc: PDSC version is not supported
2025-04-14 17:13:03,338 [WARN] PackLoader:240 - Cannot read IP mode file for STMicroelectronics.X-CUBE-ALS.1.0.2
2025-04-14 17:13:03,502 [WARN] PackLoader:240 - Cannot read IP mode file for STMicroelectronics.X-CUBE-MEMS1.10.0.0
2025-04-14 17:13:03,925 [WARN] PackLoader:240 - Cannot read IP mode file for STMicroelectronics.X-CUBE-TOUCHGFX.4.24.0
2025-04-14 17:13:03,937 [WARN] PackLoader:240 - Cannot read IP mode file for STMicroelectronics.X-CUBE-TOUCHGFX.4.24.2
2025-04-14 17:13:03,967 [WARN] PackLoader:240 - Cannot read IP mode file for portGmbH.I-Cube-SoM-uGOAL.1.1.0
2025-04-14 17:13:04,030 [WARN] PackLoader:240 - Cannot read IP mode file for STMicroelectronics.X-CUBE-AZRTOS-H7RS.1.0.0
2025-04-14 17:13:04,053 [WARN] PackLoader:240 - Cannot read IP mode file for STMicroelectronics.FP-ATR-ASTRA1.2.0.0
2025-04-14 17:13:04,088 [WARN] PackLoader:240 - Cannot read IP mode file for STMicroelectronics.X-CUBE-TOF1.3.4.2
2025-04-14 17:13:04,162 [WARN] PackLoader:240 - Cannot read IP mode file for STMicroelectronics.X-CUBE-TOF1.3.4.1
2025-04-14 17:13:04,278 [WARN] PackLoader:240 - Cannot read IP mode file for STMicroelectronics.X-CUBE-AZRTOS-H7.3.2.0
2025-04-14 17:13:04,330 [WARN] PackLoader:240 - Cannot read IP mode file for Infineon.AIROC-Wi-Fi-Bluetooth-STM32.1.6.0
2025-04-14 17:13:04,352 [WARN] PackLoader:240 - Cannot read IP mode file for wolfSSL.I-CUBE-wolfSSH.1.4.17
2025-04-14 17:13:04,353 [INFO] ThirdParty:978 - Integrity check success = true
2025-04-14 17:13:04,354 [INFO] IntegrityCheckThread:100 - exiting critical section [integrity check]
2025-04-14 17:13:04,354 [INFO] IntegrityCheckThread:103 - End integrity checks thread
2025-04-14 17:13:04,354 [INFO] ThirdParty:873 - entering critical section [close project]
2025-04-14 17:13:04,356 [INFO] ThirdParty:883 - exiting critical section [close project]
2025-04-14 17:13:04,365 [INFO] PinOutPanel:1561 - setPackage(No Configuration,No Configuration)
2025-04-14 17:13:04,375 [INFO] UtilMem:75 - Begin LoadConfig() Used Memory: 219396752 Bytes (540016640)
2025-04-14 17:13:04,389 [INFO] MicroXplorer:468 - Change Database Path : 
2025-04-14 17:13:04,389 [INFO] MicroXplorer:498 - Change Database Version : DB.6.0.111
2025-04-14 17:13:04,390 [INFO] OpenFileManager:312 - Change cursor
2025-04-14 17:13:04,474 [INFO] Mcu:2021 - Initializing MCU STM32F103R(8-B)Tx STM32F103RBTx STM32F103RBT6
2025-04-14 17:13:07,341 [INFO] Context:663 - Trying to add GPIOservice into a context  which must be forbidden
2025-04-14 17:13:08,154 [INFO] RtosManager:555 - Registered RTOS mode: class=CMSIS, group=RTOS, mode=CMSIS_V1, owner=FREERTOS
2025-04-14 17:13:08,155 [INFO] RtosManager:555 - Registered RTOS mode: class=CMSIS, group=RTOS2, mode=CMSIS_V2, owner=FREERTOS
2025-04-14 17:13:08,155 [INFO] RtosManager:555 - Registered RTOS mode: class=RTOS, group=Core, mode=CMSIS_V1, owner=FREERTOS
2025-04-14 17:13:08,155 [INFO] RtosManager:555 - Registered RTOS mode: class=RTOS, group=Core, mode=CMSIS_V2, owner=FREERTOS
2025-04-14 17:13:08,156 [WARN] ModelIntegratedComponent:184 - Missing modes for component STMicroelectronics:FreeRTOS:0.0.1:STMicroelectronics:RTOS:FreeRTOS:Core:::10.2.0:
2025-04-14 17:13:08,204 [WARN] ModelIntegratedComponent:63 - No mode defined for component null
2025-04-14 17:13:08,204 [WARN] ModelIntegratedComponent:63 - No mode defined for component null
2025-04-14 17:13:08,205 [WARN] ModelIntegratedComponent:63 - No mode defined for component null
2025-04-14 17:13:08,205 [WARN] ModelIntegratedComponent:63 - No mode defined for component null
2025-04-14 17:13:08,205 [WARN] ModelIntegratedComponent:63 - No mode defined for component null
2025-04-14 17:13:08,205 [WARN] ModelIntegratedComponent:63 - No mode defined for component null
2025-04-14 17:13:08,206 [WARN] ModelIntegratedComponent:63 - No mode defined for component null
2025-04-14 17:13:08,206 [WARN] ModelIntegratedComponent:63 - No mode defined for component null
2025-04-14 17:13:08,206 [WARN] ModelIntegratedComponent:63 - No mode defined for component null
2025-04-14 17:13:08,206 [WARN] ModelIntegratedComponent:63 - No mode defined for component null
2025-04-14 17:13:08,207 [WARN] ModelIntegratedComponent:63 - No mode defined for component null
2025-04-14 17:13:08,207 [WARN] ModelIntegratedComponent:63 - No mode defined for component null
2025-04-14 17:13:08,207 [WARN] ModelIntegratedComponent:63 - No mode defined for component null
2025-04-14 17:13:08,207 [WARN] ModelIntegratedComponent:63 - No mode defined for component null
2025-04-14 17:13:08,207 [WARN] ModelIntegratedComponent:63 - No mode defined for component null
2025-04-14 17:13:08,208 [WARN] ModelIntegratedComponent:63 - No mode defined for component null
2025-04-14 17:13:08,208 [WARN] ModelIntegratedComponent:63 - No mode defined for component null
2025-04-14 17:13:08,208 [WARN] ModelIntegratedComponent:63 - No mode defined for component null
2025-04-14 17:13:08,208 [WARN] ModelIntegratedComponent:63 - No mode defined for component null
2025-04-14 17:13:08,208 [WARN] ModelIntegratedComponent:63 - No mode defined for component null
2025-04-14 17:13:08,209 [WARN] ModelIntegratedComponent:63 - No mode defined for component null
2025-04-14 17:13:08,210 [WARN] ModelIntegratedComponent:63 - No mode defined for component null
2025-04-14 17:13:08,210 [WARN] ModelIntegratedComponent:63 - No mode defined for component null
2025-04-14 17:13:08,211 [WARN] ModelIntegratedComponent:63 - No mode defined for component null
2025-04-14 17:13:08,211 [WARN] ModelIntegratedComponent:63 - No mode defined for component null
2025-04-14 17:13:08,212 [WARN] ModelIntegratedComponent:63 - No mode defined for component null
2025-04-14 17:13:08,212 [WARN] ModelIntegratedComponent:63 - No mode defined for component null
2025-04-14 17:13:08,212 [WARN] ModelIntegratedComponent:63 - No mode defined for component null
2025-04-14 17:13:08,212 [WARN] ModelIntegratedComponent:63 - No mode defined for component null
2025-04-14 17:13:08,213 [WARN] ModelIntegratedComponent:63 - No mode defined for component null
2025-04-14 17:13:08,213 [WARN] ModelIntegratedComponent:63 - No mode defined for component null
2025-04-14 17:13:08,213 [WARN] ModelIntegratedComponent:63 - No mode defined for component null
2025-04-14 17:13:08,213 [WARN] ModelIntegratedComponent:63 - No mode defined for component null
2025-04-14 17:13:08,213 [WARN] ModelIntegratedComponent:63 - No mode defined for component null
2025-04-14 17:13:08,627 [INFO] ThirdPartyModel:298 - Start build external matchings
2025-04-14 17:13:10,089 [INFO] ThirdPartyModel:316 - End build external matchings
2025-04-14 17:13:10,125 [INFO] ImportTextPane:194 - (OptionalMessage_ERROR) IP (RCC) : Parameter (ADCFreqValue) has invalid value (32000000)
2025-04-14 17:13:10,125 [INFO] ImportTextPane:194 - (OptionalMessage_ERROR) IP (RCC) : Invalid parameter (FamilyName)
2025-04-14 17:13:10,126 [INFO] ImportTextPane:194 - (OptionalMessage_ERROR) IP (RCC) : Parameter (MCOFreq_Value) has invalid value (64000000)
2025-04-14 17:13:10,127 [INFO] ImportTextPane:194 - (OptionalMessage_ERROR) IP (RCC) : Parameter (USBFreq_Value) has invalid value (64000000)
2025-04-14 17:13:10,716 [INFO] ApiDb:581 - Connected to CubeFinder SQLite database (C:\Users\Luke\.stmcufinder\plugins\mcufinder\mcu\cube-finder-db.db)
2025-04-14 17:13:10,909 [INFO] ApiDb:668 - CubeFinder database Data Model version=2.1
2025-04-14 17:13:10,910 [INFO] ApiDb:669 - CubeFinder database Configuration version=3.0.39
2025-04-14 17:13:10,910 [INFO] ApiDb:670 - CubeFinder database generation date=2025-03-24 (1742811287)
2025-04-14 17:13:10,910 [INFO] ApiDb:671 - CubeFinder database FW Pack versions=[FP-ATR-ASTRA1_V2.0.0, FP-SNS-FLIGHT1_V5.0.2, FP-SNS-MOTENV1_V5.0.0, FP-SNS-MOTENVWB1_V1.4.0, FP-SNS-SMARTAG2_V1.2.0, FP-SNS-STBOX1_V2.0.0, STM32Cube_FW_C0_V1.4.0, STM32Cube_FW_F4_V1.28.1, STM32Cube_FW_F7_V1.17.2, STM32Cube_FW_G0_V1.6.2, STM32Cube_FW_G4_V1.6.1, STM32Cube_FW_H5_V1.5.0, STM32Cube_FW_H7RS_V1.2.0, STM32Cube_FW_H7_V1.12.1, STM32Cube_FW_L0_V1.12.2, STM32Cube_FW_L4_V1.18.1, STM32Cube_FW_L5_V1.5.1, STM32Cube_FW_N6_V1.1.0, STM32Cube_FW_U0_V1.2.0, STM32Cube_FW_U3_V1.1.0, STM32Cube_FW_U5_V1.7.0, STM32Cube_FW_WB0_V1.2.0, STM32Cube_FW_WBA_V1.6.0, STM32Cube_FW_WB_V1.22.0, STM32Cube_FW_WL3_V1.1.0, STM32Cube_FW_WL_V1.3.1, X-CUBE-ALGOBUILD_V1.4.0, X-CUBE-ALS_V1.0.2, X-CUBE-AZRTOS-F4_V1.1.0, X-CUBE-AZRTOS-F7_V1.1.0, X-CUBE-AZRTOS-G0_V1.1.0, X-CUBE-AZRTOS-G4_V2.0.0, X-CUBE-AZRTOS-H7RS_V1.0.0, X-CUBE-AZRTOS-H7_V3.3.0, X-CUBE-AZRTOS-L4_V2.0.0, X-CUBE-AZRTOS-L5_V2.0.0, X-CUBE-AZRTOS-WB_V2.0.0, X-CUBE-AZRTOS-WL_V2.0.0, X-CUBE-BLE1_V7.1.0, X-CUBE-BLE2_V3.3.0, X-CUBE-BLEMGR_V4.0.0, X-CUBE-EEPRMA1_V5.1.0, X-CUBE-FREERTOS_V1.3.0, X-CUBE-GNSS1_V6.0.0, X-CUBE-MEMS1_V11.1.0, X-CUBE-NFC4_V3.0.0, X-CUBE-NFC7_V1.0.1, X-CUBE-SFXS2LP1_V4.0.0, X-CUBE-SUBG2_V5.0.0, X-CUBE-TOF1_V3.4.2]
2025-04-14 17:13:11,058 [INFO] DbBoardsSqlite:226 - include board P-NUCLEO-WB55-NUCLEO as a kit item of type 'Nucleo-64'
2025-04-14 17:13:11,059 [INFO] DbBoardsSqlite:226 - include board P-NUCLEO-WB55-USBDONGLE as a kit item of type 'Nucleo USB Dongle'
2025-04-14 17:13:11,059 [INFO] DbBoardsSqlite:226 - include board STEVAL-IDP005V1 as a kit item of type 'Evaluation Board'
2025-04-14 17:13:11,060 [INFO] DbBoardsSqlite:226 - include board STEVAL-IDP005V2 as a kit item of type 'Evaluation Board'
2025-04-14 17:13:11,248 [INFO] ApiDb:240 - Found 483 in-development CPN: [B-G473E-ZEST1S, B-WB1M-WPAN1, B-WL5M-SUBG1, NUCLEO-C031C6, NUCLEO-H503RB, NUCLEO-H533RE, NUCLEO-H563ZI, NUCLEO-H7S3L8, NUCLEO-U031R8, NUCLEO-U083RC, NUCLEO-U545RE-Q, NUCLEO-U5A5ZJ-Q, NUCLEO-WBA52CG, NUCLEO-WBA55CG, STEVAL-PROTEUS1, STEVAL-SMARTAG2, STEVAL-STWINBX1, STM320518-EVAL, STM32C0116-DK, STM32C011D6Y3TR, STM32C011D6Y6TR, STM32C011F4P3, STM32C011F4P6, STM32C011F4U3, STM32C011F4U6TR, STM32C011F6P3, STM32C011F6P6, STM32C011F6U3, STM32C011F6U6TR, STM32C011J4M3, STM32C011J4M6, STM32C011J6M3, STM32C011J6M6, STM32C0316-DK, STM32C031C4T3, STM32C031C4T6, STM32C031C4U3, STM32C031C4U6, STM32C031C6T3, STM32C031C6T6, STM32C031C6U3, STM32C031C6U6, STM32C031F4P3, STM32C031F4P6, STM32C031F6P3, STM32C031F6P6, STM32C031G4U3, STM32C031G4U6, STM32C031G6U3, STM32C031G6U6, STM32C031K4T3, STM32C031K4T6, STM32C031K4U3, STM32C031K4U6, STM32C031K6T3, STM32C031K6T6, STM32C031K6U3, STM32C031K6U6, STM32G071K8TXN, STM32G071K8UXN, STM32G081GBU6N, STM32G081KBT6N, STM32G081KBUXN, STM32G0B1CCT6N, STM32G0B1KCT6, STM32G0B1NEY6TR, STM32G0B1RCT6N, STM32G0C1CCT6, STM32G0C1CCT6N, STM32G0C1CCU6N, STM32G0C1CET6N, STM32G0C1CEU6N, STM32G0C1KCT6, STM32G0C1NEY6TR, STM32G0C1RCI6N, STM32G0C1RCT6N, STM32G0C1REI6N, STM32G0C1RET6N, STM32G0C1VCI6, STM32G0C1VEI6, STM32G471CCT6, STM32G471CCU6, STM32G471CET3, STM32G471CET6, STM32G471CEU3, STM32G471CEU6, STM32G471MCT6, STM32G471MET3, STM32G471MET6, STM32G471MEY6TR, STM32G471QCT6, STM32G471QET3, STM32G471RCT6, STM32G471RET3, STM32G471RET6, STM32G471VCH6, STM32G471VCI6, STM32G471VCT6, STM32G471VEH3, STM32G471VEH6, STM32G471VEI3, STM32G471VEI6, STM32G471VET3, STM32G471VET6, STM32G474CCT6, STM32H503CBT6, STM32H503CBU6, STM32H503EBY6TR, STM32H503KBU6, STM32H503RBT6, STM32H523CCT6, STM32H523CCU6, STM32H523CET6, STM32H523CEU6, STM32H523HEY6TR, STM32H523RCT6, STM32H523RET6, STM32H523VCI6, STM32H523VCT6, STM32H523VEI6, STM32H523VET6, STM32H523ZCJ6, STM32H523ZCT6, STM32H523ZEJ6, STM32H523ZET6, STM32H533CET6, STM32H533CEU6, STM32H533HEY6TR, STM32H533RET6, STM32H533VEI6, STM32H533VET6, STM32H533ZEJ6, STM32H533ZET6, STM32H562AGI6, STM32H562AII6, STM32H562IGK6, STM32H562IGT6, STM32H562IIK6, STM32H562IIT6, STM32H562RGT6, STM32H562RGV6, STM32H562RIT6, STM32H562RIV6, STM32H562VGT6, STM32H562VIT6, STM32H562ZGT6, STM32H562ZIT6, STM32H563AGI6, STM32H563AII3Q, STM32H563AII6, STM32H563IGK6, STM32H563IGT6, STM32H563IIK3Q, STM32H563IIK6, STM32H563IIT3Q, STM32H563IIT6, STM32H563MIY3QTR, STM32H563RGT6, STM32H563RGV6, STM32H563RIT6, STM32H563RIV6, STM32H563VGT6, STM32H563VIT3Q, STM32H563VIT6, STM32H563ZGT6, STM32H563ZIT3Q, STM32H563ZIT6, STM32H573AII3Q, STM32H573AII6, STM32H573I-DK, STM32H573IIK3Q, STM32H573IIK6, STM32H573IIT3Q, STM32H573IIT6, STM32H573MIY3QTR, STM32H573RIT6, STM32H573RIV6, STM32H573VIT3Q, STM32H573VIT6, STM32H573ZIT3Q, STM32H573ZIT6, STM32H7R3A8I6, STM32H7R3I8K6, STM32H7R3I8T6, STM32H7R3L8H6, STM32H7R3L8H6H, STM32H7R3R8V6, STM32H7R3V8H6, STM32H7R3V8T6, STM32H7R3V8Y6, STM32H7R3Z8J6, STM32H7R3Z8T6, STM32H7R7A8I6, STM32H7R7I8K6, STM32H7R7I8T6, STM32H7R7L8H6, STM32H7R7L8H6H, STM32H7R7Z8J6, STM32H7S3A8I6, STM32H7S3I8K6, STM32H7S3I8T6, STM32H7S3L8H6, STM32H7S3L8H6H, STM32H7S3R8V6, STM32H7S3V8H6, STM32H7S3V8T6, STM32H7S3V8Y6, STM32H7S3Z8J6, STM32H7S3Z8T6, STM32H7S78-DK, STM32H7S7A8I6, STM32H7S7I8K6, STM32H7S7I8T6, STM32H7S7L8H6, STM32H7S7L8H6H, STM32H7S7Z8J6, STM32L4R5QGI6STR, STM32MP131AAE3, STM32MP131AAF3, STM32MP131AAG3, STM32MP131CAE3, STM32MP131CAF3, STM32MP131CAG3, STM32MP131DAE7, STM32MP131DAF7, STM32MP131DAG7, STM32MP131FAE7, STM32MP131FAF7, STM32MP131FAG7, STM32MP133AAE3, STM32MP133AAF3, STM32MP133AAG3, STM32MP133CAE3, STM32MP133CAF3, STM32MP133CAG3, STM32MP133DAE7, STM32MP133DAF7, STM32MP133DAG7, STM32MP133FAE7, STM32MP133FAF7, STM32MP133FAG7, STM32MP135AAE3, STM32MP135AAF3, STM32MP135AAG3, STM32MP135CAE3, STM32MP135CAF3, STM32MP135CAG3, STM32MP135DAE7, STM32MP135DAF7, STM32MP135DAG7, STM32MP135F-DK, STM32MP135FAE7, STM32MP135FAF7, STM32MP135FAF7T, STM32MP135FAF7U, STM32MP135FAG7, STM32U031C6T6, STM32U031C6U6, STM32U031C8T6, STM32U031C8U6, STM32U031F4P6, STM32U031F6P6, STM32U031F8P6, STM32U031G6Y6TR, STM32U031G8Y6TR, STM32U031K4U6, STM32U031K6U6, STM32U031K8U6, STM32U031R6I6, STM32U031R6T6, STM32U031R8I6, STM32U031R8T6, STM32U073C8T6, STM32U073C8U6, STM32U073CBT6, STM32U073CBU6, STM32U073CCT6, STM32U073CCU6, STM32U073H8Y6TR, STM32U073HBY6TR, STM32U073HCY6TR, STM32U073K8U6, STM32U073KBU6, STM32U073KCU6, STM32U073M8I6, STM32U073M8T6, STM32U073MBI6, STM32U073MBT6, STM32U073MCI6, STM32U073MCT6, STM32U073R8I6, STM32U073R8T6, STM32U073RBI6, STM32U073RBT6, STM32U073RCI6, STM32U073RCT6, STM32U083C-DK, STM32U083CCT6, STM32U083CCU6, STM32U083HCY6TR, STM32U083KCU6, STM32U083MCI6, STM32U083MCT6, STM32U083RCI6, STM32U083RCT6, STM32U535CBT6, STM32U535CBT6Q, STM32U535CBU6, STM32U535CBU6Q, STM32U535CCT6, STM32U535CCT6Q, STM32U535CCU6, STM32U535CCU6Q, STM32U535CET6, STM32U535CET6Q, STM32U535CEU6, STM32U535CEU6Q, STM32U535JEY6QTR, STM32U535NCY6QTR, STM32U535NEY6QTR, STM32U535RBI6, STM32U535RBI6Q, STM32U535RBT6, STM32U535RBT6Q, STM32U535RCI6, STM32U535RCI6Q, STM32U535RCT6, STM32U535RCT6Q, STM32U535REI6, STM32U535REI6Q, STM32U535RET6, STM32U535RET6Q, STM32U535VCI6, STM32U535VCI6Q, STM32U535VCT6, STM32U535VCT6Q, STM32U535VEI6, STM32U535VEI6Q, STM32U535VET6, STM32U535VET6Q, STM32U545CET6, STM32U545CET6Q, STM32U545CEU6, STM32U545CEU6Q, STM32U545JEY6QTR, STM32U545NEY6QTR, STM32U545REI6, STM32U545REI6Q, STM32U545RET6, STM32U545RET6Q, STM32U545VEI6, STM32U545VEI6Q, STM32U545VET6, STM32U545VET6Q, STM32U595AIH6, STM32U595AIH6Q, STM32U595AJH6, STM32U595AJH6Q, STM32U595QII6, STM32U595QII6Q, STM32U595QJI6, STM32U595QJI6Q, STM32U595RIT6, STM32U595RIT6Q, STM32U595RJT6, STM32U595RJT6Q, STM32U595VIT6, STM32U595VIT6Q, STM32U595VJT6, STM32U595VJT6Q, STM32U595ZIT6, STM32U595ZIT6Q, STM32U595ZIY6QTR, STM32U595ZJT6, STM32U595ZJT6Q, STM32U595ZJY6QTR, STM32U599BJY6QTR, STM32U599NIH6Q, STM32U599NJH6Q, STM32U599VIT6Q, STM32U599VJT6, STM32U599VJT6Q, STM32U599ZIT6Q, STM32U599ZIY6QTR, STM32U599ZJT6Q, STM32U599ZJY6QTR, STM32U5A5AJH6, STM32U5A5AJH6Q, STM32U5A5QII3Q , STM32U5A5QJI6, STM32U5A5QJI6Q, STM32U5A5RJT6, STM32U5A5RJT6Q, STM32U5A5VJT6, STM32U5A5VJT6Q, STM32U5A5ZJT6, STM32U5A5ZJT6Q, STM32U5A5ZJY6QTR, STM32U5A9BJY6QTR, STM32U5A9J-DK, STM32U5A9NJH6Q, STM32U5A9VJT6Q, STM32U5A9ZJT6Q, STM32U5A9ZJY6QTR, STM32U5F7VIT6, STM32U5F7VIT6Q, STM32U5F7VJT6, STM32U5F7VJT6Q, STM32U5F9BJY6QTR, STM32U5F9NJH6Q, STM32U5F9VIT6Q, STM32U5F9VJT6Q, STM32U5F9ZIJ6QTR, STM32U5F9ZIT6Q, STM32U5F9ZJJ6QTR, STM32U5F9ZJT6Q, STM32U5G7VJT6, STM32U5G7VJT6Q, STM32U5G9BJY6QTR, STM32U5G9J-DK1, STM32U5G9J-DK2, STM32U5G9NJH6Q, STM32U5G9VJT6Q, STM32U5G9ZJJ6QTR, STM32U5G9ZJT6Q, STM32WB1MMCH6, STM32WBA50KEU6, STM32WBA50KEU6TR, STM32WBA50KGU6, STM32WBA50KGU6TR, STM32WBA52CEU6, STM32WBA52CEU6TR, STM32WBA52CEU7, STM32WBA52CEU7TR, STM32WBA52CGU6, STM32WBA52CGU6TR, STM32WBA52CGU6U, STM32WBA52CGU7, STM32WBA52CGU7TR, STM32WBA52KEU6, STM32WBA52KEU6TR, STM32WBA52KGU6, STM32WBA52KGU6TR, STM32WBA54CEU6, STM32WBA54CEU6TR, STM32WBA54CEU7, STM32WBA54CEU7TR, STM32WBA54CGU6, STM32WBA54CGU6TR, STM32WBA54CGU7, STM32WBA54CGU7TR, STM32WBA54KEU6, STM32WBA54KEU6TR, STM32WBA54KEU7, STM32WBA54KEU7TR, STM32WBA54KGU6, STM32WBA54KGU6TR, STM32WBA54KGU7, STM32WBA54KGU7TR, STM32WBA55CEU6, STM32WBA55CEU6TR, STM32WBA55CEU7, STM32WBA55CEU7TR, STM32WBA55CGU6, STM32WBA55CGU6TR, STM32WBA55CGU6U, STM32WBA55CGU7, STM32WBA55CGU7TR, STM32WBA55G-DK1, STM32WBA55HEF6, STM32WBA55HEF7, STM32WBA55HGF6, STM32WBA55HGF7, STM32WBA55UEI6, STM32WBA55UEI6TR, STM32WBA55UEI7, STM32WBA55UEI7TR, STM32WBA55UGI6, STM32WBA55UGI6TR, STM32WBA55UGI7, STM32WBA55UGI7TR, STM32WL5MOCH6, STM32WL5MOCH6TR]
2025-04-14 17:13:11,253 [INFO] ApiDb:668 - CubeFinder database Data Model version=2.1
2025-04-14 17:13:11,253 [INFO] ApiDb:669 - CubeFinder database Configuration version=3.0.39
2025-04-14 17:13:11,253 [INFO] ApiDb:670 - CubeFinder database generation date=2025-03-24 (1742811287)
2025-04-14 17:13:11,254 [INFO] ApiDb:671 - CubeFinder database FW Pack versions=[FP-ATR-ASTRA1_V2.0.0, FP-SNS-FLIGHT1_V5.0.2, FP-SNS-MOTENV1_V5.0.0, FP-SNS-MOTENVWB1_V1.4.0, FP-SNS-SMARTAG2_V1.2.0, FP-SNS-STBOX1_V2.0.0, STM32Cube_FW_C0_V1.4.0, STM32Cube_FW_F4_V1.28.1, STM32Cube_FW_F7_V1.17.2, STM32Cube_FW_G0_V1.6.2, STM32Cube_FW_G4_V1.6.1, STM32Cube_FW_H5_V1.5.0, STM32Cube_FW_H7RS_V1.2.0, STM32Cube_FW_H7_V1.12.1, STM32Cube_FW_L0_V1.12.2, STM32Cube_FW_L4_V1.18.1, STM32Cube_FW_L5_V1.5.1, STM32Cube_FW_N6_V1.1.0, STM32Cube_FW_U0_V1.2.0, STM32Cube_FW_U3_V1.1.0, STM32Cube_FW_U5_V1.7.0, STM32Cube_FW_WB0_V1.2.0, STM32Cube_FW_WBA_V1.6.0, STM32Cube_FW_WB_V1.22.0, STM32Cube_FW_WL3_V1.1.0, STM32Cube_FW_WL_V1.3.1, X-CUBE-ALGOBUILD_V1.4.0, X-CUBE-ALS_V1.0.2, X-CUBE-AZRTOS-F4_V1.1.0, X-CUBE-AZRTOS-F7_V1.1.0, X-CUBE-AZRTOS-G0_V1.1.0, X-CUBE-AZRTOS-G4_V2.0.0, X-CUBE-AZRTOS-H7RS_V1.0.0, X-CUBE-AZRTOS-H7_V3.3.0, X-CUBE-AZRTOS-L4_V2.0.0, X-CUBE-AZRTOS-L5_V2.0.0, X-CUBE-AZRTOS-WB_V2.0.0, X-CUBE-AZRTOS-WL_V2.0.0, X-CUBE-BLE1_V7.1.0, X-CUBE-BLE2_V3.3.0, X-CUBE-BLEMGR_V4.0.0, X-CUBE-EEPRMA1_V5.1.0, X-CUBE-FREERTOS_V1.3.0, X-CUBE-GNSS1_V6.0.0, X-CUBE-MEMS1_V11.1.0, X-CUBE-NFC4_V3.0.0, X-CUBE-NFC7_V1.0.1, X-CUBE-SFXS2LP1_V4.0.0, X-CUBE-SUBG2_V5.0.0, X-CUBE-TOF1_V3.4.2]
2025-04-14 17:13:14,397 [INFO] ApiDb:240 - Found 483 in-development CPN: [B-G473E-ZEST1S, B-WB1M-WPAN1, B-WL5M-SUBG1, NUCLEO-C031C6, NUCLEO-H503RB, NUCLEO-H533RE, NUCLEO-H563ZI, NUCLEO-H7S3L8, NUCLEO-U031R8, NUCLEO-U083RC, NUCLEO-U545RE-Q, NUCLEO-U5A5ZJ-Q, NUCLEO-WBA52CG, NUCLEO-WBA55CG, STEVAL-PROTEUS1, STEVAL-SMARTAG2, STEVAL-STWINBX1, STM320518-EVAL, STM32C0116-DK, STM32C011D6Y3TR, STM32C011D6Y6TR, STM32C011F4P3, STM32C011F4P6, STM32C011F4U3, STM32C011F4U6TR, STM32C011F6P3, STM32C011F6P6, STM32C011F6U3, STM32C011F6U6TR, STM32C011J4M3, STM32C011J4M6, STM32C011J6M3, STM32C011J6M6, STM32C0316-DK, STM32C031C4T3, STM32C031C4T6, STM32C031C4U3, STM32C031C4U6, STM32C031C6T3, STM32C031C6T6, STM32C031C6U3, STM32C031C6U6, STM32C031F4P3, STM32C031F4P6, STM32C031F6P3, STM32C031F6P6, STM32C031G4U3, STM32C031G4U6, STM32C031G6U3, STM32C031G6U6, STM32C031K4T3, STM32C031K4T6, STM32C031K4U3, STM32C031K4U6, STM32C031K6T3, STM32C031K6T6, STM32C031K6U3, STM32C031K6U6, STM32G071K8TXN, STM32G071K8UXN, STM32G081GBU6N, STM32G081KBT6N, STM32G081KBUXN, STM32G0B1CCT6N, STM32G0B1KCT6, STM32G0B1NEY6TR, STM32G0B1RCT6N, STM32G0C1CCT6, STM32G0C1CCT6N, STM32G0C1CCU6N, STM32G0C1CET6N, STM32G0C1CEU6N, STM32G0C1KCT6, STM32G0C1NEY6TR, STM32G0C1RCI6N, STM32G0C1RCT6N, STM32G0C1REI6N, STM32G0C1RET6N, STM32G0C1VCI6, STM32G0C1VEI6, STM32G471CCT6, STM32G471CCU6, STM32G471CET3, STM32G471CET6, STM32G471CEU3, STM32G471CEU6, STM32G471MCT6, STM32G471MET3, STM32G471MET6, STM32G471MEY6TR, STM32G471QCT6, STM32G471QET3, STM32G471RCT6, STM32G471RET3, STM32G471RET6, STM32G471VCH6, STM32G471VCI6, STM32G471VCT6, STM32G471VEH3, STM32G471VEH6, STM32G471VEI3, STM32G471VEI6, STM32G471VET3, STM32G471VET6, STM32G474CCT6, STM32H503CBT6, STM32H503CBU6, STM32H503EBY6TR, STM32H503KBU6, STM32H503RBT6, STM32H523CCT6, STM32H523CCU6, STM32H523CET6, STM32H523CEU6, STM32H523HEY6TR, STM32H523RCT6, STM32H523RET6, STM32H523VCI6, STM32H523VCT6, STM32H523VEI6, STM32H523VET6, STM32H523ZCJ6, STM32H523ZCT6, STM32H523ZEJ6, STM32H523ZET6, STM32H533CET6, STM32H533CEU6, STM32H533HEY6TR, STM32H533RET6, STM32H533VEI6, STM32H533VET6, STM32H533ZEJ6, STM32H533ZET6, STM32H562AGI6, STM32H562AII6, STM32H562IGK6, STM32H562IGT6, STM32H562IIK6, STM32H562IIT6, STM32H562RGT6, STM32H562RGV6, STM32H562RIT6, STM32H562RIV6, STM32H562VGT6, STM32H562VIT6, STM32H562ZGT6, STM32H562ZIT6, STM32H563AGI6, STM32H563AII3Q, STM32H563AII6, STM32H563IGK6, STM32H563IGT6, STM32H563IIK3Q, STM32H563IIK6, STM32H563IIT3Q, STM32H563IIT6, STM32H563MIY3QTR, STM32H563RGT6, STM32H563RGV6, STM32H563RIT6, STM32H563RIV6, STM32H563VGT6, STM32H563VIT3Q, STM32H563VIT6, STM32H563ZGT6, STM32H563ZIT3Q, STM32H563ZIT6, STM32H573AII3Q, STM32H573AII6, STM32H573I-DK, STM32H573IIK3Q, STM32H573IIK6, STM32H573IIT3Q, STM32H573IIT6, STM32H573MIY3QTR, STM32H573RIT6, STM32H573RIV6, STM32H573VIT3Q, STM32H573VIT6, STM32H573ZIT3Q, STM32H573ZIT6, STM32H7R3A8I6, STM32H7R3I8K6, STM32H7R3I8T6, STM32H7R3L8H6, STM32H7R3L8H6H, STM32H7R3R8V6, STM32H7R3V8H6, STM32H7R3V8T6, STM32H7R3V8Y6, STM32H7R3Z8J6, STM32H7R3Z8T6, STM32H7R7A8I6, STM32H7R7I8K6, STM32H7R7I8T6, STM32H7R7L8H6, STM32H7R7L8H6H, STM32H7R7Z8J6, STM32H7S3A8I6, STM32H7S3I8K6, STM32H7S3I8T6, STM32H7S3L8H6, STM32H7S3L8H6H, STM32H7S3R8V6, STM32H7S3V8H6, STM32H7S3V8T6, STM32H7S3V8Y6, STM32H7S3Z8J6, STM32H7S3Z8T6, STM32H7S78-DK, STM32H7S7A8I6, STM32H7S7I8K6, STM32H7S7I8T6, STM32H7S7L8H6, STM32H7S7L8H6H, STM32H7S7Z8J6, STM32L4R5QGI6STR, STM32MP131AAE3, STM32MP131AAF3, STM32MP131AAG3, STM32MP131CAE3, STM32MP131CAF3, STM32MP131CAG3, STM32MP131DAE7, STM32MP131DAF7, STM32MP131DAG7, STM32MP131FAE7, STM32MP131FAF7, STM32MP131FAG7, STM32MP133AAE3, STM32MP133AAF3, STM32MP133AAG3, STM32MP133CAE3, STM32MP133CAF3, STM32MP133CAG3, STM32MP133DAE7, STM32MP133DAF7, STM32MP133DAG7, STM32MP133FAE7, STM32MP133FAF7, STM32MP133FAG7, STM32MP135AAE3, STM32MP135AAF3, STM32MP135AAG3, STM32MP135CAE3, STM32MP135CAF3, STM32MP135CAG3, STM32MP135DAE7, STM32MP135DAF7, STM32MP135DAG7, STM32MP135F-DK, STM32MP135FAE7, STM32MP135FAF7, STM32MP135FAF7T, STM32MP135FAF7U, STM32MP135FAG7, STM32U031C6T6, STM32U031C6U6, STM32U031C8T6, STM32U031C8U6, STM32U031F4P6, STM32U031F6P6, STM32U031F8P6, STM32U031G6Y6TR, STM32U031G8Y6TR, STM32U031K4U6, STM32U031K6U6, STM32U031K8U6, STM32U031R6I6, STM32U031R6T6, STM32U031R8I6, STM32U031R8T6, STM32U073C8T6, STM32U073C8U6, STM32U073CBT6, STM32U073CBU6, STM32U073CCT6, STM32U073CCU6, STM32U073H8Y6TR, STM32U073HBY6TR, STM32U073HCY6TR, STM32U073K8U6, STM32U073KBU6, STM32U073KCU6, STM32U073M8I6, STM32U073M8T6, STM32U073MBI6, STM32U073MBT6, STM32U073MCI6, STM32U073MCT6, STM32U073R8I6, STM32U073R8T6, STM32U073RBI6, STM32U073RBT6, STM32U073RCI6, STM32U073RCT6, STM32U083C-DK, STM32U083CCT6, STM32U083CCU6, STM32U083HCY6TR, STM32U083KCU6, STM32U083MCI6, STM32U083MCT6, STM32U083RCI6, STM32U083RCT6, STM32U535CBT6, STM32U535CBT6Q, STM32U535CBU6, STM32U535CBU6Q, STM32U535CCT6, STM32U535CCT6Q, STM32U535CCU6, STM32U535CCU6Q, STM32U535CET6, STM32U535CET6Q, STM32U535CEU6, STM32U535CEU6Q, STM32U535JEY6QTR, STM32U535NCY6QTR, STM32U535NEY6QTR, STM32U535RBI6, STM32U535RBI6Q, STM32U535RBT6, STM32U535RBT6Q, STM32U535RCI6, STM32U535RCI6Q, STM32U535RCT6, STM32U535RCT6Q, STM32U535REI6, STM32U535REI6Q, STM32U535RET6, STM32U535RET6Q, STM32U535VCI6, STM32U535VCI6Q, STM32U535VCT6, STM32U535VCT6Q, STM32U535VEI6, STM32U535VEI6Q, STM32U535VET6, STM32U535VET6Q, STM32U545CET6, STM32U545CET6Q, STM32U545CEU6, STM32U545CEU6Q, STM32U545JEY6QTR, STM32U545NEY6QTR, STM32U545REI6, STM32U545REI6Q, STM32U545RET6, STM32U545RET6Q, STM32U545VEI6, STM32U545VEI6Q, STM32U545VET6, STM32U545VET6Q, STM32U595AIH6, STM32U595AIH6Q, STM32U595AJH6, STM32U595AJH6Q, STM32U595QII6, STM32U595QII6Q, STM32U595QJI6, STM32U595QJI6Q, STM32U595RIT6, STM32U595RIT6Q, STM32U595RJT6, STM32U595RJT6Q, STM32U595VIT6, STM32U595VIT6Q, STM32U595VJT6, STM32U595VJT6Q, STM32U595ZIT6, STM32U595ZIT6Q, STM32U595ZIY6QTR, STM32U595ZJT6, STM32U595ZJT6Q, STM32U595ZJY6QTR, STM32U599BJY6QTR, STM32U599NIH6Q, STM32U599NJH6Q, STM32U599VIT6Q, STM32U599VJT6, STM32U599VJT6Q, STM32U599ZIT6Q, STM32U599ZIY6QTR, STM32U599ZJT6Q, STM32U599ZJY6QTR, STM32U5A5AJH6, STM32U5A5AJH6Q, STM32U5A5QII3Q , STM32U5A5QJI6, STM32U5A5QJI6Q, STM32U5A5RJT6, STM32U5A5RJT6Q, STM32U5A5VJT6, STM32U5A5VJT6Q, STM32U5A5ZJT6, STM32U5A5ZJT6Q, STM32U5A5ZJY6QTR, STM32U5A9BJY6QTR, STM32U5A9J-DK, STM32U5A9NJH6Q, STM32U5A9VJT6Q, STM32U5A9ZJT6Q, STM32U5A9ZJY6QTR, STM32U5F7VIT6, STM32U5F7VIT6Q, STM32U5F7VJT6, STM32U5F7VJT6Q, STM32U5F9BJY6QTR, STM32U5F9NJH6Q, STM32U5F9VIT6Q, STM32U5F9VJT6Q, STM32U5F9ZIJ6QTR, STM32U5F9ZIT6Q, STM32U5F9ZJJ6QTR, STM32U5F9ZJT6Q, STM32U5G7VJT6, STM32U5G7VJT6Q, STM32U5G9BJY6QTR, STM32U5G9J-DK1, STM32U5G9J-DK2, STM32U5G9NJH6Q, STM32U5G9VJT6Q, STM32U5G9ZJJ6QTR, STM32U5G9ZJT6Q, STM32WB1MMCH6, STM32WBA50KEU6, STM32WBA50KEU6TR, STM32WBA50KGU6, STM32WBA50KGU6TR, STM32WBA52CEU6, STM32WBA52CEU6TR, STM32WBA52CEU7, STM32WBA52CEU7TR, STM32WBA52CGU6, STM32WBA52CGU6TR, STM32WBA52CGU6U, STM32WBA52CGU7, STM32WBA52CGU7TR, STM32WBA52KEU6, STM32WBA52KEU6TR, STM32WBA52KGU6, STM32WBA52KGU6TR, STM32WBA54CEU6, STM32WBA54CEU6TR, STM32WBA54CEU7, STM32WBA54CEU7TR, STM32WBA54CGU6, STM32WBA54CGU6TR, STM32WBA54CGU7, STM32WBA54CGU7TR, STM32WBA54KEU6, STM32WBA54KEU6TR, STM32WBA54KEU7, STM32WBA54KEU7TR, STM32WBA54KGU6, STM32WBA54KGU6TR, STM32WBA54KGU7, STM32WBA54KGU7TR, STM32WBA55CEU6, STM32WBA55CEU6TR, STM32WBA55CEU7, STM32WBA55CEU7TR, STM32WBA55CGU6, STM32WBA55CGU6TR, STM32WBA55CGU6U, STM32WBA55CGU7, STM32WBA55CGU7TR, STM32WBA55G-DK1, STM32WBA55HEF6, STM32WBA55HEF7, STM32WBA55HGF6, STM32WBA55HGF7, STM32WBA55UEI6, STM32WBA55UEI6TR, STM32WBA55UEI7, STM32WBA55UEI7TR, STM32WBA55UGI6, STM32WBA55UGI6TR, STM32WBA55UGI7, STM32WBA55UGI7TR, STM32WL5MOCH6, STM32WL5MOCH6TR]
2025-04-14 17:13:14,404 [INFO] DbMcus:218 - Found 4657 MCUs, 4657 are supported
2025-04-14 17:13:14,406 [INFO] ApiDb:423 - Load user favorites file C:\Users\Luke/.stm32cubeide/favorites.mcus.txt: 0 item(s)
2025-04-14 17:13:14,407 [INFO] ApiDb:427 - User favorites MCUs=[]
2025-04-14 17:13:14,407 [INFO] DbMcus:224 - Set 0 / 0 favorites MCUs
2025-04-14 17:13:15,139 [INFO] BoardInfo:889 - No configuration file found for board NUCLEO-C051C8
2025-04-14 17:13:15,141 [INFO] DbBoards:161 - Board is not supported: NUCLEO-C051C8
2025-04-14 17:13:15,158 [INFO] BoardInfo:889 - No configuration file found for board NUCLEO-C071RB
2025-04-14 17:13:15,161 [INFO] DbBoards:161 - Board is not supported: NUCLEO-C071RB
2025-04-14 17:13:15,179 [INFO] BoardInfo:889 - No configuration file found for board NUCLEO-C092RC
2025-04-14 17:13:15,181 [INFO] DbBoards:161 - Board is not supported: NUCLEO-C092RC
2025-04-14 17:13:16,398 [INFO] BoardInfo:889 - No configuration file found for board NUCLEO-N657X0-Q
2025-04-14 17:13:16,399 [INFO] DbBoards:161 - Board is not supported: NUCLEO-N657X0-Q
2025-04-14 17:13:16,448 [INFO] BoardInfo:889 - No configuration file found for board NUCLEO-U385RG-Q
2025-04-14 17:13:16,451 [INFO] DbBoards:161 - Board is not supported: NUCLEO-U385RG-Q
2025-04-14 17:13:16,518 [INFO] BoardInfo:889 - No configuration file found for board NUCLEO-WB05KZ
2025-04-14 17:13:16,521 [INFO] DbBoards:161 - Board is not supported: NUCLEO-WB05KZ
2025-04-14 17:13:16,536 [INFO] BoardInfo:889 - No configuration file found for board NUCLEO-WB07CC
2025-04-14 17:13:16,539 [INFO] DbBoards:161 - Board is not supported: NUCLEO-WB07CC
2025-04-14 17:13:16,553 [INFO] BoardInfo:889 - No configuration file found for board NUCLEO-WB09KE
2025-04-14 17:13:16,555 [INFO] DbBoards:161 - Board is not supported: NUCLEO-WB09KE
2025-04-14 17:13:16,636 [INFO] BoardInfo:889 - No configuration file found for board NUCLEO-WBA65RI
2025-04-14 17:13:16,638 [INFO] DbBoards:161 - Board is not supported: NUCLEO-WBA65RI
2025-04-14 17:13:16,654 [INFO] BoardInfo:889 - No configuration file found for board NUCLEO-WL33CC1
2025-04-14 17:13:16,656 [INFO] DbBoards:161 - Board is not supported: NUCLEO-WL33CC1
2025-04-14 17:13:16,666 [INFO] BoardInfo:889 - No configuration file found for board NUCLEO-WL33CC2
2025-04-14 17:13:16,670 [INFO] DbBoards:161 - Board is not supported: NUCLEO-WL33CC2
2025-04-14 17:13:16,742 [INFO] BoardInfo:889 - No configuration file found for board P-NUCLEO-WB55
2025-04-14 17:13:16,744 [INFO] DbBoards:161 - Kit is not supported: P-NUCLEO-WB55
2025-04-14 17:13:16,796 [INFO] BoardInfo:889 - No configuration file found for board STEVAL-BFA001V1B
2025-04-14 17:13:16,797 [INFO] DbBoards:161 - Kit is not supported: STEVAL-BFA001V1B
2025-04-14 17:13:16,809 [INFO] BoardInfo:889 - No configuration file found for board STEVAL-BFA001V2B
2025-04-14 17:13:16,811 [INFO] DbBoards:161 - Kit is not supported: STEVAL-BFA001V2B
2025-04-14 17:13:18,259 [INFO] BoardInfo:889 - No configuration file found for board STM32MP257F-DK
2025-04-14 17:13:18,261 [INFO] DbBoards:161 - Board is not supported: STM32MP257F-DK
2025-04-14 17:13:18,277 [INFO] BoardInfo:889 - No configuration file found for board STM32MP257F-EV1
2025-04-14 17:13:18,280 [INFO] DbBoards:161 - Board is not supported: STM32MP257F-EV1
2025-04-14 17:13:18,297 [INFO] BoardInfo:889 - No configuration file found for board STM32N6570-DK
2025-04-14 17:13:18,299 [INFO] DbBoards:161 - Board is not supported: STM32N6570-DK
2025-04-14 17:13:18,450 [INFO] BoardInfo:889 - No configuration file found for board STM32WBA65I-DK1
2025-04-14 17:13:18,453 [INFO] DbBoards:161 - Board is not supported: STM32WBA65I-DK1
2025-04-14 17:13:18,453 [INFO] DbBoards:168 - Found 210 boards, 192 are supported
2025-04-14 17:13:18,453 [INFO] DbBoards:169 - Found 210 boards, 8 of them is supported for  Bsp
2025-04-14 17:13:18,456 [INFO] ApiDb:423 - Load user favorites file C:\Users\Luke/.stm32cubeide/favorites.boards.txt: 1 item(s)
2025-04-14 17:13:18,456 [INFO] ApiDb:427 - User favorites Boards=[NUCLEO-F103RB]
2025-04-14 17:13:18,456 [INFO] DbBoards:198 - Set 1 / 1 favorites Boards
2025-04-14 17:13:18,543 [INFO] UtilMem:75 - End LoadConfig() Used Memory: 390376048 Bytes (540016640)
2025-04-14 17:13:18,791 [WARN] ThirdParty:833 - waiting for thirdparty lock release [change project]
2025-04-14 17:13:18,792 [INFO] ThirdParty:835 - entering critical section [change project]
2025-04-14 17:13:18,792 [INFO] ThirdParty:1030 - CMSIS Pack Vendor :STMicroelectronics USBPD 4.1
2025-04-14 17:13:18,792 [INFO] ThirdParty:1030 - CMSIS Pack Vendor :STMicroelectronics X-CUBE-AZRTOS-H7 3.3.0
2025-04-14 17:13:18,793 [INFO] ThirdParty:1030 - CMSIS Pack Vendor :STMicroelectronics X-CUBE-NFC9 1.0.0
2025-04-14 17:13:18,793 [INFO] ThirdParty:1030 - CMSIS Pack Vendor :STMicroelectronics X-CUBE-GNSS1 6.0.0
2025-04-14 17:13:18,793 [INFO] ThirdParty:1030 - CMSIS Pack Vendor :STMicroelectronics USB_HOST 2.0.0
2025-04-14 17:13:18,793 [INFO] ThirdParty:1030 - CMSIS Pack Vendor :STMicroelectronics FP-SNS-MOTENVWB1 1.4.0
2025-04-14 17:13:18,793 [INFO] ThirdParty:1030 - CMSIS Pack Vendor :STMicroelectronics X-CUBE-AZRTOS-F4 1.1.0
2025-04-14 17:13:18,793 [INFO] ThirdParty:1030 - CMSIS Pack Vendor :STMicroelectronics LIBJPEG 8.0.0
2025-04-14 17:13:18,793 [INFO] ThirdParty:1030 - CMSIS Pack Vendor :STMicroelectronics FP-ATR-ASTRA1 2.0.2
2025-04-14 17:13:18,793 [INFO] ThirdParty:1030 - CMSIS Pack Vendor :STMicroelectronics FP-ATR-ASTRA1 2.0.1
2025-04-14 17:13:18,793 [INFO] ThirdParty:1030 - CMSIS Pack Vendor :STMicroelectronics X-CUBE-BLE1 7.1.0
2025-04-14 17:13:18,793 [INFO] ThirdParty:1030 - CMSIS Pack Vendor :STMicroelectronics X-CUBE-SMBUS 2.1.0
2025-04-14 17:13:18,793 [INFO] ThirdParty:1030 - CMSIS Pack Vendor :STMicroelectronics X-CUBE-WB05N 1.1.0
2025-04-14 17:13:18,793 [INFO] ThirdParty:1030 - CMSIS Pack Vendor :STMicroelectronics USB_DEVICE 3.0.0
2025-04-14 17:13:18,794 [INFO] ThirdParty:1030 - CMSIS Pack Vendor :STMicroelectronics X-CUBE-TCPP 4.1.0
2025-04-14 17:13:18,794 [INFO] ThirdParty:1030 - CMSIS Pack Vendor :STMicroelectronics X-CUBE-ISPU 2.1.0
2025-04-14 17:13:18,794 [INFO] ThirdParty:1030 - CMSIS Pack Vendor :STMicroelectronics X-CUBE-FREERTOS 1.2.0
2025-04-14 17:13:18,794 [INFO] ThirdParty:1030 - CMSIS Pack Vendor :STMicroelectronics X-CUBE-AZRTOS-WB 2.0.0
2025-04-14 17:13:18,794 [INFO] ThirdParty:1030 - CMSIS Pack Vendor :STMicroelectronics X-CUBE-GNSS1 7.0.1
2025-04-14 17:13:18,794 [INFO] ThirdParty:1030 - CMSIS Pack Vendor :STMicroelectronics X-CUBE-AZRTOS-F7 1.1.0
2025-04-14 17:13:18,794 [INFO] ThirdParty:1030 - CMSIS Pack Vendor :STMicroelectronics X-CUBE-AZRTOS-L5 2.0.0
2025-04-14 17:13:18,794 [INFO] ThirdParty:1030 - CMSIS Pack Vendor :STMicroelectronics X-CUBE-TOUCHGFX 4.25.0
2025-04-14 17:13:18,794 [INFO] ThirdParty:1030 - CMSIS Pack Vendor :STMicroelectronics USB_DEVICE 2.0.0
2025-04-14 17:13:18,794 [INFO] ThirdParty:1030 - CMSIS Pack Vendor :STMicroelectronics X-CUBE-NFC6 3.1.0
2025-04-14 17:13:18,795 [INFO] ThirdParty:1030 - CMSIS Pack Vendor :STMicroelectronics FP-SNS-STBOX1 2.0.0
2025-04-14 17:13:18,795 [INFO] ThirdParty:1030 - CMSIS Pack Vendor :STMicroelectronics FreeRTOS 0.0.1
2025-04-14 17:13:18,795 [INFO] ThirdParty:1030 - CMSIS Pack Vendor :STMicroelectronics X-CUBE-AZRTOS-G0 1.1.0
2025-04-14 17:13:18,795 [INFO] ThirdParty:1030 - CMSIS Pack Vendor :STMicroelectronics X-CUBE-SAFEA1 1.2.2
2025-04-14 17:13:18,795 [INFO] ThirdParty:1030 - CMSIS Pack Vendor :STMicroelectronics X-CUBE-NFC4 3.0.0
2025-04-14 17:13:18,795 [INFO] ThirdParty:1030 - CMSIS Pack Vendor :STMicroelectronics X-CUBE-DPower 1.2.0
2025-04-14 17:13:18,795 [INFO] ThirdParty:1030 - CMSIS Pack Vendor :STMicroelectronics X-CUBE-SUBG2 5.0.0
2025-04-14 17:13:18,797 [INFO] ThirdParty:1030 - CMSIS Pack Vendor :STMicroelectronics X-CUBE-AZRTOS-H7RS 1.1.0
2025-04-14 17:13:18,797 [INFO] ThirdParty:1030 - CMSIS Pack Vendor :STMicroelectronics STM32_WPAN 1.0.0
2025-04-14 17:13:18,797 [INFO] ThirdParty:1030 - CMSIS Pack Vendor :EmbeddedOffice I-CUBE-FS-RTOS 1.0.1
2025-04-14 17:13:18,797 [INFO] ThirdParty:1030 - CMSIS Pack Vendor :STMicroelectronics lwIP 2.0.3
2025-04-14 17:13:18,797 [INFO] ThirdParty:1030 - CMSIS Pack Vendor :STMicroelectronics FP-SNS-FLIGHT1 5.0.2
2025-04-14 17:13:18,797 [INFO] ThirdParty:1030 - CMSIS Pack Vendor :Cesanta I-CUBE-Mongoose 7.13.0
2025-04-14 17:13:18,797 [INFO] ThirdParty:1030 - CMSIS Pack Vendor :STMicroelectronics USB_HOST 1.0.0
2025-04-14 17:13:18,797 [INFO] ThirdParty:1030 - CMSIS Pack Vendor :STMicroelectronics X-CUBE-AI 9.0.0
2025-04-14 17:13:18,797 [INFO] ThirdParty:1030 - CMSIS Pack Vendor :STMicroelectronics X-CUBE-AZRTOS-G4 2.0.0
2025-04-14 17:13:18,797 [INFO] ThirdParty:1030 - CMSIS Pack Vendor :STMicroelectronics PDM2PCM 3.1.0
2025-04-14 17:13:18,797 [INFO] ThirdParty:1030 - CMSIS Pack Vendor :STMicroelectronics PDM2PCM 3.3.0
2025-04-14 17:13:18,797 [INFO] ThirdParty:1030 - CMSIS Pack Vendor :STMicroelectronics X-CUBE-DISPLAY 3.0.0
2025-04-14 17:13:18,797 [INFO] ThirdParty:1030 - CMSIS Pack Vendor :RealThread X-CUBE-RT-Thread_Nano 4.1.1
2025-04-14 17:13:18,798 [INFO] ThirdParty:1030 - CMSIS Pack Vendor :wolfSSL I-CUBE-wolfSSL 5.7.0
2025-04-14 17:13:18,798 [INFO] ThirdParty:1030 - CMSIS Pack Vendor :STMicroelectronics X-CUBE-BLE1 7.0.0
2025-04-14 17:13:18,798 [INFO] ThirdParty:1030 - CMSIS Pack Vendor :STMicroelectronics FP-ATR-SIGFOX1 3.2.0
2025-04-14 17:13:18,798 [INFO] ThirdParty:1030 - CMSIS Pack Vendor :STMicroelectronics X-CUBE-NFC10 1.0.0
2025-04-14 17:13:18,798 [INFO] ThirdParty:1030 - CMSIS Pack Vendor :quantropi X-CUBE-qispace-sdk-base 1.9.3
2025-04-14 17:13:18,798 [INFO] ThirdParty:1030 - CMSIS Pack Vendor :STMicroelectronics X-CUBE-ISPU 2.0.0
2025-04-14 17:13:18,798 [INFO] ThirdParty:1030 - CMSIS Pack Vendor :STMicroelectronics X-CUBE-BLEMGR 4.0.0
2025-04-14 17:13:18,798 [INFO] ThirdParty:1030 - CMSIS Pack Vendor :STMicroelectronics X-CUBE-EEPRMA1 5.1.0
2025-04-14 17:13:18,798 [INFO] ThirdParty:1030 - CMSIS Pack Vendor :STMicroelectronics HAL Drivers 0.0.0
2025-04-14 17:13:18,798 [INFO] ThirdParty:1030 - CMSIS Pack Vendor :STMicroelectronics MBEDTLS 2.16.2
2025-04-14 17:13:18,799 [INFO] ThirdParty:1030 - CMSIS Pack Vendor :STMicroelectronics X-CUBE-ALS 1.0.2
2025-04-14 17:13:18,801 [INFO] ThirdParty:1030 - CMSIS Pack Vendor :emotas I-CUBE-CANOPEN 1.3.0
2025-04-14 17:13:18,802 [INFO] ThirdParty:1030 - CMSIS Pack Vendor :STMicroelectronics X-CUBE-FREERTOS 1.3.0
2025-04-14 17:13:18,802 [INFO] ThirdParty:1030 - CMSIS Pack Vendor :STMicroelectronics X-CUBE-MEMS1 10.0.0
2025-04-14 17:13:18,802 [INFO] ThirdParty:1030 - CMSIS Pack Vendor :STMicroelectronics X-CUBE-NFC7 1.0.1
2025-04-14 17:13:18,802 [INFO] ThirdParty:1030 - CMSIS Pack Vendor :STMicroelectronics MBEDTLS 2.14.1
2025-04-14 17:13:18,802 [INFO] ThirdParty:1030 - CMSIS Pack Vendor :STMicroelectronics X-CUBE-TOUCHGFX 4.24.0
2025-04-14 17:13:18,803 [INFO] ThirdParty:1030 - CMSIS Pack Vendor :ITTIA_DB I-CUBE-ITTIADB 8.9.0
2025-04-14 17:13:18,803 [INFO] ThirdParty:1030 - CMSIS Pack Vendor :wolfSSL I-CUBE-wolfTPM 3.2.0
2025-04-14 17:13:18,803 [INFO] ThirdParty:1030 - CMSIS Pack Vendor :STMicroelectronics X-CUBE-TOUCHGFX 4.24.2
2025-04-14 17:13:18,803 [INFO] ThirdParty:1030 - CMSIS Pack Vendor :portGmbH I-Cube-SoM-uGOAL 1.1.0
2025-04-14 17:13:18,803 [INFO] ThirdParty:1030 - CMSIS Pack Vendor :STMicroelectronics X-CUBE-BLEMGR 3.1.0
2025-04-14 17:13:18,803 [INFO] ThirdParty:1030 - CMSIS Pack Vendor :STMicroelectronics X-CUBE-AI 10.0.0
2025-04-14 17:13:18,803 [INFO] ThirdParty:1030 - CMSIS Pack Vendor :STMicroelectronics ThreadX 1.0.0
2025-04-14 17:13:18,803 [INFO] ThirdParty:1030 - CMSIS Pack Vendor :STMicroelectronics FP-SNS-SMARTAG2 1.2.0
2025-04-14 17:13:18,803 [INFO] ThirdParty:1030 - CMSIS Pack Vendor :STMicroelectronics X-CUBE-MEMS1 11.1.0
2025-04-14 17:13:18,803 [INFO] ThirdParty:1030 - CMSIS Pack Vendor :STMicroelectronics X-CUBE-AZRTOS-WL 2.0.0
2025-04-14 17:13:18,803 [INFO] ThirdParty:1030 - CMSIS Pack Vendor :SEGGER I-CUBE-embOS 1.3.1
2025-04-14 17:13:18,803 [INFO] ThirdParty:1030 - CMSIS Pack Vendor :STMicroelectronics X-CUBE-ALGOBUILD 1.4.0
2025-04-14 17:13:18,803 [INFO] ThirdParty:1030 - CMSIS Pack Vendor :STMicroelectronics X-CUBE-DPower 1.3.0
2025-04-14 17:13:18,804 [INFO] ThirdParty:1030 - CMSIS Pack Vendor :STMicroelectronics FP-SNS-MOTENV1 5.0.0
2025-04-14 17:13:18,804 [INFO] ThirdParty:1030 - CMSIS Pack Vendor :STMicroelectronics USB_DEVICE 1.0.0
2025-04-14 17:13:18,804 [INFO] ThirdParty:1030 - CMSIS Pack Vendor :STMicroelectronics X-CUBE-AZRTOS-H7RS 1.0.0
2025-04-14 17:13:18,804 [INFO] ThirdParty:1030 - CMSIS Pack Vendor :wolfSSL I-CUBE-wolfMQTT 1.19.0
2025-04-14 17:13:18,804 [INFO] ThirdParty:1030 - CMSIS Pack Vendor :STMicroelectronics X-CUBE-AZRTOS-L4 2.0.0
2025-04-14 17:13:18,804 [INFO] ThirdParty:1030 - CMSIS Pack Vendor :STMicroelectronics ThreadX 0.0.2
2025-04-14 17:13:18,804 [INFO] ThirdParty:1030 - CMSIS Pack Vendor :WES I-CUBE-Cesium 1.3.0
2025-04-14 17:13:18,804 [INFO] ThirdParty:1030 - CMSIS Pack Vendor :STMicroelectronics FP-ATR-ASTRA1 2.0.0
2025-04-14 17:13:18,804 [INFO] ThirdParty:1030 - CMSIS Pack Vendor :STMicroelectronics lwIP 2.1.2
2025-04-14 17:13:18,804 [INFO] ThirdParty:1030 - CMSIS Pack Vendor :STMicroelectronics X-CUBE-SFXS2LP1 4.0.0
2025-04-14 17:13:18,804 [INFO] ThirdParty:1030 - CMSIS Pack Vendor :STMicroelectronics X-CUBE-BLE2 3.3.0
2025-04-14 17:13:18,804 [INFO] ThirdParty:1030 - CMSIS Pack Vendor :STMicroelectronics X-CUBE-TOF1 3.4.2
2025-04-14 17:13:18,804 [INFO] ThirdParty:1030 - CMSIS Pack Vendor :STMicroelectronics X-CUBE-AI 9.1.0
2025-04-14 17:13:18,804 [INFO] ThirdParty:1030 - CMSIS Pack Vendor :STMicroelectronics X-CUBE-TOF1 3.4.1
2025-04-14 17:13:18,806 [INFO] ThirdParty:1030 - CMSIS Pack Vendor :STMicroelectronics X-CUBE-AZRTOS-H7 3.2.0
2025-04-14 17:13:18,806 [INFO] ThirdParty:1030 - CMSIS Pack Vendor :Infineon AIROC-Wi-Fi-Bluetooth-STM32 1.6.0
2025-04-14 17:13:18,806 [INFO] ThirdParty:1030 - CMSIS Pack Vendor :STMicroelectronics PDM2PCM 3.2.0
2025-04-14 17:13:18,806 [INFO] ThirdParty:1030 - CMSIS Pack Vendor :wolfSSL I-CUBE-wolfSSH 1.4.17
2025-04-14 17:13:18,806 [INFO] ThirdParty:841 - exiting critical section [change project]
2025-04-14 17:13:19,484 [INFO] PinOutPanel:1561 - setPackage(No Configuration,No Configuration)
2025-04-14 17:13:19,487 [INFO] PinOutPanel:1561 - setPackage(STM32F103RBTx,LQFP64)
2025-04-14 17:13:20,520 [INFO] UtilMem:75 - Before build in PCC Used Memory: 272994408 Bytes (540016640)
2025-04-14 17:13:22,673 [INFO] UtilMem:75 - After build in PCC Used Memory: 385500672 Bytes (540016640)
2025-04-14 17:13:22,772 [INFO] IPUIPlugin:80 - create IPUIPlugin
2025-04-14 17:13:22,773 [INFO] IPUIPlugin:80 - create IPUIPlugin
2025-04-14 17:13:22,773 [INFO] IPUIPlugin:80 - create IPUIPlugin
2025-04-14 17:13:22,774 [INFO] IPUIPlugin:80 - create IPUIPlugin
2025-04-14 17:13:22,774 [INFO] IPUIPlugin:80 - create IPUIPlugin
2025-04-14 17:13:22,775 [INFO] IPUIPlugin:80 - create IPUIPlugin
2025-04-14 17:13:22,775 [INFO] IPUIPlugin:80 - create IPUIPlugin
2025-04-14 17:13:22,776 [INFO] IPUIPlugin:80 - create IPUIPlugin
2025-04-14 17:13:22,776 [INFO] IPUIPlugin:80 - create IPUIPlugin
2025-04-14 17:13:22,776 [INFO] IPUIPlugin:80 - create IPUIPlugin
2025-04-14 17:13:22,777 [INFO] IPUIPlugin:80 - create IPUIPlugin
2025-04-14 17:13:22,778 [INFO] IPUIPlugin:80 - create IPUIPlugin
2025-04-14 17:13:22,778 [INFO] IPUIPlugin:80 - create IPUIPlugin
2025-04-14 17:13:22,781 [INFO] IPUIPlugin:80 - create IPUIPlugin
2025-04-14 17:13:22,782 [INFO] IPUIPlugin:80 - create IPUIPlugin
2025-04-14 17:13:22,783 [INFO] IPUIPlugin:80 - create IPUIPlugin
2025-04-14 17:13:22,784 [INFO] IPUIPlugin:80 - create IPUIPlugin
2025-04-14 17:13:22,784 [INFO] IPUIPlugin:80 - create IPUIPlugin
2025-04-14 17:13:22,785 [INFO] IPUIPlugin:80 - create IPUIPlugin
2025-04-14 17:13:22,786 [INFO] IPUIPlugin:80 - create IPUIPlugin
2025-04-14 17:13:22,786 [INFO] IPUIPlugin:80 - create IPUIPlugin
2025-04-14 17:13:22,787 [INFO] IPUIPlugin:80 - create IPUIPlugin
2025-04-14 17:13:22,788 [INFO] IPUIPlugin:80 - create IPUIPlugin
2025-04-14 17:13:22,789 [INFO] IPUIPlugin:80 - create IPUIPlugin
2025-04-14 17:13:22,789 [INFO] IPUIPlugin:80 - create IPUIPlugin
2025-04-14 17:13:22,790 [INFO] IPUIPlugin:80 - create IPUIPlugin
2025-04-14 17:13:22,791 [INFO] IPUIPlugin:80 - create IPUIPlugin
2025-04-14 17:13:23,367 [INFO] CADModel:165 - CPN selected for project levelSTM32F103RBT6
2025-04-14 17:13:23,367 [INFO] CADModel:114 - Register for checkConnection events
2025-04-14 17:13:23,487 [INFO] OpenFileManager:343 - Restore cursor
2025-04-14 17:13:50,459 [WARN] IP:2120 - I2C_Coeff_DF not found: check if there is a RefParameter without a condition.
2025-04-14 17:13:50,460 [WARN] IP:2120 - Analog_Filter not found: check if there is a RefParameter without a condition.
2025-04-14 17:13:50,508 [WARN] IP:2120 - I2C_Coeff_DF not found: check if there is a RefParameter without a condition.
2025-04-14 17:13:50,508 [WARN] IP:2120 - Analog_Filter not found: check if there is a RefParameter without a condition.
2025-04-14 17:13:50,509 [WARN] IP:2120 - I2C_Coeff_DF not found: check if there is a RefParameter without a condition.
2025-04-14 17:13:50,509 [WARN] IP:2120 - Analog_Filter not found: check if there is a RefParameter without a condition.
2025-04-14 17:13:50,794 [WARN] IP:2120 - I2C_Coeff_DF not found: check if there is a RefParameter without a condition.
2025-04-14 17:13:50,794 [WARN] IP:2120 - Analog_Filter not found: check if there is a RefParameter without a condition.
2025-04-14 17:13:50,799 [WARN] IP:2120 - I2C_Coeff_DF not found: check if there is a RefParameter without a condition.
2025-04-14 17:13:50,799 [WARN] IP:2120 - Analog_Filter not found: check if there is a RefParameter without a condition.
2025-04-14 17:13:52,556 [WARN] IP:2120 - I2C_Coeff_DF not found: check if there is a RefParameter without a condition.
2025-04-14 17:13:52,557 [WARN] IP:2120 - Analog_Filter not found: check if there is a RefParameter without a condition.
2025-04-14 17:14:02,046 [INFO] NvicIntPanel:101 - NVIC parent = com.st.microxplorer.plugins.ip.nvic.MultiNvicIntPanel[,0,0,450x135,layout=javax.swing.BoxLayout,alignmentX=0.0,alignmentY=0.0,border=,flags=9,maximumSize=,minimumSize=,preferredSize=]
2025-04-14 17:14:10,943 [INFO] UtilMem:75 - End SaveConfig() Used Memory: 648099984 Bytes (814743552)
2025-04-14 17:14:12,131 [INFO] UtilMem:75 - End SaveConfig() Used Memory: 522540544 Bytes (814743552)
2025-04-14 17:14:17,935 [INFO] UtilMem:75 - End SaveConfig() Used Memory: 640363008 Bytes (853540864)
2025-04-14 17:14:20,199 [INFO] BlockDiagram:2759 - set Specific Code input for plugin: NVIC
2025-04-14 17:14:20,200 [INFO] BlockDiagram:2759 - set Specific Code input for plugin: USART
2025-04-14 17:14:20,201 [INFO] BlockDiagram:2759 - set Specific Code input for plugin: SYS
2025-04-14 17:14:20,202 [INFO] BlockDiagram:2759 - set Specific Code input for plugin: GPIO
2025-04-14 17:14:20,203 [INFO] BlockDiagram:2759 - set Specific Code input for plugin: RCC
2025-04-14 17:14:20,203 [INFO] BlockDiagram:2759 - set Specific Code input for plugin: I2C
2025-04-14 17:14:20,207 [INFO] CodeGenerator:807 - code generatio: config db path: C:\ST\STM32CubeIDE_1.15.1\STM32CubeIDE\plugins\com.st.stm32cube.common.mx_6.11.1.202404110753\\db\
2025-04-14 17:14:20,232 [WARN] IP:2120 - I2C_Coeff_DF not found: check if there is a RefParameter without a condition.
2025-04-14 17:14:20,232 [WARN] IP:2120 - Analog_Filter not found: check if there is a RefParameter without a condition.
2025-04-14 17:14:20,665 [INFO] CodeEngine:255 - oldGeneratedFile, D:\Project\SmartPole\Patient-Recognition\tag_recognition_problem\tag_recognition_problem\MXTmpFiles\license.tmp_save
2025-04-14 17:14:21,665 [INFO] CodeEngine:279 - Generated code: D:\Project\SmartPole\Patient-Recognition\tag_recognition_problem\tag_recognition_problem\MXTmpFiles\license.tmp
2025-04-14 17:14:21,976 [INFO] CodeEngine:255 - oldGeneratedFile, D:\Project\SmartPole\Patient-Recognition\tag_recognition_problem\tag_recognition_problem\MXTmpFiles\gpio.tmp_save
2025-04-14 17:14:22,431 [INFO] CodeEngine:279 - Generated code: D:\Project\SmartPole\Patient-Recognition\tag_recognition_problem\tag_recognition_problem\MXTmpFiles\gpio.tmp
2025-04-14 17:14:22,854 [INFO] CodeEngine:255 - oldGeneratedFile, D:\Project\SmartPole\Patient-Recognition\tag_recognition_problem\tag_recognition_problem\Core\Src\stm32f1xx_it.c_save
2025-04-14 17:14:23,365 [INFO] CodeEngine:279 - Generated code: D:\Project\SmartPole\Patient-Recognition\tag_recognition_problem\tag_recognition_problem\Core\Src\stm32f1xx_it.c
2025-04-14 17:14:23,403 [INFO] CodeEngine:255 - oldGeneratedFile, D:\Project\SmartPole\Patient-Recognition\tag_recognition_problem\tag_recognition_problem\Core\Inc\stm32f1xx_it.h_save
2025-04-14 17:14:23,708 [INFO] CodeEngine:279 - Generated code: D:\Project\SmartPole\Patient-Recognition\tag_recognition_problem\tag_recognition_problem\Core\Inc\stm32f1xx_it.h
2025-04-14 17:14:23,823 [INFO] CodeEngine:255 - oldGeneratedFile, D:\Project\SmartPole\Patient-Recognition\tag_recognition_problem\tag_recognition_problem\Core\Src\stm32f1xx_hal_msp.c_save
2025-04-14 17:14:24,547 [INFO] CodeEngine:279 - Generated code: D:\Project\SmartPole\Patient-Recognition\tag_recognition_problem\tag_recognition_problem\Core\Src\stm32f1xx_hal_msp.c
2025-04-14 17:14:24,565 [INFO] CodeEngine:255 - oldGeneratedFile, D:\Project\SmartPole\Patient-Recognition\tag_recognition_problem\tag_recognition_problem\MXTmpFiles\system.tmp_save
2025-04-14 17:14:24,776 [INFO] CodeEngine:279 - Generated code: D:\Project\SmartPole\Patient-Recognition\tag_recognition_problem\tag_recognition_problem\MXTmpFiles\system.tmp
2025-04-14 17:14:24,861 [INFO] CodeEngine:311 - oldGeneratedFile, D:\Project\SmartPole\Patient-Recognition\tag_recognition_problem\tag_recognition_problem\Core\Inc\stm32f1xx_hal_conf.h_save
2025-04-14 17:14:25,185 [INFO] CodeEngine:335 - Generated code: D:\Project\SmartPole\Patient-Recognition\tag_recognition_problem\tag_recognition_problem\Core\Inc\stm32f1xx_hal_conf.h
2025-04-14 17:14:25,411 [INFO] CodeEngine:255 - oldGeneratedFile, D:\Project\SmartPole\Patient-Recognition\tag_recognition_problem\tag_recognition_problem\Core\Inc\main.h_save
2025-04-14 17:14:25,686 [INFO] CodeEngine:279 - Generated code: D:\Project\SmartPole\Patient-Recognition\tag_recognition_problem\tag_recognition_problem\Core\Inc\main.h
2025-04-14 17:14:25,737 [INFO] CodeEngine:255 - oldGeneratedFile, D:\Project\SmartPole\Patient-Recognition\tag_recognition_problem\tag_recognition_problem\Core\Src\main.c_save
2025-04-14 17:14:26,869 [INFO] CodeEngine:279 - Generated code: D:\Project\SmartPole\Patient-Recognition\tag_recognition_problem\tag_recognition_problem\Core\Src\main.c
2025-04-14 17:14:28,779 [INFO] ProjectBuilder:3163 - Time for Copy HAL[1] : 856mS.
2025-04-14 17:14:28,802 [INFO] ProjectBuilder:4736 - Project Generator version: 4.3.0-B58
2025-04-14 17:14:29,031 [INFO] ConfigFileManager:1503 - The Die is : DIE410
2025-04-14 17:14:29,056 [INFO] ApiDbMcu:508 - Load IP Config File for FATFS
2025-04-14 17:14:29,075 [INFO] ApiDbMcu:508 - Load IP Config File for FREERTOS
2025-04-14 17:14:29,088 [INFO] ApiDbMcu:508 - Load IP Config File for USB_DEVICE
2025-04-14 17:14:30,088 [INFO] LogOutputStream:77 - [STDOUT_REDIRECT] 
2025-04-14 17:14:34,896 [INFO] ProjectBuilder:5002 - Time for Generating toolchain IDE Files: 6093mS.
2025-04-14 17:14:34,901 [INFO] ProjectBuilder:3034 - Time for Copy CMSIS : 2mS.
2025-04-14 17:14:35,218 [INFO] ProjectBuilder:3034 - Time for Copy CMSIS : 1mS.
