2025-04-13 11:51:08,906 [ERROR] LogOutputStream:75 - [STDERR_REDIRECT] 
2025-04-13 11:53:22,517 [INFO] Activator:176 - 


2025-04-13 11:53:22,523 [INFO] Activator:177 - !SESSION log4j initialized
2025-04-13 11:53:29,413 [INFO] LogOutputStream:77 - [STDOUT_REDIRECT] 
2025-04-13 11:53:35,582 [INFO] ApplicationProperties:184 - Using Application install path: C:\ST\STM32CubeIDE_1.15.1\STM32CubeIDE\plugins\com.st.stm32cube.common.mx_6.11.1.202404110753
2025-04-13 11:53:35,604 [INFO] DbMcusXml:78 - Set database path to: C:\ST\STM32CubeIDE_1.15.1\STM32CubeIDE\plugins\com.st.stm32cube.common.mx_6.11.1.202404110753\\db\/mcu/
2025-04-13 11:53:35,604 [INFO] ApiDb:274 - Set plugin database path to: C:\ST\STM32CubeIDE_1.15.1\STM32CubeIDE\plugins\com.st.stm32cube.common.mx_6.11.1.202404110753\\db\/plugins/boardmanager/
2025-04-13 11:53:35,606 [WARN] ApiDb:259 - Overriding images path with different value:  => C:\ST\STM32CubeIDE_1.15.1\STM32CubeIDE\plugins\com.st.stm32cube.common.mx_6.11.1.202404110753\\db\/plugins/mcufinder/images/
2025-04-13 11:53:35,619 [INFO] ApiDb:250 - Set database path to: C:\Users\Luke\.stmcufinder\plugins\mcufinder//mcu/
2025-04-13 11:53:35,621 [INFO] DbMcusAds:125 - Set database path to: C:\Users\Luke\.stmcufinder\plugins\mcufinder//mcu/
2025-04-13 11:53:35,625 [INFO] CrossReferenceDbSqlite:203 - Set database path to: C:\Users\Luke\.stmcufinder\plugins\mcufinder//mcu/cs/
2025-04-13 11:53:35,780 [INFO] RulesReader:64 - Compatibility file has been processed (297 Rules)
2025-04-13 11:53:35,901 [INFO] DbMcusXml:78 - Set database path to: C:\ST\STM32CubeIDE_1.15.1\STM32CubeIDE\plugins\com.st.stm32cube.common.mx_6.11.1.202404110753\\db\/mcu/
2025-04-13 11:53:35,901 [INFO] ApiDb:274 - Set plugin database path to: C:\ST\STM32CubeIDE_1.15.1\STM32CubeIDE\plugins\com.st.stm32cube.common.mx_6.11.1.202404110753\\db\/plugins/boardmanager/
2025-04-13 11:53:35,901 [INFO] ApiDb:261 - Set plugin images path to: C:\ST\STM32CubeIDE_1.15.1\STM32CubeIDE\plugins\com.st.stm32cube.common.mx_6.11.1.202404110753\\db\/plugins/mcufinder/images/
2025-04-13 11:53:35,901 [WARN] DbFile:41 - Overriding database path with different value: C:\Users\Luke\.stmcufinder\plugins\mcufinder/ => C:\Users\Luke\.stmcufinder\plugins\mcufinder
2025-04-13 11:53:35,902 [INFO] ApiDb:250 - Set database path to: C:\Users\Luke\.stmcufinder\plugins\mcufinder//mcu/
2025-04-13 11:53:35,902 [WARN] DbFile:41 - Overriding database path with different value: C:\Users\Luke\.stmcufinder\plugins\mcufinder/ => C:\Users\Luke\.stmcufinder\plugins\mcufinder
2025-04-13 11:53:35,902 [INFO] DbMcusAds:125 - Set database path to: C:\Users\Luke\.stmcufinder\plugins\mcufinder//mcu/
2025-04-13 11:53:35,902 [WARN] DbFile:41 - Overriding database path with different value: C:\Users\Luke\.stmcufinder\plugins\mcufinder/ => C:\Users\Luke\.stmcufinder\plugins\mcufinder
2025-04-13 11:53:35,902 [WARN] DbFile:41 - Overriding database path with different value: C:\Users\Luke\.stmcufinder\plugins\mcufinder/ => C:\Users\Luke\.stmcufinder\plugins\mcufinder
2025-04-13 11:53:35,902 [INFO] CrossReferenceDbSqlite:203 - Set database path to: C:\Users\Luke\.stmcufinder\plugins\mcufinder//mcu/cs/
2025-04-13 11:53:36,020 [INFO] MainPanel:264 - HeapMemory: 268435456
2025-04-13 11:53:36,140 [INFO] DbMcusXml:78 - Set database path to: C:\ST\STM32CubeIDE_1.15.1\STM32CubeIDE\plugins\com.st.stm32cube.common.mx_6.11.1.202404110753\\db\/mcu/
2025-04-13 11:53:36,140 [INFO] ApiDb:274 - Set plugin database path to: C:\ST\STM32CubeIDE_1.15.1\STM32CubeIDE\plugins\com.st.stm32cube.common.mx_6.11.1.202404110753\\db\/plugins/boardmanager/
2025-04-13 11:53:36,140 [INFO] ApiDb:261 - Set plugin images path to: C:\ST\STM32CubeIDE_1.15.1\STM32CubeIDE\plugins\com.st.stm32cube.common.mx_6.11.1.202404110753\\db\/plugins/mcufinder/images/
2025-04-13 11:53:36,140 [WARN] DbFile:41 - Overriding database path with different value: C:\Users\Luke\.stmcufinder\plugins\mcufinder/ => C:\Users\Luke\.stmcufinder\plugins\mcufinder
2025-04-13 11:53:36,141 [INFO] ApiDb:250 - Set database path to: C:\Users\Luke\.stmcufinder\plugins\mcufinder//mcu/
2025-04-13 11:53:36,141 [WARN] DbFile:41 - Overriding database path with different value: C:\Users\Luke\.stmcufinder\plugins\mcufinder/ => C:\Users\Luke\.stmcufinder\plugins\mcufinder
2025-04-13 11:53:36,141 [INFO] DbMcusAds:125 - Set database path to: C:\Users\Luke\.stmcufinder\plugins\mcufinder//mcu/
2025-04-13 11:53:36,141 [WARN] DbFile:41 - Overriding database path with different value: C:\Users\Luke\.stmcufinder\plugins\mcufinder/ => C:\Users\Luke\.stmcufinder\plugins\mcufinder
2025-04-13 11:53:36,141 [WARN] DbFile:41 - Overriding database path with different value: C:\Users\Luke\.stmcufinder\plugins\mcufinder/ => C:\Users\Luke\.stmcufinder\plugins\mcufinder
2025-04-13 11:53:36,141 [INFO] CrossReferenceDbSqlite:203 - Set database path to: C:\Users\Luke\.stmcufinder\plugins\mcufinder//mcu/cs/
2025-04-13 11:53:36,168 [INFO] ApplicationProperties:184 - Using Application install path: C:\ST\STM32CubeIDE_1.15.1\STM32CubeIDE\plugins\com.st.stm32cube.common.mx_6.11.1.202404110753
2025-04-13 11:53:36,170 [INFO] PluginManage:196 - Search for loadable plugins [exclusion list=, ]
2025-04-13 11:53:36,173 [INFO] PluginManage:310 - Check plugin analytics
2025-04-13 11:53:36,425 [INFO] AnalyticsPlugin:253 - Accepted Software Licenses: 
2025-04-13 11:53:36,425 [INFO] AnalyticsPlugin:255 - Accepted CMSIS Pack Licenses: 
2025-04-13 11:53:36,427 [INFO] AnalyticsPlugin:257 - Accepted Firmware Licenses: 
2025-04-13 11:53:36,430 [INFO] PluginManage:359 - Loaded plugin analytics (category:tool,tabindex:-1)
2025-04-13 11:53:36,431 [INFO] PluginManage:310 - Check plugin cadmodel
2025-04-13 11:53:36,464 [INFO] CADModel:105 - Init CAD model plugin
2025-04-13 11:53:36,464 [INFO] PluginManage:359 - Loaded plugin cadmodel (category:power,tabindex:5)
2025-04-13 11:53:36,464 [INFO] PluginManage:310 - Check plugin clock
2025-04-13 11:53:36,497 [INFO] PluginManage:359 - Loaded plugin clock (category:base,tabindex:2)
2025-04-13 11:53:36,497 [INFO] PluginManage:310 - Check plugin ddr
2025-04-13 11:53:36,500 [INFO] PluginManage:359 - Loaded plugin ddr (category:tool,tabindex:6)
2025-04-13 11:53:36,500 [INFO] PluginManage:310 - Check plugin filemanager
2025-04-13 11:53:36,783 [INFO] PluginManage:359 - Loaded plugin filemanager (category:base,tabindex:10)
2025-04-13 11:53:36,784 [INFO] PluginManage:310 - Check plugin ipmanager
2025-04-13 11:53:36,801 [INFO] PluginManage:359 - Loaded plugin ipmanager (category:base,tabindex:5)
2025-04-13 11:53:36,802 [INFO] PluginManage:310 - Check plugin lpbam
2025-04-13 11:53:36,838 [INFO] PluginManage:359 - Loaded plugin lpbam (category:base,tabindex:0)
2025-04-13 11:53:36,839 [INFO] PluginManage:310 - Check plugin memorymap
2025-04-13 11:53:36,881 [INFO] PluginManage:359 - Loaded plugin memorymap (category:base,tabindex:4)
2025-04-13 11:53:36,882 [INFO] PluginManage:310 - Check plugin pinoutandconfiguration
2025-04-13 11:53:36,913 [INFO] PluginManage:359 - Loaded plugin pinoutandconfiguration (category:base,tabindex:1)
2025-04-13 11:53:36,915 [INFO] PluginManage:310 - Check plugin pinoutconfig
2025-04-13 11:53:37,089 [WARN] SupportedApi:132 - Cannot load RTOS API schema: s4s-elt-must-match.1: The content of 'definitions' must match (annotation?, (simpleType | complexType)?, (unique | key | keyref)*)). A problem was found starting at: attribute.
2025-04-13 11:53:37,328 [INFO] PluginManage:359 - Loaded plugin pinoutconfig (category:base,tabindex:0)
2025-04-13 11:53:37,328 [INFO] PluginManage:310 - Check plugin power
2025-04-13 11:53:37,364 [INFO] PluginManage:359 - Loaded plugin power (category:power,tabindex:4)
2025-04-13 11:53:37,365 [INFO] PluginManage:310 - Check plugin projectmanager
2025-04-13 11:53:37,393 [INFO] PluginManage:359 - Loaded plugin projectmanager (category:projectmanager,tabindex:3)
2025-04-13 11:53:37,393 [INFO] PluginManage:310 - Check plugin thirdparty
2025-04-13 11:53:37,906 [INFO] PluginManage:359 - Loaded plugin thirdparty (category:base,tabindex:-1)
2025-04-13 11:53:37,907 [INFO] PluginManage:310 - Check plugin tools
2025-04-13 11:53:37,906 [WARN] IntegrityCheckThread:84 - waiting for thirdparty lock release [integrity check]
2025-04-13 11:53:37,907 [INFO] IntegrityCheckThread:86 - entering critical section [integrity check]
2025-04-13 11:53:37,908 [INFO] ThirdPartyUpdaterWithRetryManager:70 - Updater plugin not ready yet. [1/15]
2025-04-13 11:53:37,989 [INFO] PluginManage:359 - Loaded plugin tools (category:base,tabindex:7)
2025-04-13 11:53:37,990 [INFO] PluginManage:310 - Check plugin tutovideos
2025-04-13 11:53:38,284 [INFO] PluginManage:359 - Loaded plugin tutovideos (category:base,tabindex:-1)
2025-04-13 11:53:38,284 [INFO] PluginManage:310 - Check plugin updater
2025-04-13 11:53:38,300 [INFO] PluginManage:359 - Loaded plugin updater (category:base,tabindex:12)
2025-04-13 11:53:38,300 [INFO] PluginManage:310 - Check plugin userauth
2025-04-13 11:53:38,307 [INFO] UserAuth:114 - Init User Auth plugin
2025-04-13 11:53:38,307 [INFO] PluginManage:359 - Loaded plugin userauth (category:base,tabindex:14)
2025-04-13 11:53:38,307 [INFO] PluginManage:283 - PluginManage : Loaded plugins [17]
2025-04-13 11:53:38,668 [INFO] PinOutPanel:1561 - setPackage(No Configuration,No Configuration)
2025-04-13 11:53:38,789 [INFO] CADModel:165 - CPN selected for project level
2025-04-13 11:53:38,789 [INFO] CADModel:114 - Register for checkConnection events
2025-04-13 11:53:38,827 [INFO] IPUIPlugin:80 - create IPUIPlugin
2025-04-13 11:53:38,828 [INFO] PluginManager:220 - loadIPPluginJar : add adc
2025-04-13 11:53:38,893 [INFO] IPUIPlugin:80 - create IPUIPlugin
2025-04-13 11:53:38,893 [INFO] PluginManager:220 - loadIPPluginJar : add aes
2025-04-13 11:53:38,972 [INFO] IPUIPlugin:80 - create IPUIPlugin
2025-04-13 11:53:38,973 [INFO] PluginManager:220 - loadIPPluginJar : add can
2025-04-13 11:53:39,012 [INFO] IPUIPlugin:80 - create IPUIPlugin
2025-04-13 11:53:39,012 [INFO] PluginManager:220 - loadIPPluginJar : add comp
2025-04-13 11:53:39,069 [INFO] IPUIPlugin:80 - create IPUIPlugin
2025-04-13 11:53:39,070 [INFO] PluginManager:220 - loadIPPluginJar : add cryp
2025-04-13 11:53:39,126 [INFO] IPUIPlugin:80 - create IPUIPlugin
2025-04-13 11:53:39,126 [INFO] PluginManager:220 - loadIPPluginJar : add dfsdm
2025-04-13 11:53:39,147 [INFO] IPUIPlugin:80 - create IPUIPlugin
2025-04-13 11:53:39,148 [INFO] PluginManager:220 - loadIPPluginJar : add dma
2025-04-13 11:53:39,228 [INFO] IPUIPlugin:80 - create IPUIPlugin
2025-04-13 11:53:39,228 [INFO] PluginManager:220 - loadIPPluginJar : add dma3
2025-04-13 11:53:39,306 [INFO] IPUIPlugin:80 - create IPUIPlugin
2025-04-13 11:53:39,306 [INFO] PluginManager:220 - loadIPPluginJar : add extmemmanager
2025-04-13 11:53:39,350 [INFO] IPUIPlugin:80 - create IPUIPlugin
2025-04-13 11:53:39,351 [INFO] PluginManager:220 - loadIPPluginJar : add fatfs
2025-04-13 11:53:39,444 [INFO] IPUIPlugin:80 - create IPUIPlugin
2025-04-13 11:53:39,444 [INFO] PluginManager:220 - loadIPPluginJar : add fmc
2025-04-13 11:53:39,468 [INFO] IPUIPlugin:80 - create IPUIPlugin
2025-04-13 11:53:39,468 [INFO] PluginManager:220 - loadIPPluginJar : add freertos
2025-04-13 11:53:39,508 [INFO] IPUIPlugin:80 - create IPUIPlugin
2025-04-13 11:53:39,509 [INFO] PluginManager:220 - loadIPPluginJar : add genericplugin
2025-04-13 11:53:39,688 [INFO] IPUIPlugin:80 - create IPUIPlugin
2025-04-13 11:53:39,688 [INFO] PluginManager:220 - loadIPPluginJar : add gfxmmu
2025-04-13 11:53:39,953 [INFO] IPUIPlugin:80 - create IPUIPlugin
2025-04-13 11:53:39,953 [INFO] PluginManager:220 - loadIPPluginJar : add gic
2025-04-13 11:53:39,974 [INFO] IPUIPlugin:80 - create IPUIPlugin
2025-04-13 11:53:39,975 [INFO] PluginManager:220 - loadIPPluginJar : add gpio
2025-04-13 11:53:40,141 [INFO] IPUIPlugin:80 - create IPUIPlugin
2025-04-13 11:53:40,141 [INFO] PluginManager:220 - loadIPPluginJar : add gtzc
2025-04-13 11:53:40,202 [INFO] IPUIPlugin:80 - create IPUIPlugin
2025-04-13 11:53:40,202 [INFO] PluginManager:220 - loadIPPluginJar : add hash
2025-04-13 11:53:40,299 [INFO] IPUIPlugin:80 - create IPUIPlugin
2025-04-13 11:53:40,299 [INFO] PluginManager:220 - loadIPPluginJar : add i2c
2025-04-13 11:53:40,383 [INFO] IPUIPlugin:80 - create IPUIPlugin
2025-04-13 11:53:40,383 [INFO] PluginManager:220 - loadIPPluginJar : add i2s
2025-04-13 11:53:40,465 [INFO] IPUIPlugin:80 - create IPUIPlugin
2025-04-13 11:53:40,465 [INFO] PluginManager:220 - loadIPPluginJar : add i3c
2025-04-13 11:53:40,675 [INFO] IPUIPlugin:80 - create IPUIPlugin
2025-04-13 11:53:40,675 [INFO] PluginManager:220 - loadIPPluginJar : add ipddr
2025-04-13 11:53:40,871 [INFO] IPUIPlugin:80 - create IPUIPlugin
2025-04-13 11:53:40,871 [INFO] PluginManager:220 - loadIPPluginJar : add linkedlist
2025-04-13 11:53:40,909 [INFO] ThirdPartyUpdaterWithRetryManager:70 - Updater plugin not ready yet. [2/15]
2025-04-13 11:53:40,944 [INFO] IPUIPlugin:80 - create IPUIPlugin
2025-04-13 11:53:40,944 [INFO] PluginManager:220 - loadIPPluginJar : add lorawan
2025-04-13 11:53:41,015 [INFO] IPUIPlugin:80 - create IPUIPlugin
2025-04-13 11:53:41,015 [INFO] PluginManager:220 - loadIPPluginJar : add ltdc
2025-04-13 11:53:41,036 [INFO] IPUIPlugin:80 - create IPUIPlugin
2025-04-13 11:53:41,036 [INFO] PluginManager:220 - loadIPPluginJar : add mdma
2025-04-13 11:53:41,055 [INFO] IPUIPlugin:80 - create IPUIPlugin
2025-04-13 11:53:41,055 [INFO] PluginManager:220 - loadIPPluginJar : add nvic
2025-04-13 11:53:41,118 [INFO] IPUIPlugin:80 - create IPUIPlugin
2025-04-13 11:53:41,119 [INFO] PluginManager:220 - loadIPPluginJar : add opamp
2025-04-13 11:53:41,223 [INFO] IPUIPlugin:80 - create IPUIPlugin
2025-04-13 11:53:41,223 [INFO] PluginManager:220 - loadIPPluginJar : add openamp
2025-04-13 11:53:41,295 [INFO] IPUIPlugin:80 - create IPUIPlugin
2025-04-13 11:53:41,296 [INFO] PluginManager:220 - loadIPPluginJar : add pdm2pcm
2025-04-13 11:53:41,316 [INFO] IPUIPlugin:80 - create IPUIPlugin
2025-04-13 11:53:41,318 [INFO] PluginManager:220 - loadIPPluginJar : add plateformsettings
2025-04-13 11:53:41,357 [INFO] IPUIPlugin:80 - create IPUIPlugin
2025-04-13 11:53:41,357 [INFO] PluginManager:220 - loadIPPluginJar : add quadspi
2025-04-13 11:53:41,376 [INFO] IPUIPlugin:80 - create IPUIPlugin
2025-04-13 11:53:41,376 [INFO] PluginManager:220 - loadIPPluginJar : add resmgrutility
2025-04-13 11:53:41,459 [INFO] IPUIPlugin:80 - create IPUIPlugin
2025-04-13 11:53:41,459 [INFO] PluginManager:220 - loadIPPluginJar : add sai
2025-04-13 11:53:41,529 [INFO] IPUIPlugin:80 - create IPUIPlugin
2025-04-13 11:53:41,529 [INFO] PluginManager:220 - loadIPPluginJar : add spi
2025-04-13 11:53:41,644 [INFO] IPUIPlugin:80 - create IPUIPlugin
2025-04-13 11:53:41,644 [INFO] PluginManager:220 - loadIPPluginJar : add stm32_wpan
2025-04-13 11:53:41,689 [INFO] IPUIPlugin:80 - create IPUIPlugin
2025-04-13 11:53:41,689 [INFO] PluginManager:220 - loadIPPluginJar : add tim
2025-04-13 11:53:41,814 [INFO] IPUIPlugin:80 - create IPUIPlugin
2025-04-13 11:53:41,814 [INFO] PluginManager:220 - loadIPPluginJar : add touchsensing
2025-04-13 11:53:41,867 [INFO] IPUIPlugin:80 - create IPUIPlugin
2025-04-13 11:53:41,867 [INFO] PluginManager:220 - loadIPPluginJar : add tracer_emb
2025-04-13 11:53:41,936 [INFO] IPUIPlugin:80 - create IPUIPlugin
2025-04-13 11:53:41,937 [INFO] PluginManager:220 - loadIPPluginJar : add ts
2025-04-13 11:53:41,991 [INFO] IPUIPlugin:80 - create IPUIPlugin
2025-04-13 11:53:41,992 [INFO] PluginManager:220 - loadIPPluginJar : add tsc
2025-04-13 11:53:42,044 [INFO] IPUIPlugin:80 - create IPUIPlugin
2025-04-13 11:53:42,044 [INFO] PluginManager:220 - loadIPPluginJar : add ucpd
2025-04-13 11:53:42,166 [INFO] IPUIPlugin:80 - create IPUIPlugin
2025-04-13 11:53:42,168 [INFO] PluginManager:220 - loadIPPluginJar : add usart
2025-04-13 11:53:42,294 [INFO] IPUIPlugin:80 - create IPUIPlugin
2025-04-13 11:53:42,294 [INFO] PluginManager:220 - loadIPPluginJar : add usbx
2025-04-13 11:53:42,525 [INFO] CADModel:165 - CPN selected for project level
2025-04-13 11:53:42,525 [INFO] CADModel:114 - Register for checkConnection events
2025-04-13 11:53:42,526 [FATAL] Updater:308 - Updater called before beeing initialized
2025-04-13 11:53:42,526 [ERROR] CADModel:125 - Updater not yet initialized, retry later 
2025-04-13 11:53:42,796 [INFO] CADModel:165 - CPN selected for project level
2025-04-13 11:53:42,797 [INFO] CADModel:114 - Register for checkConnection events
2025-04-13 11:53:42,797 [FATAL] Updater:308 - Updater called before beeing initialized
2025-04-13 11:53:42,797 [ERROR] CADModel:125 - Updater not yet initialized, retry later 
2025-04-13 11:53:42,803 [FATAL] Updater:308 - Updater called before beeing initialized
2025-04-13 11:53:43,060 [FATAL] Updater:308 - Updater called before beeing initialized
2025-04-13 11:53:43,089 [INFO] DbMcusAds:53 - JSON generation date=Thu Mar 06 23:54:22 KST 2025 (1741272862078)
2025-04-13 11:53:43,089 [FATAL] Updater:308 - Updater called before beeing initialized
2025-04-13 11:53:43,269 [WARN] DetailPanel:346 - Failed to get advertising image, set to default
2025-04-13 11:53:43,511 [FATAL] Updater:308 - Updater called before beeing initialized
2025-04-13 11:53:43,515 [FATAL] Updater:308 - Updater called before beeing initialized
2025-04-13 11:53:43,515 [FATAL] Updater:308 - Updater called before beeing initialized
2025-04-13 11:53:43,515 [WARN] DetailPanel:346 - Failed to get advertising image, set to default
2025-04-13 11:53:43,517 [FATAL] Updater:308 - Updater called before beeing initialized
2025-04-13 11:53:43,658 [ERROR] Updater:1120 - MainUpdater not yet initialized. External WinMGr cannot be set.
2025-04-13 11:53:43,682 [INFO] Updater:1056 - Updater Version found : 6.11.1
2025-04-13 11:53:43,716 [INFO] ApplicationProperties:184 - Using Application install path: C:\ST\STM32CubeIDE_1.15.1\STM32CubeIDE\plugins\com.st.stm32cube.common.mx_6.11.1.202404110753
2025-04-13 11:53:43,911 [INFO] ThirdPartyUpdaterWithRetryManager:70 - Updater plugin not ready yet. [3/15]
2025-04-13 11:53:45,318 [ERROR] LogOutputStream:75 - [STDERR_REDIRECT] Apr 13, 2025 11:53:45 AM java.util.prefs.WindowsPreferences <init>
2025-04-13 11:53:45,320 [ERROR] LogOutputStream:75 - [STDERR_REDIRECT] WARNING: Could not open/create prefs root node Software\JavaSoft\Prefs at root 0xffffffff80000002. Windows RegCreateKeyEx(...) returned error code 5.
2025-04-13 11:53:45,320 [ERROR] LogOutputStream:75 - [STDERR_REDIRECT] 
2025-04-13 11:53:45,796 [INFO] MainUpdater:2873 - connection check result : 10
2025-04-13 11:53:45,797 [INFO] MainUpdater:3567 - Updater definition file requires update
2025-04-13 11:53:45,799 [INFO] MainUpdater:290 - Updater Check For Update Now.
2025-04-13 11:53:45,799 [INFO] MicroXplorer:498 - Change Database Version : DB.6.0.111
2025-04-13 11:53:45,821 [INFO] McuFinderGlobals:63 - Set McuFinder mode to 2 (CubeIDE integrated)
2025-04-13 11:53:45,836 [INFO] UserAuth:415 - Internet connection configuration mode: 1
2025-04-13 11:53:45,868 [INFO] JxBrowserEngine:152 - Initiate JxBrowser Engine with user profile folder
2025-04-13 11:53:45,957 [INFO] ServerAccessManage:473 - Download File updaters.zip
2025-04-13 11:53:46,168 [INFO] FileExtend:240 - Unzip File : updaters.zip
2025-04-13 11:53:46,169 [INFO] FileExtend:255 - Standard Zip Deflate
2025-04-13 11:53:46,911 [WARN] MainUpdater:1194 - Updater busy. Cannot search thirdparties
2025-04-13 11:53:46,912 [INFO] ThirdPartyUpdaterWithRetryManager:96 - Updater plugin is busy. [1/15]
2025-04-13 11:53:49,913 [WARN] MainUpdater:1194 - Updater busy. Cannot search thirdparties
2025-04-13 11:53:49,913 [INFO] ThirdPartyUpdaterWithRetryManager:96 - Updater plugin is busy. [2/15]
2025-04-13 11:53:49,929 [INFO] ServerAccessManage:473 - Download File PacksControlFlags.xml
2025-04-13 11:53:50,146 [INFO] ServerAccessManage:473 - Download File cubemx.pidx
2025-04-13 11:53:50,438 [INFO] LoadServerUpdatesThread:375 - End of LoadServerUpdate Thread
2025-04-13 11:53:50,712 [INFO] CheckServerUpdateThread:120 - End of CheckServer Thread
2025-04-13 11:53:54,264 [WARN] PackLoader:240 - Cannot read IP mode file for STMicroelectronics.FP-SNS-MOTENVWB1.1.4.0
2025-04-13 11:53:54,307 [WARN] PackLoader:240 - Cannot read IP mode file for STMicroelectronics.FP-ATR-ASTRA1.2.0.2
2025-04-13 11:53:54,341 [WARN] PackLoader:240 - Cannot read IP mode file for STMicroelectronics.FP-ATR-ASTRA1.2.0.1
2025-04-13 11:53:54,380 [WARN] PackLoader:240 - Cannot read IP mode file for STMicroelectronics.X-CUBE-SMBUS.2.1.0
2025-04-13 11:53:54,418 [WARN] PackLoader:240 - Cannot read IP mode file for STMicroelectronics.X-CUBE-WB05N.1.1.0
2025-04-13 11:53:54,542 [WARN] PackLoader:240 - Cannot read IP mode file for STMicroelectronics.X-CUBE-AZRTOS-F7.1.1.0
2025-04-13 11:53:54,602 [WARN] PackLoader:240 - Cannot read IP mode file for STMicroelectronics.FP-SNS-FLIGHT1.5.0.2
2025-04-13 11:53:54,671 [WARN] PackLoader:240 - Cannot read IP mode file for STMicroelectronics.X-CUBE-DISPLAY.3.0.0
2025-04-13 11:53:54,766 [WARN] PackLoader:240 - Cannot read IP mode file for STMicroelectronics.X-CUBE-BLE1.7.0.0
2025-04-13 11:53:54,830 [WARN] PackLoader:240 - Cannot read IP mode file for STMicroelectronics.X-CUBE-NFC10.1.0.0
2025-04-13 11:53:54,903 [WARN] PackLoader:240 - Cannot read IP mode file for STMicroelectronics.X-CUBE-BLEMGR.4.0.0
2025-04-13 11:53:54,957 [WARN] PackLoader:240 - Cannot read IP mode file for emotas.I-CUBE-CANOPEN.1.3.0
2025-04-13 11:53:55,011 [WARN] PackLoader:240 - Cannot read IP mode file for STMicroelectronics.X-CUBE-BLEMGR.3.1.0
2025-04-13 11:53:55,059 [WARN] PackLoader:240 - Cannot read IP mode file for STMicroelectronics.X-CUBE-AI.10.0.0
2025-04-13 11:53:55,099 [WARN] PackLoader:240 - Cannot read IP mode file for STMicroelectronics.FP-SNS-SMARTAG2.1.2.0
2025-04-13 11:53:55,134 [ERROR] Engine:466 - C:\Users\Luke\.stm32cubemx\thirdparties\pdsc\STMicroelectronics.FP-SNS-FLIGHT1.5.1.0.pdsc: PDSC version is not supported
2025-04-13 11:53:55,314 [WARN] PackLoader:240 - Cannot read IP mode file for STMicroelectronics.X-CUBE-MEMS1.11.1.0
2025-04-13 11:53:56,223 [INFO] LogOutputStream:77 - [STDOUT_REDIRECT] 1 : Invalid condition id : UX_CORESTACK_Condition cause : null
2025-04-13 11:53:56,224 [INFO] LogOutputStream:77 - [STDOUT_REDIRECT] 1 : Invalid condition id : UX_CORESTACK_Condition cause : null
2025-04-13 11:53:56,228 [INFO] LogOutputStream:77 - [STDOUT_REDIRECT] 1 : Invalid condition id : UX_CORESTACK_Condition cause : null
2025-04-13 11:53:56,231 [INFO] LogOutputStream:77 - [STDOUT_REDIRECT] 1 : Invalid condition id : UX_CORESTACK_Condition cause : null
2025-04-13 11:53:56,234 [INFO] LogOutputStream:77 - [STDOUT_REDIRECT] 1 : Invalid condition id : UX_CORESTACK_Condition cause : null
2025-04-13 11:53:56,245 [WARN] PackLoader:240 - Cannot read IP mode file for STMicroelectronics.X-CUBE-AZRTOS-WL.2.0.0
2025-04-13 11:53:56,346 [WARN] PackLoader:240 - Cannot read IP mode file for STMicroelectronics.FP-SNS-MOTENV1.5.0.0
2025-04-13 11:53:56,450 [WARN] PackLoader:240 - Cannot read IP mode file for wolfSSL.I-CUBE-wolfMQTT.1.19.0
2025-04-13 11:53:56,546 [WARN] PackLoader:240 - Cannot read IP mode file for WES.I-CUBE-Cesium.1.3.0
2025-04-13 11:53:56,588 [WARN] PackLoader:240 - Cannot read IP mode file for STMicroelectronics.X-CUBE-BLE2.3.3.0
2025-04-13 11:53:56,656 [WARN] PackLoader:240 - Cannot read IP mode file for STMicroelectronics.X-CUBE-NFC9.1.0.0
2025-04-13 11:53:56,715 [WARN] PackLoader:240 - Cannot read IP mode file for STMicroelectronics.X-CUBE-BLE1.7.1.0
2025-04-13 11:53:56,783 [WARN] PackLoader:240 - Cannot read IP mode file for STMicroelectronics.X-CUBE-TCPP.4.1.0
2025-04-13 11:53:56,901 [WARN] PackLoader:240 - Cannot read IP mode file for STMicroelectronics.X-CUBE-AZRTOS-G0.1.1.0
2025-04-13 11:53:56,969 [WARN] PackLoader:240 - Cannot read IP mode file for STMicroelectronics.X-CUBE-SAFEA1.1.2.2
2025-04-13 11:53:57,038 [WARN] PackLoader:240 - Cannot read IP mode file for STMicroelectronics.X-CUBE-NFC4.3.0.0
2025-04-13 11:53:57,162 [WARN] PackLoader:240 - Cannot read IP mode file for EmbeddedOffice.I-CUBE-FS-RTOS.1.0.1
2025-04-13 11:53:57,163 [ERROR] ConditionMgr:805 - Attr not supported : Dmpu
2025-04-13 11:53:57,164 [ERROR] ConditionMgr:805 - Attr not supported : Dmpu
2025-04-13 11:53:57,164 [ERROR] ConditionMgr:805 - Attr not supported : Dmpu
2025-04-13 11:53:57,165 [ERROR] ConditionMgr:805 - Attr not supported : Dmpu
2025-04-13 11:53:57,165 [ERROR] ConditionMgr:805 - Attr not supported : Dmpu
2025-04-13 11:53:57,165 [ERROR] ConditionMgr:805 - Attr not supported : Dmpu
2025-04-13 11:53:57,166 [ERROR] ConditionMgr:805 - Attr not supported : Dmpu
2025-04-13 11:53:57,167 [ERROR] ConditionMgr:805 - Attr not supported : Dmpu
2025-04-13 11:53:57,167 [ERROR] ConditionMgr:805 - Attr not supported : Dmpu
2025-04-13 11:53:57,168 [ERROR] ConditionMgr:805 - Attr not supported : Dmpu
2025-04-13 11:53:57,169 [ERROR] ConditionMgr:805 - Attr not supported : Dmpu
2025-04-13 11:53:57,169 [ERROR] ConditionMgr:805 - Attr not supported : Dmpu
2025-04-13 11:53:57,170 [ERROR] ConditionMgr:805 - Attr not supported : Dmpu
2025-04-13 11:53:57,170 [ERROR] ConditionMgr:805 - Attr not supported : Dmpu
2025-04-13 11:53:57,170 [ERROR] ConditionMgr:805 - Attr not supported : Dmpu
2025-04-13 11:53:57,171 [ERROR] ConditionMgr:805 - Attr not supported : Dmpu
2025-04-13 11:53:57,171 [ERROR] ConditionMgr:805 - Attr not supported : Dmpu
2025-04-13 11:53:57,171 [ERROR] ConditionMgr:805 - Attr not supported : Dmpu
2025-04-13 11:53:57,171 [ERROR] ConditionMgr:805 - Attr not supported : Dmpu
2025-04-13 11:53:57,172 [ERROR] ConditionMgr:805 - Attr not supported : Dmpu
2025-04-13 11:53:57,172 [ERROR] ConditionMgr:805 - Attr not supported : Dmpu
2025-04-13 11:53:57,172 [ERROR] ConditionMgr:805 - Attr not supported : Dmpu
2025-04-13 11:53:57,174 [ERROR] ConditionMgr:805 - Attr not supported : Dmpu
2025-04-13 11:53:57,174 [ERROR] ConditionMgr:805 - Attr not supported : Dmpu
2025-04-13 11:53:57,175 [ERROR] ConditionMgr:805 - Attr not supported : Dmpu
2025-04-13 11:53:57,175 [ERROR] ConditionMgr:805 - Attr not supported : Dmpu
2025-04-13 11:53:57,176 [ERROR] ConditionMgr:805 - Attr not supported : Dmpu
2025-04-13 11:53:57,193 [ERROR] ConditionMgr:805 - Attr not supported : Dmpu
2025-04-13 11:53:57,194 [ERROR] ConditionMgr:805 - Attr not supported : Dmpu
2025-04-13 11:53:57,194 [ERROR] ConditionMgr:805 - Attr not supported : Dmpu
2025-04-13 11:53:57,194 [ERROR] ConditionMgr:805 - Attr not supported : Dmpu
2025-04-13 11:53:57,194 [ERROR] ConditionMgr:805 - Attr not supported : Dmpu
2025-04-13 11:53:57,195 [ERROR] ConditionMgr:805 - Attr not supported : Dmpu
2025-04-13 11:53:57,195 [ERROR] ConditionMgr:805 - Attr not supported : Dmpu
2025-04-13 11:53:57,195 [ERROR] ConditionMgr:805 - Attr not supported : Dmpu
2025-04-13 11:53:57,196 [ERROR] ConditionMgr:805 - Attr not supported : Dmpu
2025-04-13 11:53:57,197 [ERROR] ConditionMgr:805 - Attr not supported : Dmpu
2025-04-13 11:53:57,198 [ERROR] ConditionMgr:805 - Attr not supported : Dmpu
2025-04-13 11:53:57,198 [ERROR] ConditionMgr:805 - Attr not supported : Dmpu
2025-04-13 11:53:57,199 [ERROR] ConditionMgr:805 - Attr not supported : Dmpu
2025-04-13 11:53:57,199 [ERROR] ConditionMgr:805 - Attr not supported : Dmpu
2025-04-13 11:53:57,201 [ERROR] ConditionMgr:805 - Attr not supported : Dmpu
2025-04-13 11:53:57,201 [ERROR] ConditionMgr:805 - Attr not supported : Dmpu
2025-04-13 11:53:57,202 [ERROR] ConditionMgr:805 - Attr not supported : Dmpu
2025-04-13 11:53:57,203 [ERROR] ConditionMgr:805 - Attr not supported : Dmpu
2025-04-13 11:53:57,203 [ERROR] ConditionMgr:805 - Attr not supported : Dmpu
2025-04-13 11:53:57,204 [ERROR] ConditionMgr:805 - Attr not supported : Dmpu
2025-04-13 11:53:57,204 [ERROR] ConditionMgr:805 - Attr not supported : Dmpu
2025-04-13 11:53:57,204 [ERROR] ConditionMgr:805 - Attr not supported : Dmpu
2025-04-13 11:53:57,205 [ERROR] ConditionMgr:805 - Attr not supported : Dmpu
2025-04-13 11:53:57,205 [ERROR] ConditionMgr:805 - Attr not supported : Dmpu
2025-04-13 11:53:57,205 [ERROR] ConditionMgr:805 - Attr not supported : Dmpu
2025-04-13 11:53:57,205 [ERROR] ConditionMgr:805 - Attr not supported : Dmpu
2025-04-13 11:53:57,205 [ERROR] ConditionMgr:805 - Attr not supported : Dmpu
2025-04-13 11:53:57,206 [ERROR] ConditionMgr:805 - Attr not supported : Dmpu
2025-04-13 11:53:57,207 [ERROR] ConditionMgr:805 - Attr not supported : Dmpu
2025-04-13 11:53:57,207 [ERROR] ConditionMgr:805 - Attr not supported : Dmpu
2025-04-13 11:53:57,208 [ERROR] ConditionMgr:805 - Attr not supported : Dmpu
2025-04-13 11:53:57,208 [ERROR] ConditionMgr:805 - Attr not supported : Dmpu
2025-04-13 11:53:57,208 [ERROR] ConditionMgr:805 - Attr not supported : Dmpu
2025-04-13 11:53:57,209 [ERROR] ConditionMgr:805 - Attr not supported : Dmpu
2025-04-13 11:53:57,209 [ERROR] ConditionMgr:805 - Attr not supported : Dmpu
2025-04-13 11:53:57,209 [ERROR] ConditionMgr:805 - Attr not supported : Dmpu
2025-04-13 11:53:57,210 [ERROR] ConditionMgr:805 - Attr not supported : Dmpu
2025-04-13 11:53:57,252 [ERROR] Engine:466 - C:\Users\Luke\.stm32cubemx\thirdparties\pdsc\STMicroelectronics.X-CUBE-TCPP.4.2.0.pdsc: PDSC version is not supported
2025-04-13 11:53:57,316 [WARN] PackLoader:240 - Cannot read IP mode file for RealThread.X-CUBE-RT-Thread_Nano.4.1.1
2025-04-13 11:53:57,390 [WARN] PackLoader:240 - Cannot read IP mode file for wolfSSL.I-CUBE-wolfSSL.5.7.0
2025-04-13 11:53:57,440 [WARN] PackLoader:240 - Cannot read IP mode file for STMicroelectronics.FP-ATR-SIGFOX1.3.2.0
2025-04-13 11:53:57,507 [WARN] ConditionMgr:438 - getConditionDescription Invalid condition id : Cortex-A Device cause : null
2025-04-13 11:53:57,600 [WARN] ConditionMgr:1039 - genDependencies : Invalid condition id : Cortex-A Device cause : null
2025-04-13 11:53:57,601 [WARN] ConditionMgr:1039 - genDependencies : Invalid condition id : Cortex-A Device cause : null
2025-04-13 11:53:57,602 [WARN] ConditionMgr:1039 - genDependencies : Invalid condition id : Cortex-A Device cause : null
2025-04-13 11:53:57,662 [WARN] PackLoader:240 - Cannot read IP mode file for STMicroelectronics.X-CUBE-EEPRMA1.5.1.0
2025-04-13 11:53:57,715 [WARN] PackLoader:240 - Cannot read IP mode file for ITTIA_DB.I-CUBE-ITTIADB.8.9.0
2025-04-13 11:53:57,819 [WARN] PackLoader:240 - Cannot read IP mode file for SEGGER.I-CUBE-embOS.1.3.1
2025-04-13 11:53:58,076 [WARN] PackLoader:240 - Cannot read IP mode file for STMicroelectronics.X-CUBE-ALGOBUILD.1.4.0
2025-04-13 11:53:58,213 [WARN] PackLoader:240 - Cannot read IP mode file for STMicroelectronics.X-CUBE-AI.9.1.0
2025-04-13 11:53:58,262 [WARN] PackLoader:240 - Cannot read IP mode file for STMicroelectronics.X-CUBE-GNSS1.6.0.0
2025-04-13 11:53:58,373 [WARN] PackLoader:240 - Cannot read IP mode file for STMicroelectronics.X-CUBE-AZRTOS-F4.1.1.0
2025-04-13 11:53:58,564 [WARN] PackLoader:240 - Cannot read IP mode file for STMicroelectronics.X-CUBE-ISPU.2.1.0
2025-04-13 11:53:59,080 [WARN] PackLoader:240 - Cannot read IP mode file for STMicroelectronics.X-CUBE-FREERTOS.1.2.0
2025-04-13 11:53:59,188 [WARN] PackLoader:240 - Cannot read IP mode file for STMicroelectronics.X-CUBE-AZRTOS-L5.2.0.0
2025-04-13 11:53:59,402 [INFO] WebApp:161 - Instantiating new browser for Auth
2025-04-13 11:53:59,828 [WARN] PackLoader:240 - Cannot read IP mode file for STMicroelectronics.X-CUBE-NFC6.3.1.0
2025-04-13 11:53:59,945 [WARN] PackLoader:240 - Cannot read IP mode file for STMicroelectronics.X-CUBE-DPower.1.2.0
2025-04-13 11:54:00,087 [WARN] PackLoader:240 - Cannot read IP mode file for STMicroelectronics.X-CUBE-AI.9.0.0
2025-04-13 11:54:00,157 [WARN] PackLoader:240 - Cannot read IP mode file for STMicroelectronics.X-CUBE-FREERTOS.1.3.0
2025-04-13 11:54:00,212 [WARN] PackLoader:240 - Cannot read IP mode file for STMicroelectronics.X-CUBE-NFC7.1.0.1
2025-04-13 11:54:00,279 [WARN] PackLoader:240 - Cannot read IP mode file for wolfSSL.I-CUBE-wolfTPM.3.2.0
2025-04-13 11:54:00,324 [WARN] PackLoader:240 - Cannot read IP mode file for STMicroelectronics.X-CUBE-DPower.1.3.0
2025-04-13 11:54:00,508 [WARN] ConditionMgr:438 - getConditionDescription Invalid condition id : LAN8742 Phy interface Condition cause : null
2025-04-13 11:54:00,529 [WARN] PackLoader:240 - Cannot read IP mode file for STMicroelectronics.X-CUBE-AZRTOS-L4.2.0.0
2025-04-13 11:54:00,535 [WARN] ConditionMgr:1039 - genDependencies : Invalid condition id : LAN8742 Phy interface Condition cause : null
2025-04-13 11:54:00,540 [WARN] ConditionMgr:1039 - genDependencies : Invalid condition id : LAN8742 Phy interface Condition cause : null
2025-04-13 11:54:00,542 [WARN] ConditionMgr:1039 - genDependencies : Invalid condition id : LAN8742 Phy interface Condition cause : null
2025-04-13 11:54:00,787 [WARN] PackLoader:240 - Cannot read IP mode file for STMicroelectronics.X-CUBE-SFXS2LP1.4.0.0
2025-04-13 11:54:01,027 [WARN] PackLoader:240 - Cannot read IP mode file for STMicroelectronics.X-CUBE-AZRTOS-H7.3.3.0
2025-04-13 11:54:01,151 [WARN] ConditionMgr:438 - getConditionDescription Invalid condition id : UX DEVICE CLASS RTOS Condition cause : null
2025-04-13 11:54:01,152 [WARN] ConditionMgr:438 - getConditionDescription Invalid condition id : UX DEVICE CLASS RTOS Condition cause : null
2025-04-13 11:54:01,158 [WARN] PackLoader:240 - Cannot read IP mode file for STMicroelectronics.X-CUBE-AZRTOS-WB.2.0.0
2025-04-13 11:54:01,160 [WARN] ConditionMgr:1039 - genDependencies : Invalid condition id : UX DEVICE CLASS RTOS Condition cause : null
2025-04-13 11:54:01,160 [WARN] ConditionMgr:1039 - genDependencies : Invalid condition id : UX DEVICE CLASS RTOS Condition cause : null
2025-04-13 11:54:01,161 [WARN] ConditionMgr:1039 - genDependencies : Invalid condition id : UX DEVICE CLASS RTOS Condition cause : null
2025-04-13 11:54:01,165 [WARN] ConditionMgr:1039 - genDependencies : Invalid condition id : UX DEVICE CLASS RTOS Condition cause : null
2025-04-13 11:54:01,165 [WARN] ConditionMgr:1039 - genDependencies : Invalid condition id : UX DEVICE CLASS RTOS Condition cause : null
2025-04-13 11:54:01,217 [WARN] PackLoader:240 - Cannot read IP mode file for STMicroelectronics.X-CUBE-GNSS1.7.0.1
2025-04-13 11:54:01,309 [WARN] PackLoader:240 - Cannot read IP mode file for STMicroelectronics.X-CUBE-TOUCHGFX.4.25.0
2025-04-13 11:54:01,387 [WARN] PackLoader:240 - Cannot read IP mode file for STMicroelectronics.FP-SNS-STBOX1.2.0.0
2025-04-13 11:54:01,506 [WARN] PackLoader:240 - Cannot read IP mode file for STMicroelectronics.X-CUBE-SUBG2.5.0.0
2025-04-13 11:54:01,709 [WARN] PackLoader:240 - Cannot read IP mode file for STMicroelectronics.X-CUBE-AZRTOS-H7RS.1.1.0
2025-04-13 11:54:01,772 [WARN] PackLoader:240 - Cannot read IP mode file for Cesanta.I-CUBE-Mongoose.7.13.0
2025-04-13 11:54:01,790 [INFO] WebApp:779 - Register for checkConnection events
2025-04-13 11:54:01,791 [INFO] WebApp:414 - Apply proxy settings
2025-04-13 11:54:01,791 [INFO] WebApp:499 - Chromium requires no authentication
2025-04-13 11:54:01,813 [INFO] WebApp:442 - Direct internet connection detected
2025-04-13 11:54:01,857 [WARN] PackLoader:240 - Cannot read IP mode file for STMicroelectronics.X-CUBE-AZRTOS-G4.2.0.0
2025-04-13 11:54:01,892 [WARN] PackLoader:240 - Cannot read IP mode file for STMicroelectronics.X-CUBE-ISPU.2.0.0
2025-04-13 11:54:01,938 [ERROR] Engine:466 - C:\Users\Luke\.stm32cubemx\thirdparties\pdsc\STMicroelectronics.X-CUBE-IPS.3.1.0.pdsc: PDSC version is not supported
2025-04-13 11:54:01,973 [WARN] PackLoader:240 - Cannot read IP mode file for STMicroelectronics.X-CUBE-ALS.1.0.2
2025-04-13 11:54:02,096 [WARN] PackLoader:240 - Cannot read IP mode file for STMicroelectronics.X-CUBE-MEMS1.10.0.0
2025-04-13 11:54:02,291 [INFO] WebApp:192 - Starting web application
2025-04-13 11:54:02,291 [INFO] WebApp:544 - Web application path used C:\ST\STM32CubeIDE_1.15.1\STM32CubeIDE\plugins\com.st.stm32cube.common.mx_6.11.1.202404110753\db\plugins\mcufinder\reactClient1\index.html
2025-04-13 11:54:02,423 [WARN] PackLoader:240 - Cannot read IP mode file for STMicroelectronics.X-CUBE-TOUCHGFX.4.24.0
2025-04-13 11:54:02,460 [WARN] PackLoader:240 - Cannot read IP mode file for STMicroelectronics.X-CUBE-TOUCHGFX.4.24.2
2025-04-13 11:54:02,501 [WARN] PackLoader:240 - Cannot read IP mode file for portGmbH.I-Cube-SoM-uGOAL.1.1.0
2025-04-13 11:54:02,575 [WARN] PackLoader:240 - Cannot read IP mode file for STMicroelectronics.X-CUBE-AZRTOS-H7RS.1.0.0
2025-04-13 11:54:02,628 [WARN] PackLoader:240 - Cannot read IP mode file for STMicroelectronics.FP-ATR-ASTRA1.2.0.0
2025-04-13 11:54:02,682 [WARN] PackLoader:240 - Cannot read IP mode file for STMicroelectronics.X-CUBE-TOF1.3.4.2
2025-04-13 11:54:02,775 [WARN] PackLoader:240 - Cannot read IP mode file for STMicroelectronics.X-CUBE-TOF1.3.4.1
2025-04-13 11:54:02,913 [WARN] PackLoader:240 - Cannot read IP mode file for STMicroelectronics.X-CUBE-AZRTOS-H7.3.2.0
2025-04-13 11:54:03,019 [WARN] PackLoader:240 - Cannot read IP mode file for Infineon.AIROC-Wi-Fi-Bluetooth-STM32.1.6.0
2025-04-13 11:54:03,081 [WARN] PackLoader:240 - Cannot read IP mode file for wolfSSL.I-CUBE-wolfSSH.1.4.17
2025-04-13 11:54:03,082 [INFO] ThirdParty:978 - Integrity check success = true
2025-04-13 11:54:03,083 [INFO] IntegrityCheckThread:100 - exiting critical section [integrity check]
2025-04-13 11:54:03,083 [INFO] IntegrityCheckThread:103 - End integrity checks thread
2025-04-13 11:58:02,084 [ERROR] LogOutputStream:75 - [STDERR_REDIRECT] 
2025-04-13 11:58:02,085 [ERROR] LogOutputStream:75 - [STDERR_REDIRECT] 
